<?xml version="1.0" encoding="UTF-8"?>
<!-- Generated by org.testng.reporters.JUnitReportReporter -->
<testsuite hostname="MyGenie" failures="76" tests="648" name="testRunner.TestRunner" time="5432.092" errors="53" timestamp="2025-02-25T05:09:43 CST" skipped="0">
  <testcase classname="testRunner.TestRunner" name="runScenario" time="7.191">
    <error message="Element &lt;button class=&quot;mat-focus-indicator mat-menu-item ng-tns-c230-6 cdk-focused cdk-mouse-focused&quot;&gt; is not clickable at point (1373,81) because another element &lt;div id=&quot;cdk-overlay-1&quot; class=&quot;cdk-overlay-pane&quot;&gt; obscures it
Build info: version: &#039;4.27.0&#039;, revision: &#039;d6e718d134&#039;
System info: os.name: &#039;Windows 11&#039;, os.arch: &#039;amd64&#039;, os.version: &#039;10.0&#039;, java.version: &#039;21.0.5&#039;
Driver info: org.openqa.selenium.firefox.FirefoxDriver
Command: [5a535d9c-6967-400e-8098-3c3715785094, clickElement {id=135539ba-9182-4e2c-8173-76ef4d183a2c}]
Capabilities {acceptInsecureCerts: true, browserName: firefox, browserVersion: 135.0.1, moz:accessibilityChecks: false, moz:buildID: 20250216192613, moz:debuggerAddress: 127.0.0.1:37708, moz:geckodriverVersion: 0.35.0, moz:headless: false, moz:platformVersion: 10.0, moz:processID: 219896, moz:profile: C:\Users\madhu\AppData\Loca..., moz:shutdownTimeout: 60000, moz:webdriverClick: true, moz:windowless: false, pageLoadStrategy: normal, platformName: windows, proxy: Proxy(), se:cdp: ws://127.0.0.1:37708/devtoo..., se:cdpVersion: 85.0, setWindowRect: true, strictFileInteractability: false, timeouts: {implicit: 0, pageLoad: 300000, script: 30000}, unhandledPromptBehavior: dismiss and notify, userAgent: Mozilla/5.0 (Windows NT 10....}
Element: [[FirefoxDriver: firefox on windows (5a535d9c-6967-400e-8098-3c3715785094)] -&gt; xpath: //button[@role=&#039;menuitem&#039;]]
Session ID: 5a535d9c-6967-400e-8098-3c3715785094" type="org.openqa.selenium.ElementClickInterceptedException">
      <![CDATA[org.openqa.selenium.ElementClickInterceptedException: Element <button class="mat-focus-indicator mat-menu-item ng-tns-c230-6 cdk-focused cdk-mouse-focused"> is not clickable at point (1373,81) because another element <div id="cdk-overlay-1" class="cdk-overlay-pane"> obscures it
Build info: version: '4.27.0', revision: 'd6e718d134'
System info: os.name: 'Windows 11', os.arch: 'amd64', os.version: '10.0', java.version: '21.0.5'
Driver info: org.openqa.selenium.firefox.FirefoxDriver
Command: [5a535d9c-6967-400e-8098-3c3715785094, clickElement {id=135539ba-9182-4e2c-8173-76ef4d183a2c}]
Capabilities {acceptInsecureCerts: true, browserName: firefox, browserVersion: 135.0.1, moz:accessibilityChecks: false, moz:buildID: 20250216192613, moz:debuggerAddress: 127.0.0.1:37708, moz:geckodriverVersion: 0.35.0, moz:headless: false, moz:platformVersion: 10.0, moz:processID: 219896, moz:profile: C:\Users\madhu\AppData\Loca..., moz:shutdownTimeout: 60000, moz:webdriverClick: true, moz:windowless: false, pageLoadStrategy: normal, platformName: windows, proxy: Proxy(), se:cdp: ws://127.0.0.1:37708/devtoo..., se:cdpVersion: 85.0, setWindowRect: true, strictFileInteractability: false, timeouts: {implicit: 0, pageLoad: 300000, script: 30000}, unhandledPromptBehavior: dismiss and notify, userAgent: Mozilla/5.0 (Windows NT 10....}
Element: [[FirefoxDriver: firefox on windows (5a535d9c-6967-400e-8098-3c3715785094)] -> xpath: //button[@role='menuitem']]
Session ID: 5a535d9c-6967-400e-8098-3c3715785094
at java.base/jdk.internal.reflect.DirectConstructorHandleAccessor.newInstance(DirectConstructorHandleAccessor.java:62)
at java.base/java.lang.reflect.Constructor.newInstanceWithCaller(Constructor.java:502)
at java.base/java.lang.reflect.Constructor.newInstance(Constructor.java:486)
at org.openqa.selenium.remote.ErrorCodec.decode(ErrorCodec.java:167)
at org.openqa.selenium.remote.codec.w3c.W3CHttpResponseCodec.decode(W3CHttpResponseCodec.java:138)
at org.openqa.selenium.remote.codec.w3c.W3CHttpResponseCodec.decode(W3CHttpResponseCodec.java:50)
at org.openqa.selenium.remote.HttpCommandExecutor.execute(HttpCommandExecutor.java:190)
at org.openqa.selenium.remote.service.DriverCommandExecutor.invokeExecute(DriverCommandExecutor.java:216)
at org.openqa.selenium.remote.service.DriverCommandExecutor.execute(DriverCommandExecutor.java:174)
at org.openqa.selenium.remote.RemoteWebDriver.execute(RemoteWebDriver.java:545)
at org.openqa.selenium.remote.RemoteWebElement.execute(RemoteWebElement.java:223)
at org.openqa.selenium.remote.RemoteWebElement.click(RemoteWebElement.java:76)
at java.base/jdk.internal.reflect.DirectMethodHandleAccessor.invoke(DirectMethodHandleAccessor.java:103)
at java.base/java.lang.reflect.Method.invoke(Method.java:580)
at org.openqa.selenium.support.pagefactory.internal.LocatingElementHandler.invoke(LocatingElementHandler.java:51)
at jdk.proxy2/jdk.proxy2.$Proxy48.click(Unknown Source)
at pages.Batch_Page.clickAddNewBatchButton(Batch_Page.java:406)
at stepDefinitions.BatchStep.admin_is_on_the_batch_details_pop_up_window(BatchStep.java:166)
at ✽.Admin is on the Batch Details Pop Up Window(file:///C:/Users/madhu/OneDrive/Desktop/SDET/LMS_ActionSquad/src/test/resources/Feature%20files/04_Batch.feature:58)
]]>
    </error>
  </testcase> <!-- runScenario -->
  <testcase classname="testRunner.TestRunner" name="runScenario" time="9.348">
    <failure message="expected [0] but found [49]" type="java.lang.AssertionError">
      <![CDATA[java.lang.AssertionError: expected [0] but found [49]
at org.testng.Assert.fail(Assert.java:111)
at org.testng.Assert.failNotEquals(Assert.java:1578)
at org.testng.Assert.assertEqualsImpl(Assert.java:150)
at org.testng.Assert.assertEquals(Assert.java:132)
at org.testng.Assert.assertEquals(Assert.java:656)
at org.testng.Assert.assertEquals(Assert.java:666)
at stepDefinitions.DashboardStepAddon.admin_should_see_exact_total_count_of_active_and_inactive_user(DashboardStepAddon.java:188)
at ✽.Admin should see exact total count of active and inactive user(file:///C:/Users/madhu/OneDrive/Desktop/SDET/LMS_ActionSquad/src/test/resources/Feature%20files/08_DashboardAdditional.feature:95)
]]>
    </failure>
  </testcase> <!-- runScenario -->
  <testcase classname="testRunner.TestRunner" name="runScenario" time="6.819"/>
  <testcase classname="testRunner.TestRunner" name="runScenario" time="7.200"/>
  <testcase classname="testRunner.TestRunner" name="runScenario" time="7.936"/>
  <testcase classname="testRunner.TestRunner" name="runScenario" time="5.222"/>
  <testcase classname="testRunner.TestRunner" name="runScenario" time="4.966"/>
  <testcase classname="testRunner.TestRunner" name="runScenario" time="13.853"/>
  <testcase classname="testRunner.TestRunner" name="runScenario" time="5.279"/>
  <testcase classname="testRunner.TestRunner" name="runScenario" time="4.068"/>
  <testcase classname="testRunner.TestRunner" name="runScenario" time="13.202"/>
  <testcase classname="testRunner.TestRunner" name="runScenario" time="9.337"/>
  <testcase classname="testRunner.TestRunner" name="runScenario" time="5.329">
    <failure message="expected [Micro service-01] but found [Rose6]" type="java.lang.AssertionError">
      <![CDATA[java.lang.AssertionError: expected [Micro service-01] but found [Rose6]
at org.testng.Assert.fail(Assert.java:111)
at org.testng.Assert.failNotEquals(Assert.java:1578)
at org.testng.Assert.assertEqualsImpl(Assert.java:150)
at org.testng.Assert.assertEquals(Assert.java:132)
at org.testng.Assert.assertEquals(Assert.java:656)
at org.testng.Assert.assertEquals(Assert.java:666)
at stepDefinitions.BatchStep.admin_should_see_the_filtered_batches_in_the_data_table_in_batch(BatchStep.java:561)
at ✽.Admin should see the "Rose6","Roseflower","Active" filtered batches in the data table in Batch(file:///C:/Users/madhu/OneDrive/Desktop/SDET/LMS_ActionSquad/src/test/resources/Feature%20files/04_Batch.feature:199)
]]>
    </failure>
  </testcase> <!-- runScenario -->
  <testcase classname="testRunner.TestRunner" name="runScenario" time="3.664"/>
  <testcase classname="testRunner.TestRunner" name="runScenario" time="5.658"/>
  <testcase classname="testRunner.TestRunner" name="runScenario" time="3.627"/>
  <testcase classname="testRunner.TestRunner" name="runScenario" time="4.722"/>
  <testcase classname="testRunner.TestRunner" name="runScenario" time="7.966"/>
  <testcase classname="testRunner.TestRunner" name="runScenario" time="5.321"/>
  <testcase classname="testRunner.TestRunner" name="runScenario" time="14.017"/>
  <testcase classname="testRunner.TestRunner" name="runScenario" time="8.014"/>
  <testcase classname="testRunner.TestRunner" name="runScenario" time="11.436"/>
  <testcase classname="testRunner.TestRunner" name="runScenario" time="3.718"/>
  <testcase classname="testRunner.TestRunner" name="runScenario" time="5.896">
    <failure message="expected [false] but found [true]" type="java.lang.AssertionError">
      <![CDATA[java.lang.AssertionError: expected [false] but found [true]
at org.testng.Assert.fail(Assert.java:111)
at org.testng.Assert.failNotEquals(Assert.java:1578)
at org.testng.Assert.assertFalse(Assert.java:79)
at org.testng.Assert.assertFalse(Assert.java:89)
at stepDefinitions.LoginStep.admin_should_see_company_name_below_the_app_name(LoginStep.java:78)
at ✽.Admin should see company name below the app name(file:///C:/Users/madhu/OneDrive/Desktop/SDET/LMS_ActionSquad/src/test/resources/Feature%20files/01_Login.feature:33)
]]>
    </failure>
  </testcase> <!-- runScenario -->
  <testcase classname="testRunner.TestRunner" name="runScenario" time="4.339"/>
  <testcase classname="testRunner.TestRunner" name="runScenario" time="6.902"/>
  <testcase classname="testRunner.TestRunner" name="runScenario" time="5.880"/>
  <testcase classname="testRunner.TestRunner" name="runScenario" time="3.905"/>
  <testcase classname="testRunner.TestRunner" name="runScenario" time="5.901"/>
  <testcase classname="testRunner.TestRunner" name="runScenario" time="4.874"/>
  <testcase classname="testRunner.TestRunner" name="runScenario" time="21.721">
    <failure message="expected [false] but found [true]" type="java.lang.AssertionError">
      <![CDATA[java.lang.AssertionError: expected [false] but found [true]
at org.testng.Assert.fail(Assert.java:111)
at org.testng.Assert.failNotEquals(Assert.java:1578)
at org.testng.Assert.assertFalse(Assert.java:79)
at org.testng.Assert.assertFalse(Assert.java:89)
at stepDefinitions.LoginStep.admin_should(LoginStep.java:194)
at ✽.Admin should "Emptyusername"(file:///C:/Users/madhu/OneDrive/Desktop/SDET/LMS_ActionSquad/src/test/resources/Feature%20files/01_Login.feature:105)
]]>
    </failure>
  </testcase> <!-- runScenario -->
  <testcase classname="testRunner.TestRunner" name="runScenario" time="13.563"/>
  <testcase classname="testRunner.TestRunner" name="runScenario" time="5.003"/>
  <testcase classname="testRunner.TestRunner" name="runScenario" time="5.169"/>
  <testcase classname="testRunner.TestRunner" name="runScenario" time="4.198"/>
  <testcase classname="testRunner.TestRunner" name="runScenario" time="13.213"/>
  <testcase classname="testRunner.TestRunner" name="runScenario" time="8.880">
    <error message="Element &lt;button class=&quot;mat-focus-indicator mat-menu-item ng-tns-c230-5 cdk-focused cdk-mouse-focused&quot;&gt; is not clickable at point (1297,82) because another element &lt;div id=&quot;cdk-overlay-1&quot; class=&quot;cdk-overlay-pane&quot;&gt; obscures it
Build info: version: &#039;4.27.0&#039;, revision: &#039;d6e718d134&#039;
System info: os.name: &#039;Windows 11&#039;, os.arch: &#039;amd64&#039;, os.version: &#039;10.0&#039;, java.version: &#039;21.0.5&#039;
Driver info: org.openqa.selenium.firefox.FirefoxDriver
Command: [1ea1facd-bb55-446b-8f99-db67a0bac063, clickElement {id=d921331c-475b-4ee6-b3e4-e076a2738daa}]
Capabilities {acceptInsecureCerts: true, browserName: firefox, browserVersion: 135.0.1, moz:accessibilityChecks: false, moz:buildID: 20250216192613, moz:debuggerAddress: 127.0.0.1:12721, moz:geckodriverVersion: 0.35.0, moz:headless: false, moz:platformVersion: 10.0, moz:processID: 153116, moz:profile: C:\Users\madhu\AppData\Loca..., moz:shutdownTimeout: 60000, moz:webdriverClick: true, moz:windowless: false, pageLoadStrategy: normal, platformName: windows, proxy: Proxy(), se:cdp: ws://127.0.0.1:12721/devtoo..., se:cdpVersion: 85.0, setWindowRect: true, strictFileInteractability: false, timeouts: {implicit: 0, pageLoad: 300000, script: 30000}, unhandledPromptBehavior: dismiss and notify, userAgent: Mozilla/5.0 (Windows NT 10....}
Element: [[FirefoxDriver: firefox on windows (1ea1facd-bb55-446b-8f99-db67a0bac063)] -&gt; xpath: //button[@role=&#039;menuitem&#039;]]
Session ID: 1ea1facd-bb55-446b-8f99-db67a0bac063" type="org.openqa.selenium.ElementClickInterceptedException">
      <![CDATA[org.openqa.selenium.ElementClickInterceptedException: Element <button class="mat-focus-indicator mat-menu-item ng-tns-c230-5 cdk-focused cdk-mouse-focused"> is not clickable at point (1297,82) because another element <div id="cdk-overlay-1" class="cdk-overlay-pane"> obscures it
Build info: version: '4.27.0', revision: 'd6e718d134'
System info: os.name: 'Windows 11', os.arch: 'amd64', os.version: '10.0', java.version: '21.0.5'
Driver info: org.openqa.selenium.firefox.FirefoxDriver
Command: [1ea1facd-bb55-446b-8f99-db67a0bac063, clickElement {id=d921331c-475b-4ee6-b3e4-e076a2738daa}]
Capabilities {acceptInsecureCerts: true, browserName: firefox, browserVersion: 135.0.1, moz:accessibilityChecks: false, moz:buildID: 20250216192613, moz:debuggerAddress: 127.0.0.1:12721, moz:geckodriverVersion: 0.35.0, moz:headless: false, moz:platformVersion: 10.0, moz:processID: 153116, moz:profile: C:\Users\madhu\AppData\Loca..., moz:shutdownTimeout: 60000, moz:webdriverClick: true, moz:windowless: false, pageLoadStrategy: normal, platformName: windows, proxy: Proxy(), se:cdp: ws://127.0.0.1:12721/devtoo..., se:cdpVersion: 85.0, setWindowRect: true, strictFileInteractability: false, timeouts: {implicit: 0, pageLoad: 300000, script: 30000}, unhandledPromptBehavior: dismiss and notify, userAgent: Mozilla/5.0 (Windows NT 10....}
Element: [[FirefoxDriver: firefox on windows (1ea1facd-bb55-446b-8f99-db67a0bac063)] -> xpath: //button[@role='menuitem']]
Session ID: 1ea1facd-bb55-446b-8f99-db67a0bac063
at java.base/jdk.internal.reflect.DirectConstructorHandleAccessor.newInstance(DirectConstructorHandleAccessor.java:62)
at java.base/java.lang.reflect.Constructor.newInstanceWithCaller(Constructor.java:502)
at java.base/java.lang.reflect.Constructor.newInstance(Constructor.java:486)
at org.openqa.selenium.remote.ErrorCodec.decode(ErrorCodec.java:167)
at org.openqa.selenium.remote.codec.w3c.W3CHttpResponseCodec.decode(W3CHttpResponseCodec.java:138)
at org.openqa.selenium.remote.codec.w3c.W3CHttpResponseCodec.decode(W3CHttpResponseCodec.java:50)
at org.openqa.selenium.remote.HttpCommandExecutor.execute(HttpCommandExecutor.java:190)
at org.openqa.selenium.remote.service.DriverCommandExecutor.invokeExecute(DriverCommandExecutor.java:216)
at org.openqa.selenium.remote.service.DriverCommandExecutor.execute(DriverCommandExecutor.java:174)
at org.openqa.selenium.remote.RemoteWebDriver.execute(RemoteWebDriver.java:545)
at org.openqa.selenium.remote.RemoteWebElement.execute(RemoteWebElement.java:223)
at org.openqa.selenium.remote.RemoteWebElement.click(RemoteWebElement.java:76)
at java.base/jdk.internal.reflect.DirectMethodHandleAccessor.invoke(DirectMethodHandleAccessor.java:103)
at java.base/java.lang.reflect.Method.invoke(Method.java:580)
at org.openqa.selenium.support.pagefactory.internal.LocatingElementHandler.invoke(LocatingElementHandler.java:51)
at jdk.proxy2/jdk.proxy2.$Proxy48.click(Unknown Source)
at pages.BasePage.elementClick(BasePage.java:35)
at stepDefinitions.ProgramStepAddon.the_admin_is_in_add_new_program_pop_window(ProgramStepAddon.java:103)
at ✽.The Admin is in Add New program pop window(file:///C:/Users/madhu/OneDrive/Desktop/SDET/LMS_ActionSquad/src/test/resources/Feature%20files/09_ProgramAdditional.feature:45)
]]>
    </error>
  </testcase> <!-- runScenario -->
  <testcase classname="testRunner.TestRunner" name="runScenario" time="5.997"/>
  <testcase classname="testRunner.TestRunner" name="runScenario" time="6.323"/>
  <testcase classname="testRunner.TestRunner" name="runScenario" time="6.197"/>
  <testcase classname="testRunner.TestRunner" name="runScenario" time="7.102">
    <error message="Element &lt;button class=&quot;mat-focus-indicator mat-menu-item ng-tns-c230-5 cdk-focused cdk-mouse-focused&quot;&gt; is not clickable at point (1295,81) because another element &lt;div id=&quot;cdk-overlay-1&quot; class=&quot;cdk-overlay-pane&quot;&gt; obscures it
Build info: version: &#039;4.27.0&#039;, revision: &#039;d6e718d134&#039;
System info: os.name: &#039;Windows 11&#039;, os.arch: &#039;amd64&#039;, os.version: &#039;10.0&#039;, java.version: &#039;21.0.5&#039;
Driver info: org.openqa.selenium.firefox.FirefoxDriver
Command: [c45843ce-78f9-4ac4-b237-a7b3e8511eec, clickElement {id=bbc21d57-ab58-4cef-b7e2-01d0c36fc9dd}]
Capabilities {acceptInsecureCerts: true, browserName: firefox, browserVersion: 135.0.1, moz:accessibilityChecks: false, moz:buildID: 20250216192613, moz:debuggerAddress: 127.0.0.1:27901, moz:geckodriverVersion: 0.35.0, moz:headless: false, moz:platformVersion: 10.0, moz:processID: 207976, moz:profile: C:\Users\madhu\AppData\Loca..., moz:shutdownTimeout: 60000, moz:webdriverClick: true, moz:windowless: false, pageLoadStrategy: normal, platformName: windows, proxy: Proxy(), se:cdp: ws://127.0.0.1:27901/devtoo..., se:cdpVersion: 85.0, setWindowRect: true, strictFileInteractability: false, timeouts: {implicit: 0, pageLoad: 300000, script: 30000}, unhandledPromptBehavior: dismiss and notify, userAgent: Mozilla/5.0 (Windows NT 10....}
Element: [[FirefoxDriver: firefox on windows (c45843ce-78f9-4ac4-b237-a7b3e8511eec)] -&gt; xpath: //button[@role=&#039;menuitem&#039;]]
Session ID: c45843ce-78f9-4ac4-b237-a7b3e8511eec" type="org.openqa.selenium.ElementClickInterceptedException">
      <![CDATA[org.openqa.selenium.ElementClickInterceptedException: Element <button class="mat-focus-indicator mat-menu-item ng-tns-c230-5 cdk-focused cdk-mouse-focused"> is not clickable at point (1295,81) because another element <div id="cdk-overlay-1" class="cdk-overlay-pane"> obscures it
Build info: version: '4.27.0', revision: 'd6e718d134'
System info: os.name: 'Windows 11', os.arch: 'amd64', os.version: '10.0', java.version: '21.0.5'
Driver info: org.openqa.selenium.firefox.FirefoxDriver
Command: [c45843ce-78f9-4ac4-b237-a7b3e8511eec, clickElement {id=bbc21d57-ab58-4cef-b7e2-01d0c36fc9dd}]
Capabilities {acceptInsecureCerts: true, browserName: firefox, browserVersion: 135.0.1, moz:accessibilityChecks: false, moz:buildID: 20250216192613, moz:debuggerAddress: 127.0.0.1:27901, moz:geckodriverVersion: 0.35.0, moz:headless: false, moz:platformVersion: 10.0, moz:processID: 207976, moz:profile: C:\Users\madhu\AppData\Loca..., moz:shutdownTimeout: 60000, moz:webdriverClick: true, moz:windowless: false, pageLoadStrategy: normal, platformName: windows, proxy: Proxy(), se:cdp: ws://127.0.0.1:27901/devtoo..., se:cdpVersion: 85.0, setWindowRect: true, strictFileInteractability: false, timeouts: {implicit: 0, pageLoad: 300000, script: 30000}, unhandledPromptBehavior: dismiss and notify, userAgent: Mozilla/5.0 (Windows NT 10....}
Element: [[FirefoxDriver: firefox on windows (c45843ce-78f9-4ac4-b237-a7b3e8511eec)] -> xpath: //button[@role='menuitem']]
Session ID: c45843ce-78f9-4ac4-b237-a7b3e8511eec
at java.base/jdk.internal.reflect.DirectConstructorHandleAccessor.newInstance(DirectConstructorHandleAccessor.java:62)
at java.base/java.lang.reflect.Constructor.newInstanceWithCaller(Constructor.java:502)
at java.base/java.lang.reflect.Constructor.newInstance(Constructor.java:486)
at org.openqa.selenium.remote.ErrorCodec.decode(ErrorCodec.java:167)
at org.openqa.selenium.remote.codec.w3c.W3CHttpResponseCodec.decode(W3CHttpResponseCodec.java:138)
at org.openqa.selenium.remote.codec.w3c.W3CHttpResponseCodec.decode(W3CHttpResponseCodec.java:50)
at org.openqa.selenium.remote.HttpCommandExecutor.execute(HttpCommandExecutor.java:190)
at org.openqa.selenium.remote.service.DriverCommandExecutor.invokeExecute(DriverCommandExecutor.java:216)
at org.openqa.selenium.remote.service.DriverCommandExecutor.execute(DriverCommandExecutor.java:174)
at org.openqa.selenium.remote.RemoteWebDriver.execute(RemoteWebDriver.java:545)
at org.openqa.selenium.remote.RemoteWebElement.execute(RemoteWebElement.java:223)
at org.openqa.selenium.remote.RemoteWebElement.click(RemoteWebElement.java:76)
at java.base/jdk.internal.reflect.DirectMethodHandleAccessor.invoke(DirectMethodHandleAccessor.java:103)
at java.base/java.lang.reflect.Method.invoke(Method.java:580)
at org.openqa.selenium.support.pagefactory.internal.LocatingElementHandler.invoke(LocatingElementHandler.java:51)
at jdk.proxy2/jdk.proxy2.$Proxy48.click(Unknown Source)
at pages.BasePage.elementClick(BasePage.java:35)
at stepDefinitions.ProgramStepAddon.the_admin_is_in_add_new_program_pop_window(ProgramStepAddon.java:103)
at ✽.The Admin is in Add New program pop window(file:///C:/Users/madhu/OneDrive/Desktop/SDET/LMS_ActionSquad/src/test/resources/Feature%20files/09_ProgramAdditional.feature:33)
]]>
    </error>
  </testcase> <!-- runScenario -->
  <testcase classname="testRunner.TestRunner" name="runScenario" time="4.702"/>
  <testcase classname="testRunner.TestRunner" name="runScenario" time="6.079"/>
  <testcase classname="testRunner.TestRunner" name="runScenario" time="4.196"/>
  <testcase classname="testRunner.TestRunner" name="runScenario" time="12.724"/>
  <testcase classname="testRunner.TestRunner" name="runScenario" time="4.205"/>
  <testcase classname="testRunner.TestRunner" name="runScenario" time="4.822"/>
  <testcase classname="testRunner.TestRunner" name="runScenario" time="6.191"/>
  <testcase classname="testRunner.TestRunner" name="runScenario" time="5.733"/>
  <testcase classname="testRunner.TestRunner" name="runScenario" time="8.110"/>
  <testcase classname="testRunner.TestRunner" name="runScenario" time="16.703"/>
  <testcase classname="testRunner.TestRunner" name="runScenario" time="8.651"/>
  <testcase classname="testRunner.TestRunner" name="runScenario" time="13.665"/>
  <testcase classname="testRunner.TestRunner" name="runScenario" time="6.622"/>
  <testcase classname="testRunner.TestRunner" name="runScenario" time="3.743"/>
  <testcase classname="testRunner.TestRunner" name="runScenario" time="14.254"/>
  <testcase classname="testRunner.TestRunner" name="runScenario" time="7.075"/>
  <testcase classname="testRunner.TestRunner" name="runScenario" time="9.041"/>
  <testcase classname="testRunner.TestRunner" name="runScenario" time="3.106"/>
  <testcase classname="testRunner.TestRunner" name="runScenario" time="5.213"/>
  <testcase classname="testRunner.TestRunner" name="runScenario" time="20.141"/>
  <testcase classname="testRunner.TestRunner" name="runScenario" time="3.794"/>
  <testcase classname="testRunner.TestRunner" name="runScenario" time="6.084">
    <failure message="expected [true] but found [false]" type="java.lang.AssertionError">
      <![CDATA[java.lang.AssertionError: expected [true] but found [false]
at org.testng.Assert.fail(Assert.java:111)
at org.testng.Assert.failNotEquals(Assert.java:1578)
at org.testng.Assert.assertTrue(Assert.java:57)
at org.testng.Assert.assertTrue(Assert.java:67)
at stepDefinitions.ProgramStep.admin_See_the_Program_Name_is_sorted_Descending_order_in_Program_module_page(ProgramStep.java:361)
at ✽.Admin See the Program Name is sorted Descending order in Program module page(file:///C:/Users/madhu/OneDrive/Desktop/SDET/LMS_ActionSquad/src/test/resources/Feature%20files/03_Program.feature:179)
]]>
    </failure>
  </testcase> <!-- runScenario -->
  <testcase classname="testRunner.TestRunner" name="runScenario" time="12.516"/>
  <testcase classname="testRunner.TestRunner" name="runScenario" time="4.284"/>
  <testcase classname="testRunner.TestRunner" name="runScenario" time="6.035"/>
  <testcase classname="testRunner.TestRunner" name="runScenario" time="5.107"/>
  <testcase classname="testRunner.TestRunner" name="runScenario" time="3.630"/>
  <testcase classname="testRunner.TestRunner" name="runScenario" time="20.129"/>
  <testcase classname="testRunner.TestRunner" name="runScenario" time="3.835"/>
  <testcase classname="testRunner.TestRunner" name="runScenario" time="30.142">
    <error message="no such element: Unable to locate element: {&quot;method&quot;:&quot;xpath&quot;,&quot;selector&quot;:&quot;//small&quot;}
  (Session info: chrome=133.0.6943.127)
For documentation on this error, please visit: https://www.selenium.dev/documentation/webdriver/troubleshooting/errors#no-such-element-exception
Build info: version: &#039;4.27.0&#039;, revision: &#039;d6e718d134&#039;
System info: os.name: &#039;Windows 11&#039;, os.arch: &#039;amd64&#039;, os.version: &#039;10.0&#039;, java.version: &#039;21.0.5&#039;
Driver info: org.openqa.selenium.chrome.ChromeDriver
Command: [394ebf264aae154b7df5045fb34f32ff, findElement {using=xpath, value=//small}]
Capabilities {acceptInsecureCerts: false, browserName: chrome, browserVersion: 133.0.6943.127, chrome: {chromedriverVersion: 133.0.6943.126 (cffa127ce7b..., userDataDir: C:\Users\madhu\AppData\Loca...}, fedcm:accounts: true, goog:chromeOptions: {debuggerAddress: localhost:51461}, networkConnectionEnabled: false, pageLoadStrategy: normal, platformName: windows, proxy: Proxy(), se:cdp: ws://localhost:51461/devtoo..., se:cdpVersion: 133.0.6943.127, setWindowRect: true, strictFileInteractability: false, timeouts: {implicit: 0, pageLoad: 300000, script: 30000}, unhandledPromptBehavior: dismiss and notify, webauthn:extension:credBlob: true, webauthn:extension:largeBlob: true, webauthn:extension:minPinLength: true, webauthn:extension:prf: true, webauthn:virtualAuthenticators: true}
Session ID: 394ebf264aae154b7df5045fb34f32ff" type="org.openqa.selenium.NoSuchElementException">
      <![CDATA[org.openqa.selenium.NoSuchElementException: no such element: Unable to locate element: {"method":"xpath","selector":"//small"}
  (Session info: chrome=133.0.6943.127)
For documentation on this error, please visit: https://www.selenium.dev/documentation/webdriver/troubleshooting/errors#no-such-element-exception
Build info: version: '4.27.0', revision: 'd6e718d134'
System info: os.name: 'Windows 11', os.arch: 'amd64', os.version: '10.0', java.version: '21.0.5'
Driver info: org.openqa.selenium.chrome.ChromeDriver
Command: [394ebf264aae154b7df5045fb34f32ff, findElement {using=xpath, value=//small}]
Capabilities {acceptInsecureCerts: false, browserName: chrome, browserVersion: 133.0.6943.127, chrome: {chromedriverVersion: 133.0.6943.126 (cffa127ce7b..., userDataDir: C:\Users\madhu\AppData\Loca...}, fedcm:accounts: true, goog:chromeOptions: {debuggerAddress: localhost:51461}, networkConnectionEnabled: false, pageLoadStrategy: normal, platformName: windows, proxy: Proxy(), se:cdp: ws://localhost:51461/devtoo..., se:cdpVersion: 133.0.6943.127, setWindowRect: true, strictFileInteractability: false, timeouts: {implicit: 0, pageLoad: 300000, script: 30000}, unhandledPromptBehavior: dismiss and notify, webauthn:extension:credBlob: true, webauthn:extension:largeBlob: true, webauthn:extension:minPinLength: true, webauthn:extension:prf: true, webauthn:virtualAuthenticators: true}
Session ID: 394ebf264aae154b7df5045fb34f32ff
at java.base/jdk.internal.reflect.DirectConstructorHandleAccessor.newInstance(DirectConstructorHandleAccessor.java:62)
at java.base/java.lang.reflect.Constructor.newInstanceWithCaller(Constructor.java:502)
at java.base/java.lang.reflect.Constructor.newInstance(Constructor.java:486)
at org.openqa.selenium.remote.ErrorCodec.decode(ErrorCodec.java:167)
at org.openqa.selenium.remote.codec.w3c.W3CHttpResponseCodec.decode(W3CHttpResponseCodec.java:138)
at org.openqa.selenium.remote.codec.w3c.W3CHttpResponseCodec.decode(W3CHttpResponseCodec.java:50)
at org.openqa.selenium.remote.HttpCommandExecutor.execute(HttpCommandExecutor.java:190)
at org.openqa.selenium.remote.service.DriverCommandExecutor.invokeExecute(DriverCommandExecutor.java:216)
at org.openqa.selenium.remote.service.DriverCommandExecutor.execute(DriverCommandExecutor.java:174)
at org.openqa.selenium.remote.RemoteWebDriver.execute(RemoteWebDriver.java:545)
at org.openqa.selenium.remote.ElementLocation$ElementFinder$2.findElement(ElementLocation.java:165)
at org.openqa.selenium.remote.ElementLocation.findElement(ElementLocation.java:59)
at org.openqa.selenium.remote.RemoteWebDriver.findElement(RemoteWebDriver.java:368)
at org.openqa.selenium.remote.RemoteWebDriver.findElement(RemoteWebDriver.java:362)
at org.openqa.selenium.support.pagefactory.DefaultElementLocator.findElement(DefaultElementLocator.java:68)
at org.openqa.selenium.support.pagefactory.internal.LocatingElementHandler.invoke(LocatingElementHandler.java:38)
at jdk.proxy2/jdk.proxy2.$Proxy48.getText(Unknown Source)
at pages.BasePage.elementGetText(BasePage.java:30)
at stepDefinitions.ProgramStepAddon.admin_receives_invalid_error_message(ProgramStepAddon.java:179)
at ✽.Admin receives "DescStarts-No" invalid error message(file:///C:/Users/madhu/OneDrive/Desktop/SDET/LMS_ActionSquad/src/test/resources/Feature%20files/09_ProgramAdditional.feature:47)
]]>
    </error>
  </testcase> <!-- runScenario -->
  <testcase classname="testRunner.TestRunner" name="runScenario" time="7.138">
    <error message="Element &lt;button class=&quot;mat-focus-indicator mat-menu-item ng-tns-c230-6 cdk-focused cdk-mouse-focused&quot;&gt; is not clickable at point (1366,78) because another element &lt;div id=&quot;cdk-overlay-1&quot; class=&quot;cdk-overlay-pane&quot;&gt; obscures it
Build info: version: &#039;4.27.0&#039;, revision: &#039;d6e718d134&#039;
System info: os.name: &#039;Windows 11&#039;, os.arch: &#039;amd64&#039;, os.version: &#039;10.0&#039;, java.version: &#039;21.0.5&#039;
Driver info: org.openqa.selenium.firefox.FirefoxDriver
Command: [819aa122-d9eb-464c-b414-b1cb3fbe6d45, clickElement {id=14a62840-e96c-4b9a-9d3a-c2ef4ddc0b7f}]
Capabilities {acceptInsecureCerts: true, browserName: firefox, browserVersion: 135.0.1, moz:accessibilityChecks: false, moz:buildID: 20250216192613, moz:debuggerAddress: 127.0.0.1:39004, moz:geckodriverVersion: 0.35.0, moz:headless: false, moz:platformVersion: 10.0, moz:processID: 196560, moz:profile: C:\Users\madhu\AppData\Loca..., moz:shutdownTimeout: 60000, moz:webdriverClick: true, moz:windowless: false, pageLoadStrategy: normal, platformName: windows, proxy: Proxy(), se:cdp: ws://127.0.0.1:39004/devtoo..., se:cdpVersion: 85.0, setWindowRect: true, strictFileInteractability: false, timeouts: {implicit: 0, pageLoad: 300000, script: 30000}, unhandledPromptBehavior: dismiss and notify, userAgent: Mozilla/5.0 (Windows NT 10....}
Element: [[FirefoxDriver: firefox on windows (819aa122-d9eb-464c-b414-b1cb3fbe6d45)] -&gt; xpath: //button[@role=&#039;menuitem&#039;]]
Session ID: 819aa122-d9eb-464c-b414-b1cb3fbe6d45" type="org.openqa.selenium.ElementClickInterceptedException">
      <![CDATA[org.openqa.selenium.ElementClickInterceptedException: Element <button class="mat-focus-indicator mat-menu-item ng-tns-c230-6 cdk-focused cdk-mouse-focused"> is not clickable at point (1366,78) because another element <div id="cdk-overlay-1" class="cdk-overlay-pane"> obscures it
Build info: version: '4.27.0', revision: 'd6e718d134'
System info: os.name: 'Windows 11', os.arch: 'amd64', os.version: '10.0', java.version: '21.0.5'
Driver info: org.openqa.selenium.firefox.FirefoxDriver
Command: [819aa122-d9eb-464c-b414-b1cb3fbe6d45, clickElement {id=14a62840-e96c-4b9a-9d3a-c2ef4ddc0b7f}]
Capabilities {acceptInsecureCerts: true, browserName: firefox, browserVersion: 135.0.1, moz:accessibilityChecks: false, moz:buildID: 20250216192613, moz:debuggerAddress: 127.0.0.1:39004, moz:geckodriverVersion: 0.35.0, moz:headless: false, moz:platformVersion: 10.0, moz:processID: 196560, moz:profile: C:\Users\madhu\AppData\Loca..., moz:shutdownTimeout: 60000, moz:webdriverClick: true, moz:windowless: false, pageLoadStrategy: normal, platformName: windows, proxy: Proxy(), se:cdp: ws://127.0.0.1:39004/devtoo..., se:cdpVersion: 85.0, setWindowRect: true, strictFileInteractability: false, timeouts: {implicit: 0, pageLoad: 300000, script: 30000}, unhandledPromptBehavior: dismiss and notify, userAgent: Mozilla/5.0 (Windows NT 10....}
Element: [[FirefoxDriver: firefox on windows (819aa122-d9eb-464c-b414-b1cb3fbe6d45)] -> xpath: //button[@role='menuitem']]
Session ID: 819aa122-d9eb-464c-b414-b1cb3fbe6d45
at java.base/jdk.internal.reflect.DirectConstructorHandleAccessor.newInstance(DirectConstructorHandleAccessor.java:62)
at java.base/java.lang.reflect.Constructor.newInstanceWithCaller(Constructor.java:502)
at java.base/java.lang.reflect.Constructor.newInstance(Constructor.java:486)
at org.openqa.selenium.remote.ErrorCodec.decode(ErrorCodec.java:167)
at org.openqa.selenium.remote.codec.w3c.W3CHttpResponseCodec.decode(W3CHttpResponseCodec.java:138)
at org.openqa.selenium.remote.codec.w3c.W3CHttpResponseCodec.decode(W3CHttpResponseCodec.java:50)
at org.openqa.selenium.remote.HttpCommandExecutor.execute(HttpCommandExecutor.java:190)
at org.openqa.selenium.remote.service.DriverCommandExecutor.invokeExecute(DriverCommandExecutor.java:216)
at org.openqa.selenium.remote.service.DriverCommandExecutor.execute(DriverCommandExecutor.java:174)
at org.openqa.selenium.remote.RemoteWebDriver.execute(RemoteWebDriver.java:545)
at org.openqa.selenium.remote.RemoteWebElement.execute(RemoteWebElement.java:223)
at org.openqa.selenium.remote.RemoteWebElement.click(RemoteWebElement.java:76)
at java.base/jdk.internal.reflect.DirectMethodHandleAccessor.invoke(DirectMethodHandleAccessor.java:103)
at java.base/java.lang.reflect.Method.invoke(Method.java:580)
at org.openqa.selenium.support.pagefactory.internal.LocatingElementHandler.invoke(LocatingElementHandler.java:51)
at jdk.proxy2/jdk.proxy2.$Proxy48.click(Unknown Source)
at pages.Batch_Page.clickAddNewBatchButton(Batch_Page.java:406)
at stepDefinitions.BatchStep.admin_is_on_the_batch_page(BatchStep.java:436)
at ✽.Admin is on the batch page(file:///C:/Users/madhu/OneDrive/Desktop/SDET/LMS_ActionSquad/src/test/resources/Feature%20files/04_Batch.feature:178)
]]>
    </error>
  </testcase> <!-- runScenario -->
  <testcase classname="testRunner.TestRunner" name="runScenario" time="14.479">
    <error message="Index 7 out of bounds for length 1" type="java.lang.ArrayIndexOutOfBoundsException">
      <![CDATA[java.lang.ArrayIndexOutOfBoundsException: Index 7 out of bounds for length 1
at stepDefinitions.ProgramStepAddon.admin_should_see_program_name_in_the_confirmation_window(ProgramStepAddon.java:228)
at ✽.Admin should see program name in the confirmation window(file:///C:/Users/madhu/OneDrive/Desktop/SDET/LMS_ActionSquad/src/test/resources/Feature%20files/09_ProgramAdditional.feature:100)
]]>
    </error>
  </testcase> <!-- runScenario -->
  <testcase classname="testRunner.TestRunner" name="runScenario" time="4.099"/>
  <testcase classname="testRunner.TestRunner" name="runScenario" time="6.807"/>
  <testcase classname="testRunner.TestRunner" name="runScenario" time="25.778">
    <error message="no such element: Unable to locate element: {&quot;method&quot;:&quot;xpath&quot;,&quot;selector&quot;:&quot;//div[text()=&#039;Successful&#039;]&quot;}
  (Session info: chrome=133.0.6943.127)
For documentation on this error, please visit: https://www.selenium.dev/documentation/webdriver/troubleshooting/errors#no-such-element-exception
Build info: version: &#039;4.27.0&#039;, revision: &#039;d6e718d134&#039;
System info: os.name: &#039;Windows 11&#039;, os.arch: &#039;amd64&#039;, os.version: &#039;10.0&#039;, java.version: &#039;21.0.5&#039;
Driver info: org.openqa.selenium.chrome.ChromeDriver
Command: [318aa2d01a97e67d25710c9f69c17c28, findElement {using=xpath, value=//div[text()=&#039;Successful&#039;]}]
Capabilities {acceptInsecureCerts: false, browserName: chrome, browserVersion: 133.0.6943.127, chrome: {chromedriverVersion: 133.0.6943.126 (cffa127ce7b..., userDataDir: C:\Users\madhu\AppData\Loca...}, fedcm:accounts: true, goog:chromeOptions: {debuggerAddress: localhost:64048}, networkConnectionEnabled: false, pageLoadStrategy: normal, platformName: windows, proxy: Proxy(), se:cdp: ws://localhost:64048/devtoo..., se:cdpVersion: 133.0.6943.127, setWindowRect: true, strictFileInteractability: false, timeouts: {implicit: 0, pageLoad: 300000, script: 30000}, unhandledPromptBehavior: dismiss and notify, webauthn:extension:credBlob: true, webauthn:extension:largeBlob: true, webauthn:extension:minPinLength: true, webauthn:extension:prf: true, webauthn:virtualAuthenticators: true}
Session ID: 318aa2d01a97e67d25710c9f69c17c28" type="org.openqa.selenium.NoSuchElementException">
      <![CDATA[org.openqa.selenium.NoSuchElementException: no such element: Unable to locate element: {"method":"xpath","selector":"//div[text()='Successful']"}
  (Session info: chrome=133.0.6943.127)
For documentation on this error, please visit: https://www.selenium.dev/documentation/webdriver/troubleshooting/errors#no-such-element-exception
Build info: version: '4.27.0', revision: 'd6e718d134'
System info: os.name: 'Windows 11', os.arch: 'amd64', os.version: '10.0', java.version: '21.0.5'
Driver info: org.openqa.selenium.chrome.ChromeDriver
Command: [318aa2d01a97e67d25710c9f69c17c28, findElement {using=xpath, value=//div[text()='Successful']}]
Capabilities {acceptInsecureCerts: false, browserName: chrome, browserVersion: 133.0.6943.127, chrome: {chromedriverVersion: 133.0.6943.126 (cffa127ce7b..., userDataDir: C:\Users\madhu\AppData\Loca...}, fedcm:accounts: true, goog:chromeOptions: {debuggerAddress: localhost:64048}, networkConnectionEnabled: false, pageLoadStrategy: normal, platformName: windows, proxy: Proxy(), se:cdp: ws://localhost:64048/devtoo..., se:cdpVersion: 133.0.6943.127, setWindowRect: true, strictFileInteractability: false, timeouts: {implicit: 0, pageLoad: 300000, script: 30000}, unhandledPromptBehavior: dismiss and notify, webauthn:extension:credBlob: true, webauthn:extension:largeBlob: true, webauthn:extension:minPinLength: true, webauthn:extension:prf: true, webauthn:virtualAuthenticators: true}
Session ID: 318aa2d01a97e67d25710c9f69c17c28
at java.base/jdk.internal.reflect.DirectConstructorHandleAccessor.newInstance(DirectConstructorHandleAccessor.java:62)
at java.base/java.lang.reflect.Constructor.newInstanceWithCaller(Constructor.java:502)
at java.base/java.lang.reflect.Constructor.newInstance(Constructor.java:486)
at org.openqa.selenium.remote.ErrorCodec.decode(ErrorCodec.java:167)
at org.openqa.selenium.remote.codec.w3c.W3CHttpResponseCodec.decode(W3CHttpResponseCodec.java:138)
at org.openqa.selenium.remote.codec.w3c.W3CHttpResponseCodec.decode(W3CHttpResponseCodec.java:50)
at org.openqa.selenium.remote.HttpCommandExecutor.execute(HttpCommandExecutor.java:190)
at org.openqa.selenium.remote.service.DriverCommandExecutor.invokeExecute(DriverCommandExecutor.java:216)
at org.openqa.selenium.remote.service.DriverCommandExecutor.execute(DriverCommandExecutor.java:174)
at org.openqa.selenium.remote.RemoteWebDriver.execute(RemoteWebDriver.java:545)
at org.openqa.selenium.remote.ElementLocation$ElementFinder$2.findElement(ElementLocation.java:165)
at org.openqa.selenium.remote.ElementLocation.findElement(ElementLocation.java:59)
at org.openqa.selenium.remote.RemoteWebDriver.findElement(RemoteWebDriver.java:368)
at org.openqa.selenium.remote.RemoteWebDriver.findElement(RemoteWebDriver.java:362)
at org.openqa.selenium.support.pagefactory.DefaultElementLocator.findElement(DefaultElementLocator.java:68)
at org.openqa.selenium.support.pagefactory.internal.LocatingElementHandler.invoke(LocatingElementHandler.java:38)
at jdk.proxy2/jdk.proxy2.$Proxy48.getText(Unknown Source)
at pages.Program_Page.addingMandatoryFields(Program_Page.java:326)
at stepDefinitions.ProgramStep.admin_enters_mandatory_fields_in_the_form_and_clicks_on_save_button(ProgramStep.java:162)
at ✽.Admin enters mandatory fields "Doori" "Open" "Active" "Successful" in the form and clicks on save button(file:///C:/Users/madhu/OneDrive/Desktop/SDET/LMS_ActionSquad/src/test/resources/Feature%20files/03_Program.feature:72)
]]>
    </error>
  </testcase> <!-- runScenario -->
  <testcase classname="testRunner.TestRunner" name="runScenario" time="9.123"/>
  <testcase classname="testRunner.TestRunner" name="runScenario" time="11.598"/>
  <testcase classname="testRunner.TestRunner" name="runScenario" time="7.200"/>
  <testcase classname="testRunner.TestRunner" name="runScenario" time="22.247">
    <failure message="expected [false] but found [true]" type="java.lang.AssertionError">
      <![CDATA[java.lang.AssertionError: expected [false] but found [true]
at org.testng.Assert.fail(Assert.java:111)
at org.testng.Assert.failNotEquals(Assert.java:1578)
at org.testng.Assert.assertFalse(Assert.java:79)
at org.testng.Assert.assertFalse(Assert.java:89)
at stepDefinitions.ProgramStepAddon.admin_receives_edit_mandatory_error_message(ProgramStepAddon.java:204)
at ✽.Admin receives "Description" edit mandatory error message(file:///C:/Users/madhu/OneDrive/Desktop/SDET/LMS_ActionSquad/src/test/resources/Feature%20files/09_ProgramAdditional.feature:61)
]]>
    </failure>
  </testcase> <!-- runScenario -->
  <testcase classname="testRunner.TestRunner" name="runScenario" time="7.252"/>
  <testcase classname="testRunner.TestRunner" name="runScenario" time="6.886"/>
  <testcase classname="testRunner.TestRunner" name="runScenario" time="4.549"/>
  <testcase classname="testRunner.TestRunner" name="runScenario" time="3.485"/>
  <testcase classname="testRunner.TestRunner" name="runScenario" time="14.651"/>
  <testcase classname="testRunner.TestRunner" name="runScenario" time="5.108"/>
  <testcase classname="testRunner.TestRunner" name="runScenario" time="12.548"/>
  <testcase classname="testRunner.TestRunner" name="runScenario" time="7.969"/>
  <testcase classname="testRunner.TestRunner" name="runScenario" time="7.420">
    <error message="Element &lt;button class=&quot;mat-focus-indicator mat-menu-item ng-tns-c230-5 cdk-focused cdk-mouse-focused&quot;&gt; is not clickable at point (1288,78) because another element &lt;div id=&quot;cdk-overlay-1&quot; class=&quot;cdk-overlay-pane&quot;&gt; obscures it
Build info: version: &#039;4.27.0&#039;, revision: &#039;d6e718d134&#039;
System info: os.name: &#039;Windows 11&#039;, os.arch: &#039;amd64&#039;, os.version: &#039;10.0&#039;, java.version: &#039;21.0.5&#039;
Driver info: org.openqa.selenium.firefox.FirefoxDriver
Command: [401d5824-5316-4e08-bfda-218d47d0f59b, clickElement {id=14e8f76e-184b-4f63-ada1-17d1c7df704a}]
Capabilities {acceptInsecureCerts: true, browserName: firefox, browserVersion: 135.0.1, moz:accessibilityChecks: false, moz:buildID: 20250216192613, moz:debuggerAddress: 127.0.0.1:2323, moz:geckodriverVersion: 0.35.0, moz:headless: false, moz:platformVersion: 10.0, moz:processID: 221028, moz:profile: C:\Users\madhu\AppData\Loca..., moz:shutdownTimeout: 60000, moz:webdriverClick: true, moz:windowless: false, pageLoadStrategy: normal, platformName: windows, proxy: Proxy(), se:cdp: ws://127.0.0.1:2323/devtool..., se:cdpVersion: 85.0, setWindowRect: true, strictFileInteractability: false, timeouts: {implicit: 0, pageLoad: 300000, script: 30000}, unhandledPromptBehavior: dismiss and notify, userAgent: Mozilla/5.0 (Windows NT 10....}
Element: [[FirefoxDriver: firefox on windows (401d5824-5316-4e08-bfda-218d47d0f59b)] -&gt; xpath: //button[@role=&#039;menuitem&#039;]]
Session ID: 401d5824-5316-4e08-bfda-218d47d0f59b" type="org.openqa.selenium.ElementClickInterceptedException">
      <![CDATA[org.openqa.selenium.ElementClickInterceptedException: Element <button class="mat-focus-indicator mat-menu-item ng-tns-c230-5 cdk-focused cdk-mouse-focused"> is not clickable at point (1288,78) because another element <div id="cdk-overlay-1" class="cdk-overlay-pane"> obscures it
Build info: version: '4.27.0', revision: 'd6e718d134'
System info: os.name: 'Windows 11', os.arch: 'amd64', os.version: '10.0', java.version: '21.0.5'
Driver info: org.openqa.selenium.firefox.FirefoxDriver
Command: [401d5824-5316-4e08-bfda-218d47d0f59b, clickElement {id=14e8f76e-184b-4f63-ada1-17d1c7df704a}]
Capabilities {acceptInsecureCerts: true, browserName: firefox, browserVersion: 135.0.1, moz:accessibilityChecks: false, moz:buildID: 20250216192613, moz:debuggerAddress: 127.0.0.1:2323, moz:geckodriverVersion: 0.35.0, moz:headless: false, moz:platformVersion: 10.0, moz:processID: 221028, moz:profile: C:\Users\madhu\AppData\Loca..., moz:shutdownTimeout: 60000, moz:webdriverClick: true, moz:windowless: false, pageLoadStrategy: normal, platformName: windows, proxy: Proxy(), se:cdp: ws://127.0.0.1:2323/devtool..., se:cdpVersion: 85.0, setWindowRect: true, strictFileInteractability: false, timeouts: {implicit: 0, pageLoad: 300000, script: 30000}, unhandledPromptBehavior: dismiss and notify, userAgent: Mozilla/5.0 (Windows NT 10....}
Element: [[FirefoxDriver: firefox on windows (401d5824-5316-4e08-bfda-218d47d0f59b)] -> xpath: //button[@role='menuitem']]
Session ID: 401d5824-5316-4e08-bfda-218d47d0f59b
at java.base/jdk.internal.reflect.DirectConstructorHandleAccessor.newInstance(DirectConstructorHandleAccessor.java:62)
at java.base/java.lang.reflect.Constructor.newInstanceWithCaller(Constructor.java:502)
at java.base/java.lang.reflect.Constructor.newInstance(Constructor.java:486)
at org.openqa.selenium.remote.ErrorCodec.decode(ErrorCodec.java:167)
at org.openqa.selenium.remote.codec.w3c.W3CHttpResponseCodec.decode(W3CHttpResponseCodec.java:138)
at org.openqa.selenium.remote.codec.w3c.W3CHttpResponseCodec.decode(W3CHttpResponseCodec.java:50)
at org.openqa.selenium.remote.HttpCommandExecutor.execute(HttpCommandExecutor.java:190)
at org.openqa.selenium.remote.service.DriverCommandExecutor.invokeExecute(DriverCommandExecutor.java:216)
at org.openqa.selenium.remote.service.DriverCommandExecutor.execute(DriverCommandExecutor.java:174)
at org.openqa.selenium.remote.RemoteWebDriver.execute(RemoteWebDriver.java:545)
at org.openqa.selenium.remote.RemoteWebElement.execute(RemoteWebElement.java:223)
at org.openqa.selenium.remote.RemoteWebElement.click(RemoteWebElement.java:76)
at java.base/jdk.internal.reflect.DirectMethodHandleAccessor.invoke(DirectMethodHandleAccessor.java:103)
at java.base/java.lang.reflect.Method.invoke(Method.java:580)
at org.openqa.selenium.support.pagefactory.internal.LocatingElementHandler.invoke(LocatingElementHandler.java:51)
at jdk.proxy2/jdk.proxy2.$Proxy48.click(Unknown Source)
at pages.BasePage.elementClick(BasePage.java:35)
at stepDefinitions.ProgramStepAddon.the_admin_is_in_add_new_program_pop_window(ProgramStepAddon.java:103)
at ✽.The Admin is in Add New program pop window(file:///C:/Users/madhu/OneDrive/Desktop/SDET/LMS_ActionSquad/src/test/resources/Feature%20files/09_ProgramAdditional.feature:45)
]]>
    </error>
  </testcase> <!-- runScenario -->
  <testcase classname="testRunner.TestRunner" name="runScenario" time="4.501"/>
  <testcase classname="testRunner.TestRunner" name="runScenario" time="6.966"/>
  <testcase classname="testRunner.TestRunner" name="runScenario" time="7.947"/>
  <testcase classname="testRunner.TestRunner" name="runScenario" time="10.970">
    <failure message="expected [true] but found [false]" type="java.lang.AssertionError">
      <![CDATA[java.lang.AssertionError: expected [true] but found [false]
at org.testng.Assert.fail(Assert.java:111)
at org.testng.Assert.failNotEquals(Assert.java:1578)
at org.testng.Assert.assertTrue(Assert.java:57)
at org.testng.Assert.assertTrue(Assert.java:67)
at stepDefinitions.BatchStepAddon.admin_should_see_status_is_selected(BatchStepAddon.java:156)
at ✽.Admin should see status is selected(file:///C:/Users/madhu/OneDrive/Desktop/SDET/LMS_ActionSquad/src/test/resources/Feature%20files/10_BatchAdditional.feature:67)
]]>
    </failure>
  </testcase> <!-- runScenario -->
  <testcase classname="testRunner.TestRunner" name="runScenario" time="13.396">
    <error message="Element &lt;button class=&quot;mat-focus-indicator mat-menu-item ng-tns-c230-5 cdk-focused cdk-mouse-focused&quot;&gt; is not clickable at point (1282,75) because another element &lt;div id=&quot;cdk-overlay-1&quot; class=&quot;cdk-overlay-pane&quot;&gt; obscures it
Build info: version: &#039;4.27.0&#039;, revision: &#039;d6e718d134&#039;
System info: os.name: &#039;Windows 11&#039;, os.arch: &#039;amd64&#039;, os.version: &#039;10.0&#039;, java.version: &#039;21.0.5&#039;
Driver info: org.openqa.selenium.firefox.FirefoxDriver
Command: [c80cc938-731b-44d1-8347-5cf507545c4c, clickElement {id=0bba0970-7753-4382-8bfa-5774a3a9194f}]
Capabilities {acceptInsecureCerts: true, browserName: firefox, browserVersion: 135.0.1, moz:accessibilityChecks: false, moz:buildID: 20250216192613, moz:debuggerAddress: 127.0.0.1:47710, moz:geckodriverVersion: 0.35.0, moz:headless: false, moz:platformVersion: 10.0, moz:processID: 215520, moz:profile: C:\Users\madhu\AppData\Loca..., moz:shutdownTimeout: 60000, moz:webdriverClick: true, moz:windowless: false, pageLoadStrategy: normal, platformName: windows, proxy: Proxy(), se:cdp: ws://127.0.0.1:47710/devtoo..., se:cdpVersion: 85.0, setWindowRect: true, strictFileInteractability: false, timeouts: {implicit: 0, pageLoad: 300000, script: 30000}, unhandledPromptBehavior: dismiss and notify, userAgent: Mozilla/5.0 (Windows NT 10....}
Element: [[FirefoxDriver: firefox on windows (c80cc938-731b-44d1-8347-5cf507545c4c)] -&gt; xpath: //button[@role=&#039;menuitem&#039;]]
Session ID: c80cc938-731b-44d1-8347-5cf507545c4c" type="org.openqa.selenium.ElementClickInterceptedException">
      <![CDATA[org.openqa.selenium.ElementClickInterceptedException: Element <button class="mat-focus-indicator mat-menu-item ng-tns-c230-5 cdk-focused cdk-mouse-focused"> is not clickable at point (1282,75) because another element <div id="cdk-overlay-1" class="cdk-overlay-pane"> obscures it
Build info: version: '4.27.0', revision: 'd6e718d134'
System info: os.name: 'Windows 11', os.arch: 'amd64', os.version: '10.0', java.version: '21.0.5'
Driver info: org.openqa.selenium.firefox.FirefoxDriver
Command: [c80cc938-731b-44d1-8347-5cf507545c4c, clickElement {id=0bba0970-7753-4382-8bfa-5774a3a9194f}]
Capabilities {acceptInsecureCerts: true, browserName: firefox, browserVersion: 135.0.1, moz:accessibilityChecks: false, moz:buildID: 20250216192613, moz:debuggerAddress: 127.0.0.1:47710, moz:geckodriverVersion: 0.35.0, moz:headless: false, moz:platformVersion: 10.0, moz:processID: 215520, moz:profile: C:\Users\madhu\AppData\Loca..., moz:shutdownTimeout: 60000, moz:webdriverClick: true, moz:windowless: false, pageLoadStrategy: normal, platformName: windows, proxy: Proxy(), se:cdp: ws://127.0.0.1:47710/devtoo..., se:cdpVersion: 85.0, setWindowRect: true, strictFileInteractability: false, timeouts: {implicit: 0, pageLoad: 300000, script: 30000}, unhandledPromptBehavior: dismiss and notify, userAgent: Mozilla/5.0 (Windows NT 10....}
Element: [[FirefoxDriver: firefox on windows (c80cc938-731b-44d1-8347-5cf507545c4c)] -> xpath: //button[@role='menuitem']]
Session ID: c80cc938-731b-44d1-8347-5cf507545c4c
at java.base/jdk.internal.reflect.DirectConstructorHandleAccessor.newInstance(DirectConstructorHandleAccessor.java:62)
at java.base/java.lang.reflect.Constructor.newInstanceWithCaller(Constructor.java:502)
at java.base/java.lang.reflect.Constructor.newInstance(Constructor.java:486)
at org.openqa.selenium.remote.ErrorCodec.decode(ErrorCodec.java:167)
at org.openqa.selenium.remote.codec.w3c.W3CHttpResponseCodec.decode(W3CHttpResponseCodec.java:138)
at org.openqa.selenium.remote.codec.w3c.W3CHttpResponseCodec.decode(W3CHttpResponseCodec.java:50)
at org.openqa.selenium.remote.HttpCommandExecutor.execute(HttpCommandExecutor.java:190)
at org.openqa.selenium.remote.service.DriverCommandExecutor.invokeExecute(DriverCommandExecutor.java:216)
at org.openqa.selenium.remote.service.DriverCommandExecutor.execute(DriverCommandExecutor.java:174)
at org.openqa.selenium.remote.RemoteWebDriver.execute(RemoteWebDriver.java:545)
at org.openqa.selenium.remote.RemoteWebElement.execute(RemoteWebElement.java:223)
at org.openqa.selenium.remote.RemoteWebElement.click(RemoteWebElement.java:76)
at java.base/jdk.internal.reflect.DirectMethodHandleAccessor.invoke(DirectMethodHandleAccessor.java:103)
at java.base/java.lang.reflect.Method.invoke(Method.java:580)
at org.openqa.selenium.support.pagefactory.internal.LocatingElementHandler.invoke(LocatingElementHandler.java:51)
at jdk.proxy2/jdk.proxy2.$Proxy48.click(Unknown Source)
at pages.BasePage.elementClick(BasePage.java:35)
at stepDefinitions.ProgramStepAddon.the_admin_is_in_add_new_program_pop_window(ProgramStepAddon.java:103)
at ✽.The Admin is in Add New program pop window(file:///C:/Users/madhu/OneDrive/Desktop/SDET/LMS_ActionSquad/src/test/resources/Feature%20files/09_ProgramAdditional.feature:33)
]]>
    </error>
  </testcase> <!-- runScenario -->
  <testcase classname="testRunner.TestRunner" name="runScenario" time="5.022"/>
  <testcase classname="testRunner.TestRunner" name="runScenario" time="4.037"/>
  <testcase classname="testRunner.TestRunner" name="runScenario" time="4.032"/>
  <testcase classname="testRunner.TestRunner" name="runScenario" time="4.935"/>
  <testcase classname="testRunner.TestRunner" name="runScenario" time="4.270"/>
  <testcase classname="testRunner.TestRunner" name="runScenario" time="4.383">
    <failure message="expected [Micro service-01?] but found [Micro]" type="java.lang.AssertionError">
      <![CDATA[java.lang.AssertionError: expected [Micro service-01?] but found [Micro]
at org.testng.Assert.fail(Assert.java:111)
at org.testng.Assert.failNotEquals(Assert.java:1578)
at org.testng.Assert.assertEqualsImpl(Assert.java:150)
at org.testng.Assert.assertEquals(Assert.java:132)
at org.testng.Assert.assertEquals(Assert.java:656)
at org.testng.Assert.assertEquals(Assert.java:666)
at stepDefinitions.BatchStepAddon.admin_should_see_batch_name_in_the_confirmation_window(BatchStepAddon.java:114)
at ✽.Admin should see batch name in the confirmation window(file:///C:/Users/madhu/OneDrive/Desktop/SDET/LMS_ActionSquad/src/test/resources/Feature%20files/10_BatchAdditional.feature:55)
]]>
    </failure>
  </testcase> <!-- runScenario -->
  <testcase classname="testRunner.TestRunner" name="runScenario" time="13.631">
    <error message="Element &lt;button class=&quot;mat-focus-indicator mat-menu-item ng-tns-c230-6 cdk-focused cdk-mouse-focused&quot;&gt; is not clickable at point (1361,75) because another element &lt;div id=&quot;cdk-overlay-1&quot; class=&quot;cdk-overlay-pane&quot;&gt; obscures it
Build info: version: &#039;4.27.0&#039;, revision: &#039;d6e718d134&#039;
System info: os.name: &#039;Windows 11&#039;, os.arch: &#039;amd64&#039;, os.version: &#039;10.0&#039;, java.version: &#039;21.0.5&#039;
Driver info: org.openqa.selenium.firefox.FirefoxDriver
Command: [3875d559-2b5e-428e-8b53-916c28878d2c, clickElement {id=3ba7716e-9d12-43f0-ac30-f7d5eba9cfd8}]
Capabilities {acceptInsecureCerts: true, browserName: firefox, browserVersion: 135.0.1, moz:accessibilityChecks: false, moz:buildID: 20250216192613, moz:debuggerAddress: 127.0.0.1:16451, moz:geckodriverVersion: 0.35.0, moz:headless: false, moz:platformVersion: 10.0, moz:processID: 219504, moz:profile: C:\Users\madhu\AppData\Loca..., moz:shutdownTimeout: 60000, moz:webdriverClick: true, moz:windowless: false, pageLoadStrategy: normal, platformName: windows, proxy: Proxy(), se:cdp: ws://127.0.0.1:16451/devtoo..., se:cdpVersion: 85.0, setWindowRect: true, strictFileInteractability: false, timeouts: {implicit: 0, pageLoad: 300000, script: 30000}, unhandledPromptBehavior: dismiss and notify, userAgent: Mozilla/5.0 (Windows NT 10....}
Element: [[FirefoxDriver: firefox on windows (3875d559-2b5e-428e-8b53-916c28878d2c)] -&gt; xpath: //button[@role=&#039;menuitem&#039;]]
Session ID: 3875d559-2b5e-428e-8b53-916c28878d2c" type="org.openqa.selenium.ElementClickInterceptedException">
      <![CDATA[org.openqa.selenium.ElementClickInterceptedException: Element <button class="mat-focus-indicator mat-menu-item ng-tns-c230-6 cdk-focused cdk-mouse-focused"> is not clickable at point (1361,75) because another element <div id="cdk-overlay-1" class="cdk-overlay-pane"> obscures it
Build info: version: '4.27.0', revision: 'd6e718d134'
System info: os.name: 'Windows 11', os.arch: 'amd64', os.version: '10.0', java.version: '21.0.5'
Driver info: org.openqa.selenium.firefox.FirefoxDriver
Command: [3875d559-2b5e-428e-8b53-916c28878d2c, clickElement {id=3ba7716e-9d12-43f0-ac30-f7d5eba9cfd8}]
Capabilities {acceptInsecureCerts: true, browserName: firefox, browserVersion: 135.0.1, moz:accessibilityChecks: false, moz:buildID: 20250216192613, moz:debuggerAddress: 127.0.0.1:16451, moz:geckodriverVersion: 0.35.0, moz:headless: false, moz:platformVersion: 10.0, moz:processID: 219504, moz:profile: C:\Users\madhu\AppData\Loca..., moz:shutdownTimeout: 60000, moz:webdriverClick: true, moz:windowless: false, pageLoadStrategy: normal, platformName: windows, proxy: Proxy(), se:cdp: ws://127.0.0.1:16451/devtoo..., se:cdpVersion: 85.0, setWindowRect: true, strictFileInteractability: false, timeouts: {implicit: 0, pageLoad: 300000, script: 30000}, unhandledPromptBehavior: dismiss and notify, userAgent: Mozilla/5.0 (Windows NT 10....}
Element: [[FirefoxDriver: firefox on windows (3875d559-2b5e-428e-8b53-916c28878d2c)] -> xpath: //button[@role='menuitem']]
Session ID: 3875d559-2b5e-428e-8b53-916c28878d2c
at java.base/jdk.internal.reflect.DirectConstructorHandleAccessor.newInstance(DirectConstructorHandleAccessor.java:62)
at java.base/java.lang.reflect.Constructor.newInstanceWithCaller(Constructor.java:502)
at java.base/java.lang.reflect.Constructor.newInstance(Constructor.java:486)
at org.openqa.selenium.remote.ErrorCodec.decode(ErrorCodec.java:167)
at org.openqa.selenium.remote.codec.w3c.W3CHttpResponseCodec.decode(W3CHttpResponseCodec.java:138)
at org.openqa.selenium.remote.codec.w3c.W3CHttpResponseCodec.decode(W3CHttpResponseCodec.java:50)
at org.openqa.selenium.remote.HttpCommandExecutor.execute(HttpCommandExecutor.java:190)
at org.openqa.selenium.remote.service.DriverCommandExecutor.invokeExecute(DriverCommandExecutor.java:216)
at org.openqa.selenium.remote.service.DriverCommandExecutor.execute(DriverCommandExecutor.java:174)
at org.openqa.selenium.remote.RemoteWebDriver.execute(RemoteWebDriver.java:545)
at org.openqa.selenium.remote.RemoteWebElement.execute(RemoteWebElement.java:223)
at org.openqa.selenium.remote.RemoteWebElement.click(RemoteWebElement.java:76)
at java.base/jdk.internal.reflect.DirectMethodHandleAccessor.invoke(DirectMethodHandleAccessor.java:103)
at java.base/java.lang.reflect.Method.invoke(Method.java:580)
at org.openqa.selenium.support.pagefactory.internal.LocatingElementHandler.invoke(LocatingElementHandler.java:51)
at jdk.proxy2/jdk.proxy2.$Proxy48.click(Unknown Source)
at pages.Batch_Page.clickAddNewBatchButton(Batch_Page.java:406)
at stepDefinitions.BatchStep.admin_is_on_the_batch_details_pop_up_window(BatchStep.java:166)
at ✽.Admin is on the Batch Details Pop Up Window(file:///C:/Users/madhu/OneDrive/Desktop/SDET/LMS_ActionSquad/src/test/resources/Feature%20files/04_Batch.feature:70)
]]>
    </error>
  </testcase> <!-- runScenario -->
  <testcase classname="testRunner.TestRunner" name="runScenario" time="6.231">
    <failure message="expected [false] but found [true]" type="java.lang.AssertionError">
      <![CDATA[java.lang.AssertionError: expected [false] but found [true]
at org.testng.Assert.fail(Assert.java:111)
at org.testng.Assert.failNotEquals(Assert.java:1578)
at org.testng.Assert.assertFalse(Assert.java:79)
at org.testng.Assert.assertFalse(Assert.java:89)
at stepDefinitions.LoginStep.admin_should_see_lms_learning_management_system(LoginStep.java:72)
at ✽.Admin should see LMS - Learning Management System(file:///C:/Users/madhu/OneDrive/Desktop/SDET/LMS_ActionSquad/src/test/resources/Feature%20files/01_Login.feature:28)
]]>
    </failure>
  </testcase> <!-- runScenario -->
  <testcase classname="testRunner.TestRunner" name="runScenario" time="10.002"/>
  <testcase classname="testRunner.TestRunner" name="runScenario" time="5.343"/>
  <testcase classname="testRunner.TestRunner" name="runScenario" time="7.736"/>
  <testcase classname="testRunner.TestRunner" name="runScenario" time="8.243">
    <failure message="expected [true] but found [false]" type="java.lang.AssertionError">
      <![CDATA[java.lang.AssertionError: expected [true] but found [false]
at org.testng.Assert.fail(Assert.java:111)
at org.testng.Assert.failNotEquals(Assert.java:1578)
at org.testng.Assert.assertTrue(Assert.java:57)
at org.testng.Assert.assertTrue(Assert.java:67)
at stepDefinitions.ProgramStep.admin_should_see_the_class_details_pop_up_window(ProgramStep.java:136)
at ✽.Admin should see the Program Details pop up window "ProgramDetails"(file:///C:/Users/madhu/OneDrive/Desktop/SDET/LMS_ActionSquad/src/test/resources/Feature%20files/03_Program.feature:97)
]]>
    </failure>
  </testcase> <!-- runScenario -->
  <testcase classname="testRunner.TestRunner" name="runScenario" time="8.235"/>
  <testcase classname="testRunner.TestRunner" name="runScenario" time="9.195"/>
  <testcase classname="testRunner.TestRunner" name="runScenario" time="13.662"/>
  <testcase classname="testRunner.TestRunner" name="runScenario" time="13.720">
    <failure message="expected [false] but found [true]" type="java.lang.AssertionError">
      <![CDATA[java.lang.AssertionError: expected [false] but found [true]
at org.testng.Assert.fail(Assert.java:111)
at org.testng.Assert.failNotEquals(Assert.java:1578)
at org.testng.Assert.assertFalse(Assert.java:79)
at org.testng.Assert.assertFalse(Assert.java:89)
at stepDefinitions.LoginStep.admin_should(LoginStep.java:190)
at ✽.Admin should "invalid"(file:///C:/Users/madhu/OneDrive/Desktop/SDET/LMS_ActionSquad/src/test/resources/Feature%20files/01_Login.feature:105)
]]>
    </failure>
  </testcase> <!-- runScenario -->
  <testcase classname="testRunner.TestRunner" name="runScenario" time="6.195"/>
  <testcase classname="testRunner.TestRunner" name="runScenario" time="3.954"/>
  <testcase classname="testRunner.TestRunner" name="runScenario" time="15.457">
    <failure message="expected [false] but found [true]" type="java.lang.AssertionError">
      <![CDATA[java.lang.AssertionError: expected [false] but found [true]
at org.testng.Assert.fail(Assert.java:111)
at org.testng.Assert.failNotEquals(Assert.java:1578)
at org.testng.Assert.assertFalse(Assert.java:79)
at org.testng.Assert.assertFalse(Assert.java:89)
at stepDefinitions.LoginStep.admin_should(LoginStep.java:190)
at ✽.Admin should "invalid"(file:///C:/Users/madhu/OneDrive/Desktop/SDET/LMS_ActionSquad/src/test/resources/Feature%20files/01_Login.feature:105)
]]>
    </failure>
  </testcase> <!-- runScenario -->
  <testcase classname="testRunner.TestRunner" name="runScenario" time="17.482">
    <error message="Unable to locate element: //small
For documentation on this error, please visit: https://www.selenium.dev/documentation/webdriver/troubleshooting/errors#no-such-element-exception
Build info: version: &#039;4.27.0&#039;, revision: &#039;d6e718d134&#039;
System info: os.name: &#039;Windows 11&#039;, os.arch: &#039;amd64&#039;, os.version: &#039;10.0&#039;, java.version: &#039;21.0.5&#039;
Driver info: org.openqa.selenium.firefox.FirefoxDriver
Command: [c27c6e3c-0459-404b-81a2-d928d0d00ebb, findElement {using=xpath, value=//small}]
Capabilities {acceptInsecureCerts: true, browserName: firefox, browserVersion: 135.0.1, moz:accessibilityChecks: false, moz:buildID: 20250216192613, moz:debuggerAddress: 127.0.0.1:35954, moz:geckodriverVersion: 0.35.0, moz:headless: false, moz:platformVersion: 10.0, moz:processID: 218936, moz:profile: C:\Users\madhu\AppData\Loca..., moz:shutdownTimeout: 60000, moz:webdriverClick: true, moz:windowless: false, pageLoadStrategy: normal, platformName: windows, proxy: Proxy(), se:cdp: ws://127.0.0.1:35954/devtoo..., se:cdpVersion: 85.0, setWindowRect: true, strictFileInteractability: false, timeouts: {implicit: 0, pageLoad: 300000, script: 30000}, unhandledPromptBehavior: dismiss and notify, userAgent: Mozilla/5.0 (Windows NT 10....}
Session ID: c27c6e3c-0459-404b-81a2-d928d0d00ebb" type="org.openqa.selenium.NoSuchElementException">
      <![CDATA[org.openqa.selenium.NoSuchElementException: Unable to locate element: //small
For documentation on this error, please visit: https://www.selenium.dev/documentation/webdriver/troubleshooting/errors#no-such-element-exception
Build info: version: '4.27.0', revision: 'd6e718d134'
System info: os.name: 'Windows 11', os.arch: 'amd64', os.version: '10.0', java.version: '21.0.5'
Driver info: org.openqa.selenium.firefox.FirefoxDriver
Command: [c27c6e3c-0459-404b-81a2-d928d0d00ebb, findElement {using=xpath, value=//small}]
Capabilities {acceptInsecureCerts: true, browserName: firefox, browserVersion: 135.0.1, moz:accessibilityChecks: false, moz:buildID: 20250216192613, moz:debuggerAddress: 127.0.0.1:35954, moz:geckodriverVersion: 0.35.0, moz:headless: false, moz:platformVersion: 10.0, moz:processID: 218936, moz:profile: C:\Users\madhu\AppData\Loca..., moz:shutdownTimeout: 60000, moz:webdriverClick: true, moz:windowless: false, pageLoadStrategy: normal, platformName: windows, proxy: Proxy(), se:cdp: ws://127.0.0.1:35954/devtoo..., se:cdpVersion: 85.0, setWindowRect: true, strictFileInteractability: false, timeouts: {implicit: 0, pageLoad: 300000, script: 30000}, unhandledPromptBehavior: dismiss and notify, userAgent: Mozilla/5.0 (Windows NT 10....}
Session ID: c27c6e3c-0459-404b-81a2-d928d0d00ebb
at java.base/jdk.internal.reflect.DirectConstructorHandleAccessor.newInstance(DirectConstructorHandleAccessor.java:62)
at java.base/java.lang.reflect.Constructor.newInstanceWithCaller(Constructor.java:502)
at java.base/java.lang.reflect.Constructor.newInstance(Constructor.java:486)
at org.openqa.selenium.remote.ErrorCodec.decode(ErrorCodec.java:167)
at org.openqa.selenium.remote.codec.w3c.W3CHttpResponseCodec.decode(W3CHttpResponseCodec.java:138)
at org.openqa.selenium.remote.codec.w3c.W3CHttpResponseCodec.decode(W3CHttpResponseCodec.java:50)
at org.openqa.selenium.remote.HttpCommandExecutor.execute(HttpCommandExecutor.java:190)
at org.openqa.selenium.remote.service.DriverCommandExecutor.invokeExecute(DriverCommandExecutor.java:216)
at org.openqa.selenium.remote.service.DriverCommandExecutor.execute(DriverCommandExecutor.java:174)
at org.openqa.selenium.remote.RemoteWebDriver.execute(RemoteWebDriver.java:545)
at org.openqa.selenium.remote.ElementLocation$ElementFinder$2.findElement(ElementLocation.java:165)
at org.openqa.selenium.remote.ElementLocation.findElement(ElementLocation.java:59)
at org.openqa.selenium.remote.RemoteWebDriver.findElement(RemoteWebDriver.java:368)
at org.openqa.selenium.remote.RemoteWebDriver.findElement(RemoteWebDriver.java:362)
at org.openqa.selenium.support.pagefactory.DefaultElementLocator.findElement(DefaultElementLocator.java:68)
at org.openqa.selenium.support.pagefactory.internal.LocatingElementHandler.invoke(LocatingElementHandler.java:38)
at jdk.proxy2/jdk.proxy2.$Proxy48.getText(Unknown Source)
at pages.BasePage.elementGetText(BasePage.java:30)
at stepDefinitions.ProgramStepAddon.admin_receives_invalid_error_message(ProgramStepAddon.java:182)
at ✽.Admin receives "DesclessChar" invalid error message(file:///C:/Users/madhu/OneDrive/Desktop/SDET/LMS_ActionSquad/src/test/resources/Feature%20files/09_ProgramAdditional.feature:47)
]]>
    </error>
  </testcase> <!-- runScenario -->
  <testcase classname="testRunner.TestRunner" name="runScenario" time="6.116"/>
  <testcase classname="testRunner.TestRunner" name="runScenario" time="9.218"/>
  <testcase classname="testRunner.TestRunner" name="runScenario" time="15.051">
    <failure message="expected [false] but found [true]" type="java.lang.AssertionError">
      <![CDATA[java.lang.AssertionError: expected [false] but found [true]
at org.testng.Assert.fail(Assert.java:111)
at org.testng.Assert.failNotEquals(Assert.java:1578)
at org.testng.Assert.assertFalse(Assert.java:79)
at org.testng.Assert.assertFalse(Assert.java:89)
at stepDefinitions.BatchStepAddon.admin_should_description_mandatory_error_message(BatchStepAddon.java:173)
at ✽.Admin should description mandatory error message(file:///C:/Users/madhu/OneDrive/Desktop/SDET/LMS_ActionSquad/src/test/resources/Feature%20files/10_BatchAdditional.feature:73)
]]>
    </failure>
  </testcase> <!-- runScenario -->
  <testcase classname="testRunner.TestRunner" name="runScenario" time="12.759"/>
  <testcase classname="testRunner.TestRunner" name="runScenario" time="5.107"/>
  <testcase classname="testRunner.TestRunner" name="runScenario" time="3.627"/>
  <testcase classname="testRunner.TestRunner" name="runScenario" time="5.084"/>
  <testcase classname="testRunner.TestRunner" name="runScenario" time="3.059"/>
  <testcase classname="testRunner.TestRunner" name="runScenario" time="9.201">
    <failure message="expected [Successful
Batches Deleted] but found [Successful
Batches Deleted]" type="java.lang.AssertionError">
      <![CDATA[java.lang.AssertionError: expected [Successful
Batches Deleted] but found [Successful
Batches Deleted]
at org.testng.Assert.fail(Assert.java:111)
at org.testng.Assert.failNotEquals(Assert.java:1578)
at org.testng.Assert.assertEqualsImpl(Assert.java:150)
at org.testng.Assert.assertEquals(Assert.java:132)
at org.testng.Assert.assertEquals(Assert.java:656)
at org.testng.Assert.assertEquals(Assert.java:666)
at stepDefinitions.BatchStep.the_respective_row_in_the_table_should_be_deleted(BatchStep.java:478)
at ✽.The respective row in the table should be deleted(file:///C:/Users/madhu/OneDrive/Desktop/SDET/LMS_ActionSquad/src/test/resources/Feature%20files/04_Batch.feature:174)
]]>
    </failure>
  </testcase> <!-- runScenario -->
  <testcase classname="testRunner.TestRunner" name="runScenario" time="8.201">
    <error message="Element &lt;button class=&quot;mat-focus-indicator mat-menu-item ng-tns-c230-6 cdk-focused cdk-mouse-focused&quot;&gt; is not clickable at point (1361,75) because another element &lt;div id=&quot;cdk-overlay-1&quot; class=&quot;cdk-overlay-pane&quot;&gt; obscures it
Build info: version: &#039;4.27.0&#039;, revision: &#039;d6e718d134&#039;
System info: os.name: &#039;Windows 11&#039;, os.arch: &#039;amd64&#039;, os.version: &#039;10.0&#039;, java.version: &#039;21.0.5&#039;
Driver info: org.openqa.selenium.firefox.FirefoxDriver
Command: [22873935-be61-4155-b1ba-7a93eb88ba9b, clickElement {id=55f1f12b-16af-46e6-9e1d-db416bfca880}]
Capabilities {acceptInsecureCerts: true, browserName: firefox, browserVersion: 135.0.1, moz:accessibilityChecks: false, moz:buildID: 20250216192613, moz:debuggerAddress: 127.0.0.1:21694, moz:geckodriverVersion: 0.35.0, moz:headless: false, moz:platformVersion: 10.0, moz:processID: 217300, moz:profile: C:\Users\madhu\AppData\Loca..., moz:shutdownTimeout: 60000, moz:webdriverClick: true, moz:windowless: false, pageLoadStrategy: normal, platformName: windows, proxy: Proxy(), se:cdp: ws://127.0.0.1:21694/devtoo..., se:cdpVersion: 85.0, setWindowRect: true, strictFileInteractability: false, timeouts: {implicit: 0, pageLoad: 300000, script: 30000}, unhandledPromptBehavior: dismiss and notify, userAgent: Mozilla/5.0 (Windows NT 10....}
Element: [[FirefoxDriver: firefox on windows (22873935-be61-4155-b1ba-7a93eb88ba9b)] -&gt; xpath: //button[@role=&#039;menuitem&#039;]]
Session ID: 22873935-be61-4155-b1ba-7a93eb88ba9b" type="org.openqa.selenium.ElementClickInterceptedException">
      <![CDATA[org.openqa.selenium.ElementClickInterceptedException: Element <button class="mat-focus-indicator mat-menu-item ng-tns-c230-6 cdk-focused cdk-mouse-focused"> is not clickable at point (1361,75) because another element <div id="cdk-overlay-1" class="cdk-overlay-pane"> obscures it
Build info: version: '4.27.0', revision: 'd6e718d134'
System info: os.name: 'Windows 11', os.arch: 'amd64', os.version: '10.0', java.version: '21.0.5'
Driver info: org.openqa.selenium.firefox.FirefoxDriver
Command: [22873935-be61-4155-b1ba-7a93eb88ba9b, clickElement {id=55f1f12b-16af-46e6-9e1d-db416bfca880}]
Capabilities {acceptInsecureCerts: true, browserName: firefox, browserVersion: 135.0.1, moz:accessibilityChecks: false, moz:buildID: 20250216192613, moz:debuggerAddress: 127.0.0.1:21694, moz:geckodriverVersion: 0.35.0, moz:headless: false, moz:platformVersion: 10.0, moz:processID: 217300, moz:profile: C:\Users\madhu\AppData\Loca..., moz:shutdownTimeout: 60000, moz:webdriverClick: true, moz:windowless: false, pageLoadStrategy: normal, platformName: windows, proxy: Proxy(), se:cdp: ws://127.0.0.1:21694/devtoo..., se:cdpVersion: 85.0, setWindowRect: true, strictFileInteractability: false, timeouts: {implicit: 0, pageLoad: 300000, script: 30000}, unhandledPromptBehavior: dismiss and notify, userAgent: Mozilla/5.0 (Windows NT 10....}
Element: [[FirefoxDriver: firefox on windows (22873935-be61-4155-b1ba-7a93eb88ba9b)] -> xpath: //button[@role='menuitem']]
Session ID: 22873935-be61-4155-b1ba-7a93eb88ba9b
at java.base/jdk.internal.reflect.DirectConstructorHandleAccessor.newInstance(DirectConstructorHandleAccessor.java:62)
at java.base/java.lang.reflect.Constructor.newInstanceWithCaller(Constructor.java:502)
at java.base/java.lang.reflect.Constructor.newInstance(Constructor.java:486)
at org.openqa.selenium.remote.ErrorCodec.decode(ErrorCodec.java:167)
at org.openqa.selenium.remote.codec.w3c.W3CHttpResponseCodec.decode(W3CHttpResponseCodec.java:138)
at org.openqa.selenium.remote.codec.w3c.W3CHttpResponseCodec.decode(W3CHttpResponseCodec.java:50)
at org.openqa.selenium.remote.HttpCommandExecutor.execute(HttpCommandExecutor.java:190)
at org.openqa.selenium.remote.service.DriverCommandExecutor.invokeExecute(DriverCommandExecutor.java:216)
at org.openqa.selenium.remote.service.DriverCommandExecutor.execute(DriverCommandExecutor.java:174)
at org.openqa.selenium.remote.RemoteWebDriver.execute(RemoteWebDriver.java:545)
at org.openqa.selenium.remote.RemoteWebElement.execute(RemoteWebElement.java:223)
at org.openqa.selenium.remote.RemoteWebElement.click(RemoteWebElement.java:76)
at java.base/jdk.internal.reflect.DirectMethodHandleAccessor.invoke(DirectMethodHandleAccessor.java:103)
at java.base/java.lang.reflect.Method.invoke(Method.java:580)
at org.openqa.selenium.support.pagefactory.internal.LocatingElementHandler.invoke(LocatingElementHandler.java:51)
at jdk.proxy2/jdk.proxy2.$Proxy48.click(Unknown Source)
at pages.Batch_Page.clickAddNewBatchButton(Batch_Page.java:406)
at stepDefinitions.BatchStep.admin_is_on_the_batch_page(BatchStep.java:436)
at ✽.Admin is on the batch page(file:///C:/Users/madhu/OneDrive/Desktop/SDET/LMS_ActionSquad/src/test/resources/Feature%20files/04_Batch.feature:217)
]]>
    </error>
  </testcase> <!-- runScenario -->
  <testcase classname="testRunner.TestRunner" name="runScenario" time="7.349"/>
  <testcase classname="testRunner.TestRunner" name="runScenario" time="14.661"/>
  <testcase classname="testRunner.TestRunner" name="runScenario" time="8.834"/>
  <testcase classname="testRunner.TestRunner" name="runScenario" time="7.772">
    <failure message="expected [Manage User] but found [Dashboard]" type="java.lang.AssertionError">
      <![CDATA[java.lang.AssertionError: expected [Manage User] but found [Dashboard]
at org.testng.Assert.fail(Assert.java:111)
at org.testng.Assert.failNotEquals(Assert.java:1578)
at org.testng.Assert.assertEqualsImpl(Assert.java:150)
at org.testng.Assert.assertEquals(Assert.java:132)
at org.testng.Assert.assertEquals(Assert.java:656)
at org.testng.Assert.assertEquals(Assert.java:666)
at stepDefinitions.DashboardStepAddon.admin_should_be_in_page(DashboardStepAddon.java:153)
at ✽.Admin should be in "Staff" page(file:///C:/Users/madhu/OneDrive/Desktop/SDET/LMS_ActionSquad/src/test/resources/Feature%20files/08_DashboardAdditional.feature:70)
]]>
    </failure>
  </testcase> <!-- runScenario -->
  <testcase classname="testRunner.TestRunner" name="runScenario" time="5.321"/>
  <testcase classname="testRunner.TestRunner" name="runScenario" time="3.696"/>
  <testcase classname="testRunner.TestRunner" name="runScenario" time="3.371"/>
  <testcase classname="testRunner.TestRunner" name="runScenario" time="3.394"/>
  <testcase classname="testRunner.TestRunner" name="runScenario" time="6.872"/>
  <testcase classname="testRunner.TestRunner" name="runScenario" time="5.641"/>
  <testcase classname="testRunner.TestRunner" name="runScenario" time="8.757"/>
  <testcase classname="testRunner.TestRunner" name="runScenario" time="4.467"/>
  <testcase classname="testRunner.TestRunner" name="runScenario" time="7.107"/>
  <testcase classname="testRunner.TestRunner" name="runScenario" time="4.764"/>
  <testcase classname="testRunner.TestRunner" name="runScenario" time="12.889"/>
  <testcase classname="testRunner.TestRunner" name="runScenario" time="7.857"/>
  <testcase classname="testRunner.TestRunner" name="runScenario" time="5.179">
    <failure message="expected [true] but found [false]" type="java.lang.AssertionError">
      <![CDATA[java.lang.AssertionError: expected [true] but found [false]
at org.testng.Assert.fail(Assert.java:111)
at org.testng.Assert.failNotEquals(Assert.java:1578)
at org.testng.Assert.assertTrue(Assert.java:57)
at org.testng.Assert.assertTrue(Assert.java:67)
at stepDefinitions.ProgramStep.adminShouldSeeResults(ProgramStep.java:450)
at ✽.Admin should see the "Next enabled link" on the data table in program module(file:///C:/Users/madhu/OneDrive/Desktop/SDET/LMS_ActionSquad/src/test/resources/Feature%20files/03_Program.feature:209)
]]>
    </failure>
  </testcase> <!-- runScenario -->
  <testcase classname="testRunner.TestRunner" name="runScenario" time="9.565"/>
  <testcase classname="testRunner.TestRunner" name="runScenario" time="4.705"/>
  <testcase classname="testRunner.TestRunner" name="runScenario" time="5.637"/>
  <testcase classname="testRunner.TestRunner" name="runScenario" time="8.345"/>
  <testcase classname="testRunner.TestRunner" name="runScenario" time="16.637">
    <failure message="expected [false] but found [true]" type="java.lang.AssertionError">
      <![CDATA[java.lang.AssertionError: expected [false] but found [true]
at org.testng.Assert.fail(Assert.java:111)
at org.testng.Assert.failNotEquals(Assert.java:1578)
at org.testng.Assert.assertFalse(Assert.java:79)
at org.testng.Assert.assertFalse(Assert.java:89)
at stepDefinitions.LoginStepAddon.admin_should_see_forgot_password_link(LoginStepAddon.java:104)
at ✽.Admin should see Forgot Password Link(file:///C:/Users/madhu/OneDrive/Desktop/SDET/LMS_ActionSquad/src/test/resources/Feature%20files/07_LoginAdditional.feature:42)
]]>
    </failure>
  </testcase> <!-- runScenario -->
  <testcase classname="testRunner.TestRunner" name="runScenario" time="4.806"/>
  <testcase classname="testRunner.TestRunner" name="runScenario" time="5.016"/>
  <testcase classname="testRunner.TestRunner" name="runScenario" time="5.942">
    <failure message="expected [true] but found [false]" type="java.lang.AssertionError">
      <![CDATA[java.lang.AssertionError: expected [true] but found [false]
at org.testng.Assert.fail(Assert.java:111)
at org.testng.Assert.failNotEquals(Assert.java:1578)
at org.testng.Assert.assertTrue(Assert.java:57)
at org.testng.Assert.assertTrue(Assert.java:67)
at stepDefinitions.ProgramStep.admin_enter_the_in_search_textbox(ProgramStep.java:302)
at ✽.Admin enter the "Description" "Open" in search textbox(file:///C:/Users/madhu/OneDrive/Desktop/SDET/LMS_ActionSquad/src/test/resources/Feature%20files/03_Program.feature:154)
]]>
    </failure>
  </testcase> <!-- runScenario -->
  <testcase classname="testRunner.TestRunner" name="runScenario" time="7.672"/>
  <testcase classname="testRunner.TestRunner" name="runScenario" time="8.363"/>
  <testcase classname="testRunner.TestRunner" name="runScenario" time="5.150"/>
  <testcase classname="testRunner.TestRunner" name="runScenario" time="7.925"/>
  <testcase classname="testRunner.TestRunner" name="runScenario" time="5.701"/>
  <testcase classname="testRunner.TestRunner" name="runScenario" time="7.024">
    <error message="Element &lt;button class=&quot;mat-focus-indicator mat-menu-item ng-tns-c230-5 cdk-focused cdk-mouse-focused&quot;&gt; is not clickable at point (1282,75) because another element &lt;div id=&quot;cdk-overlay-1&quot; class=&quot;cdk-overlay-pane&quot;&gt; obscures it
Build info: version: &#039;4.27.0&#039;, revision: &#039;d6e718d134&#039;
System info: os.name: &#039;Windows 11&#039;, os.arch: &#039;amd64&#039;, os.version: &#039;10.0&#039;, java.version: &#039;21.0.5&#039;
Driver info: org.openqa.selenium.firefox.FirefoxDriver
Command: [4188c976-4c85-422b-845a-0884fee65b28, clickElement {id=afd669e2-6ba1-458a-8eca-d98ad61b8921}]
Capabilities {acceptInsecureCerts: true, browserName: firefox, browserVersion: 135.0.1, moz:accessibilityChecks: false, moz:buildID: 20250216192613, moz:debuggerAddress: 127.0.0.1:22605, moz:geckodriverVersion: 0.35.0, moz:headless: false, moz:platformVersion: 10.0, moz:processID: 157876, moz:profile: C:\Users\madhu\AppData\Loca..., moz:shutdownTimeout: 60000, moz:webdriverClick: true, moz:windowless: false, pageLoadStrategy: normal, platformName: windows, proxy: Proxy(), se:cdp: ws://127.0.0.1:22605/devtoo..., se:cdpVersion: 85.0, setWindowRect: true, strictFileInteractability: false, timeouts: {implicit: 0, pageLoad: 300000, script: 30000}, unhandledPromptBehavior: dismiss and notify, userAgent: Mozilla/5.0 (Windows NT 10....}
Element: [[FirefoxDriver: firefox on windows (4188c976-4c85-422b-845a-0884fee65b28)] -&gt; xpath: //*[@id=&#039;mat-menu-panel-0&#039;]/div/button]
Session ID: 4188c976-4c85-422b-845a-0884fee65b28" type="org.openqa.selenium.ElementClickInterceptedException">
      <![CDATA[org.openqa.selenium.ElementClickInterceptedException: Element <button class="mat-focus-indicator mat-menu-item ng-tns-c230-5 cdk-focused cdk-mouse-focused"> is not clickable at point (1282,75) because another element <div id="cdk-overlay-1" class="cdk-overlay-pane"> obscures it
Build info: version: '4.27.0', revision: 'd6e718d134'
System info: os.name: 'Windows 11', os.arch: 'amd64', os.version: '10.0', java.version: '21.0.5'
Driver info: org.openqa.selenium.firefox.FirefoxDriver
Command: [4188c976-4c85-422b-845a-0884fee65b28, clickElement {id=afd669e2-6ba1-458a-8eca-d98ad61b8921}]
Capabilities {acceptInsecureCerts: true, browserName: firefox, browserVersion: 135.0.1, moz:accessibilityChecks: false, moz:buildID: 20250216192613, moz:debuggerAddress: 127.0.0.1:22605, moz:geckodriverVersion: 0.35.0, moz:headless: false, moz:platformVersion: 10.0, moz:processID: 157876, moz:profile: C:\Users\madhu\AppData\Loca..., moz:shutdownTimeout: 60000, moz:webdriverClick: true, moz:windowless: false, pageLoadStrategy: normal, platformName: windows, proxy: Proxy(), se:cdp: ws://127.0.0.1:22605/devtoo..., se:cdpVersion: 85.0, setWindowRect: true, strictFileInteractability: false, timeouts: {implicit: 0, pageLoad: 300000, script: 30000}, unhandledPromptBehavior: dismiss and notify, userAgent: Mozilla/5.0 (Windows NT 10....}
Element: [[FirefoxDriver: firefox on windows (4188c976-4c85-422b-845a-0884fee65b28)] -> xpath: //*[@id='mat-menu-panel-0']/div/button]
Session ID: 4188c976-4c85-422b-845a-0884fee65b28
at java.base/jdk.internal.reflect.DirectConstructorHandleAccessor.newInstance(DirectConstructorHandleAccessor.java:62)
at java.base/java.lang.reflect.Constructor.newInstanceWithCaller(Constructor.java:502)
at java.base/java.lang.reflect.Constructor.newInstance(Constructor.java:486)
at org.openqa.selenium.remote.ErrorCodec.decode(ErrorCodec.java:167)
at org.openqa.selenium.remote.codec.w3c.W3CHttpResponseCodec.decode(W3CHttpResponseCodec.java:138)
at org.openqa.selenium.remote.codec.w3c.W3CHttpResponseCodec.decode(W3CHttpResponseCodec.java:50)
at org.openqa.selenium.remote.HttpCommandExecutor.execute(HttpCommandExecutor.java:190)
at org.openqa.selenium.remote.service.DriverCommandExecutor.invokeExecute(DriverCommandExecutor.java:216)
at org.openqa.selenium.remote.service.DriverCommandExecutor.execute(DriverCommandExecutor.java:174)
at org.openqa.selenium.remote.RemoteWebDriver.execute(RemoteWebDriver.java:545)
at org.openqa.selenium.remote.RemoteWebElement.execute(RemoteWebElement.java:223)
at org.openqa.selenium.remote.RemoteWebElement.click(RemoteWebElement.java:76)
at java.base/jdk.internal.reflect.DirectMethodHandleAccessor.invoke(DirectMethodHandleAccessor.java:103)
at java.base/java.lang.reflect.Method.invoke(Method.java:580)
at org.openqa.selenium.support.pagefactory.internal.LocatingElementHandler.invoke(LocatingElementHandler.java:51)
at jdk.proxy2/jdk.proxy2.$Proxy48.click(Unknown Source)
at pages.BasePage.elementClick(BasePage.java:35)
at pages.Program_Page.clickProgramAddNew(Program_Page.java:200)
at stepDefinitions.ProgramStep.admin_clicks_add_new_class_under_class_navigation_bar(ProgramStep.java:115)
at ✽.Admin clicks Add New Program under program navigation bar(file:///C:/Users/madhu/OneDrive/Desktop/SDET/LMS_ActionSquad/src/test/resources/Feature%20files/03_Program.feature:51)
]]>
    </error>
  </testcase> <!-- runScenario -->
  <testcase classname="testRunner.TestRunner" name="runScenario" time="12.356"/>
  <testcase classname="testRunner.TestRunner" name="runScenario" time="7.949"/>
  <testcase classname="testRunner.TestRunner" name="runScenario" time="4.455"/>
  <testcase classname="testRunner.TestRunner" name="runScenario" time="6.263"/>
  <testcase classname="testRunner.TestRunner" name="runScenario" time="7.013">
    <error message="Element &lt;button class=&quot;mat-focus-indicator mat-menu-item ng-tns-c230-6 cdk-focused cdk-mouse-focused&quot;&gt; is not clickable at point (1366,78) because another element &lt;div id=&quot;cdk-overlay-1&quot; class=&quot;cdk-overlay-pane&quot;&gt; obscures it
Build info: version: &#039;4.27.0&#039;, revision: &#039;d6e718d134&#039;
System info: os.name: &#039;Windows 11&#039;, os.arch: &#039;amd64&#039;, os.version: &#039;10.0&#039;, java.version: &#039;21.0.5&#039;
Driver info: org.openqa.selenium.firefox.FirefoxDriver
Command: [e29f244d-6b06-40a4-a477-d37e2f4461b7, clickElement {id=b2f1ad9a-3182-4308-8408-b855bcf10ec4}]
Capabilities {acceptInsecureCerts: true, browserName: firefox, browserVersion: 135.0.1, moz:accessibilityChecks: false, moz:buildID: 20250216192613, moz:debuggerAddress: 127.0.0.1:29198, moz:geckodriverVersion: 0.35.0, moz:headless: false, moz:platformVersion: 10.0, moz:processID: 210484, moz:profile: C:\Users\madhu\AppData\Loca..., moz:shutdownTimeout: 60000, moz:webdriverClick: true, moz:windowless: false, pageLoadStrategy: normal, platformName: windows, proxy: Proxy(), se:cdp: ws://127.0.0.1:29198/devtoo..., se:cdpVersion: 85.0, setWindowRect: true, strictFileInteractability: false, timeouts: {implicit: 0, pageLoad: 300000, script: 30000}, unhandledPromptBehavior: dismiss and notify, userAgent: Mozilla/5.0 (Windows NT 10....}
Element: [[FirefoxDriver: firefox on windows (e29f244d-6b06-40a4-a477-d37e2f4461b7)] -&gt; xpath: //button[@role=&#039;menuitem&#039;]]
Session ID: e29f244d-6b06-40a4-a477-d37e2f4461b7" type="org.openqa.selenium.ElementClickInterceptedException">
      <![CDATA[org.openqa.selenium.ElementClickInterceptedException: Element <button class="mat-focus-indicator mat-menu-item ng-tns-c230-6 cdk-focused cdk-mouse-focused"> is not clickable at point (1366,78) because another element <div id="cdk-overlay-1" class="cdk-overlay-pane"> obscures it
Build info: version: '4.27.0', revision: 'd6e718d134'
System info: os.name: 'Windows 11', os.arch: 'amd64', os.version: '10.0', java.version: '21.0.5'
Driver info: org.openqa.selenium.firefox.FirefoxDriver
Command: [e29f244d-6b06-40a4-a477-d37e2f4461b7, clickElement {id=b2f1ad9a-3182-4308-8408-b855bcf10ec4}]
Capabilities {acceptInsecureCerts: true, browserName: firefox, browserVersion: 135.0.1, moz:accessibilityChecks: false, moz:buildID: 20250216192613, moz:debuggerAddress: 127.0.0.1:29198, moz:geckodriverVersion: 0.35.0, moz:headless: false, moz:platformVersion: 10.0, moz:processID: 210484, moz:profile: C:\Users\madhu\AppData\Loca..., moz:shutdownTimeout: 60000, moz:webdriverClick: true, moz:windowless: false, pageLoadStrategy: normal, platformName: windows, proxy: Proxy(), se:cdp: ws://127.0.0.1:29198/devtoo..., se:cdpVersion: 85.0, setWindowRect: true, strictFileInteractability: false, timeouts: {implicit: 0, pageLoad: 300000, script: 30000}, unhandledPromptBehavior: dismiss and notify, userAgent: Mozilla/5.0 (Windows NT 10....}
Element: [[FirefoxDriver: firefox on windows (e29f244d-6b06-40a4-a477-d37e2f4461b7)] -> xpath: //button[@role='menuitem']]
Session ID: e29f244d-6b06-40a4-a477-d37e2f4461b7
at java.base/jdk.internal.reflect.DirectConstructorHandleAccessor.newInstance(DirectConstructorHandleAccessor.java:62)
at java.base/java.lang.reflect.Constructor.newInstanceWithCaller(Constructor.java:502)
at java.base/java.lang.reflect.Constructor.newInstance(Constructor.java:486)
at org.openqa.selenium.remote.ErrorCodec.decode(ErrorCodec.java:167)
at org.openqa.selenium.remote.codec.w3c.W3CHttpResponseCodec.decode(W3CHttpResponseCodec.java:138)
at org.openqa.selenium.remote.codec.w3c.W3CHttpResponseCodec.decode(W3CHttpResponseCodec.java:50)
at org.openqa.selenium.remote.HttpCommandExecutor.execute(HttpCommandExecutor.java:190)
at org.openqa.selenium.remote.service.DriverCommandExecutor.invokeExecute(DriverCommandExecutor.java:216)
at org.openqa.selenium.remote.service.DriverCommandExecutor.execute(DriverCommandExecutor.java:174)
at org.openqa.selenium.remote.RemoteWebDriver.execute(RemoteWebDriver.java:545)
at org.openqa.selenium.remote.RemoteWebElement.execute(RemoteWebElement.java:223)
at org.openqa.selenium.remote.RemoteWebElement.click(RemoteWebElement.java:76)
at java.base/jdk.internal.reflect.DirectMethodHandleAccessor.invoke(DirectMethodHandleAccessor.java:103)
at java.base/java.lang.reflect.Method.invoke(Method.java:580)
at org.openqa.selenium.support.pagefactory.internal.LocatingElementHandler.invoke(LocatingElementHandler.java:51)
at jdk.proxy2/jdk.proxy2.$Proxy48.click(Unknown Source)
at pages.Batch_Page.clickAddNewBatchButton(Batch_Page.java:406)
at stepDefinitions.BatchStep.admin_is_on_the_batch_confirm_popup_page(BatchStep.java:391)
at ✽.Admin is on the batch confirm popup page(file:///C:/Users/madhu/OneDrive/Desktop/SDET/LMS_ActionSquad/src/test/resources/Feature%20files/04_Batch.feature:142)
]]>
    </error>
  </testcase> <!-- runScenario -->
  <testcase classname="testRunner.TestRunner" name="runScenario" time="5.368"/>
  <testcase classname="testRunner.TestRunner" name="runScenario" time="48.511">
    <error message="no such element: Unable to locate element: {&quot;method&quot;:&quot;xpath&quot;,&quot;selector&quot;:&quot;//tbody/tr[1]//button[@icon=&#039;pi pi-trash&#039;]&quot;}
  (Session info: chrome=133.0.6943.127)
For documentation on this error, please visit: https://www.selenium.dev/documentation/webdriver/troubleshooting/errors#no-such-element-exception
Build info: version: &#039;4.27.0&#039;, revision: &#039;d6e718d134&#039;
System info: os.name: &#039;Windows 11&#039;, os.arch: &#039;amd64&#039;, os.version: &#039;10.0&#039;, java.version: &#039;21.0.5&#039;
Driver info: org.openqa.selenium.chrome.ChromeDriver
Command: [cbda1bd01cda23af193cd70eaab312d8, findElement {using=xpath, value=//tbody/tr[1]//button[@icon=&#039;pi pi-trash&#039;]}]
Capabilities {acceptInsecureCerts: false, browserName: chrome, browserVersion: 133.0.6943.127, chrome: {chromedriverVersion: 133.0.6943.126 (cffa127ce7b..., userDataDir: C:\Users\madhu\AppData\Loca...}, fedcm:accounts: true, goog:chromeOptions: {debuggerAddress: localhost:52411}, networkConnectionEnabled: false, pageLoadStrategy: normal, platformName: windows, proxy: Proxy(), se:cdp: ws://localhost:52411/devtoo..., se:cdpVersion: 133.0.6943.127, setWindowRect: true, strictFileInteractability: false, timeouts: {implicit: 0, pageLoad: 300000, script: 30000}, unhandledPromptBehavior: dismiss and notify, webauthn:extension:credBlob: true, webauthn:extension:largeBlob: true, webauthn:extension:minPinLength: true, webauthn:extension:prf: true, webauthn:virtualAuthenticators: true}
Session ID: cbda1bd01cda23af193cd70eaab312d8" type="org.openqa.selenium.NoSuchElementException">
      <![CDATA[org.openqa.selenium.NoSuchElementException: no such element: Unable to locate element: {"method":"xpath","selector":"//tbody/tr[1]//button[@icon='pi pi-trash']"}
  (Session info: chrome=133.0.6943.127)
For documentation on this error, please visit: https://www.selenium.dev/documentation/webdriver/troubleshooting/errors#no-such-element-exception
Build info: version: '4.27.0', revision: 'd6e718d134'
System info: os.name: 'Windows 11', os.arch: 'amd64', os.version: '10.0', java.version: '21.0.5'
Driver info: org.openqa.selenium.chrome.ChromeDriver
Command: [cbda1bd01cda23af193cd70eaab312d8, findElement {using=xpath, value=//tbody/tr[1]//button[@icon='pi pi-trash']}]
Capabilities {acceptInsecureCerts: false, browserName: chrome, browserVersion: 133.0.6943.127, chrome: {chromedriverVersion: 133.0.6943.126 (cffa127ce7b..., userDataDir: C:\Users\madhu\AppData\Loca...}, fedcm:accounts: true, goog:chromeOptions: {debuggerAddress: localhost:52411}, networkConnectionEnabled: false, pageLoadStrategy: normal, platformName: windows, proxy: Proxy(), se:cdp: ws://localhost:52411/devtoo..., se:cdpVersion: 133.0.6943.127, setWindowRect: true, strictFileInteractability: false, timeouts: {implicit: 0, pageLoad: 300000, script: 30000}, unhandledPromptBehavior: dismiss and notify, webauthn:extension:credBlob: true, webauthn:extension:largeBlob: true, webauthn:extension:minPinLength: true, webauthn:extension:prf: true, webauthn:virtualAuthenticators: true}
Session ID: cbda1bd01cda23af193cd70eaab312d8
at java.base/jdk.internal.reflect.DirectConstructorHandleAccessor.newInstance(DirectConstructorHandleAccessor.java:62)
at java.base/java.lang.reflect.Constructor.newInstanceWithCaller(Constructor.java:502)
at java.base/java.lang.reflect.Constructor.newInstance(Constructor.java:486)
at org.openqa.selenium.remote.ErrorCodec.decode(ErrorCodec.java:167)
at org.openqa.selenium.remote.codec.w3c.W3CHttpResponseCodec.decode(W3CHttpResponseCodec.java:138)
at org.openqa.selenium.remote.codec.w3c.W3CHttpResponseCodec.decode(W3CHttpResponseCodec.java:50)
at org.openqa.selenium.remote.HttpCommandExecutor.execute(HttpCommandExecutor.java:190)
at org.openqa.selenium.remote.service.DriverCommandExecutor.invokeExecute(DriverCommandExecutor.java:216)
at org.openqa.selenium.remote.service.DriverCommandExecutor.execute(DriverCommandExecutor.java:174)
at org.openqa.selenium.remote.RemoteWebDriver.execute(RemoteWebDriver.java:545)
at org.openqa.selenium.remote.ElementLocation$ElementFinder$2.findElement(ElementLocation.java:165)
at org.openqa.selenium.remote.ElementLocation.findElement(ElementLocation.java:59)
at org.openqa.selenium.remote.RemoteWebDriver.findElement(RemoteWebDriver.java:368)
at org.openqa.selenium.remote.RemoteWebDriver.findElement(RemoteWebDriver.java:362)
at org.openqa.selenium.support.pagefactory.DefaultElementLocator.findElement(DefaultElementLocator.java:68)
at org.openqa.selenium.support.pagefactory.internal.LocatingElementHandler.invoke(LocatingElementHandler.java:38)
at jdk.proxy2/jdk.proxy2.$Proxy48.getWrappedElement(Unknown Source)
at org.openqa.selenium.remote.WebElementToJsonConverter.apply(WebElementToJsonConverter.java:48)
at java.base/java.util.stream.ReferencePipeline$3$1.accept(ReferencePipeline.java:197)
at java.base/java.util.Spliterators$ArraySpliterator.forEachRemaining(Spliterators.java:1024)
at java.base/java.util.stream.AbstractPipeline.copyInto(AbstractPipeline.java:509)
at java.base/java.util.stream.AbstractPipeline.wrapAndCopyInto(AbstractPipeline.java:499)
at java.base/java.util.stream.ReduceOps$ReduceOp.evaluateSequential(ReduceOps.java:921)
at java.base/java.util.stream.AbstractPipeline.evaluate(AbstractPipeline.java:234)
at java.base/java.util.stream.ReferencePipeline.collect(ReferencePipeline.java:682)
at org.openqa.selenium.remote.RemoteWebDriver.executeScript(RemoteWebDriver.java:474)
at pages.LMSAddonPage.elementclickJs(LMSAddonPage.java:67)
at stepDefinitions.ClassStepAddon.admin_clicks_on_delete_icon_for_selected_class_entry(ClassStepAddon.java:55)
at ✽.Admin clicks on delete icon for selected class entry(file:///C:/Users/madhu/OneDrive/Desktop/SDET/LMS_ActionSquad/src/test/resources/Feature%20files/11_ClassAdditional.feature:43)
]]>
    </error>
  </testcase> <!-- runScenario -->
  <testcase classname="testRunner.TestRunner" name="runScenario" time="8.529"/>
  <testcase classname="testRunner.TestRunner" name="runScenario" time="13.998"/>
  <testcase classname="testRunner.TestRunner" name="runScenario" time="3.144"/>
  <testcase classname="testRunner.TestRunner" name="runScenario" time="3.438"/>
  <testcase classname="testRunner.TestRunner" name="runScenario" time="4.559"/>
  <testcase classname="testRunner.TestRunner" name="runScenario" time="9.176"/>
  <testcase classname="testRunner.TestRunner" name="runScenario" time="4.350"/>
  <testcase classname="testRunner.TestRunner" name="runScenario" time="3.622">
    <failure message="expected [false] but found [true]" type="java.lang.AssertionError">
      <![CDATA[java.lang.AssertionError: expected [false] but found [true]
at org.testng.Assert.fail(Assert.java:111)
at org.testng.Assert.failNotEquals(Assert.java:1578)
at org.testng.Assert.assertFalse(Assert.java:79)
at org.testng.Assert.assertFalse(Assert.java:89)
at stepDefinitions.LoginStep.admin_should_see_lms_learning_management_system(LoginStep.java:72)
at ✽.Admin should see LMS - Learning Management System(file:///C:/Users/madhu/OneDrive/Desktop/SDET/LMS_ActionSquad/src/test/resources/Feature%20files/01_Login.feature:28)
]]>
    </failure>
  </testcase> <!-- runScenario -->
  <testcase classname="testRunner.TestRunner" name="runScenario" time="5.988">
    <failure message="expected [0] but found [410]" type="java.lang.AssertionError">
      <![CDATA[java.lang.AssertionError: expected [0] but found [410]
at org.testng.Assert.fail(Assert.java:111)
at org.testng.Assert.failNotEquals(Assert.java:1578)
at org.testng.Assert.assertEqualsImpl(Assert.java:150)
at org.testng.Assert.assertEquals(Assert.java:132)
at org.testng.Assert.assertEquals(Assert.java:656)
at org.testng.Assert.assertEquals(Assert.java:666)
at stepDefinitions.DashboardStepAddon.admin_should_see_exact_total_count_of_active_and_inactive_program(DashboardStepAddon.java:180)
at ✽.Admin should see exact total count of active and inactive program(file:///C:/Users/madhu/OneDrive/Desktop/SDET/LMS_ActionSquad/src/test/resources/Feature%20files/08_DashboardAdditional.feature:89)
]]>
    </failure>
  </testcase> <!-- runScenario -->
  <testcase classname="testRunner.TestRunner" name="runScenario" time="3.969"/>
  <testcase classname="testRunner.TestRunner" name="runScenario" time="7.841"/>
  <testcase classname="testRunner.TestRunner" name="runScenario" time="7.883"/>
  <testcase classname="testRunner.TestRunner" name="runScenario" time="4.857"/>
  <testcase classname="testRunner.TestRunner" name="runScenario" time="5.496"/>
  <testcase classname="testRunner.TestRunner" name="runScenario" time="7.137">
    <failure message="expected [This field should start with an alphabet, no special char and min 2 char.] but found []" type="java.lang.AssertionError">
      <![CDATA[java.lang.AssertionError: expected [This field should start with an alphabet, no special char and min 2 char.] but found []
at org.testng.Assert.fail(Assert.java:111)
at org.testng.Assert.failNotEquals(Assert.java:1578)
at org.testng.Assert.assertEqualsImpl(Assert.java:150)
at org.testng.Assert.assertEquals(Assert.java:132)
at org.testng.Assert.assertEquals(Assert.java:656)
at org.testng.Assert.assertEquals(Assert.java:666)
at stepDefinitions.ProgramStepAddon.admin_receives_invalid_error_message(ProgramStepAddon.java:170)
at ✽.Admin receives "NameStarts-SpcChar" invalid error message(file:///C:/Users/madhu/OneDrive/Desktop/SDET/LMS_ActionSquad/src/test/resources/Feature%20files/09_ProgramAdditional.feature:72)
]]>
    </failure>
  </testcase> <!-- runScenario -->
  <testcase classname="testRunner.TestRunner" name="runScenario" time="18.495">
    <failure message="expected [false] but found [true]" type="java.lang.AssertionError">
      <![CDATA[java.lang.AssertionError: expected [false] but found [true]
at org.testng.Assert.fail(Assert.java:111)
at org.testng.Assert.failNotEquals(Assert.java:1578)
at org.testng.Assert.assertFalse(Assert.java:79)
at org.testng.Assert.assertFalse(Assert.java:89)
at stepDefinitions.ProgramStepAddon.admin_receives_edit_mandatory_error_message(ProgramStepAddon.java:204)
at ✽.Admin receives "Name" edit mandatory error message(file:///C:/Users/madhu/OneDrive/Desktop/SDET/LMS_ActionSquad/src/test/resources/Feature%20files/09_ProgramAdditional.feature:61)
]]>
    </failure>
  </testcase> <!-- runScenario -->
  <testcase classname="testRunner.TestRunner" name="runScenario" time="7.739"/>
  <testcase classname="testRunner.TestRunner" name="runScenario" time="8.568"/>
  <testcase classname="testRunner.TestRunner" name="runScenario" time="7.064"/>
  <testcase classname="testRunner.TestRunner" name="runScenario" time="7.320"/>
  <testcase classname="testRunner.TestRunner" name="runScenario" time="6.331"/>
  <testcase classname="testRunner.TestRunner" name="runScenario" time="3.528"/>
  <testcase classname="testRunner.TestRunner" name="runScenario" time="3.939"/>
  <testcase classname="testRunner.TestRunner" name="runScenario" time="5.576"/>
  <testcase classname="testRunner.TestRunner" name="runScenario" time="9.408">
    <failure message="expected [true] but found [false]" type="java.lang.AssertionError">
      <![CDATA[java.lang.AssertionError: expected [true] but found [false]
at org.testng.Assert.fail(Assert.java:111)
at org.testng.Assert.failNotEquals(Assert.java:1578)
at org.testng.Assert.assertTrue(Assert.java:57)
at org.testng.Assert.assertTrue(Assert.java:67)
at stepDefinitions.ProgramStepAddon.admin_should_see_warning_sign_in_confirmation_window(ProgramStepAddon.java:216)
at ✽.Admin should see warning sign in confirmation window(file:///C:/Users/madhu/OneDrive/Desktop/SDET/LMS_ActionSquad/src/test/resources/Feature%20files/10_BatchAdditional.feature:43)
]]>
    </failure>
  </testcase> <!-- runScenario -->
  <testcase classname="testRunner.TestRunner" name="runScenario" time="18.271">
    <error message="Unable to locate element: //tbody/tr[1]//button[@icon=&#039;pi pi-trash&#039;]
For documentation on this error, please visit: https://www.selenium.dev/documentation/webdriver/troubleshooting/errors#no-such-element-exception
Build info: version: &#039;4.27.0&#039;, revision: &#039;d6e718d134&#039;
System info: os.name: &#039;Windows 11&#039;, os.arch: &#039;amd64&#039;, os.version: &#039;10.0&#039;, java.version: &#039;21.0.5&#039;
Driver info: org.openqa.selenium.firefox.FirefoxDriver
Command: [0e83e4b5-1bec-4f23-8891-a25735aaafa4, findElement {using=xpath, value=//tbody/tr[1]//button[@icon=&#039;pi pi-trash&#039;]}]
Capabilities {acceptInsecureCerts: true, browserName: firefox, browserVersion: 135.0.1, moz:accessibilityChecks: false, moz:buildID: 20250216192613, moz:debuggerAddress: 127.0.0.1:28078, moz:geckodriverVersion: 0.35.0, moz:headless: false, moz:platformVersion: 10.0, moz:processID: 143648, moz:profile: C:\Users\madhu\AppData\Loca..., moz:shutdownTimeout: 60000, moz:webdriverClick: true, moz:windowless: false, pageLoadStrategy: normal, platformName: windows, proxy: Proxy(), se:cdp: ws://127.0.0.1:28078/devtoo..., se:cdpVersion: 85.0, setWindowRect: true, strictFileInteractability: false, timeouts: {implicit: 0, pageLoad: 300000, script: 30000}, unhandledPromptBehavior: dismiss and notify, userAgent: Mozilla/5.0 (Windows NT 10....}
Session ID: 0e83e4b5-1bec-4f23-8891-a25735aaafa4" type="org.openqa.selenium.NoSuchElementException">
      <![CDATA[org.openqa.selenium.NoSuchElementException: Unable to locate element: //tbody/tr[1]//button[@icon='pi pi-trash']
For documentation on this error, please visit: https://www.selenium.dev/documentation/webdriver/troubleshooting/errors#no-such-element-exception
Build info: version: '4.27.0', revision: 'd6e718d134'
System info: os.name: 'Windows 11', os.arch: 'amd64', os.version: '10.0', java.version: '21.0.5'
Driver info: org.openqa.selenium.firefox.FirefoxDriver
Command: [0e83e4b5-1bec-4f23-8891-a25735aaafa4, findElement {using=xpath, value=//tbody/tr[1]//button[@icon='pi pi-trash']}]
Capabilities {acceptInsecureCerts: true, browserName: firefox, browserVersion: 135.0.1, moz:accessibilityChecks: false, moz:buildID: 20250216192613, moz:debuggerAddress: 127.0.0.1:28078, moz:geckodriverVersion: 0.35.0, moz:headless: false, moz:platformVersion: 10.0, moz:processID: 143648, moz:profile: C:\Users\madhu\AppData\Loca..., moz:shutdownTimeout: 60000, moz:webdriverClick: true, moz:windowless: false, pageLoadStrategy: normal, platformName: windows, proxy: Proxy(), se:cdp: ws://127.0.0.1:28078/devtoo..., se:cdpVersion: 85.0, setWindowRect: true, strictFileInteractability: false, timeouts: {implicit: 0, pageLoad: 300000, script: 30000}, unhandledPromptBehavior: dismiss and notify, userAgent: Mozilla/5.0 (Windows NT 10....}
Session ID: 0e83e4b5-1bec-4f23-8891-a25735aaafa4
at java.base/jdk.internal.reflect.DirectConstructorHandleAccessor.newInstance(DirectConstructorHandleAccessor.java:62)
at java.base/java.lang.reflect.Constructor.newInstanceWithCaller(Constructor.java:502)
at java.base/java.lang.reflect.Constructor.newInstance(Constructor.java:486)
at org.openqa.selenium.remote.ErrorCodec.decode(ErrorCodec.java:167)
at org.openqa.selenium.remote.codec.w3c.W3CHttpResponseCodec.decode(W3CHttpResponseCodec.java:138)
at org.openqa.selenium.remote.codec.w3c.W3CHttpResponseCodec.decode(W3CHttpResponseCodec.java:50)
at org.openqa.selenium.remote.HttpCommandExecutor.execute(HttpCommandExecutor.java:190)
at org.openqa.selenium.remote.service.DriverCommandExecutor.invokeExecute(DriverCommandExecutor.java:216)
at org.openqa.selenium.remote.service.DriverCommandExecutor.execute(DriverCommandExecutor.java:174)
at org.openqa.selenium.remote.RemoteWebDriver.execute(RemoteWebDriver.java:545)
at org.openqa.selenium.remote.ElementLocation$ElementFinder$2.findElement(ElementLocation.java:165)
at org.openqa.selenium.remote.ElementLocation.findElement(ElementLocation.java:59)
at org.openqa.selenium.remote.RemoteWebDriver.findElement(RemoteWebDriver.java:368)
at org.openqa.selenium.remote.RemoteWebDriver.findElement(RemoteWebDriver.java:362)
at org.openqa.selenium.support.pagefactory.DefaultElementLocator.findElement(DefaultElementLocator.java:68)
at org.openqa.selenium.support.pagefactory.internal.LocatingElementHandler.invoke(LocatingElementHandler.java:38)
at jdk.proxy2/jdk.proxy2.$Proxy48.getWrappedElement(Unknown Source)
at org.openqa.selenium.remote.WebElementToJsonConverter.apply(WebElementToJsonConverter.java:48)
at java.base/java.util.stream.ReferencePipeline$3$1.accept(ReferencePipeline.java:197)
at java.base/java.util.Spliterators$ArraySpliterator.forEachRemaining(Spliterators.java:1024)
at java.base/java.util.stream.AbstractPipeline.copyInto(AbstractPipeline.java:509)
at java.base/java.util.stream.AbstractPipeline.wrapAndCopyInto(AbstractPipeline.java:499)
at java.base/java.util.stream.ReduceOps$ReduceOp.evaluateSequential(ReduceOps.java:921)
at java.base/java.util.stream.AbstractPipeline.evaluate(AbstractPipeline.java:234)
at java.base/java.util.stream.ReferencePipeline.collect(ReferencePipeline.java:682)
at org.openqa.selenium.remote.RemoteWebDriver.executeScript(RemoteWebDriver.java:474)
at pages.LMSAddonPage.elementclickJs(LMSAddonPage.java:67)
at stepDefinitions.ClassStepAddon.admin_clicks_on_delete_icon_for_selected_class_entry(ClassStepAddon.java:55)
at ✽.Admin clicks on delete icon for selected class entry(file:///C:/Users/madhu/OneDrive/Desktop/SDET/LMS_ActionSquad/src/test/resources/Feature%20files/11_ClassAdditional.feature:43)
]]>
    </error>
  </testcase> <!-- runScenario -->
  <testcase classname="testRunner.TestRunner" name="runScenario" time="3.904"/>
  <testcase classname="testRunner.TestRunner" name="runScenario" time="3.541"/>
  <testcase classname="testRunner.TestRunner" name="runScenario" time="5.566"/>
  <testcase classname="testRunner.TestRunner" name="runScenario" time="6.691"/>
  <testcase classname="testRunner.TestRunner" name="runScenario" time="4.846"/>
  <testcase classname="testRunner.TestRunner" name="runScenario" time="37.041">
    <error message="no such element: Unable to locate element: {&quot;method&quot;:&quot;xpath&quot;,&quot;selector&quot;:&quot;//tbody/tr[1]//button[@icon=&#039;pi pi-trash&#039;]&quot;}
  (Session info: chrome=133.0.6943.127)
For documentation on this error, please visit: https://www.selenium.dev/documentation/webdriver/troubleshooting/errors#no-such-element-exception
Build info: version: &#039;4.27.0&#039;, revision: &#039;d6e718d134&#039;
System info: os.name: &#039;Windows 11&#039;, os.arch: &#039;amd64&#039;, os.version: &#039;10.0&#039;, java.version: &#039;21.0.5&#039;
Driver info: org.openqa.selenium.chrome.ChromeDriver
Command: [3647128c804465670e67e7617f6a12a7, findElement {using=xpath, value=//tbody/tr[1]//button[@icon=&#039;pi pi-trash&#039;]}]
Capabilities {acceptInsecureCerts: false, browserName: chrome, browserVersion: 133.0.6943.127, chrome: {chromedriverVersion: 133.0.6943.126 (cffa127ce7b..., userDataDir: C:\Users\madhu\AppData\Loca...}, fedcm:accounts: true, goog:chromeOptions: {debuggerAddress: localhost:52350}, networkConnectionEnabled: false, pageLoadStrategy: normal, platformName: windows, proxy: Proxy(), se:cdp: ws://localhost:52350/devtoo..., se:cdpVersion: 133.0.6943.127, setWindowRect: true, strictFileInteractability: false, timeouts: {implicit: 0, pageLoad: 300000, script: 30000}, unhandledPromptBehavior: dismiss and notify, webauthn:extension:credBlob: true, webauthn:extension:largeBlob: true, webauthn:extension:minPinLength: true, webauthn:extension:prf: true, webauthn:virtualAuthenticators: true}
Session ID: 3647128c804465670e67e7617f6a12a7" type="org.openqa.selenium.NoSuchElementException">
      <![CDATA[org.openqa.selenium.NoSuchElementException: no such element: Unable to locate element: {"method":"xpath","selector":"//tbody/tr[1]//button[@icon='pi pi-trash']"}
  (Session info: chrome=133.0.6943.127)
For documentation on this error, please visit: https://www.selenium.dev/documentation/webdriver/troubleshooting/errors#no-such-element-exception
Build info: version: '4.27.0', revision: 'd6e718d134'
System info: os.name: 'Windows 11', os.arch: 'amd64', os.version: '10.0', java.version: '21.0.5'
Driver info: org.openqa.selenium.chrome.ChromeDriver
Command: [3647128c804465670e67e7617f6a12a7, findElement {using=xpath, value=//tbody/tr[1]//button[@icon='pi pi-trash']}]
Capabilities {acceptInsecureCerts: false, browserName: chrome, browserVersion: 133.0.6943.127, chrome: {chromedriverVersion: 133.0.6943.126 (cffa127ce7b..., userDataDir: C:\Users\madhu\AppData\Loca...}, fedcm:accounts: true, goog:chromeOptions: {debuggerAddress: localhost:52350}, networkConnectionEnabled: false, pageLoadStrategy: normal, platformName: windows, proxy: Proxy(), se:cdp: ws://localhost:52350/devtoo..., se:cdpVersion: 133.0.6943.127, setWindowRect: true, strictFileInteractability: false, timeouts: {implicit: 0, pageLoad: 300000, script: 30000}, unhandledPromptBehavior: dismiss and notify, webauthn:extension:credBlob: true, webauthn:extension:largeBlob: true, webauthn:extension:minPinLength: true, webauthn:extension:prf: true, webauthn:virtualAuthenticators: true}
Session ID: 3647128c804465670e67e7617f6a12a7
at java.base/jdk.internal.reflect.DirectConstructorHandleAccessor.newInstance(DirectConstructorHandleAccessor.java:62)
at java.base/java.lang.reflect.Constructor.newInstanceWithCaller(Constructor.java:502)
at java.base/java.lang.reflect.Constructor.newInstance(Constructor.java:486)
at org.openqa.selenium.remote.ErrorCodec.decode(ErrorCodec.java:167)
at org.openqa.selenium.remote.codec.w3c.W3CHttpResponseCodec.decode(W3CHttpResponseCodec.java:138)
at org.openqa.selenium.remote.codec.w3c.W3CHttpResponseCodec.decode(W3CHttpResponseCodec.java:50)
at org.openqa.selenium.remote.HttpCommandExecutor.execute(HttpCommandExecutor.java:190)
at org.openqa.selenium.remote.service.DriverCommandExecutor.invokeExecute(DriverCommandExecutor.java:216)
at org.openqa.selenium.remote.service.DriverCommandExecutor.execute(DriverCommandExecutor.java:174)
at org.openqa.selenium.remote.RemoteWebDriver.execute(RemoteWebDriver.java:545)
at org.openqa.selenium.remote.ElementLocation$ElementFinder$2.findElement(ElementLocation.java:165)
at org.openqa.selenium.remote.ElementLocation.findElement(ElementLocation.java:59)
at org.openqa.selenium.remote.RemoteWebDriver.findElement(RemoteWebDriver.java:368)
at org.openqa.selenium.remote.RemoteWebDriver.findElement(RemoteWebDriver.java:362)
at org.openqa.selenium.support.pagefactory.DefaultElementLocator.findElement(DefaultElementLocator.java:68)
at org.openqa.selenium.support.pagefactory.internal.LocatingElementHandler.invoke(LocatingElementHandler.java:38)
at jdk.proxy2/jdk.proxy2.$Proxy48.getWrappedElement(Unknown Source)
at org.openqa.selenium.remote.WebElementToJsonConverter.apply(WebElementToJsonConverter.java:48)
at java.base/java.util.stream.ReferencePipeline$3$1.accept(ReferencePipeline.java:197)
at java.base/java.util.Spliterators$ArraySpliterator.forEachRemaining(Spliterators.java:1024)
at java.base/java.util.stream.AbstractPipeline.copyInto(AbstractPipeline.java:509)
at java.base/java.util.stream.AbstractPipeline.wrapAndCopyInto(AbstractPipeline.java:499)
at java.base/java.util.stream.ReduceOps$ReduceOp.evaluateSequential(ReduceOps.java:921)
at java.base/java.util.stream.AbstractPipeline.evaluate(AbstractPipeline.java:234)
at java.base/java.util.stream.ReferencePipeline.collect(ReferencePipeline.java:682)
at org.openqa.selenium.remote.RemoteWebDriver.executeScript(RemoteWebDriver.java:474)
at pages.LMSAddonPage.elementclickJs(LMSAddonPage.java:67)
at stepDefinitions.ProgramStepAddon.admin_clicks_on_delete_icon(ProgramStepAddon.java:209)
at ✽.Admin clicks on "Delete" delete icon(file:///C:/Users/madhu/OneDrive/Desktop/SDET/LMS_ActionSquad/src/test/resources/Feature%20files/11_ClassAdditional.feature:32)
]]>
    </error>
  </testcase> <!-- runScenario -->
  <testcase classname="testRunner.TestRunner" name="runScenario" time="5.404">
    <failure message="expected [true] but found [false]" type="java.lang.AssertionError">
      <![CDATA[java.lang.AssertionError: expected [true] but found [false]
at org.testng.Assert.fail(Assert.java:111)
at org.testng.Assert.failNotEquals(Assert.java:1578)
at org.testng.Assert.assertTrue(Assert.java:57)
at org.testng.Assert.assertTrue(Assert.java:67)
at stepDefinitions.BatchStep.admin_should_get_a_successful_message_for_editing_the_batch(BatchStep.java:341)
at ✽.Admin should get a successful message for editing the batch(file:///C:/Users/madhu/OneDrive/Desktop/SDET/LMS_ActionSquad/src/test/resources/Feature%20files/04_Batch.feature:120)
]]>
    </failure>
  </testcase> <!-- runScenario -->
  <testcase classname="testRunner.TestRunner" name="runScenario" time="5.035"/>
  <testcase classname="testRunner.TestRunner" name="runScenario" time="6.585"/>
  <testcase classname="testRunner.TestRunner" name="runScenario" time="4.925"/>
  <testcase classname="testRunner.TestRunner" name="runScenario" time="7.093"/>
  <testcase classname="testRunner.TestRunner" name="runScenario" time="4.775"/>
  <testcase classname="testRunner.TestRunner" name="runScenario" time="4.101"/>
  <testcase classname="testRunner.TestRunner" name="runScenario" time="13.693"/>
  <testcase classname="testRunner.TestRunner" name="runScenario" time="16.179">
    <failure message="expected [false] but found [true]" type="java.lang.AssertionError">
      <![CDATA[java.lang.AssertionError: expected [false] but found [true]
at org.testng.Assert.fail(Assert.java:111)
at org.testng.Assert.failNotEquals(Assert.java:1578)
at org.testng.Assert.assertFalse(Assert.java:79)
at org.testng.Assert.assertFalse(Assert.java:89)
at stepDefinitions.LoginStepAddon.admin_receives_mandatory_fields_error_message(LoginStepAddon.java:42)
at ✽.Admin receives mandatory fields error message(file:///C:/Users/madhu/OneDrive/Desktop/SDET/LMS_ActionSquad/src/test/resources/Feature%20files/07_LoginAdditional.feature:8)
]]>
    </failure>
  </testcase> <!-- runScenario -->
  <testcase classname="testRunner.TestRunner" name="runScenario" time="28.865">
    <failure message="expected [false] but found [true]" type="java.lang.AssertionError">
      <![CDATA[java.lang.AssertionError: expected [false] but found [true]
at org.testng.Assert.fail(Assert.java:111)
at org.testng.Assert.failNotEquals(Assert.java:1578)
at org.testng.Assert.assertFalse(Assert.java:79)
at org.testng.Assert.assertFalse(Assert.java:89)
at stepDefinitions.ProgramStepAddon.admin_receives_edit_mandatory_error_message(ProgramStepAddon.java:204)
at ✽.Admin receives "Name" edit mandatory error message(file:///C:/Users/madhu/OneDrive/Desktop/SDET/LMS_ActionSquad/src/test/resources/Feature%20files/09_ProgramAdditional.feature:61)
]]>
    </failure>
  </testcase> <!-- runScenario -->
  <testcase classname="testRunner.TestRunner" name="runScenario" time="4.194"/>
  <testcase classname="testRunner.TestRunner" name="runScenario" time="8.897"/>
  <testcase classname="testRunner.TestRunner" name="runScenario" time="3.690"/>
  <testcase classname="testRunner.TestRunner" name="runScenario" time="3.103"/>
  <testcase classname="testRunner.TestRunner" name="runScenario" time="6.633"/>
  <testcase classname="testRunner.TestRunner" name="runScenario" time="4.691"/>
  <testcase classname="testRunner.TestRunner" name="runScenario" time="7.104"/>
  <testcase classname="testRunner.TestRunner" name="runScenario" time="9.273"/>
  <testcase classname="testRunner.TestRunner" name="runScenario" time="3.810"/>
  <testcase classname="testRunner.TestRunner" name="runScenario" time="9.437">
    <failure message="expected [Status is required.] but found [Description is required.]" type="java.lang.AssertionError">
      <![CDATA[java.lang.AssertionError: expected [Status is required.] but found [Description is required.]
at org.testng.Assert.fail(Assert.java:111)
at org.testng.Assert.failNotEquals(Assert.java:1578)
at org.testng.Assert.assertEqualsImpl(Assert.java:150)
at org.testng.Assert.assertEquals(Assert.java:132)
at org.testng.Assert.assertEquals(Assert.java:656)
at org.testng.Assert.assertEquals(Assert.java:666)
at stepDefinitions.ProgramStepAddon.admin_receives_mandatory_error_message(ProgramStepAddon.java:128)
at ✽.Admin receives "Status" mandatory error message(file:///C:/Users/madhu/OneDrive/Desktop/SDET/LMS_ActionSquad/src/test/resources/Feature%20files/09_ProgramAdditional.feature:35)
]]>
    </failure>
  </testcase> <!-- runScenario -->
  <testcase classname="testRunner.TestRunner" name="runScenario" time="4.014"/>
  <testcase classname="testRunner.TestRunner" name="runScenario" time="4.134"/>
  <testcase classname="testRunner.TestRunner" name="runScenario" time="8.543">
    <failure message="expected [This field should start with an alphabet, no special char and min 2 char.] but found []" type="java.lang.AssertionError">
      <![CDATA[java.lang.AssertionError: expected [This field should start with an alphabet, no special char and min 2 char.] but found []
at org.testng.Assert.fail(Assert.java:111)
at org.testng.Assert.failNotEquals(Assert.java:1578)
at org.testng.Assert.assertEqualsImpl(Assert.java:150)
at org.testng.Assert.assertEquals(Assert.java:132)
at org.testng.Assert.assertEquals(Assert.java:656)
at org.testng.Assert.assertEquals(Assert.java:666)
at stepDefinitions.ProgramStepAddon.admin_receives_invalid_error_message(ProgramStepAddon.java:176)
at ✽.Admin receives "NamelessChar" invalid error message(file:///C:/Users/madhu/OneDrive/Desktop/SDET/LMS_ActionSquad/src/test/resources/Feature%20files/09_ProgramAdditional.feature:72)
]]>
    </failure>
  </testcase> <!-- runScenario -->
  <testcase classname="testRunner.TestRunner" name="runScenario" time="5.074"/>
  <testcase classname="testRunner.TestRunner" name="runScenario" time="19.253"/>
  <testcase classname="testRunner.TestRunner" name="runScenario" time="8.916"/>
  <testcase classname="testRunner.TestRunner" name="runScenario" time="4.823"/>
  <testcase classname="testRunner.TestRunner" name="runScenario" time="7.993">
    <error message="Element &lt;button class=&quot;mat-focus-indicator mat-menu-item ng-tns-c230-6 cdk-focused cdk-mouse-focused&quot;&gt; is not clickable at point (1373,81) because another element &lt;div id=&quot;cdk-overlay-1&quot; class=&quot;cdk-overlay-pane&quot;&gt; obscures it
Build info: version: &#039;4.27.0&#039;, revision: &#039;d6e718d134&#039;
System info: os.name: &#039;Windows 11&#039;, os.arch: &#039;amd64&#039;, os.version: &#039;10.0&#039;, java.version: &#039;21.0.5&#039;
Driver info: org.openqa.selenium.firefox.FirefoxDriver
Command: [1d5bab1b-168a-43d7-8220-43976660375b, clickElement {id=afea5e79-d78d-4132-a68f-d23ab7e02768}]
Capabilities {acceptInsecureCerts: true, browserName: firefox, browserVersion: 135.0.1, moz:accessibilityChecks: false, moz:buildID: 20250216192613, moz:debuggerAddress: 127.0.0.1:27180, moz:geckodriverVersion: 0.35.0, moz:headless: false, moz:platformVersion: 10.0, moz:processID: 205072, moz:profile: C:\Users\madhu\AppData\Loca..., moz:shutdownTimeout: 60000, moz:webdriverClick: true, moz:windowless: false, pageLoadStrategy: normal, platformName: windows, proxy: Proxy(), se:cdp: ws://127.0.0.1:27180/devtoo..., se:cdpVersion: 85.0, setWindowRect: true, strictFileInteractability: false, timeouts: {implicit: 0, pageLoad: 300000, script: 30000}, unhandledPromptBehavior: dismiss and notify, userAgent: Mozilla/5.0 (Windows NT 10....}
Element: [[FirefoxDriver: firefox on windows (1d5bab1b-168a-43d7-8220-43976660375b)] -&gt; xpath: //button[@role=&#039;menuitem&#039;]]
Session ID: 1d5bab1b-168a-43d7-8220-43976660375b" type="org.openqa.selenium.ElementClickInterceptedException">
      <![CDATA[org.openqa.selenium.ElementClickInterceptedException: Element <button class="mat-focus-indicator mat-menu-item ng-tns-c230-6 cdk-focused cdk-mouse-focused"> is not clickable at point (1373,81) because another element <div id="cdk-overlay-1" class="cdk-overlay-pane"> obscures it
Build info: version: '4.27.0', revision: 'd6e718d134'
System info: os.name: 'Windows 11', os.arch: 'amd64', os.version: '10.0', java.version: '21.0.5'
Driver info: org.openqa.selenium.firefox.FirefoxDriver
Command: [1d5bab1b-168a-43d7-8220-43976660375b, clickElement {id=afea5e79-d78d-4132-a68f-d23ab7e02768}]
Capabilities {acceptInsecureCerts: true, browserName: firefox, browserVersion: 135.0.1, moz:accessibilityChecks: false, moz:buildID: 20250216192613, moz:debuggerAddress: 127.0.0.1:27180, moz:geckodriverVersion: 0.35.0, moz:headless: false, moz:platformVersion: 10.0, moz:processID: 205072, moz:profile: C:\Users\madhu\AppData\Loca..., moz:shutdownTimeout: 60000, moz:webdriverClick: true, moz:windowless: false, pageLoadStrategy: normal, platformName: windows, proxy: Proxy(), se:cdp: ws://127.0.0.1:27180/devtoo..., se:cdpVersion: 85.0, setWindowRect: true, strictFileInteractability: false, timeouts: {implicit: 0, pageLoad: 300000, script: 30000}, unhandledPromptBehavior: dismiss and notify, userAgent: Mozilla/5.0 (Windows NT 10....}
Element: [[FirefoxDriver: firefox on windows (1d5bab1b-168a-43d7-8220-43976660375b)] -> xpath: //button[@role='menuitem']]
Session ID: 1d5bab1b-168a-43d7-8220-43976660375b
at java.base/jdk.internal.reflect.DirectConstructorHandleAccessor.newInstance(DirectConstructorHandleAccessor.java:62)
at java.base/java.lang.reflect.Constructor.newInstanceWithCaller(Constructor.java:502)
at java.base/java.lang.reflect.Constructor.newInstance(Constructor.java:486)
at org.openqa.selenium.remote.ErrorCodec.decode(ErrorCodec.java:167)
at org.openqa.selenium.remote.codec.w3c.W3CHttpResponseCodec.decode(W3CHttpResponseCodec.java:138)
at org.openqa.selenium.remote.codec.w3c.W3CHttpResponseCodec.decode(W3CHttpResponseCodec.java:50)
at org.openqa.selenium.remote.HttpCommandExecutor.execute(HttpCommandExecutor.java:190)
at org.openqa.selenium.remote.service.DriverCommandExecutor.invokeExecute(DriverCommandExecutor.java:216)
at org.openqa.selenium.remote.service.DriverCommandExecutor.execute(DriverCommandExecutor.java:174)
at org.openqa.selenium.remote.RemoteWebDriver.execute(RemoteWebDriver.java:545)
at org.openqa.selenium.remote.RemoteWebElement.execute(RemoteWebElement.java:223)
at org.openqa.selenium.remote.RemoteWebElement.click(RemoteWebElement.java:76)
at java.base/jdk.internal.reflect.DirectMethodHandleAccessor.invoke(DirectMethodHandleAccessor.java:103)
at java.base/java.lang.reflect.Method.invoke(Method.java:580)
at org.openqa.selenium.support.pagefactory.internal.LocatingElementHandler.invoke(LocatingElementHandler.java:51)
at jdk.proxy2/jdk.proxy2.$Proxy48.click(Unknown Source)
at pages.Batch_Page.clickAddNewBatchButton(Batch_Page.java:406)
at stepDefinitions.BatchStep.admin_is_on_the_batch_details_pop_up_window(BatchStep.java:166)
at ✽.Admin is on the Batch Details Pop Up Window(file:///C:/Users/madhu/OneDrive/Desktop/SDET/LMS_ActionSquad/src/test/resources/Feature%20files/04_Batch.feature:82)
]]>
    </error>
  </testcase> <!-- runScenario -->
  <testcase classname="testRunner.TestRunner" name="runScenario" time="4.839"/>
  <testcase classname="testRunner.TestRunner" name="runScenario" time="7.073"/>
  <testcase classname="testRunner.TestRunner" name="runScenario" time="14.794">
    <error message="Index 7 out of bounds for length 1" type="java.lang.ArrayIndexOutOfBoundsException">
      <![CDATA[java.lang.ArrayIndexOutOfBoundsException: Index 7 out of bounds for length 1
at stepDefinitions.BatchStepAddon.admin_should_see_batch_name_in_the_confirmation_window(BatchStepAddon.java:114)
at ✽.Admin should see batch name in the confirmation window(file:///C:/Users/madhu/OneDrive/Desktop/SDET/LMS_ActionSquad/src/test/resources/Feature%20files/10_BatchAdditional.feature:55)
]]>
    </error>
  </testcase> <!-- runScenario -->
  <testcase classname="testRunner.TestRunner" name="runScenario" time="6.132"/>
  <testcase classname="testRunner.TestRunner" name="runScenario" time="6.112"/>
  <testcase classname="testRunner.TestRunner" name="runScenario" time="6.489"/>
  <testcase classname="testRunner.TestRunner" name="runScenario" time="3.892">
    <failure message="expected [false] but found [true]" type="java.lang.AssertionError">
      <![CDATA[java.lang.AssertionError: expected [false] but found [true]
at org.testng.Assert.fail(Assert.java:111)
at org.testng.Assert.failNotEquals(Assert.java:1578)
at org.testng.Assert.assertFalse(Assert.java:79)
at org.testng.Assert.assertFalse(Assert.java:89)
at stepDefinitions.LoginStepAddon.admin_should_not_be_navigated_to_lms_portal(LoginStepAddon.java:79)
at ✽.Admin should not be navigated to LMS portal(file:///C:/Users/madhu/OneDrive/Desktop/SDET/LMS_ActionSquad/src/test/resources/Feature%20files/07_LoginAdditional.feature:26)
]]>
    </failure>
  </testcase> <!-- runScenario -->
  <testcase classname="testRunner.TestRunner" name="runScenario" time="4.959">
    <failure message="expected [Manage User] but found [Dashboard]" type="java.lang.AssertionError">
      <![CDATA[java.lang.AssertionError: expected [Manage User] but found [Dashboard]
at org.testng.Assert.fail(Assert.java:111)
at org.testng.Assert.failNotEquals(Assert.java:1578)
at org.testng.Assert.assertEqualsImpl(Assert.java:150)
at org.testng.Assert.assertEquals(Assert.java:132)
at org.testng.Assert.assertEquals(Assert.java:656)
at org.testng.Assert.assertEquals(Assert.java:666)
at stepDefinitions.DashboardStepAddon.admin_should_be_in_page(DashboardStepAddon.java:153)
at ✽.Admin should be in "Staff" page(file:///C:/Users/madhu/OneDrive/Desktop/SDET/LMS_ActionSquad/src/test/resources/Feature%20files/08_DashboardAdditional.feature:70)
]]>
    </failure>
  </testcase> <!-- runScenario -->
  <testcase classname="testRunner.TestRunner" name="runScenario" time="8.072"/>
  <testcase classname="testRunner.TestRunner" name="runScenario" time="13.591"/>
  <testcase classname="testRunner.TestRunner" name="runScenario" time="5.198"/>
  <testcase classname="testRunner.TestRunner" name="runScenario" time="4.224"/>
  <testcase classname="testRunner.TestRunner" name="runScenario" time="9.932"/>
  <testcase classname="testRunner.TestRunner" name="runScenario" time="4.559"/>
  <testcase classname="testRunner.TestRunner" name="runScenario" time="6.270"/>
  <testcase classname="testRunner.TestRunner" name="runScenario" time="4.774"/>
  <testcase classname="testRunner.TestRunner" name="runScenario" time="4.497"/>
  <testcase classname="testRunner.TestRunner" name="runScenario" time="8.661">
    <failure message="expected [Micro service-01] but found [Rose6]" type="java.lang.AssertionError">
      <![CDATA[java.lang.AssertionError: expected [Micro service-01] but found [Rose6]
at org.testng.Assert.fail(Assert.java:111)
at org.testng.Assert.failNotEquals(Assert.java:1578)
at org.testng.Assert.assertEqualsImpl(Assert.java:150)
at org.testng.Assert.assertEquals(Assert.java:132)
at org.testng.Assert.assertEquals(Assert.java:656)
at org.testng.Assert.assertEquals(Assert.java:666)
at stepDefinitions.BatchStep.admin_should_see_the_filtered_batches_in_the_data_table_in_batch(BatchStep.java:561)
at ✽.Admin should see the "Rose6","Roseflower","Active" filtered batches in the data table in Batch(file:///C:/Users/madhu/OneDrive/Desktop/SDET/LMS_ActionSquad/src/test/resources/Feature%20files/04_Batch.feature:199)
]]>
    </failure>
  </testcase> <!-- runScenario -->
  <testcase classname="testRunner.TestRunner" name="runScenario" time="4.691"/>
  <testcase classname="testRunner.TestRunner" name="runScenario" time="13.537"/>
  <testcase classname="testRunner.TestRunner" name="runScenario" time="6.699"/>
  <testcase classname="testRunner.TestRunner" name="runScenario" time="6.217"/>
  <testcase classname="testRunner.TestRunner" name="runScenario" time="3.739"/>
  <testcase classname="testRunner.TestRunner" name="runScenario" time="4.644"/>
  <testcase classname="testRunner.TestRunner" name="runScenario" time="3.794"/>
  <testcase classname="testRunner.TestRunner" name="runScenario" time="7.623">
    <failure message="expected [true] but found [false]" type="java.lang.AssertionError">
      <![CDATA[java.lang.AssertionError: expected [true] but found [false]
at org.testng.Assert.fail(Assert.java:111)
at org.testng.Assert.failNotEquals(Assert.java:1578)
at org.testng.Assert.assertTrue(Assert.java:57)
at org.testng.Assert.assertTrue(Assert.java:67)
at stepDefinitions.ProgramStepAddon.admin_should_see_warning_sign_in_confirmation_window(ProgramStepAddon.java:216)
at ✽.Admin should see warning sign in confirmation window(file:///C:/Users/madhu/OneDrive/Desktop/SDET/LMS_ActionSquad/src/test/resources/Feature%20files/09_ProgramAdditional.feature:87)
]]>
    </failure>
  </testcase> <!-- runScenario -->
  <testcase classname="testRunner.TestRunner" name="runScenario" time="4.086"/>
  <testcase classname="testRunner.TestRunner" name="runScenario" time="5.903"/>
  <testcase classname="testRunner.TestRunner" name="runScenario" time="8.603"/>
  <testcase classname="testRunner.TestRunner" name="runScenario" time="13.169"/>
  <testcase classname="testRunner.TestRunner" name="runScenario" time="5.296"/>
  <testcase classname="testRunner.TestRunner" name="runScenario" time="52.637">
    <error message="no such element: Unable to locate element: {&quot;method&quot;:&quot;xpath&quot;,&quot;selector&quot;:&quot;//small&quot;}
  (Session info: MicrosoftEdge=133.0.3065.82)
For documentation on this error, please visit: https://www.selenium.dev/documentation/webdriver/troubleshooting/errors#no-such-element-exception
Build info: version: &#039;4.27.0&#039;, revision: &#039;d6e718d134&#039;
System info: os.name: &#039;Windows 11&#039;, os.arch: &#039;amd64&#039;, os.version: &#039;10.0&#039;, java.version: &#039;21.0.5&#039;
Driver info: org.openqa.selenium.edge.EdgeDriver
Command: [75a80ab75159befb7fdb498fd3de1c41, findElement {using=xpath, value=//small}]
Capabilities {acceptInsecureCerts: false, browserName: MicrosoftEdge, browserVersion: 133.0.3065.82, fedcm:accounts: true, ms:edgeOptions: {debuggerAddress: localhost:62107}, msedge: {msedgedriverVersion: 133.0.3065.82 (e8aeaf3e0117..., userDataDir: C:\Users\madhu\AppData\Loca...}, networkConnectionEnabled: false, pageLoadStrategy: normal, platformName: windows, proxy: Proxy(), se:cdp: ws://localhost:62107/devtoo..., se:cdpVersion: 133.0.3065.82, setWindowRect: true, strictFileInteractability: false, timeouts: {implicit: 0, pageLoad: 300000, script: 30000}, unhandledPromptBehavior: dismiss and notify, webauthn:extension:credBlob: true, webauthn:extension:largeBlob: true, webauthn:extension:minPinLength: true, webauthn:extension:prf: true, webauthn:virtualAuthenticators: true}
Session ID: 75a80ab75159befb7fdb498fd3de1c41" type="org.openqa.selenium.NoSuchElementException">
      <![CDATA[org.openqa.selenium.NoSuchElementException: no such element: Unable to locate element: {"method":"xpath","selector":"//small"}
  (Session info: MicrosoftEdge=133.0.3065.82)
For documentation on this error, please visit: https://www.selenium.dev/documentation/webdriver/troubleshooting/errors#no-such-element-exception
Build info: version: '4.27.0', revision: 'd6e718d134'
System info: os.name: 'Windows 11', os.arch: 'amd64', os.version: '10.0', java.version: '21.0.5'
Driver info: org.openqa.selenium.edge.EdgeDriver
Command: [75a80ab75159befb7fdb498fd3de1c41, findElement {using=xpath, value=//small}]
Capabilities {acceptInsecureCerts: false, browserName: MicrosoftEdge, browserVersion: 133.0.3065.82, fedcm:accounts: true, ms:edgeOptions: {debuggerAddress: localhost:62107}, msedge: {msedgedriverVersion: 133.0.3065.82 (e8aeaf3e0117..., userDataDir: C:\Users\madhu\AppData\Loca...}, networkConnectionEnabled: false, pageLoadStrategy: normal, platformName: windows, proxy: Proxy(), se:cdp: ws://localhost:62107/devtoo..., se:cdpVersion: 133.0.3065.82, setWindowRect: true, strictFileInteractability: false, timeouts: {implicit: 0, pageLoad: 300000, script: 30000}, unhandledPromptBehavior: dismiss and notify, webauthn:extension:credBlob: true, webauthn:extension:largeBlob: true, webauthn:extension:minPinLength: true, webauthn:extension:prf: true, webauthn:virtualAuthenticators: true}
Session ID: 75a80ab75159befb7fdb498fd3de1c41
at java.base/jdk.internal.reflect.DirectConstructorHandleAccessor.newInstance(DirectConstructorHandleAccessor.java:62)
at java.base/java.lang.reflect.Constructor.newInstanceWithCaller(Constructor.java:502)
at java.base/java.lang.reflect.Constructor.newInstance(Constructor.java:486)
at org.openqa.selenium.remote.ErrorCodec.decode(ErrorCodec.java:167)
at org.openqa.selenium.remote.codec.w3c.W3CHttpResponseCodec.decode(W3CHttpResponseCodec.java:138)
at org.openqa.selenium.remote.codec.w3c.W3CHttpResponseCodec.decode(W3CHttpResponseCodec.java:50)
at org.openqa.selenium.remote.HttpCommandExecutor.execute(HttpCommandExecutor.java:190)
at org.openqa.selenium.remote.service.DriverCommandExecutor.invokeExecute(DriverCommandExecutor.java:216)
at org.openqa.selenium.remote.service.DriverCommandExecutor.execute(DriverCommandExecutor.java:174)
at org.openqa.selenium.remote.RemoteWebDriver.execute(RemoteWebDriver.java:545)
at org.openqa.selenium.remote.ElementLocation$ElementFinder$2.findElement(ElementLocation.java:165)
at org.openqa.selenium.remote.ElementLocation.findElement(ElementLocation.java:59)
at org.openqa.selenium.remote.RemoteWebDriver.findElement(RemoteWebDriver.java:368)
at org.openqa.selenium.remote.RemoteWebDriver.findElement(RemoteWebDriver.java:362)
at org.openqa.selenium.support.pagefactory.DefaultElementLocator.findElement(DefaultElementLocator.java:68)
at org.openqa.selenium.support.pagefactory.internal.LocatingElementHandler.invoke(LocatingElementHandler.java:38)
at jdk.proxy2/jdk.proxy2.$Proxy48.getText(Unknown Source)
at pages.BasePage.elementGetText(BasePage.java:30)
at stepDefinitions.BatchStepAddon.admin_receives_invalid_error_messages(BatchStepAddon.java:147)
at ✽.Admin receives "DescSpcChar" invalid error messages(file:///C:/Users/madhu/OneDrive/Desktop/SDET/LMS_ActionSquad/src/test/resources/Feature%20files/10_BatchAdditional.feature:79)
]]>
    </error>
  </testcase> <!-- runScenario -->
  <testcase classname="testRunner.TestRunner" name="runScenario" time="10.233"/>
  <testcase classname="testRunner.TestRunner" name="runScenario" time="18.172"/>
  <testcase classname="testRunner.TestRunner" name="runScenario" time="36.724"/>
  <testcase classname="testRunner.TestRunner" name="runScenario" time="9.344"/>
  <testcase classname="testRunner.TestRunner" name="runScenario" time="6.371"/>
  <testcase classname="testRunner.TestRunner" name="runScenario" time="4.163"/>
  <testcase classname="testRunner.TestRunner" name="runScenario" time="6.926"/>
  <testcase classname="testRunner.TestRunner" name="runScenario" time="5.321"/>
  <testcase classname="testRunner.TestRunner" name="runScenario" time="6.854"/>
  <testcase classname="testRunner.TestRunner" name="runScenario" time="3.566"/>
  <testcase classname="testRunner.TestRunner" name="runScenario" time="15.338"/>
  <testcase classname="testRunner.TestRunner" name="runScenario" time="11.576"/>
  <testcase classname="testRunner.TestRunner" name="runScenario" time="15.132">
    <error message="Element &lt;button class=&quot;mat-focus-indicator mat-menu-item ng-tns-c230-6 cdk-focused cdk-mouse-focused&quot;&gt; is not clickable at point (1366,78) because another element &lt;div id=&quot;cdk-overlay-1&quot; class=&quot;cdk-overlay-pane&quot;&gt; obscures it
Build info: version: &#039;4.27.0&#039;, revision: &#039;d6e718d134&#039;
System info: os.name: &#039;Windows 11&#039;, os.arch: &#039;amd64&#039;, os.version: &#039;10.0&#039;, java.version: &#039;21.0.5&#039;
Driver info: org.openqa.selenium.firefox.FirefoxDriver
Command: [b340c409-40d5-420d-89d0-bfa6fe9cf2b1, clickElement {id=b6f0c5d6-fd12-4ce8-a7e8-e5e17aab55c1}]
Capabilities {acceptInsecureCerts: true, browserName: firefox, browserVersion: 135.0.1, moz:accessibilityChecks: false, moz:buildID: 20250216192613, moz:debuggerAddress: 127.0.0.1:15605, moz:geckodriverVersion: 0.35.0, moz:headless: false, moz:platformVersion: 10.0, moz:processID: 205948, moz:profile: C:\Users\madhu\AppData\Loca..., moz:shutdownTimeout: 60000, moz:webdriverClick: true, moz:windowless: false, pageLoadStrategy: normal, platformName: windows, proxy: Proxy(), se:cdp: ws://127.0.0.1:15605/devtoo..., se:cdpVersion: 85.0, setWindowRect: true, strictFileInteractability: false, timeouts: {implicit: 0, pageLoad: 300000, script: 30000}, unhandledPromptBehavior: dismiss and notify, userAgent: Mozilla/5.0 (Windows NT 10....}
Element: [[FirefoxDriver: firefox on windows (b340c409-40d5-420d-89d0-bfa6fe9cf2b1)] -&gt; xpath: //button[@role=&#039;menuitem&#039;]]
Session ID: b340c409-40d5-420d-89d0-bfa6fe9cf2b1" type="org.openqa.selenium.ElementClickInterceptedException">
      <![CDATA[org.openqa.selenium.ElementClickInterceptedException: Element <button class="mat-focus-indicator mat-menu-item ng-tns-c230-6 cdk-focused cdk-mouse-focused"> is not clickable at point (1366,78) because another element <div id="cdk-overlay-1" class="cdk-overlay-pane"> obscures it
Build info: version: '4.27.0', revision: 'd6e718d134'
System info: os.name: 'Windows 11', os.arch: 'amd64', os.version: '10.0', java.version: '21.0.5'
Driver info: org.openqa.selenium.firefox.FirefoxDriver
Command: [b340c409-40d5-420d-89d0-bfa6fe9cf2b1, clickElement {id=b6f0c5d6-fd12-4ce8-a7e8-e5e17aab55c1}]
Capabilities {acceptInsecureCerts: true, browserName: firefox, browserVersion: 135.0.1, moz:accessibilityChecks: false, moz:buildID: 20250216192613, moz:debuggerAddress: 127.0.0.1:15605, moz:geckodriverVersion: 0.35.0, moz:headless: false, moz:platformVersion: 10.0, moz:processID: 205948, moz:profile: C:\Users\madhu\AppData\Loca..., moz:shutdownTimeout: 60000, moz:webdriverClick: true, moz:windowless: false, pageLoadStrategy: normal, platformName: windows, proxy: Proxy(), se:cdp: ws://127.0.0.1:15605/devtoo..., se:cdpVersion: 85.0, setWindowRect: true, strictFileInteractability: false, timeouts: {implicit: 0, pageLoad: 300000, script: 30000}, unhandledPromptBehavior: dismiss and notify, userAgent: Mozilla/5.0 (Windows NT 10....}
Element: [[FirefoxDriver: firefox on windows (b340c409-40d5-420d-89d0-bfa6fe9cf2b1)] -> xpath: //button[@role='menuitem']]
Session ID: b340c409-40d5-420d-89d0-bfa6fe9cf2b1
at java.base/jdk.internal.reflect.DirectConstructorHandleAccessor.newInstance(DirectConstructorHandleAccessor.java:62)
at java.base/java.lang.reflect.Constructor.newInstanceWithCaller(Constructor.java:502)
at java.base/java.lang.reflect.Constructor.newInstance(Constructor.java:486)
at org.openqa.selenium.remote.ErrorCodec.decode(ErrorCodec.java:167)
at org.openqa.selenium.remote.codec.w3c.W3CHttpResponseCodec.decode(W3CHttpResponseCodec.java:138)
at org.openqa.selenium.remote.codec.w3c.W3CHttpResponseCodec.decode(W3CHttpResponseCodec.java:50)
at org.openqa.selenium.remote.HttpCommandExecutor.execute(HttpCommandExecutor.java:190)
at org.openqa.selenium.remote.service.DriverCommandExecutor.invokeExecute(DriverCommandExecutor.java:216)
at org.openqa.selenium.remote.service.DriverCommandExecutor.execute(DriverCommandExecutor.java:174)
at org.openqa.selenium.remote.RemoteWebDriver.execute(RemoteWebDriver.java:545)
at org.openqa.selenium.remote.RemoteWebElement.execute(RemoteWebElement.java:223)
at org.openqa.selenium.remote.RemoteWebElement.click(RemoteWebElement.java:76)
at java.base/jdk.internal.reflect.DirectMethodHandleAccessor.invoke(DirectMethodHandleAccessor.java:103)
at java.base/java.lang.reflect.Method.invoke(Method.java:580)
at org.openqa.selenium.support.pagefactory.internal.LocatingElementHandler.invoke(LocatingElementHandler.java:51)
at jdk.proxy2/jdk.proxy2.$Proxy48.click(Unknown Source)
at pages.BasePage.elementClick(BasePage.java:35)
at stepDefinitions.BatchStepAddon.the_admin_is_in_add_new_batch_pop_window(BatchStepAddon.java:120)
at ✽.The Admin is in Add New batch pop window(file:///C:/Users/madhu/OneDrive/Desktop/SDET/LMS_ActionSquad/src/test/resources/Feature%20files/10_BatchAdditional.feature:77)
]]>
    </error>
  </testcase> <!-- runScenario -->
  <testcase classname="testRunner.TestRunner" name="runScenario" time="6.271"/>
  <testcase classname="testRunner.TestRunner" name="runScenario" time="3.393"/>
  <testcase classname="testRunner.TestRunner" name="runScenario" time="4.730"/>
  <testcase classname="testRunner.TestRunner" name="runScenario" time="3.586"/>
  <testcase classname="testRunner.TestRunner" name="runScenario" time="6.617">
    <failure message="expected [Successful
Batches Deleted] but found [Successful
Batches Deleted]" type="java.lang.AssertionError">
      <![CDATA[java.lang.AssertionError: expected [Successful
Batches Deleted] but found [Successful
Batches Deleted]
at org.testng.Assert.fail(Assert.java:111)
at org.testng.Assert.failNotEquals(Assert.java:1578)
at org.testng.Assert.assertEqualsImpl(Assert.java:150)
at org.testng.Assert.assertEquals(Assert.java:132)
at org.testng.Assert.assertEquals(Assert.java:656)
at org.testng.Assert.assertEquals(Assert.java:666)
at stepDefinitions.BatchStep.the_respective_row_in_the_table_should_be_deleted_in_batch_module(BatchStep.java:497)
at ✽.The respective row in the table should be deleted in batch module(file:///C:/Users/madhu/OneDrive/Desktop/SDET/LMS_ActionSquad/src/test/resources/Feature%20files/04_Batch.feature:180)
]]>
    </failure>
  </testcase> <!-- runScenario -->
  <testcase classname="testRunner.TestRunner" name="runScenario" time="7.048"/>
  <testcase classname="testRunner.TestRunner" name="runScenario" time="7.351"/>
  <testcase classname="testRunner.TestRunner" name="runScenario" time="8.882"/>
  <testcase classname="testRunner.TestRunner" name="runScenario" time="6.361"/>
  <testcase classname="testRunner.TestRunner" name="runScenario" time="3.267"/>
  <testcase classname="testRunner.TestRunner" name="runScenario" time="10.311"/>
  <testcase classname="testRunner.TestRunner" name="runScenario" time="6.493"/>
  <testcase classname="testRunner.TestRunner" name="runScenario" time="5.183"/>
  <testcase classname="testRunner.TestRunner" name="runScenario" time="9.043"/>
  <testcase classname="testRunner.TestRunner" name="runScenario" time="13.484">
    <failure message="expected [true] but found [false]" type="java.lang.AssertionError">
      <![CDATA[java.lang.AssertionError: expected [true] but found [false]
at org.testng.Assert.fail(Assert.java:111)
at org.testng.Assert.failNotEquals(Assert.java:1578)
at org.testng.Assert.assertTrue(Assert.java:57)
at org.testng.Assert.assertTrue(Assert.java:67)
at stepDefinitions.BatchStepAddon.admin_should_see_status_is_selected(BatchStepAddon.java:156)
at ✽.Admin should see status is selected(file:///C:/Users/madhu/OneDrive/Desktop/SDET/LMS_ActionSquad/src/test/resources/Feature%20files/10_BatchAdditional.feature:67)
]]>
    </failure>
  </testcase> <!-- runScenario -->
  <testcase classname="testRunner.TestRunner" name="runScenario" time="15.618"/>
  <testcase classname="testRunner.TestRunner" name="runScenario" time="9.834">
    <failure message="expected [Successful
Batches Deleted] but found [Successful
Batches Deleted]" type="java.lang.AssertionError">
      <![CDATA[java.lang.AssertionError: expected [Successful
Batches Deleted] but found [Successful
Batches Deleted]
at org.testng.Assert.fail(Assert.java:111)
at org.testng.Assert.failNotEquals(Assert.java:1578)
at org.testng.Assert.assertEqualsImpl(Assert.java:150)
at org.testng.Assert.assertEquals(Assert.java:132)
at org.testng.Assert.assertEquals(Assert.java:656)
at org.testng.Assert.assertEquals(Assert.java:666)
at stepDefinitions.BatchStep.the_respective_row_in_the_table_should_be_deleted_in_batch_module(BatchStep.java:497)
at ✽.The respective row in the table should be deleted in batch module(file:///C:/Users/madhu/OneDrive/Desktop/SDET/LMS_ActionSquad/src/test/resources/Feature%20files/04_Batch.feature:180)
]]>
    </failure>
  </testcase> <!-- runScenario -->
  <testcase classname="testRunner.TestRunner" name="runScenario" time="4.069">
    <failure message="expected [0] but found [544]" type="java.lang.AssertionError">
      <![CDATA[java.lang.AssertionError: expected [0] but found [544]
at org.testng.Assert.fail(Assert.java:111)
at org.testng.Assert.failNotEquals(Assert.java:1578)
at org.testng.Assert.assertEqualsImpl(Assert.java:150)
at org.testng.Assert.assertEquals(Assert.java:132)
at org.testng.Assert.assertEquals(Assert.java:656)
at org.testng.Assert.assertEquals(Assert.java:666)
at stepDefinitions.DashboardStepAddon.admin_should_see_exact_total_count_of_active_and_inactive_batch(DashboardStepAddon.java:171)
at ✽.Admin should see exact total count of active and inactive batch(file:///C:/Users/madhu/OneDrive/Desktop/SDET/LMS_ActionSquad/src/test/resources/Feature%20files/08_DashboardAdditional.feature:83)
]]>
    </failure>
  </testcase> <!-- runScenario -->
  <testcase classname="testRunner.TestRunner" name="runScenario" time="18.438">
    <error message="no such element: Unable to locate element: {&quot;method&quot;:&quot;xpath&quot;,&quot;selector&quot;:&quot;//small&quot;}
  (Session info: chrome=133.0.6943.127)
For documentation on this error, please visit: https://www.selenium.dev/documentation/webdriver/troubleshooting/errors#no-such-element-exception
Build info: version: &#039;4.27.0&#039;, revision: &#039;d6e718d134&#039;
System info: os.name: &#039;Windows 11&#039;, os.arch: &#039;amd64&#039;, os.version: &#039;10.0&#039;, java.version: &#039;21.0.5&#039;
Driver info: org.openqa.selenium.chrome.ChromeDriver
Command: [38671aa4feb39b237b3c78606684f232, findElement {using=xpath, value=//small}]
Capabilities {acceptInsecureCerts: false, browserName: chrome, browserVersion: 133.0.6943.127, chrome: {chromedriverVersion: 133.0.6943.126 (cffa127ce7b..., userDataDir: C:\Users\madhu\AppData\Loca...}, fedcm:accounts: true, goog:chromeOptions: {debuggerAddress: localhost:52169}, networkConnectionEnabled: false, pageLoadStrategy: normal, platformName: windows, proxy: Proxy(), se:cdp: ws://localhost:52169/devtoo..., se:cdpVersion: 133.0.6943.127, setWindowRect: true, strictFileInteractability: false, timeouts: {implicit: 0, pageLoad: 300000, script: 30000}, unhandledPromptBehavior: dismiss and notify, webauthn:extension:credBlob: true, webauthn:extension:largeBlob: true, webauthn:extension:minPinLength: true, webauthn:extension:prf: true, webauthn:virtualAuthenticators: true}
Session ID: 38671aa4feb39b237b3c78606684f232" type="org.openqa.selenium.NoSuchElementException">
      <![CDATA[org.openqa.selenium.NoSuchElementException: no such element: Unable to locate element: {"method":"xpath","selector":"//small"}
  (Session info: chrome=133.0.6943.127)
For documentation on this error, please visit: https://www.selenium.dev/documentation/webdriver/troubleshooting/errors#no-such-element-exception
Build info: version: '4.27.0', revision: 'd6e718d134'
System info: os.name: 'Windows 11', os.arch: 'amd64', os.version: '10.0', java.version: '21.0.5'
Driver info: org.openqa.selenium.chrome.ChromeDriver
Command: [38671aa4feb39b237b3c78606684f232, findElement {using=xpath, value=//small}]
Capabilities {acceptInsecureCerts: false, browserName: chrome, browserVersion: 133.0.6943.127, chrome: {chromedriverVersion: 133.0.6943.126 (cffa127ce7b..., userDataDir: C:\Users\madhu\AppData\Loca...}, fedcm:accounts: true, goog:chromeOptions: {debuggerAddress: localhost:52169}, networkConnectionEnabled: false, pageLoadStrategy: normal, platformName: windows, proxy: Proxy(), se:cdp: ws://localhost:52169/devtoo..., se:cdpVersion: 133.0.6943.127, setWindowRect: true, strictFileInteractability: false, timeouts: {implicit: 0, pageLoad: 300000, script: 30000}, unhandledPromptBehavior: dismiss and notify, webauthn:extension:credBlob: true, webauthn:extension:largeBlob: true, webauthn:extension:minPinLength: true, webauthn:extension:prf: true, webauthn:virtualAuthenticators: true}
Session ID: 38671aa4feb39b237b3c78606684f232
at java.base/jdk.internal.reflect.DirectConstructorHandleAccessor.newInstance(DirectConstructorHandleAccessor.java:62)
at java.base/java.lang.reflect.Constructor.newInstanceWithCaller(Constructor.java:502)
at java.base/java.lang.reflect.Constructor.newInstance(Constructor.java:486)
at org.openqa.selenium.remote.ErrorCodec.decode(ErrorCodec.java:167)
at org.openqa.selenium.remote.codec.w3c.W3CHttpResponseCodec.decode(W3CHttpResponseCodec.java:138)
at org.openqa.selenium.remote.codec.w3c.W3CHttpResponseCodec.decode(W3CHttpResponseCodec.java:50)
at org.openqa.selenium.remote.HttpCommandExecutor.execute(HttpCommandExecutor.java:190)
at org.openqa.selenium.remote.service.DriverCommandExecutor.invokeExecute(DriverCommandExecutor.java:216)
at org.openqa.selenium.remote.service.DriverCommandExecutor.execute(DriverCommandExecutor.java:174)
at org.openqa.selenium.remote.RemoteWebDriver.execute(RemoteWebDriver.java:545)
at org.openqa.selenium.remote.ElementLocation$ElementFinder$2.findElement(ElementLocation.java:165)
at org.openqa.selenium.remote.ElementLocation.findElement(ElementLocation.java:59)
at org.openqa.selenium.remote.RemoteWebDriver.findElement(RemoteWebDriver.java:368)
at org.openqa.selenium.remote.RemoteWebDriver.findElement(RemoteWebDriver.java:362)
at org.openqa.selenium.support.pagefactory.DefaultElementLocator.findElement(DefaultElementLocator.java:68)
at org.openqa.selenium.support.pagefactory.internal.LocatingElementHandler.invoke(LocatingElementHandler.java:38)
at jdk.proxy2/jdk.proxy2.$Proxy48.getText(Unknown Source)
at pages.BasePage.elementGetText(BasePage.java:30)
at stepDefinitions.BatchStepAddon.admin_receives_invalid_error_messages(BatchStepAddon.java:147)
at ✽.Admin receives "DescStarts-No" invalid error messages(file:///C:/Users/madhu/OneDrive/Desktop/SDET/LMS_ActionSquad/src/test/resources/Feature%20files/10_BatchAdditional.feature:79)
]]>
    </error>
  </testcase> <!-- runScenario -->
  <testcase classname="testRunner.TestRunner" name="runScenario" time="3.451"/>
  <testcase classname="testRunner.TestRunner" name="runScenario" time="10.068"/>
  <testcase classname="testRunner.TestRunner" name="runScenario" time="12.379"/>
  <testcase classname="testRunner.TestRunner" name="runScenario" time="6.637"/>
  <testcase classname="testRunner.TestRunner" name="runScenario" time="5.405"/>
  <testcase classname="testRunner.TestRunner" name="runScenario" time="15.447">
    <failure message="expected [false] but found [true]" type="java.lang.AssertionError">
      <![CDATA[java.lang.AssertionError: expected [false] but found [true]
at org.testng.Assert.fail(Assert.java:111)
at org.testng.Assert.failNotEquals(Assert.java:1578)
at org.testng.Assert.assertFalse(Assert.java:79)
at org.testng.Assert.assertFalse(Assert.java:89)
at stepDefinitions.ProgramStepAddon.admin_receives_edit_mandatory_error_message(ProgramStepAddon.java:204)
at ✽.Admin receives "Name" edit mandatory error message(file:///C:/Users/madhu/OneDrive/Desktop/SDET/LMS_ActionSquad/src/test/resources/Feature%20files/09_ProgramAdditional.feature:61)
]]>
    </failure>
  </testcase> <!-- runScenario -->
  <testcase classname="testRunner.TestRunner" name="runScenario" time="5.982">
    <failure message="expected [true] but found [false]" type="java.lang.AssertionError">
      <![CDATA[java.lang.AssertionError: expected [true] but found [false]
at org.testng.Assert.fail(Assert.java:111)
at org.testng.Assert.failNotEquals(Assert.java:1578)
at org.testng.Assert.assertTrue(Assert.java:57)
at org.testng.Assert.assertTrue(Assert.java:67)
at stepDefinitions.BatchStep.admin_should_get_a_successful_message(BatchStep.java:229)
at ✽.Admin should get a successful message "Batch created successfully"(file:///C:/Users/madhu/OneDrive/Desktop/SDET/LMS_ActionSquad/src/test/resources/Feature%20files/04_Batch.feature:78)
]]>
    </failure>
  </testcase> <!-- runScenario -->
  <testcase classname="testRunner.TestRunner" name="runScenario" time="6.807"/>
  <testcase classname="testRunner.TestRunner" name="runScenario" time="6.234"/>
  <testcase classname="testRunner.TestRunner" name="runScenario" time="6.094"/>
  <testcase classname="testRunner.TestRunner" name="runScenario" time="28.325">
    <failure message="expected [false] but found [true]" type="java.lang.AssertionError">
      <![CDATA[java.lang.AssertionError: expected [false] but found [true]
at org.testng.Assert.fail(Assert.java:111)
at org.testng.Assert.failNotEquals(Assert.java:1578)
at org.testng.Assert.assertFalse(Assert.java:79)
at org.testng.Assert.assertFalse(Assert.java:89)
at stepDefinitions.LoginStepAddon.admin_should_see_forgot_password_link(LoginStepAddon.java:104)
at ✽.Admin should see Forgot Password Link(file:///C:/Users/madhu/OneDrive/Desktop/SDET/LMS_ActionSquad/src/test/resources/Feature%20files/07_LoginAdditional.feature:42)
]]>
    </failure>
  </testcase> <!-- runScenario -->
  <testcase classname="testRunner.TestRunner" name="runScenario" time="4.980"/>
  <testcase classname="testRunner.TestRunner" name="runScenario" time="4.850">
    <failure message="expected [Successful
Batches Deleted] but found [Successful
Batches Deleted]" type="java.lang.AssertionError">
      <![CDATA[java.lang.AssertionError: expected [Successful
Batches Deleted] but found [Successful
Batches Deleted]
at org.testng.Assert.fail(Assert.java:111)
at org.testng.Assert.failNotEquals(Assert.java:1578)
at org.testng.Assert.assertEqualsImpl(Assert.java:150)
at org.testng.Assert.assertEquals(Assert.java:132)
at org.testng.Assert.assertEquals(Assert.java:656)
at org.testng.Assert.assertEquals(Assert.java:666)
at stepDefinitions.BatchStep.the_respective_row_in_the_table_should_be_deleted(BatchStep.java:478)
at ✽.The respective row in the table should be deleted(file:///C:/Users/madhu/OneDrive/Desktop/SDET/LMS_ActionSquad/src/test/resources/Feature%20files/04_Batch.feature:174)
]]>
    </failure>
  </testcase> <!-- runScenario -->
  <testcase classname="testRunner.TestRunner" name="runScenario" time="5.013"/>
  <testcase classname="testRunner.TestRunner" name="runScenario" time="5.073"/>
  <testcase classname="testRunner.TestRunner" name="runScenario" time="3.745"/>
  <testcase classname="testRunner.TestRunner" name="runScenario" time="5.792"/>
  <testcase classname="testRunner.TestRunner" name="runScenario" time="6.777"/>
  <testcase classname="testRunner.TestRunner" name="runScenario" time="7.287"/>
  <testcase classname="testRunner.TestRunner" name="runScenario" time="13.299">
    <error message="Element &lt;button class=&quot;mat-focus-indicator mat-menu-item ng-tns-c230-6 cdk-focused cdk-mouse-focused&quot;&gt; is not clickable at point (1374,82) because another element &lt;div id=&quot;cdk-overlay-1&quot; class=&quot;cdk-overlay-pane&quot;&gt; obscures it
Build info: version: &#039;4.27.0&#039;, revision: &#039;d6e718d134&#039;
System info: os.name: &#039;Windows 11&#039;, os.arch: &#039;amd64&#039;, os.version: &#039;10.0&#039;, java.version: &#039;21.0.5&#039;
Driver info: org.openqa.selenium.firefox.FirefoxDriver
Command: [ab7650b2-c802-4583-8fca-dae45a50237a, clickElement {id=f5ee18b6-a989-42cd-91ea-49f597dd6256}]
Capabilities {acceptInsecureCerts: true, browserName: firefox, browserVersion: 135.0.1, moz:accessibilityChecks: false, moz:buildID: 20250216192613, moz:debuggerAddress: 127.0.0.1:9210, moz:geckodriverVersion: 0.35.0, moz:headless: false, moz:platformVersion: 10.0, moz:processID: 214776, moz:profile: C:\Users\madhu\AppData\Loca..., moz:shutdownTimeout: 60000, moz:webdriverClick: true, moz:windowless: false, pageLoadStrategy: normal, platformName: windows, proxy: Proxy(), se:cdp: ws://127.0.0.1:9210/devtool..., se:cdpVersion: 85.0, setWindowRect: true, strictFileInteractability: false, timeouts: {implicit: 0, pageLoad: 300000, script: 30000}, unhandledPromptBehavior: dismiss and notify, userAgent: Mozilla/5.0 (Windows NT 10....}
Element: [[FirefoxDriver: firefox on windows (ab7650b2-c802-4583-8fca-dae45a50237a)] -&gt; xpath: //button[@role=&#039;menuitem&#039;]]
Session ID: ab7650b2-c802-4583-8fca-dae45a50237a" type="org.openqa.selenium.ElementClickInterceptedException">
      <![CDATA[org.openqa.selenium.ElementClickInterceptedException: Element <button class="mat-focus-indicator mat-menu-item ng-tns-c230-6 cdk-focused cdk-mouse-focused"> is not clickable at point (1374,82) because another element <div id="cdk-overlay-1" class="cdk-overlay-pane"> obscures it
Build info: version: '4.27.0', revision: 'd6e718d134'
System info: os.name: 'Windows 11', os.arch: 'amd64', os.version: '10.0', java.version: '21.0.5'
Driver info: org.openqa.selenium.firefox.FirefoxDriver
Command: [ab7650b2-c802-4583-8fca-dae45a50237a, clickElement {id=f5ee18b6-a989-42cd-91ea-49f597dd6256}]
Capabilities {acceptInsecureCerts: true, browserName: firefox, browserVersion: 135.0.1, moz:accessibilityChecks: false, moz:buildID: 20250216192613, moz:debuggerAddress: 127.0.0.1:9210, moz:geckodriverVersion: 0.35.0, moz:headless: false, moz:platformVersion: 10.0, moz:processID: 214776, moz:profile: C:\Users\madhu\AppData\Loca..., moz:shutdownTimeout: 60000, moz:webdriverClick: true, moz:windowless: false, pageLoadStrategy: normal, platformName: windows, proxy: Proxy(), se:cdp: ws://127.0.0.1:9210/devtool..., se:cdpVersion: 85.0, setWindowRect: true, strictFileInteractability: false, timeouts: {implicit: 0, pageLoad: 300000, script: 30000}, unhandledPromptBehavior: dismiss and notify, userAgent: Mozilla/5.0 (Windows NT 10....}
Element: [[FirefoxDriver: firefox on windows (ab7650b2-c802-4583-8fca-dae45a50237a)] -> xpath: //button[@role='menuitem']]
Session ID: ab7650b2-c802-4583-8fca-dae45a50237a
at java.base/jdk.internal.reflect.DirectConstructorHandleAccessor.newInstance(DirectConstructorHandleAccessor.java:62)
at java.base/java.lang.reflect.Constructor.newInstanceWithCaller(Constructor.java:502)
at java.base/java.lang.reflect.Constructor.newInstance(Constructor.java:486)
at org.openqa.selenium.remote.ErrorCodec.decode(ErrorCodec.java:167)
at org.openqa.selenium.remote.codec.w3c.W3CHttpResponseCodec.decode(W3CHttpResponseCodec.java:138)
at org.openqa.selenium.remote.codec.w3c.W3CHttpResponseCodec.decode(W3CHttpResponseCodec.java:50)
at org.openqa.selenium.remote.HttpCommandExecutor.execute(HttpCommandExecutor.java:190)
at org.openqa.selenium.remote.service.DriverCommandExecutor.invokeExecute(DriverCommandExecutor.java:216)
at org.openqa.selenium.remote.service.DriverCommandExecutor.execute(DriverCommandExecutor.java:174)
at org.openqa.selenium.remote.RemoteWebDriver.execute(RemoteWebDriver.java:545)
at org.openqa.selenium.remote.RemoteWebElement.execute(RemoteWebElement.java:223)
at org.openqa.selenium.remote.RemoteWebElement.click(RemoteWebElement.java:76)
at java.base/jdk.internal.reflect.DirectMethodHandleAccessor.invoke(DirectMethodHandleAccessor.java:103)
at java.base/java.lang.reflect.Method.invoke(Method.java:580)
at org.openqa.selenium.support.pagefactory.internal.LocatingElementHandler.invoke(LocatingElementHandler.java:51)
at jdk.proxy2/jdk.proxy2.$Proxy48.click(Unknown Source)
at pages.Batch_Page.clickAddNewBatchButton(Batch_Page.java:406)
at stepDefinitions.BatchStep.admin_is_on_the_batch_page(BatchStep.java:436)
at ✽.Admin is on the batch page(file:///C:/Users/madhu/OneDrive/Desktop/SDET/LMS_ActionSquad/src/test/resources/Feature%20files/04_Batch.feature:184)
]]>
    </error>
  </testcase> <!-- runScenario -->
  <testcase classname="testRunner.TestRunner" name="runScenario" time="4.066"/>
  <testcase classname="testRunner.TestRunner" name="runScenario" time="5.189"/>
  <testcase classname="testRunner.TestRunner" name="runScenario" time="4.445"/>
  <testcase classname="testRunner.TestRunner" name="runScenario" time="5.617"/>
  <testcase classname="testRunner.TestRunner" name="runScenario" time="8.324">
    <error message="Element &lt;button class=&quot;mat-focus-indicator mat-menu-item ng-tns-c230-6 cdk-focused cdk-mouse-focused&quot;&gt; is not clickable at point (1361,75) because another element &lt;div id=&quot;cdk-overlay-1&quot; class=&quot;cdk-overlay-pane&quot;&gt; obscures it
Build info: version: &#039;4.27.0&#039;, revision: &#039;d6e718d134&#039;
System info: os.name: &#039;Windows 11&#039;, os.arch: &#039;amd64&#039;, os.version: &#039;10.0&#039;, java.version: &#039;21.0.5&#039;
Driver info: org.openqa.selenium.firefox.FirefoxDriver
Command: [f3450b14-d6c2-4c06-8c54-15bdfff81a75, clickElement {id=193152c5-f3c1-4962-b87b-39cdc101a57f}]
Capabilities {acceptInsecureCerts: true, browserName: firefox, browserVersion: 135.0.1, moz:accessibilityChecks: false, moz:buildID: 20250216192613, moz:debuggerAddress: 127.0.0.1:31665, moz:geckodriverVersion: 0.35.0, moz:headless: false, moz:platformVersion: 10.0, moz:processID: 210508, moz:profile: C:\Users\madhu\AppData\Loca..., moz:shutdownTimeout: 60000, moz:webdriverClick: true, moz:windowless: false, pageLoadStrategy: normal, platformName: windows, proxy: Proxy(), se:cdp: ws://127.0.0.1:31665/devtoo..., se:cdpVersion: 85.0, setWindowRect: true, strictFileInteractability: false, timeouts: {implicit: 0, pageLoad: 300000, script: 30000}, unhandledPromptBehavior: dismiss and notify, userAgent: Mozilla/5.0 (Windows NT 10....}
Element: [[FirefoxDriver: firefox on windows (f3450b14-d6c2-4c06-8c54-15bdfff81a75)] -&gt; xpath: //button[@role=&#039;menuitem&#039;]]
Session ID: f3450b14-d6c2-4c06-8c54-15bdfff81a75" type="org.openqa.selenium.ElementClickInterceptedException">
      <![CDATA[org.openqa.selenium.ElementClickInterceptedException: Element <button class="mat-focus-indicator mat-menu-item ng-tns-c230-6 cdk-focused cdk-mouse-focused"> is not clickable at point (1361,75) because another element <div id="cdk-overlay-1" class="cdk-overlay-pane"> obscures it
Build info: version: '4.27.0', revision: 'd6e718d134'
System info: os.name: 'Windows 11', os.arch: 'amd64', os.version: '10.0', java.version: '21.0.5'
Driver info: org.openqa.selenium.firefox.FirefoxDriver
Command: [f3450b14-d6c2-4c06-8c54-15bdfff81a75, clickElement {id=193152c5-f3c1-4962-b87b-39cdc101a57f}]
Capabilities {acceptInsecureCerts: true, browserName: firefox, browserVersion: 135.0.1, moz:accessibilityChecks: false, moz:buildID: 20250216192613, moz:debuggerAddress: 127.0.0.1:31665, moz:geckodriverVersion: 0.35.0, moz:headless: false, moz:platformVersion: 10.0, moz:processID: 210508, moz:profile: C:\Users\madhu\AppData\Loca..., moz:shutdownTimeout: 60000, moz:webdriverClick: true, moz:windowless: false, pageLoadStrategy: normal, platformName: windows, proxy: Proxy(), se:cdp: ws://127.0.0.1:31665/devtoo..., se:cdpVersion: 85.0, setWindowRect: true, strictFileInteractability: false, timeouts: {implicit: 0, pageLoad: 300000, script: 30000}, unhandledPromptBehavior: dismiss and notify, userAgent: Mozilla/5.0 (Windows NT 10....}
Element: [[FirefoxDriver: firefox on windows (f3450b14-d6c2-4c06-8c54-15bdfff81a75)] -> xpath: //button[@role='menuitem']]
Session ID: f3450b14-d6c2-4c06-8c54-15bdfff81a75
at java.base/jdk.internal.reflect.DirectConstructorHandleAccessor.newInstance(DirectConstructorHandleAccessor.java:62)
at java.base/java.lang.reflect.Constructor.newInstanceWithCaller(Constructor.java:502)
at java.base/java.lang.reflect.Constructor.newInstance(Constructor.java:486)
at org.openqa.selenium.remote.ErrorCodec.decode(ErrorCodec.java:167)
at org.openqa.selenium.remote.codec.w3c.W3CHttpResponseCodec.decode(W3CHttpResponseCodec.java:138)
at org.openqa.selenium.remote.codec.w3c.W3CHttpResponseCodec.decode(W3CHttpResponseCodec.java:50)
at org.openqa.selenium.remote.HttpCommandExecutor.execute(HttpCommandExecutor.java:190)
at org.openqa.selenium.remote.service.DriverCommandExecutor.invokeExecute(DriverCommandExecutor.java:216)
at org.openqa.selenium.remote.service.DriverCommandExecutor.execute(DriverCommandExecutor.java:174)
at org.openqa.selenium.remote.RemoteWebDriver.execute(RemoteWebDriver.java:545)
at org.openqa.selenium.remote.RemoteWebElement.execute(RemoteWebElement.java:223)
at org.openqa.selenium.remote.RemoteWebElement.click(RemoteWebElement.java:76)
at java.base/jdk.internal.reflect.DirectMethodHandleAccessor.invoke(DirectMethodHandleAccessor.java:103)
at java.base/java.lang.reflect.Method.invoke(Method.java:580)
at org.openqa.selenium.support.pagefactory.internal.LocatingElementHandler.invoke(LocatingElementHandler.java:51)
at jdk.proxy2/jdk.proxy2.$Proxy48.click(Unknown Source)
at pages.Batch_Page.clickAddNewBatchButton(Batch_Page.java:406)
at stepDefinitions.BatchStep.admin_clicks_the_edit_icon(BatchStep.java:291)
at ✽.Admin clicks the edit icon(file:///C:/Users/madhu/OneDrive/Desktop/SDET/LMS_ActionSquad/src/test/resources/Feature%20files/04_Batch.feature:107)
]]>
    </error>
  </testcase> <!-- runScenario -->
  <testcase classname="testRunner.TestRunner" name="runScenario" time="4.768"/>
  <testcase classname="testRunner.TestRunner" name="runScenario" time="4.869"/>
  <testcase classname="testRunner.TestRunner" name="runScenario" time="6.253"/>
  <testcase classname="testRunner.TestRunner" name="runScenario" time="5.939"/>
  <testcase classname="testRunner.TestRunner" name="runScenario" time="7.456"/>
  <testcase classname="testRunner.TestRunner" name="runScenario" time="6.400"/>
  <testcase classname="testRunner.TestRunner" name="runScenario" time="6.818"/>
  <testcase classname="testRunner.TestRunner" name="runScenario" time="4.723"/>
  <testcase classname="testRunner.TestRunner" name="runScenario" time="5.921"/>
  <testcase classname="testRunner.TestRunner" name="runScenario" time="15.728">
    <error message="no such element: Unable to locate element: {&quot;method&quot;:&quot;xpath&quot;,&quot;selector&quot;:&quot;//tbody/tr[1]//button[@icon=&#039;pi pi-trash&#039;]&quot;}
  (Session info: MicrosoftEdge=133.0.3065.82)
For documentation on this error, please visit: https://www.selenium.dev/documentation/webdriver/troubleshooting/errors#no-such-element-exception
Build info: version: &#039;4.27.0&#039;, revision: &#039;d6e718d134&#039;
System info: os.name: &#039;Windows 11&#039;, os.arch: &#039;amd64&#039;, os.version: &#039;10.0&#039;, java.version: &#039;21.0.5&#039;
Driver info: org.openqa.selenium.edge.EdgeDriver
Command: [27448226300d5607fb8d4b9e62fb6102, findElement {using=xpath, value=//tbody/tr[1]//button[@icon=&#039;pi pi-trash&#039;]}]
Capabilities {acceptInsecureCerts: false, browserName: MicrosoftEdge, browserVersion: 133.0.3065.82, fedcm:accounts: true, ms:edgeOptions: {debuggerAddress: localhost:62398}, msedge: {msedgedriverVersion: 133.0.3065.82 (e8aeaf3e0117..., userDataDir: C:\Users\madhu\AppData\Loca...}, networkConnectionEnabled: false, pageLoadStrategy: normal, platformName: windows, proxy: Proxy(), se:cdp: ws://localhost:62398/devtoo..., se:cdpVersion: 133.0.3065.82, setWindowRect: true, strictFileInteractability: false, timeouts: {implicit: 0, pageLoad: 300000, script: 30000}, unhandledPromptBehavior: dismiss and notify, webauthn:extension:credBlob: true, webauthn:extension:largeBlob: true, webauthn:extension:minPinLength: true, webauthn:extension:prf: true, webauthn:virtualAuthenticators: true}
Session ID: 27448226300d5607fb8d4b9e62fb6102" type="org.openqa.selenium.NoSuchElementException">
      <![CDATA[org.openqa.selenium.NoSuchElementException: no such element: Unable to locate element: {"method":"xpath","selector":"//tbody/tr[1]//button[@icon='pi pi-trash']"}
  (Session info: MicrosoftEdge=133.0.3065.82)
For documentation on this error, please visit: https://www.selenium.dev/documentation/webdriver/troubleshooting/errors#no-such-element-exception
Build info: version: '4.27.0', revision: 'd6e718d134'
System info: os.name: 'Windows 11', os.arch: 'amd64', os.version: '10.0', java.version: '21.0.5'
Driver info: org.openqa.selenium.edge.EdgeDriver
Command: [27448226300d5607fb8d4b9e62fb6102, findElement {using=xpath, value=//tbody/tr[1]//button[@icon='pi pi-trash']}]
Capabilities {acceptInsecureCerts: false, browserName: MicrosoftEdge, browserVersion: 133.0.3065.82, fedcm:accounts: true, ms:edgeOptions: {debuggerAddress: localhost:62398}, msedge: {msedgedriverVersion: 133.0.3065.82 (e8aeaf3e0117..., userDataDir: C:\Users\madhu\AppData\Loca...}, networkConnectionEnabled: false, pageLoadStrategy: normal, platformName: windows, proxy: Proxy(), se:cdp: ws://localhost:62398/devtoo..., se:cdpVersion: 133.0.3065.82, setWindowRect: true, strictFileInteractability: false, timeouts: {implicit: 0, pageLoad: 300000, script: 30000}, unhandledPromptBehavior: dismiss and notify, webauthn:extension:credBlob: true, webauthn:extension:largeBlob: true, webauthn:extension:minPinLength: true, webauthn:extension:prf: true, webauthn:virtualAuthenticators: true}
Session ID: 27448226300d5607fb8d4b9e62fb6102
at java.base/jdk.internal.reflect.DirectConstructorHandleAccessor.newInstance(DirectConstructorHandleAccessor.java:62)
at java.base/java.lang.reflect.Constructor.newInstanceWithCaller(Constructor.java:502)
at java.base/java.lang.reflect.Constructor.newInstance(Constructor.java:486)
at org.openqa.selenium.remote.ErrorCodec.decode(ErrorCodec.java:167)
at org.openqa.selenium.remote.codec.w3c.W3CHttpResponseCodec.decode(W3CHttpResponseCodec.java:138)
at org.openqa.selenium.remote.codec.w3c.W3CHttpResponseCodec.decode(W3CHttpResponseCodec.java:50)
at org.openqa.selenium.remote.HttpCommandExecutor.execute(HttpCommandExecutor.java:190)
at org.openqa.selenium.remote.service.DriverCommandExecutor.invokeExecute(DriverCommandExecutor.java:216)
at org.openqa.selenium.remote.service.DriverCommandExecutor.execute(DriverCommandExecutor.java:174)
at org.openqa.selenium.remote.RemoteWebDriver.execute(RemoteWebDriver.java:545)
at org.openqa.selenium.remote.ElementLocation$ElementFinder$2.findElement(ElementLocation.java:165)
at org.openqa.selenium.remote.ElementLocation.findElement(ElementLocation.java:59)
at org.openqa.selenium.remote.RemoteWebDriver.findElement(RemoteWebDriver.java:368)
at org.openqa.selenium.remote.RemoteWebDriver.findElement(RemoteWebDriver.java:362)
at org.openqa.selenium.support.pagefactory.DefaultElementLocator.findElement(DefaultElementLocator.java:68)
at org.openqa.selenium.support.pagefactory.internal.LocatingElementHandler.invoke(LocatingElementHandler.java:38)
at jdk.proxy2/jdk.proxy2.$Proxy48.getWrappedElement(Unknown Source)
at org.openqa.selenium.remote.WebElementToJsonConverter.apply(WebElementToJsonConverter.java:48)
at java.base/java.util.stream.ReferencePipeline$3$1.accept(ReferencePipeline.java:197)
at java.base/java.util.Spliterators$ArraySpliterator.forEachRemaining(Spliterators.java:1024)
at java.base/java.util.stream.AbstractPipeline.copyInto(AbstractPipeline.java:509)
at java.base/java.util.stream.AbstractPipeline.wrapAndCopyInto(AbstractPipeline.java:499)
at java.base/java.util.stream.ReduceOps$ReduceOp.evaluateSequential(ReduceOps.java:921)
at java.base/java.util.stream.AbstractPipeline.evaluate(AbstractPipeline.java:234)
at java.base/java.util.stream.ReferencePipeline.collect(ReferencePipeline.java:682)
at org.openqa.selenium.remote.RemoteWebDriver.executeScript(RemoteWebDriver.java:474)
at pages.LMSAddonPage.elementclickJs(LMSAddonPage.java:67)
at stepDefinitions.ProgramStepAddon.admin_clicks_on_delete_icon(ProgramStepAddon.java:209)
at ✽.Admin clicks on "Delete" delete icon(file:///C:/Users/madhu/OneDrive/Desktop/SDET/LMS_ActionSquad/src/test/resources/Feature%20files/11_ClassAdditional.feature:32)
]]>
    </error>
  </testcase> <!-- runScenario -->
  <testcase classname="testRunner.TestRunner" name="runScenario" time="10.045"/>
  <testcase classname="testRunner.TestRunner" name="runScenario" time="6.049"/>
  <testcase classname="testRunner.TestRunner" name="runScenario" time="13.560"/>
  <testcase classname="testRunner.TestRunner" name="runScenario" time="9.354"/>
  <testcase classname="testRunner.TestRunner" name="runScenario" time="16.562">
    <error message="Element &lt;button class=&quot;mat-focus-indicator mat-menu-item ng-tns-c230-6 cdk-focused cdk-mouse-focused&quot;&gt; is not clickable at point (1361,75) because another element &lt;div id=&quot;cdk-overlay-1&quot; class=&quot;cdk-overlay-pane&quot;&gt; obscures it
Build info: version: &#039;4.27.0&#039;, revision: &#039;d6e718d134&#039;
System info: os.name: &#039;Windows 11&#039;, os.arch: &#039;amd64&#039;, os.version: &#039;10.0&#039;, java.version: &#039;21.0.5&#039;
Driver info: org.openqa.selenium.firefox.FirefoxDriver
Command: [6b330136-30b2-4b76-aee8-153b5e54be05, clickElement {id=90d31b6a-27d1-4cba-8378-528103c1fdd3}]
Capabilities {acceptInsecureCerts: true, browserName: firefox, browserVersion: 135.0.1, moz:accessibilityChecks: false, moz:buildID: 20250216192613, moz:debuggerAddress: 127.0.0.1:32030, moz:geckodriverVersion: 0.35.0, moz:headless: false, moz:platformVersion: 10.0, moz:processID: 134448, moz:profile: C:\Users\madhu\AppData\Loca..., moz:shutdownTimeout: 60000, moz:webdriverClick: true, moz:windowless: false, pageLoadStrategy: normal, platformName: windows, proxy: Proxy(), se:cdp: ws://127.0.0.1:32030/devtoo..., se:cdpVersion: 85.0, setWindowRect: true, strictFileInteractability: false, timeouts: {implicit: 0, pageLoad: 300000, script: 30000}, unhandledPromptBehavior: dismiss and notify, userAgent: Mozilla/5.0 (Windows NT 10....}
Element: [[FirefoxDriver: firefox on windows (6b330136-30b2-4b76-aee8-153b5e54be05)] -&gt; xpath: //button[@role=&#039;menuitem&#039;]]
Session ID: 6b330136-30b2-4b76-aee8-153b5e54be05" type="org.openqa.selenium.ElementClickInterceptedException">
      <![CDATA[org.openqa.selenium.ElementClickInterceptedException: Element <button class="mat-focus-indicator mat-menu-item ng-tns-c230-6 cdk-focused cdk-mouse-focused"> is not clickable at point (1361,75) because another element <div id="cdk-overlay-1" class="cdk-overlay-pane"> obscures it
Build info: version: '4.27.0', revision: 'd6e718d134'
System info: os.name: 'Windows 11', os.arch: 'amd64', os.version: '10.0', java.version: '21.0.5'
Driver info: org.openqa.selenium.firefox.FirefoxDriver
Command: [6b330136-30b2-4b76-aee8-153b5e54be05, clickElement {id=90d31b6a-27d1-4cba-8378-528103c1fdd3}]
Capabilities {acceptInsecureCerts: true, browserName: firefox, browserVersion: 135.0.1, moz:accessibilityChecks: false, moz:buildID: 20250216192613, moz:debuggerAddress: 127.0.0.1:32030, moz:geckodriverVersion: 0.35.0, moz:headless: false, moz:platformVersion: 10.0, moz:processID: 134448, moz:profile: C:\Users\madhu\AppData\Loca..., moz:shutdownTimeout: 60000, moz:webdriverClick: true, moz:windowless: false, pageLoadStrategy: normal, platformName: windows, proxy: Proxy(), se:cdp: ws://127.0.0.1:32030/devtoo..., se:cdpVersion: 85.0, setWindowRect: true, strictFileInteractability: false, timeouts: {implicit: 0, pageLoad: 300000, script: 30000}, unhandledPromptBehavior: dismiss and notify, userAgent: Mozilla/5.0 (Windows NT 10....}
Element: [[FirefoxDriver: firefox on windows (6b330136-30b2-4b76-aee8-153b5e54be05)] -> xpath: //button[@role='menuitem']]
Session ID: 6b330136-30b2-4b76-aee8-153b5e54be05
at java.base/jdk.internal.reflect.DirectConstructorHandleAccessor.newInstance(DirectConstructorHandleAccessor.java:62)
at java.base/java.lang.reflect.Constructor.newInstanceWithCaller(Constructor.java:502)
at java.base/java.lang.reflect.Constructor.newInstance(Constructor.java:486)
at org.openqa.selenium.remote.ErrorCodec.decode(ErrorCodec.java:167)
at org.openqa.selenium.remote.codec.w3c.W3CHttpResponseCodec.decode(W3CHttpResponseCodec.java:138)
at org.openqa.selenium.remote.codec.w3c.W3CHttpResponseCodec.decode(W3CHttpResponseCodec.java:50)
at org.openqa.selenium.remote.HttpCommandExecutor.execute(HttpCommandExecutor.java:190)
at org.openqa.selenium.remote.service.DriverCommandExecutor.invokeExecute(DriverCommandExecutor.java:216)
at org.openqa.selenium.remote.service.DriverCommandExecutor.execute(DriverCommandExecutor.java:174)
at org.openqa.selenium.remote.RemoteWebDriver.execute(RemoteWebDriver.java:545)
at org.openqa.selenium.remote.RemoteWebElement.execute(RemoteWebElement.java:223)
at org.openqa.selenium.remote.RemoteWebElement.click(RemoteWebElement.java:76)
at java.base/jdk.internal.reflect.DirectMethodHandleAccessor.invoke(DirectMethodHandleAccessor.java:103)
at java.base/java.lang.reflect.Method.invoke(Method.java:580)
at org.openqa.selenium.support.pagefactory.internal.LocatingElementHandler.invoke(LocatingElementHandler.java:51)
at jdk.proxy2/jdk.proxy2.$Proxy48.click(Unknown Source)
at pages.BasePage.elementClick(BasePage.java:35)
at stepDefinitions.BatchStepAddon.the_admin_is_in_add_new_batch_pop_window(BatchStepAddon.java:120)
at ✽.The Admin is in Add New batch pop window(file:///C:/Users/madhu/OneDrive/Desktop/SDET/LMS_ActionSquad/src/test/resources/Feature%20files/10_BatchAdditional.feature:59)
]]>
    </error>
  </testcase> <!-- runScenario -->
  <testcase classname="testRunner.TestRunner" name="runScenario" time="4.069"/>
  <testcase classname="testRunner.TestRunner" name="runScenario" time="10.468"/>
  <testcase classname="testRunner.TestRunner" name="runScenario" time="4.358"/>
  <testcase classname="testRunner.TestRunner" name="runScenario" time="30.319"/>
  <testcase classname="testRunner.TestRunner" name="runScenario" time="3.720"/>
  <testcase classname="testRunner.TestRunner" name="runScenario" time="5.880"/>
  <testcase classname="testRunner.TestRunner" name="runScenario" time="4.300"/>
  <testcase classname="testRunner.TestRunner" name="runScenario" time="7.798"/>
  <testcase classname="testRunner.TestRunner" name="runScenario" time="5.251"/>
  <testcase classname="testRunner.TestRunner" name="runScenario" time="13.034"/>
  <testcase classname="testRunner.TestRunner" name="runScenario" time="4.823"/>
  <testcase classname="testRunner.TestRunner" name="runScenario" time="4.013"/>
  <testcase classname="testRunner.TestRunner" name="runScenario" time="6.530"/>
  <testcase classname="testRunner.TestRunner" name="runScenario" time="4.759"/>
  <testcase classname="testRunner.TestRunner" name="runScenario" time="3.833"/>
  <testcase classname="testRunner.TestRunner" name="runScenario" time="5.418"/>
  <testcase classname="testRunner.TestRunner" name="runScenario" time="15.264">
    <failure message="expected [false] but found [true]" type="java.lang.AssertionError">
      <![CDATA[java.lang.AssertionError: expected [false] but found [true]
at org.testng.Assert.fail(Assert.java:111)
at org.testng.Assert.failNotEquals(Assert.java:1578)
at org.testng.Assert.assertFalse(Assert.java:79)
at org.testng.Assert.assertFalse(Assert.java:89)
at stepDefinitions.LoginStepAddon.admin_receives_mandatory_fields_error_message(LoginStepAddon.java:42)
at ✽.Admin receives mandatory fields error message(file:///C:/Users/madhu/OneDrive/Desktop/SDET/LMS_ActionSquad/src/test/resources/Feature%20files/07_LoginAdditional.feature:8)
]]>
    </failure>
  </testcase> <!-- runScenario -->
  <testcase classname="testRunner.TestRunner" name="runScenario" time="8.128"/>
  <testcase classname="testRunner.TestRunner" name="runScenario" time="5.583">
    <failure message="expected [Micro service-01?] but found [Micro]" type="java.lang.AssertionError">
      <![CDATA[java.lang.AssertionError: expected [Micro service-01?] but found [Micro]
at org.testng.Assert.fail(Assert.java:111)
at org.testng.Assert.failNotEquals(Assert.java:1578)
at org.testng.Assert.assertEqualsImpl(Assert.java:150)
at org.testng.Assert.assertEquals(Assert.java:132)
at org.testng.Assert.assertEquals(Assert.java:656)
at org.testng.Assert.assertEquals(Assert.java:666)
at stepDefinitions.BatchStepAddon.admin_should_see_batch_name_in_the_confirmation_window(BatchStepAddon.java:114)
at ✽.Admin should see batch name in the confirmation window(file:///C:/Users/madhu/OneDrive/Desktop/SDET/LMS_ActionSquad/src/test/resources/Feature%20files/10_BatchAdditional.feature:55)
]]>
    </failure>
  </testcase> <!-- runScenario -->
  <testcase classname="testRunner.TestRunner" name="runScenario" time="5.026"/>
  <testcase classname="testRunner.TestRunner" name="runScenario" time="5.315"/>
  <testcase classname="testRunner.TestRunner" name="runScenario" time="5.681"/>
  <testcase classname="testRunner.TestRunner" name="runScenario" time="5.696">
    <failure message="Lists differ at element [1]: CoreJavaProgrammingFour != Csharpt expected [CoreJavaProgrammingFour] but found [Csharpt]" type="java.lang.AssertionError">
      <![CDATA[java.lang.AssertionError: Lists differ at element [1]: CoreJavaProgrammingFour != Csharpt expected [CoreJavaProgrammingFour] but found [Csharpt]
at org.testng.Assert.fail(Assert.java:111)
at org.testng.Assert.failNotEquals(Assert.java:1578)
at org.testng.Assert.assertEqualsImpl(Assert.java:150)
at org.testng.Assert.assertEquals(Assert.java:1644)
at org.testng.Assert.assertEquals(Assert.java:1606)
at stepDefinitions.ProgramStep.admin_See_the_Program_Name_is_sorted_Ascending_order_in_Program_module_page_for_sort(ProgramStep.java:346)
at ✽.Admin See the Program Name is sorted Ascending order in Program module page for sort(file:///C:/Users/madhu/OneDrive/Desktop/SDET/LMS_ActionSquad/src/test/resources/Feature%20files/03_Program.feature:173)
]]>
    </failure>
  </testcase> <!-- runScenario -->
  <testcase classname="testRunner.TestRunner" name="runScenario" time="3.012"/>
  <testcase classname="testRunner.TestRunner" name="runScenario" time="8.392"/>
  <testcase classname="testRunner.TestRunner" name="runScenario" time="4.939"/>
  <testcase classname="testRunner.TestRunner" name="runScenario" time="7.752"/>
  <testcase classname="testRunner.TestRunner" name="runScenario" time="13.780">
    <error message="Element &lt;button class=&quot;mat-focus-indicator mat-menu-item ng-tns-c230-6 cdk-focused cdk-mouse-focused&quot;&gt; is not clickable at point (1361,75) because another element &lt;div id=&quot;cdk-overlay-1&quot; class=&quot;cdk-overlay-pane&quot;&gt; obscures it
Build info: version: &#039;4.27.0&#039;, revision: &#039;d6e718d134&#039;
System info: os.name: &#039;Windows 11&#039;, os.arch: &#039;amd64&#039;, os.version: &#039;10.0&#039;, java.version: &#039;21.0.5&#039;
Driver info: org.openqa.selenium.firefox.FirefoxDriver
Command: [337aaf2f-550a-4bbb-b5de-2ceb2b9393e2, clickElement {id=53609785-dcf3-459d-896d-78b08bfae067}]
Capabilities {acceptInsecureCerts: true, browserName: firefox, browserVersion: 135.0.1, moz:accessibilityChecks: false, moz:buildID: 20250216192613, moz:debuggerAddress: 127.0.0.1:45627, moz:geckodriverVersion: 0.35.0, moz:headless: false, moz:platformVersion: 10.0, moz:processID: 195196, moz:profile: C:\Users\madhu\AppData\Loca..., moz:shutdownTimeout: 60000, moz:webdriverClick: true, moz:windowless: false, pageLoadStrategy: normal, platformName: windows, proxy: Proxy(), se:cdp: ws://127.0.0.1:45627/devtoo..., se:cdpVersion: 85.0, setWindowRect: true, strictFileInteractability: false, timeouts: {implicit: 0, pageLoad: 300000, script: 30000}, unhandledPromptBehavior: dismiss and notify, userAgent: Mozilla/5.0 (Windows NT 10....}
Element: [[FirefoxDriver: firefox on windows (337aaf2f-550a-4bbb-b5de-2ceb2b9393e2)] -&gt; xpath: //button[@role=&#039;menuitem&#039;]]
Session ID: 337aaf2f-550a-4bbb-b5de-2ceb2b9393e2" type="org.openqa.selenium.ElementClickInterceptedException">
      <![CDATA[org.openqa.selenium.ElementClickInterceptedException: Element <button class="mat-focus-indicator mat-menu-item ng-tns-c230-6 cdk-focused cdk-mouse-focused"> is not clickable at point (1361,75) because another element <div id="cdk-overlay-1" class="cdk-overlay-pane"> obscures it
Build info: version: '4.27.0', revision: 'd6e718d134'
System info: os.name: 'Windows 11', os.arch: 'amd64', os.version: '10.0', java.version: '21.0.5'
Driver info: org.openqa.selenium.firefox.FirefoxDriver
Command: [337aaf2f-550a-4bbb-b5de-2ceb2b9393e2, clickElement {id=53609785-dcf3-459d-896d-78b08bfae067}]
Capabilities {acceptInsecureCerts: true, browserName: firefox, browserVersion: 135.0.1, moz:accessibilityChecks: false, moz:buildID: 20250216192613, moz:debuggerAddress: 127.0.0.1:45627, moz:geckodriverVersion: 0.35.0, moz:headless: false, moz:platformVersion: 10.0, moz:processID: 195196, moz:profile: C:\Users\madhu\AppData\Loca..., moz:shutdownTimeout: 60000, moz:webdriverClick: true, moz:windowless: false, pageLoadStrategy: normal, platformName: windows, proxy: Proxy(), se:cdp: ws://127.0.0.1:45627/devtoo..., se:cdpVersion: 85.0, setWindowRect: true, strictFileInteractability: false, timeouts: {implicit: 0, pageLoad: 300000, script: 30000}, unhandledPromptBehavior: dismiss and notify, userAgent: Mozilla/5.0 (Windows NT 10....}
Element: [[FirefoxDriver: firefox on windows (337aaf2f-550a-4bbb-b5de-2ceb2b9393e2)] -> xpath: //button[@role='menuitem']]
Session ID: 337aaf2f-550a-4bbb-b5de-2ceb2b9393e2
at java.base/jdk.internal.reflect.DirectConstructorHandleAccessor.newInstance(DirectConstructorHandleAccessor.java:62)
at java.base/java.lang.reflect.Constructor.newInstanceWithCaller(Constructor.java:502)
at java.base/java.lang.reflect.Constructor.newInstance(Constructor.java:486)
at org.openqa.selenium.remote.ErrorCodec.decode(ErrorCodec.java:167)
at org.openqa.selenium.remote.codec.w3c.W3CHttpResponseCodec.decode(W3CHttpResponseCodec.java:138)
at org.openqa.selenium.remote.codec.w3c.W3CHttpResponseCodec.decode(W3CHttpResponseCodec.java:50)
at org.openqa.selenium.remote.HttpCommandExecutor.execute(HttpCommandExecutor.java:190)
at org.openqa.selenium.remote.service.DriverCommandExecutor.invokeExecute(DriverCommandExecutor.java:216)
at org.openqa.selenium.remote.service.DriverCommandExecutor.execute(DriverCommandExecutor.java:174)
at org.openqa.selenium.remote.RemoteWebDriver.execute(RemoteWebDriver.java:545)
at org.openqa.selenium.remote.RemoteWebElement.execute(RemoteWebElement.java:223)
at org.openqa.selenium.remote.RemoteWebElement.click(RemoteWebElement.java:76)
at java.base/jdk.internal.reflect.DirectMethodHandleAccessor.invoke(DirectMethodHandleAccessor.java:103)
at java.base/java.lang.reflect.Method.invoke(Method.java:580)
at org.openqa.selenium.support.pagefactory.internal.LocatingElementHandler.invoke(LocatingElementHandler.java:51)
at jdk.proxy2/jdk.proxy2.$Proxy48.click(Unknown Source)
at pages.Batch_Page.clickAddNewBatchButton(Batch_Page.java:406)
at stepDefinitions.BatchStep.admin_is_on_the_batch_details_pop_up_window(BatchStep.java:166)
at ✽.Admin is on the Batch Details Pop Up Window(file:///C:/Users/madhu/OneDrive/Desktop/SDET/LMS_ActionSquad/src/test/resources/Feature%20files/04_Batch.feature:58)
]]>
    </error>
  </testcase> <!-- runScenario -->
  <testcase classname="testRunner.TestRunner" name="runScenario" time="35.585"/>
  <testcase classname="testRunner.TestRunner" name="runScenario" time="5.706"/>
  <testcase classname="testRunner.TestRunner" name="runScenario" time="6.751"/>
  <testcase classname="testRunner.TestRunner" name="runScenario" time="6.543"/>
  <testcase classname="testRunner.TestRunner" name="runScenario" time="16.846">
    <error message="Unable to locate element: //div[@role=&#039;alert&#039;]
For documentation on this error, please visit: https://www.selenium.dev/documentation/webdriver/troubleshooting/errors#no-such-element-exception
Build info: version: &#039;4.27.0&#039;, revision: &#039;d6e718d134&#039;
System info: os.name: &#039;Windows 11&#039;, os.arch: &#039;amd64&#039;, os.version: &#039;10.0&#039;, java.version: &#039;21.0.5&#039;
Driver info: org.openqa.selenium.firefox.FirefoxDriver
Command: [3f701810-f329-4c6d-874c-26a6b53a4d25, findElement {using=xpath, value=//div[@role=&#039;alert&#039;]}]
Capabilities {acceptInsecureCerts: true, browserName: firefox, browserVersion: 135.0.1, moz:accessibilityChecks: false, moz:buildID: 20250216192613, moz:debuggerAddress: 127.0.0.1:19171, moz:geckodriverVersion: 0.35.0, moz:headless: false, moz:platformVersion: 10.0, moz:processID: 193820, moz:profile: C:\Users\madhu\AppData\Loca..., moz:shutdownTimeout: 60000, moz:webdriverClick: true, moz:windowless: false, pageLoadStrategy: normal, platformName: windows, proxy: Proxy(), se:cdp: ws://127.0.0.1:19171/devtoo..., se:cdpVersion: 85.0, setWindowRect: true, strictFileInteractability: false, timeouts: {implicit: 0, pageLoad: 300000, script: 30000}, unhandledPromptBehavior: dismiss and notify, userAgent: Mozilla/5.0 (Windows NT 10....}
Session ID: 3f701810-f329-4c6d-874c-26a6b53a4d25" type="org.openqa.selenium.NoSuchElementException">
      <![CDATA[org.openqa.selenium.NoSuchElementException: Unable to locate element: //div[@role='alert']
For documentation on this error, please visit: https://www.selenium.dev/documentation/webdriver/troubleshooting/errors#no-such-element-exception
Build info: version: '4.27.0', revision: 'd6e718d134'
System info: os.name: 'Windows 11', os.arch: 'amd64', os.version: '10.0', java.version: '21.0.5'
Driver info: org.openqa.selenium.firefox.FirefoxDriver
Command: [3f701810-f329-4c6d-874c-26a6b53a4d25, findElement {using=xpath, value=//div[@role='alert']}]
Capabilities {acceptInsecureCerts: true, browserName: firefox, browserVersion: 135.0.1, moz:accessibilityChecks: false, moz:buildID: 20250216192613, moz:debuggerAddress: 127.0.0.1:19171, moz:geckodriverVersion: 0.35.0, moz:headless: false, moz:platformVersion: 10.0, moz:processID: 193820, moz:profile: C:\Users\madhu\AppData\Loca..., moz:shutdownTimeout: 60000, moz:webdriverClick: true, moz:windowless: false, pageLoadStrategy: normal, platformName: windows, proxy: Proxy(), se:cdp: ws://127.0.0.1:19171/devtoo..., se:cdpVersion: 85.0, setWindowRect: true, strictFileInteractability: false, timeouts: {implicit: 0, pageLoad: 300000, script: 30000}, unhandledPromptBehavior: dismiss and notify, userAgent: Mozilla/5.0 (Windows NT 10....}
Session ID: 3f701810-f329-4c6d-874c-26a6b53a4d25
at java.base/jdk.internal.reflect.DirectConstructorHandleAccessor.newInstance(DirectConstructorHandleAccessor.java:62)
at java.base/java.lang.reflect.Constructor.newInstanceWithCaller(Constructor.java:502)
at java.base/java.lang.reflect.Constructor.newInstance(Constructor.java:486)
at org.openqa.selenium.remote.ErrorCodec.decode(ErrorCodec.java:167)
at org.openqa.selenium.remote.codec.w3c.W3CHttpResponseCodec.decode(W3CHttpResponseCodec.java:138)
at org.openqa.selenium.remote.codec.w3c.W3CHttpResponseCodec.decode(W3CHttpResponseCodec.java:50)
at org.openqa.selenium.remote.HttpCommandExecutor.execute(HttpCommandExecutor.java:190)
at org.openqa.selenium.remote.service.DriverCommandExecutor.invokeExecute(DriverCommandExecutor.java:216)
at org.openqa.selenium.remote.service.DriverCommandExecutor.execute(DriverCommandExecutor.java:174)
at org.openqa.selenium.remote.RemoteWebDriver.execute(RemoteWebDriver.java:545)
at org.openqa.selenium.remote.ElementLocation$ElementFinder$2.findElement(ElementLocation.java:165)
at org.openqa.selenium.remote.ElementLocation.findElement(ElementLocation.java:59)
at org.openqa.selenium.remote.RemoteWebDriver.findElement(RemoteWebDriver.java:368)
at org.openqa.selenium.remote.RemoteWebDriver.findElement(RemoteWebDriver.java:362)
at org.openqa.selenium.support.pagefactory.DefaultElementLocator.findElement(DefaultElementLocator.java:68)
at org.openqa.selenium.support.pagefactory.internal.LocatingElementHandler.invoke(LocatingElementHandler.java:38)
at jdk.proxy2/jdk.proxy2.$Proxy48.getText(Unknown Source)
at pages.Program_Page.getSuccessMessageText(Program_Page.java:406)
at stepDefinitions.ProgramStep.the_respective_row_in_the_table_should_be_deleted(ProgramStep.java:275)
at ✽.The respective row in the table should be deleted on program page(file:///C:/Users/madhu/OneDrive/Desktop/SDET/LMS_ActionSquad/src/test/resources/Feature%20files/03_Program.feature:142)
]]>
    </error>
  </testcase> <!-- runScenario -->
  <testcase classname="testRunner.TestRunner" name="runScenario" time="3.983"/>
  <testcase classname="testRunner.TestRunner" name="runScenario" time="3.822"/>
  <testcase classname="testRunner.TestRunner" name="runScenario" time="6.457"/>
  <testcase classname="testRunner.TestRunner" name="runScenario" time="3.699"/>
  <testcase classname="testRunner.TestRunner" name="runScenario" time="3.977"/>
  <testcase classname="testRunner.TestRunner" name="runScenario" time="3.712"/>
  <testcase classname="testRunner.TestRunner" name="runScenario" time="6.662"/>
  <testcase classname="testRunner.TestRunner" name="runScenario" time="24.254">
    <error message="Unable to locate element: //tbody/tr[1]//button[@icon=&#039;pi pi-trash&#039;]
For documentation on this error, please visit: https://www.selenium.dev/documentation/webdriver/troubleshooting/errors#no-such-element-exception
Build info: version: &#039;4.27.0&#039;, revision: &#039;d6e718d134&#039;
System info: os.name: &#039;Windows 11&#039;, os.arch: &#039;amd64&#039;, os.version: &#039;10.0&#039;, java.version: &#039;21.0.5&#039;
Driver info: org.openqa.selenium.firefox.FirefoxDriver
Command: [8a36ef02-2c7a-4056-a1e9-fe8616c714b8, findElement {using=xpath, value=//tbody/tr[1]//button[@icon=&#039;pi pi-trash&#039;]}]
Capabilities {acceptInsecureCerts: true, browserName: firefox, browserVersion: 135.0.1, moz:accessibilityChecks: false, moz:buildID: 20250216192613, moz:debuggerAddress: 127.0.0.1:38469, moz:geckodriverVersion: 0.35.0, moz:headless: false, moz:platformVersion: 10.0, moz:processID: 171772, moz:profile: C:\Users\madhu\AppData\Loca..., moz:shutdownTimeout: 60000, moz:webdriverClick: true, moz:windowless: false, pageLoadStrategy: normal, platformName: windows, proxy: Proxy(), se:cdp: ws://127.0.0.1:38469/devtoo..., se:cdpVersion: 85.0, setWindowRect: true, strictFileInteractability: false, timeouts: {implicit: 0, pageLoad: 300000, script: 30000}, unhandledPromptBehavior: dismiss and notify, userAgent: Mozilla/5.0 (Windows NT 10....}
Session ID: 8a36ef02-2c7a-4056-a1e9-fe8616c714b8" type="org.openqa.selenium.NoSuchElementException">
      <![CDATA[org.openqa.selenium.NoSuchElementException: Unable to locate element: //tbody/tr[1]//button[@icon='pi pi-trash']
For documentation on this error, please visit: https://www.selenium.dev/documentation/webdriver/troubleshooting/errors#no-such-element-exception
Build info: version: '4.27.0', revision: 'd6e718d134'
System info: os.name: 'Windows 11', os.arch: 'amd64', os.version: '10.0', java.version: '21.0.5'
Driver info: org.openqa.selenium.firefox.FirefoxDriver
Command: [8a36ef02-2c7a-4056-a1e9-fe8616c714b8, findElement {using=xpath, value=//tbody/tr[1]//button[@icon='pi pi-trash']}]
Capabilities {acceptInsecureCerts: true, browserName: firefox, browserVersion: 135.0.1, moz:accessibilityChecks: false, moz:buildID: 20250216192613, moz:debuggerAddress: 127.0.0.1:38469, moz:geckodriverVersion: 0.35.0, moz:headless: false, moz:platformVersion: 10.0, moz:processID: 171772, moz:profile: C:\Users\madhu\AppData\Loca..., moz:shutdownTimeout: 60000, moz:webdriverClick: true, moz:windowless: false, pageLoadStrategy: normal, platformName: windows, proxy: Proxy(), se:cdp: ws://127.0.0.1:38469/devtoo..., se:cdpVersion: 85.0, setWindowRect: true, strictFileInteractability: false, timeouts: {implicit: 0, pageLoad: 300000, script: 30000}, unhandledPromptBehavior: dismiss and notify, userAgent: Mozilla/5.0 (Windows NT 10....}
Session ID: 8a36ef02-2c7a-4056-a1e9-fe8616c714b8
at java.base/jdk.internal.reflect.DirectConstructorHandleAccessor.newInstance(DirectConstructorHandleAccessor.java:62)
at java.base/java.lang.reflect.Constructor.newInstanceWithCaller(Constructor.java:502)
at java.base/java.lang.reflect.Constructor.newInstance(Constructor.java:486)
at org.openqa.selenium.remote.ErrorCodec.decode(ErrorCodec.java:167)
at org.openqa.selenium.remote.codec.w3c.W3CHttpResponseCodec.decode(W3CHttpResponseCodec.java:138)
at org.openqa.selenium.remote.codec.w3c.W3CHttpResponseCodec.decode(W3CHttpResponseCodec.java:50)
at org.openqa.selenium.remote.HttpCommandExecutor.execute(HttpCommandExecutor.java:190)
at org.openqa.selenium.remote.service.DriverCommandExecutor.invokeExecute(DriverCommandExecutor.java:216)
at org.openqa.selenium.remote.service.DriverCommandExecutor.execute(DriverCommandExecutor.java:174)
at org.openqa.selenium.remote.RemoteWebDriver.execute(RemoteWebDriver.java:545)
at org.openqa.selenium.remote.ElementLocation$ElementFinder$2.findElement(ElementLocation.java:165)
at org.openqa.selenium.remote.ElementLocation.findElement(ElementLocation.java:59)
at org.openqa.selenium.remote.RemoteWebDriver.findElement(RemoteWebDriver.java:368)
at org.openqa.selenium.remote.RemoteWebDriver.findElement(RemoteWebDriver.java:362)
at org.openqa.selenium.support.pagefactory.DefaultElementLocator.findElement(DefaultElementLocator.java:68)
at org.openqa.selenium.support.pagefactory.internal.LocatingElementHandler.invoke(LocatingElementHandler.java:38)
at jdk.proxy2/jdk.proxy2.$Proxy48.getWrappedElement(Unknown Source)
at org.openqa.selenium.remote.WebElementToJsonConverter.apply(WebElementToJsonConverter.java:48)
at java.base/java.util.stream.ReferencePipeline$3$1.accept(ReferencePipeline.java:197)
at java.base/java.util.Spliterators$ArraySpliterator.forEachRemaining(Spliterators.java:1024)
at java.base/java.util.stream.AbstractPipeline.copyInto(AbstractPipeline.java:509)
at java.base/java.util.stream.AbstractPipeline.wrapAndCopyInto(AbstractPipeline.java:499)
at java.base/java.util.stream.ReduceOps$ReduceOp.evaluateSequential(ReduceOps.java:921)
at java.base/java.util.stream.AbstractPipeline.evaluate(AbstractPipeline.java:234)
at java.base/java.util.stream.ReferencePipeline.collect(ReferencePipeline.java:682)
at org.openqa.selenium.remote.RemoteWebDriver.executeScript(RemoteWebDriver.java:474)
at pages.LMSAddonPage.elementclickJs(LMSAddonPage.java:67)
at stepDefinitions.ProgramStepAddon.admin_clicks_on_delete_icon(ProgramStepAddon.java:209)
at ✽.Admin clicks on "Delete" delete icon(file:///C:/Users/madhu/OneDrive/Desktop/SDET/LMS_ActionSquad/src/test/resources/Feature%20files/11_ClassAdditional.feature:32)
]]>
    </error>
  </testcase> <!-- runScenario -->
  <testcase classname="testRunner.TestRunner" name="runScenario" time="5.937"/>
  <testcase classname="testRunner.TestRunner" name="runScenario" time="15.758">
    <failure message="expected [false] but found [true]" type="java.lang.AssertionError">
      <![CDATA[java.lang.AssertionError: expected [false] but found [true]
at org.testng.Assert.fail(Assert.java:111)
at org.testng.Assert.failNotEquals(Assert.java:1578)
at org.testng.Assert.assertFalse(Assert.java:79)
at org.testng.Assert.assertFalse(Assert.java:89)
at stepDefinitions.LoginStep.admin_should(LoginStep.java:194)
at ✽.Admin should "Emptyusername"(file:///C:/Users/madhu/OneDrive/Desktop/SDET/LMS_ActionSquad/src/test/resources/Feature%20files/01_Login.feature:105)
]]>
    </failure>
  </testcase> <!-- runScenario -->
  <testcase classname="testRunner.TestRunner" name="runScenario" time="5.103"/>
  <testcase classname="testRunner.TestRunner" name="runScenario" time="7.003"/>
  <testcase classname="testRunner.TestRunner" name="runScenario" time="20.935">
    <failure message="expected [false] but found [true]" type="java.lang.AssertionError">
      <![CDATA[java.lang.AssertionError: expected [false] but found [true]
at org.testng.Assert.fail(Assert.java:111)
at org.testng.Assert.failNotEquals(Assert.java:1578)
at org.testng.Assert.assertFalse(Assert.java:79)
at org.testng.Assert.assertFalse(Assert.java:89)
at stepDefinitions.LoginStepAddon.admin_should_see_forgot_password_link(LoginStepAddon.java:104)
at ✽.Admin should see Forgot Password Link(file:///C:/Users/madhu/OneDrive/Desktop/SDET/LMS_ActionSquad/src/test/resources/Feature%20files/07_LoginAdditional.feature:42)
]]>
    </failure>
  </testcase> <!-- runScenario -->
  <testcase classname="testRunner.TestRunner" name="runScenario" time="21.141"/>
  <testcase classname="testRunner.TestRunner" name="runScenario" time="8.128"/>
  <testcase classname="testRunner.TestRunner" name="runScenario" time="7.691"/>
  <testcase classname="testRunner.TestRunner" name="runScenario" time="3.639"/>
  <testcase classname="testRunner.TestRunner" name="runScenario" time="8.331">
    <error message="Move target (956, 893) is out of bounds of viewport dimensions (1536, 827)
Build info: version: &#039;4.27.0&#039;, revision: &#039;d6e718d134&#039;
System info: os.name: &#039;Windows 11&#039;, os.arch: &#039;amd64&#039;, os.version: &#039;10.0&#039;, java.version: &#039;21.0.5&#039;
Driver info: org.openqa.selenium.firefox.FirefoxDriver
Command: [474fe2aa-985c-458f-9a88-4e0faee60a32, actions {actions=[org.openqa.selenium.interactions.Sequence@62cce6c0]}]
Capabilities {acceptInsecureCerts: true, browserName: firefox, browserVersion: 135.0.1, moz:accessibilityChecks: false, moz:buildID: 20250216192613, moz:debuggerAddress: 127.0.0.1:18906, moz:geckodriverVersion: 0.35.0, moz:headless: false, moz:platformVersion: 10.0, moz:processID: 217372, moz:profile: C:\Users\madhu\AppData\Loca..., moz:shutdownTimeout: 60000, moz:webdriverClick: true, moz:windowless: false, pageLoadStrategy: normal, platformName: windows, proxy: Proxy(), se:cdp: ws://127.0.0.1:18906/devtoo..., se:cdpVersion: 85.0, setWindowRect: true, strictFileInteractability: false, timeouts: {implicit: 0, pageLoad: 300000, script: 30000}, unhandledPromptBehavior: dismiss and notify, userAgent: Mozilla/5.0 (Windows NT 10....}
Session ID: 474fe2aa-985c-458f-9a88-4e0faee60a32" type="org.openqa.selenium.interactions.MoveTargetOutOfBoundsException">
      <![CDATA[org.openqa.selenium.interactions.MoveTargetOutOfBoundsException: Move target (956, 893) is out of bounds of viewport dimensions (1536, 827)
Build info: version: '4.27.0', revision: 'd6e718d134'
System info: os.name: 'Windows 11', os.arch: 'amd64', os.version: '10.0', java.version: '21.0.5'
Driver info: org.openqa.selenium.firefox.FirefoxDriver
Command: [474fe2aa-985c-458f-9a88-4e0faee60a32, actions {actions=[org.openqa.selenium.interactions.Sequence@62cce6c0]}]
Capabilities {acceptInsecureCerts: true, browserName: firefox, browserVersion: 135.0.1, moz:accessibilityChecks: false, moz:buildID: 20250216192613, moz:debuggerAddress: 127.0.0.1:18906, moz:geckodriverVersion: 0.35.0, moz:headless: false, moz:platformVersion: 10.0, moz:processID: 217372, moz:profile: C:\Users\madhu\AppData\Loca..., moz:shutdownTimeout: 60000, moz:webdriverClick: true, moz:windowless: false, pageLoadStrategy: normal, platformName: windows, proxy: Proxy(), se:cdp: ws://127.0.0.1:18906/devtoo..., se:cdpVersion: 85.0, setWindowRect: true, strictFileInteractability: false, timeouts: {implicit: 0, pageLoad: 300000, script: 30000}, unhandledPromptBehavior: dismiss and notify, userAgent: Mozilla/5.0 (Windows NT 10....}
Session ID: 474fe2aa-985c-458f-9a88-4e0faee60a32
at java.base/jdk.internal.reflect.DirectConstructorHandleAccessor.newInstance(DirectConstructorHandleAccessor.java:62)
at java.base/java.lang.reflect.Constructor.newInstanceWithCaller(Constructor.java:502)
at java.base/java.lang.reflect.Constructor.newInstance(Constructor.java:486)
at org.openqa.selenium.remote.ErrorCodec.decode(ErrorCodec.java:167)
at org.openqa.selenium.remote.codec.w3c.W3CHttpResponseCodec.decode(W3CHttpResponseCodec.java:138)
at org.openqa.selenium.remote.codec.w3c.W3CHttpResponseCodec.decode(W3CHttpResponseCodec.java:50)
at org.openqa.selenium.remote.HttpCommandExecutor.execute(HttpCommandExecutor.java:190)
at org.openqa.selenium.remote.service.DriverCommandExecutor.invokeExecute(DriverCommandExecutor.java:216)
at org.openqa.selenium.remote.service.DriverCommandExecutor.execute(DriverCommandExecutor.java:174)
at org.openqa.selenium.remote.RemoteWebDriver.execute(RemoteWebDriver.java:545)
at org.openqa.selenium.remote.RemoteWebDriver.perform(RemoteWebDriver.java:631)
at org.openqa.selenium.interactions.Actions$BuiltAction.perform(Actions.java:613)
at org.openqa.selenium.interactions.Actions.perform(Actions.java:578)
at pages.Program_Page.clickPreviousPage(Program_Page.java:593)
at stepDefinitions.ProgramStep.adminClicksPageLink(ProgramStep.java:437)
at ✽.Admin clicks the "Previous" link on the data table in program page(file:///C:/Users/madhu/OneDrive/Desktop/SDET/LMS_ActionSquad/src/test/resources/Feature%20files/03_Program.feature:208)
]]>
    </error>
  </testcase> <!-- runScenario -->
  <testcase classname="testRunner.TestRunner" name="runScenario" time="5.559"/>
  <testcase classname="testRunner.TestRunner" name="runScenario" time="4.870"/>
  <testcase classname="testRunner.TestRunner" name="runScenario" time="5.941"/>
  <testcase classname="testRunner.TestRunner" name="runScenario" time="3.144"/>
  <testcase classname="testRunner.TestRunner" name="runScenario" time="6.812"/>
  <testcase classname="testRunner.TestRunner" name="runScenario" time="29.501">
    <error message="no such element: Unable to locate element: {&quot;method&quot;:&quot;xpath&quot;,&quot;selector&quot;:&quot;//small&quot;}
  (Session info: chrome=133.0.6943.127)
For documentation on this error, please visit: https://www.selenium.dev/documentation/webdriver/troubleshooting/errors#no-such-element-exception
Build info: version: &#039;4.27.0&#039;, revision: &#039;d6e718d134&#039;
System info: os.name: &#039;Windows 11&#039;, os.arch: &#039;amd64&#039;, os.version: &#039;10.0&#039;, java.version: &#039;21.0.5&#039;
Driver info: org.openqa.selenium.chrome.ChromeDriver
Command: [2ee65ad7f7b4ac6f2a4fd0837a241ebf, findElement {using=xpath, value=//small}]
Capabilities {acceptInsecureCerts: false, browserName: chrome, browserVersion: 133.0.6943.127, chrome: {chromedriverVersion: 133.0.6943.126 (cffa127ce7b..., userDataDir: C:\Users\madhu\AppData\Loca...}, fedcm:accounts: true, goog:chromeOptions: {debuggerAddress: localhost:52195}, networkConnectionEnabled: false, pageLoadStrategy: normal, platformName: windows, proxy: Proxy(), se:cdp: ws://localhost:52195/devtoo..., se:cdpVersion: 133.0.6943.127, setWindowRect: true, strictFileInteractability: false, timeouts: {implicit: 0, pageLoad: 300000, script: 30000}, unhandledPromptBehavior: dismiss and notify, webauthn:extension:credBlob: true, webauthn:extension:largeBlob: true, webauthn:extension:minPinLength: true, webauthn:extension:prf: true, webauthn:virtualAuthenticators: true}
Session ID: 2ee65ad7f7b4ac6f2a4fd0837a241ebf" type="org.openqa.selenium.NoSuchElementException">
      <![CDATA[org.openqa.selenium.NoSuchElementException: no such element: Unable to locate element: {"method":"xpath","selector":"//small"}
  (Session info: chrome=133.0.6943.127)
For documentation on this error, please visit: https://www.selenium.dev/documentation/webdriver/troubleshooting/errors#no-such-element-exception
Build info: version: '4.27.0', revision: 'd6e718d134'
System info: os.name: 'Windows 11', os.arch: 'amd64', os.version: '10.0', java.version: '21.0.5'
Driver info: org.openqa.selenium.chrome.ChromeDriver
Command: [2ee65ad7f7b4ac6f2a4fd0837a241ebf, findElement {using=xpath, value=//small}]
Capabilities {acceptInsecureCerts: false, browserName: chrome, browserVersion: 133.0.6943.127, chrome: {chromedriverVersion: 133.0.6943.126 (cffa127ce7b..., userDataDir: C:\Users\madhu\AppData\Loca...}, fedcm:accounts: true, goog:chromeOptions: {debuggerAddress: localhost:52195}, networkConnectionEnabled: false, pageLoadStrategy: normal, platformName: windows, proxy: Proxy(), se:cdp: ws://localhost:52195/devtoo..., se:cdpVersion: 133.0.6943.127, setWindowRect: true, strictFileInteractability: false, timeouts: {implicit: 0, pageLoad: 300000, script: 30000}, unhandledPromptBehavior: dismiss and notify, webauthn:extension:credBlob: true, webauthn:extension:largeBlob: true, webauthn:extension:minPinLength: true, webauthn:extension:prf: true, webauthn:virtualAuthenticators: true}
Session ID: 2ee65ad7f7b4ac6f2a4fd0837a241ebf
at java.base/jdk.internal.reflect.DirectConstructorHandleAccessor.newInstance(DirectConstructorHandleAccessor.java:62)
at java.base/java.lang.reflect.Constructor.newInstanceWithCaller(Constructor.java:502)
at java.base/java.lang.reflect.Constructor.newInstance(Constructor.java:486)
at org.openqa.selenium.remote.ErrorCodec.decode(ErrorCodec.java:167)
at org.openqa.selenium.remote.codec.w3c.W3CHttpResponseCodec.decode(W3CHttpResponseCodec.java:138)
at org.openqa.selenium.remote.codec.w3c.W3CHttpResponseCodec.decode(W3CHttpResponseCodec.java:50)
at org.openqa.selenium.remote.HttpCommandExecutor.execute(HttpCommandExecutor.java:190)
at org.openqa.selenium.remote.service.DriverCommandExecutor.invokeExecute(DriverCommandExecutor.java:216)
at org.openqa.selenium.remote.service.DriverCommandExecutor.execute(DriverCommandExecutor.java:174)
at org.openqa.selenium.remote.RemoteWebDriver.execute(RemoteWebDriver.java:545)
at org.openqa.selenium.remote.ElementLocation$ElementFinder$2.findElement(ElementLocation.java:165)
at org.openqa.selenium.remote.ElementLocation.findElement(ElementLocation.java:59)
at org.openqa.selenium.remote.RemoteWebDriver.findElement(RemoteWebDriver.java:368)
at org.openqa.selenium.remote.RemoteWebDriver.findElement(RemoteWebDriver.java:362)
at org.openqa.selenium.support.pagefactory.DefaultElementLocator.findElement(DefaultElementLocator.java:68)
at org.openqa.selenium.support.pagefactory.internal.LocatingElementHandler.invoke(LocatingElementHandler.java:38)
at jdk.proxy2/jdk.proxy2.$Proxy48.getText(Unknown Source)
at pages.BasePage.elementGetText(BasePage.java:30)
at stepDefinitions.BatchStepAddon.admin_receives_invalid_error_messages(BatchStepAddon.java:147)
at ✽.Admin receives "DesclessChar" invalid error messages(file:///C:/Users/madhu/OneDrive/Desktop/SDET/LMS_ActionSquad/src/test/resources/Feature%20files/10_BatchAdditional.feature:79)
]]>
    </error>
  </testcase> <!-- runScenario -->
  <testcase classname="testRunner.TestRunner" name="runScenario" time="12.845"/>
  <testcase classname="testRunner.TestRunner" name="runScenario" time="6.215"/>
  <testcase classname="testRunner.TestRunner" name="runScenario" time="3.043"/>
  <testcase classname="testRunner.TestRunner" name="runScenario" time="5.202"/>
  <testcase classname="testRunner.TestRunner" name="runScenario" time="6.482"/>
  <testcase classname="testRunner.TestRunner" name="runScenario" time="5.350"/>
  <testcase classname="testRunner.TestRunner" name="runScenario" time="3.232"/>
  <testcase classname="testRunner.TestRunner" name="runScenario" time="2.930"/>
  <testcase classname="testRunner.TestRunner" name="runScenario" time="4.920"/>
  <testcase classname="testRunner.TestRunner" name="runScenario" time="12.884"/>
  <testcase classname="testRunner.TestRunner" name="runScenario" time="3.914"/>
  <testcase classname="testRunner.TestRunner" name="runScenario" time="6.741">
    <failure message="expected [true] but found [false]" type="java.lang.AssertionError">
      <![CDATA[java.lang.AssertionError: expected [true] but found [false]
at org.testng.Assert.fail(Assert.java:111)
at org.testng.Assert.failNotEquals(Assert.java:1578)
at org.testng.Assert.assertTrue(Assert.java:57)
at org.testng.Assert.assertTrue(Assert.java:67)
at stepDefinitions.ProgramStep.admin_enter_the_in_search_textbox(ProgramStep.java:302)
at ✽.Admin enter the "Description" "Open" in search textbox(file:///C:/Users/madhu/OneDrive/Desktop/SDET/LMS_ActionSquad/src/test/resources/Feature%20files/03_Program.feature:154)
]]>
    </failure>
  </testcase> <!-- runScenario -->
  <testcase classname="testRunner.TestRunner" name="runScenario" time="8.808"/>
  <testcase classname="testRunner.TestRunner" name="runScenario" time="7.793"/>
  <testcase classname="testRunner.TestRunner" name="runScenario" time="7.429">
    <error message="Element &lt;button class=&quot;mat-focus-indicator mat-menu-item ng-tns-c230-6 cdk-focused cdk-mouse-focused&quot;&gt; is not clickable at point (1361,75) because another element &lt;div id=&quot;cdk-overlay-1&quot; class=&quot;cdk-overlay-pane&quot;&gt; obscures it
Build info: version: &#039;4.27.0&#039;, revision: &#039;d6e718d134&#039;
System info: os.name: &#039;Windows 11&#039;, os.arch: &#039;amd64&#039;, os.version: &#039;10.0&#039;, java.version: &#039;21.0.5&#039;
Driver info: org.openqa.selenium.firefox.FirefoxDriver
Command: [9cb65cc4-12ee-4a82-8393-7246c6f40926, clickElement {id=55d2c55d-a6f1-4660-b837-4d1c2f253552}]
Capabilities {acceptInsecureCerts: true, browserName: firefox, browserVersion: 135.0.1, moz:accessibilityChecks: false, moz:buildID: 20250216192613, moz:debuggerAddress: 127.0.0.1:18161, moz:geckodriverVersion: 0.35.0, moz:headless: false, moz:platformVersion: 10.0, moz:processID: 207748, moz:profile: C:\Users\madhu\AppData\Loca..., moz:shutdownTimeout: 60000, moz:webdriverClick: true, moz:windowless: false, pageLoadStrategy: normal, platformName: windows, proxy: Proxy(), se:cdp: ws://127.0.0.1:18161/devtoo..., se:cdpVersion: 85.0, setWindowRect: true, strictFileInteractability: false, timeouts: {implicit: 0, pageLoad: 300000, script: 30000}, unhandledPromptBehavior: dismiss and notify, userAgent: Mozilla/5.0 (Windows NT 10....}
Element: [[FirefoxDriver: firefox on windows (9cb65cc4-12ee-4a82-8393-7246c6f40926)] -&gt; xpath: //button[@role=&#039;menuitem&#039;]]
Session ID: 9cb65cc4-12ee-4a82-8393-7246c6f40926" type="org.openqa.selenium.ElementClickInterceptedException">
      <![CDATA[org.openqa.selenium.ElementClickInterceptedException: Element <button class="mat-focus-indicator mat-menu-item ng-tns-c230-6 cdk-focused cdk-mouse-focused"> is not clickable at point (1361,75) because another element <div id="cdk-overlay-1" class="cdk-overlay-pane"> obscures it
Build info: version: '4.27.0', revision: 'd6e718d134'
System info: os.name: 'Windows 11', os.arch: 'amd64', os.version: '10.0', java.version: '21.0.5'
Driver info: org.openqa.selenium.firefox.FirefoxDriver
Command: [9cb65cc4-12ee-4a82-8393-7246c6f40926, clickElement {id=55d2c55d-a6f1-4660-b837-4d1c2f253552}]
Capabilities {acceptInsecureCerts: true, browserName: firefox, browserVersion: 135.0.1, moz:accessibilityChecks: false, moz:buildID: 20250216192613, moz:debuggerAddress: 127.0.0.1:18161, moz:geckodriverVersion: 0.35.0, moz:headless: false, moz:platformVersion: 10.0, moz:processID: 207748, moz:profile: C:\Users\madhu\AppData\Loca..., moz:shutdownTimeout: 60000, moz:webdriverClick: true, moz:windowless: false, pageLoadStrategy: normal, platformName: windows, proxy: Proxy(), se:cdp: ws://127.0.0.1:18161/devtoo..., se:cdpVersion: 85.0, setWindowRect: true, strictFileInteractability: false, timeouts: {implicit: 0, pageLoad: 300000, script: 30000}, unhandledPromptBehavior: dismiss and notify, userAgent: Mozilla/5.0 (Windows NT 10....}
Element: [[FirefoxDriver: firefox on windows (9cb65cc4-12ee-4a82-8393-7246c6f40926)] -> xpath: //button[@role='menuitem']]
Session ID: 9cb65cc4-12ee-4a82-8393-7246c6f40926
at java.base/jdk.internal.reflect.DirectConstructorHandleAccessor.newInstance(DirectConstructorHandleAccessor.java:62)
at java.base/java.lang.reflect.Constructor.newInstanceWithCaller(Constructor.java:502)
at java.base/java.lang.reflect.Constructor.newInstance(Constructor.java:486)
at org.openqa.selenium.remote.ErrorCodec.decode(ErrorCodec.java:167)
at org.openqa.selenium.remote.codec.w3c.W3CHttpResponseCodec.decode(W3CHttpResponseCodec.java:138)
at org.openqa.selenium.remote.codec.w3c.W3CHttpResponseCodec.decode(W3CHttpResponseCodec.java:50)
at org.openqa.selenium.remote.HttpCommandExecutor.execute(HttpCommandExecutor.java:190)
at org.openqa.selenium.remote.service.DriverCommandExecutor.invokeExecute(DriverCommandExecutor.java:216)
at org.openqa.selenium.remote.service.DriverCommandExecutor.execute(DriverCommandExecutor.java:174)
at org.openqa.selenium.remote.RemoteWebDriver.execute(RemoteWebDriver.java:545)
at org.openqa.selenium.remote.RemoteWebElement.execute(RemoteWebElement.java:223)
at org.openqa.selenium.remote.RemoteWebElement.click(RemoteWebElement.java:76)
at java.base/jdk.internal.reflect.DirectMethodHandleAccessor.invoke(DirectMethodHandleAccessor.java:103)
at java.base/java.lang.reflect.Method.invoke(Method.java:580)
at org.openqa.selenium.support.pagefactory.internal.LocatingElementHandler.invoke(LocatingElementHandler.java:51)
at jdk.proxy2/jdk.proxy2.$Proxy48.click(Unknown Source)
at pages.Batch_Page.clickAddNewBatchButton(Batch_Page.java:406)
at stepDefinitions.BatchStep.admin_is_on_the_batch_page(BatchStep.java:436)
at ✽.Admin is on the batch page(file:///C:/Users/madhu/OneDrive/Desktop/SDET/LMS_ActionSquad/src/test/resources/Feature%20files/04_Batch.feature:197)
]]>
    </error>
  </testcase> <!-- runScenario -->
  <testcase classname="testRunner.TestRunner" name="runScenario" time="14.144">
    <error message="no such element: Unable to locate element: {&quot;method&quot;:&quot;xpath&quot;,&quot;selector&quot;:&quot;//small&quot;}
  (Session info: chrome=133.0.6943.127)
For documentation on this error, please visit: https://www.selenium.dev/documentation/webdriver/troubleshooting/errors#no-such-element-exception
Build info: version: &#039;4.27.0&#039;, revision: &#039;d6e718d134&#039;
System info: os.name: &#039;Windows 11&#039;, os.arch: &#039;amd64&#039;, os.version: &#039;10.0&#039;, java.version: &#039;21.0.5&#039;
Driver info: org.openqa.selenium.chrome.ChromeDriver
Command: [bedab2d961aa66fb4ebc122db3057dad, findElement {using=xpath, value=//small}]
Capabilities {acceptInsecureCerts: false, browserName: chrome, browserVersion: 133.0.6943.127, chrome: {chromedriverVersion: 133.0.6943.126 (cffa127ce7b..., userDataDir: C:\Users\madhu\AppData\Loca...}, fedcm:accounts: true, goog:chromeOptions: {debuggerAddress: localhost:52142}, networkConnectionEnabled: false, pageLoadStrategy: normal, platformName: windows, proxy: Proxy(), se:cdp: ws://localhost:52142/devtoo..., se:cdpVersion: 133.0.6943.127, setWindowRect: true, strictFileInteractability: false, timeouts: {implicit: 0, pageLoad: 300000, script: 30000}, unhandledPromptBehavior: dismiss and notify, webauthn:extension:credBlob: true, webauthn:extension:largeBlob: true, webauthn:extension:minPinLength: true, webauthn:extension:prf: true, webauthn:virtualAuthenticators: true}
Session ID: bedab2d961aa66fb4ebc122db3057dad" type="org.openqa.selenium.NoSuchElementException">
      <![CDATA[org.openqa.selenium.NoSuchElementException: no such element: Unable to locate element: {"method":"xpath","selector":"//small"}
  (Session info: chrome=133.0.6943.127)
For documentation on this error, please visit: https://www.selenium.dev/documentation/webdriver/troubleshooting/errors#no-such-element-exception
Build info: version: '4.27.0', revision: 'd6e718d134'
System info: os.name: 'Windows 11', os.arch: 'amd64', os.version: '10.0', java.version: '21.0.5'
Driver info: org.openqa.selenium.chrome.ChromeDriver
Command: [bedab2d961aa66fb4ebc122db3057dad, findElement {using=xpath, value=//small}]
Capabilities {acceptInsecureCerts: false, browserName: chrome, browserVersion: 133.0.6943.127, chrome: {chromedriverVersion: 133.0.6943.126 (cffa127ce7b..., userDataDir: C:\Users\madhu\AppData\Loca...}, fedcm:accounts: true, goog:chromeOptions: {debuggerAddress: localhost:52142}, networkConnectionEnabled: false, pageLoadStrategy: normal, platformName: windows, proxy: Proxy(), se:cdp: ws://localhost:52142/devtoo..., se:cdpVersion: 133.0.6943.127, setWindowRect: true, strictFileInteractability: false, timeouts: {implicit: 0, pageLoad: 300000, script: 30000}, unhandledPromptBehavior: dismiss and notify, webauthn:extension:credBlob: true, webauthn:extension:largeBlob: true, webauthn:extension:minPinLength: true, webauthn:extension:prf: true, webauthn:virtualAuthenticators: true}
Session ID: bedab2d961aa66fb4ebc122db3057dad
at java.base/jdk.internal.reflect.DirectConstructorHandleAccessor.newInstance(DirectConstructorHandleAccessor.java:62)
at java.base/java.lang.reflect.Constructor.newInstanceWithCaller(Constructor.java:502)
at java.base/java.lang.reflect.Constructor.newInstance(Constructor.java:486)
at org.openqa.selenium.remote.ErrorCodec.decode(ErrorCodec.java:167)
at org.openqa.selenium.remote.codec.w3c.W3CHttpResponseCodec.decode(W3CHttpResponseCodec.java:138)
at org.openqa.selenium.remote.codec.w3c.W3CHttpResponseCodec.decode(W3CHttpResponseCodec.java:50)
at org.openqa.selenium.remote.HttpCommandExecutor.execute(HttpCommandExecutor.java:190)
at org.openqa.selenium.remote.service.DriverCommandExecutor.invokeExecute(DriverCommandExecutor.java:216)
at org.openqa.selenium.remote.service.DriverCommandExecutor.execute(DriverCommandExecutor.java:174)
at org.openqa.selenium.remote.RemoteWebDriver.execute(RemoteWebDriver.java:545)
at org.openqa.selenium.remote.ElementLocation$ElementFinder$2.findElement(ElementLocation.java:165)
at org.openqa.selenium.remote.ElementLocation.findElement(ElementLocation.java:59)
at org.openqa.selenium.remote.RemoteWebDriver.findElement(RemoteWebDriver.java:368)
at org.openqa.selenium.remote.RemoteWebDriver.findElement(RemoteWebDriver.java:362)
at org.openqa.selenium.support.pagefactory.DefaultElementLocator.findElement(DefaultElementLocator.java:68)
at org.openqa.selenium.support.pagefactory.internal.LocatingElementHandler.invoke(LocatingElementHandler.java:38)
at jdk.proxy2/jdk.proxy2.$Proxy48.getText(Unknown Source)
at pages.BasePage.elementGetText(BasePage.java:30)
at stepDefinitions.BatchStepAddon.admin_receives_invalid_error_messages(BatchStepAddon.java:147)
at ✽.Admin receives "DescSpcChar" invalid error messages(file:///C:/Users/madhu/OneDrive/Desktop/SDET/LMS_ActionSquad/src/test/resources/Feature%20files/10_BatchAdditional.feature:79)
]]>
    </error>
  </testcase> <!-- runScenario -->
  <testcase classname="testRunner.TestRunner" name="runScenario" time="7.600"/>
  <testcase classname="testRunner.TestRunner" name="runScenario" time="4.263"/>
  <testcase classname="testRunner.TestRunner" name="runScenario" time="4.823"/>
  <testcase classname="testRunner.TestRunner" name="runScenario" time="24.550">
    <error message="Unable to locate element: //div/i
For documentation on this error, please visit: https://www.selenium.dev/documentation/webdriver/troubleshooting/errors#no-such-element-exception
Build info: version: &#039;4.27.0&#039;, revision: &#039;d6e718d134&#039;
System info: os.name: &#039;Windows 11&#039;, os.arch: &#039;amd64&#039;, os.version: &#039;10.0&#039;, java.version: &#039;21.0.5&#039;
Driver info: org.openqa.selenium.firefox.FirefoxDriver
Command: [dcc1cc95-e287-4ee4-a834-d582d7ccbe7a, findElement {using=xpath, value=//div/i}]
Capabilities {acceptInsecureCerts: true, browserName: firefox, browserVersion: 135.0.1, moz:accessibilityChecks: false, moz:buildID: 20250216192613, moz:debuggerAddress: 127.0.0.1:18237, moz:geckodriverVersion: 0.35.0, moz:headless: false, moz:platformVersion: 10.0, moz:processID: 216520, moz:profile: C:\Users\madhu\AppData\Loca..., moz:shutdownTimeout: 60000, moz:webdriverClick: true, moz:windowless: false, pageLoadStrategy: normal, platformName: windows, proxy: Proxy(), se:cdp: ws://127.0.0.1:18237/devtoo..., se:cdpVersion: 85.0, setWindowRect: true, strictFileInteractability: false, timeouts: {implicit: 0, pageLoad: 300000, script: 30000}, unhandledPromptBehavior: dismiss and notify, userAgent: Mozilla/5.0 (Windows NT 10....}
Session ID: dcc1cc95-e287-4ee4-a834-d582d7ccbe7a" type="org.openqa.selenium.NoSuchElementException">
      <![CDATA[org.openqa.selenium.NoSuchElementException: Unable to locate element: //div/i
For documentation on this error, please visit: https://www.selenium.dev/documentation/webdriver/troubleshooting/errors#no-such-element-exception
Build info: version: '4.27.0', revision: 'd6e718d134'
System info: os.name: 'Windows 11', os.arch: 'amd64', os.version: '10.0', java.version: '21.0.5'
Driver info: org.openqa.selenium.firefox.FirefoxDriver
Command: [dcc1cc95-e287-4ee4-a834-d582d7ccbe7a, findElement {using=xpath, value=//div/i}]
Capabilities {acceptInsecureCerts: true, browserName: firefox, browserVersion: 135.0.1, moz:accessibilityChecks: false, moz:buildID: 20250216192613, moz:debuggerAddress: 127.0.0.1:18237, moz:geckodriverVersion: 0.35.0, moz:headless: false, moz:platformVersion: 10.0, moz:processID: 216520, moz:profile: C:\Users\madhu\AppData\Loca..., moz:shutdownTimeout: 60000, moz:webdriverClick: true, moz:windowless: false, pageLoadStrategy: normal, platformName: windows, proxy: Proxy(), se:cdp: ws://127.0.0.1:18237/devtoo..., se:cdpVersion: 85.0, setWindowRect: true, strictFileInteractability: false, timeouts: {implicit: 0, pageLoad: 300000, script: 30000}, unhandledPromptBehavior: dismiss and notify, userAgent: Mozilla/5.0 (Windows NT 10....}
Session ID: dcc1cc95-e287-4ee4-a834-d582d7ccbe7a
at java.base/jdk.internal.reflect.DirectConstructorHandleAccessor.newInstance(DirectConstructorHandleAccessor.java:62)
at java.base/java.lang.reflect.Constructor.newInstanceWithCaller(Constructor.java:502)
at java.base/java.lang.reflect.Constructor.newInstance(Constructor.java:486)
at org.openqa.selenium.remote.ErrorCodec.decode(ErrorCodec.java:167)
at org.openqa.selenium.remote.codec.w3c.W3CHttpResponseCodec.decode(W3CHttpResponseCodec.java:138)
at org.openqa.selenium.remote.codec.w3c.W3CHttpResponseCodec.decode(W3CHttpResponseCodec.java:50)
at org.openqa.selenium.remote.HttpCommandExecutor.execute(HttpCommandExecutor.java:190)
at org.openqa.selenium.remote.service.DriverCommandExecutor.invokeExecute(DriverCommandExecutor.java:216)
at org.openqa.selenium.remote.service.DriverCommandExecutor.execute(DriverCommandExecutor.java:174)
at org.openqa.selenium.remote.RemoteWebDriver.execute(RemoteWebDriver.java:545)
at org.openqa.selenium.remote.ElementLocation$ElementFinder$2.findElement(ElementLocation.java:165)
at org.openqa.selenium.remote.ElementLocation.findElement(ElementLocation.java:59)
at org.openqa.selenium.remote.RemoteWebDriver.findElement(RemoteWebDriver.java:368)
at org.openqa.selenium.remote.RemoteWebDriver.findElement(RemoteWebDriver.java:362)
at org.openqa.selenium.support.pagefactory.DefaultElementLocator.findElement(DefaultElementLocator.java:68)
at org.openqa.selenium.support.pagefactory.internal.LocatingElementHandler.invoke(LocatingElementHandler.java:38)
at jdk.proxy2/jdk.proxy2.$Proxy48.isDisplayed(Unknown Source)
at pages.BasePage.isElementPresent(BasePage.java:59)
at stepDefinitions.ProgramStepAddon.admin_should_see_warning_sign_in_confirmation_window(ProgramStepAddon.java:216)
at ✽.Admin should see warning sign in confirmation window(file:///C:/Users/madhu/OneDrive/Desktop/SDET/LMS_ActionSquad/src/test/resources/Feature%20files/11_ClassAdditional.feature:33)
]]>
    </error>
  </testcase> <!-- runScenario -->
  <testcase classname="testRunner.TestRunner" name="runScenario" time="4.097"/>
  <testcase classname="testRunner.TestRunner" name="runScenario" time="6.917"/>
  <testcase classname="testRunner.TestRunner" name="runScenario" time="9.923"/>
  <testcase classname="testRunner.TestRunner" name="runScenario" time="3.506"/>
  <testcase classname="testRunner.TestRunner" name="runScenario" time="17.273">
    <error message="no such element: Unable to locate element: {&quot;method&quot;:&quot;xpath&quot;,&quot;selector&quot;:&quot;//div/i&quot;}
  (Session info: MicrosoftEdge=133.0.3065.82)
For documentation on this error, please visit: https://www.selenium.dev/documentation/webdriver/troubleshooting/errors#no-such-element-exception
Build info: version: &#039;4.27.0&#039;, revision: &#039;d6e718d134&#039;
System info: os.name: &#039;Windows 11&#039;, os.arch: &#039;amd64&#039;, os.version: &#039;10.0&#039;, java.version: &#039;21.0.5&#039;
Driver info: org.openqa.selenium.edge.EdgeDriver
Command: [5af6f6bc71761b8391e166ffc8d2ab14, findElement {using=xpath, value=//div/i}]
Capabilities {acceptInsecureCerts: false, browserName: MicrosoftEdge, browserVersion: 133.0.3065.82, fedcm:accounts: true, ms:edgeOptions: {debuggerAddress: localhost:62435}, msedge: {msedgedriverVersion: 133.0.3065.82 (e8aeaf3e0117..., userDataDir: C:\Users\madhu\AppData\Loca...}, networkConnectionEnabled: false, pageLoadStrategy: normal, platformName: windows, proxy: Proxy(), se:cdp: ws://localhost:62435/devtoo..., se:cdpVersion: 133.0.3065.82, setWindowRect: true, strictFileInteractability: false, timeouts: {implicit: 0, pageLoad: 300000, script: 30000}, unhandledPromptBehavior: dismiss and notify, webauthn:extension:credBlob: true, webauthn:extension:largeBlob: true, webauthn:extension:minPinLength: true, webauthn:extension:prf: true, webauthn:virtualAuthenticators: true}
Session ID: 5af6f6bc71761b8391e166ffc8d2ab14" type="org.openqa.selenium.NoSuchElementException">
      <![CDATA[org.openqa.selenium.NoSuchElementException: no such element: Unable to locate element: {"method":"xpath","selector":"//div/i"}
  (Session info: MicrosoftEdge=133.0.3065.82)
For documentation on this error, please visit: https://www.selenium.dev/documentation/webdriver/troubleshooting/errors#no-such-element-exception
Build info: version: '4.27.0', revision: 'd6e718d134'
System info: os.name: 'Windows 11', os.arch: 'amd64', os.version: '10.0', java.version: '21.0.5'
Driver info: org.openqa.selenium.edge.EdgeDriver
Command: [5af6f6bc71761b8391e166ffc8d2ab14, findElement {using=xpath, value=//div/i}]
Capabilities {acceptInsecureCerts: false, browserName: MicrosoftEdge, browserVersion: 133.0.3065.82, fedcm:accounts: true, ms:edgeOptions: {debuggerAddress: localhost:62435}, msedge: {msedgedriverVersion: 133.0.3065.82 (e8aeaf3e0117..., userDataDir: C:\Users\madhu\AppData\Loca...}, networkConnectionEnabled: false, pageLoadStrategy: normal, platformName: windows, proxy: Proxy(), se:cdp: ws://localhost:62435/devtoo..., se:cdpVersion: 133.0.3065.82, setWindowRect: true, strictFileInteractability: false, timeouts: {implicit: 0, pageLoad: 300000, script: 30000}, unhandledPromptBehavior: dismiss and notify, webauthn:extension:credBlob: true, webauthn:extension:largeBlob: true, webauthn:extension:minPinLength: true, webauthn:extension:prf: true, webauthn:virtualAuthenticators: true}
Session ID: 5af6f6bc71761b8391e166ffc8d2ab14
at java.base/jdk.internal.reflect.DirectConstructorHandleAccessor.newInstance(DirectConstructorHandleAccessor.java:62)
at java.base/java.lang.reflect.Constructor.newInstanceWithCaller(Constructor.java:502)
at java.base/java.lang.reflect.Constructor.newInstance(Constructor.java:486)
at org.openqa.selenium.remote.ErrorCodec.decode(ErrorCodec.java:167)
at org.openqa.selenium.remote.codec.w3c.W3CHttpResponseCodec.decode(W3CHttpResponseCodec.java:138)
at org.openqa.selenium.remote.codec.w3c.W3CHttpResponseCodec.decode(W3CHttpResponseCodec.java:50)
at org.openqa.selenium.remote.HttpCommandExecutor.execute(HttpCommandExecutor.java:190)
at org.openqa.selenium.remote.service.DriverCommandExecutor.invokeExecute(DriverCommandExecutor.java:216)
at org.openqa.selenium.remote.service.DriverCommandExecutor.execute(DriverCommandExecutor.java:174)
at org.openqa.selenium.remote.RemoteWebDriver.execute(RemoteWebDriver.java:545)
at org.openqa.selenium.remote.ElementLocation$ElementFinder$2.findElement(ElementLocation.java:165)
at org.openqa.selenium.remote.ElementLocation.findElement(ElementLocation.java:59)
at org.openqa.selenium.remote.RemoteWebDriver.findElement(RemoteWebDriver.java:368)
at org.openqa.selenium.remote.RemoteWebDriver.findElement(RemoteWebDriver.java:362)
at org.openqa.selenium.support.pagefactory.DefaultElementLocator.findElement(DefaultElementLocator.java:68)
at org.openqa.selenium.support.pagefactory.internal.LocatingElementHandler.invoke(LocatingElementHandler.java:38)
at jdk.proxy2/jdk.proxy2.$Proxy48.isDisplayed(Unknown Source)
at pages.BasePage.isElementPresent(BasePage.java:59)
at stepDefinitions.ProgramStepAddon.admin_should_see_warning_sign_in_confirmation_window(ProgramStepAddon.java:216)
at ✽.Admin should see warning sign in confirmation window(file:///C:/Users/madhu/OneDrive/Desktop/SDET/LMS_ActionSquad/src/test/resources/Feature%20files/11_ClassAdditional.feature:33)
]]>
    </error>
  </testcase> <!-- runScenario -->
  <testcase classname="testRunner.TestRunner" name="runScenario" time="5.412"/>
  <testcase classname="testRunner.TestRunner" name="runScenario" time="4.345"/>
  <testcase classname="testRunner.TestRunner" name="runScenario" time="42.995">
    <error message="no such element: Unable to locate element: {&quot;method&quot;:&quot;xpath&quot;,&quot;selector&quot;:&quot;//div/i&quot;}
  (Session info: chrome=133.0.6943.127)
For documentation on this error, please visit: https://www.selenium.dev/documentation/webdriver/troubleshooting/errors#no-such-element-exception
Build info: version: &#039;4.27.0&#039;, revision: &#039;d6e718d134&#039;
System info: os.name: &#039;Windows 11&#039;, os.arch: &#039;amd64&#039;, os.version: &#039;10.0&#039;, java.version: &#039;21.0.5&#039;
Driver info: org.openqa.selenium.chrome.ChromeDriver
Command: [67d0d1d0c798742c717be2eb9ae8b30c, findElement {using=xpath, value=//div/i}]
Capabilities {acceptInsecureCerts: false, browserName: chrome, browserVersion: 133.0.6943.127, chrome: {chromedriverVersion: 133.0.6943.126 (cffa127ce7b..., userDataDir: C:\Users\madhu\AppData\Loca...}, fedcm:accounts: true, goog:chromeOptions: {debuggerAddress: localhost:52380}, networkConnectionEnabled: false, pageLoadStrategy: normal, platformName: windows, proxy: Proxy(), se:cdp: ws://localhost:52380/devtoo..., se:cdpVersion: 133.0.6943.127, setWindowRect: true, strictFileInteractability: false, timeouts: {implicit: 0, pageLoad: 300000, script: 30000}, unhandledPromptBehavior: dismiss and notify, webauthn:extension:credBlob: true, webauthn:extension:largeBlob: true, webauthn:extension:minPinLength: true, webauthn:extension:prf: true, webauthn:virtualAuthenticators: true}
Session ID: 67d0d1d0c798742c717be2eb9ae8b30c" type="org.openqa.selenium.NoSuchElementException">
      <![CDATA[org.openqa.selenium.NoSuchElementException: no such element: Unable to locate element: {"method":"xpath","selector":"//div/i"}
  (Session info: chrome=133.0.6943.127)
For documentation on this error, please visit: https://www.selenium.dev/documentation/webdriver/troubleshooting/errors#no-such-element-exception
Build info: version: '4.27.0', revision: 'd6e718d134'
System info: os.name: 'Windows 11', os.arch: 'amd64', os.version: '10.0', java.version: '21.0.5'
Driver info: org.openqa.selenium.chrome.ChromeDriver
Command: [67d0d1d0c798742c717be2eb9ae8b30c, findElement {using=xpath, value=//div/i}]
Capabilities {acceptInsecureCerts: false, browserName: chrome, browserVersion: 133.0.6943.127, chrome: {chromedriverVersion: 133.0.6943.126 (cffa127ce7b..., userDataDir: C:\Users\madhu\AppData\Loca...}, fedcm:accounts: true, goog:chromeOptions: {debuggerAddress: localhost:52380}, networkConnectionEnabled: false, pageLoadStrategy: normal, platformName: windows, proxy: Proxy(), se:cdp: ws://localhost:52380/devtoo..., se:cdpVersion: 133.0.6943.127, setWindowRect: true, strictFileInteractability: false, timeouts: {implicit: 0, pageLoad: 300000, script: 30000}, unhandledPromptBehavior: dismiss and notify, webauthn:extension:credBlob: true, webauthn:extension:largeBlob: true, webauthn:extension:minPinLength: true, webauthn:extension:prf: true, webauthn:virtualAuthenticators: true}
Session ID: 67d0d1d0c798742c717be2eb9ae8b30c
at java.base/jdk.internal.reflect.DirectConstructorHandleAccessor.newInstance(DirectConstructorHandleAccessor.java:62)
at java.base/java.lang.reflect.Constructor.newInstanceWithCaller(Constructor.java:502)
at java.base/java.lang.reflect.Constructor.newInstance(Constructor.java:486)
at org.openqa.selenium.remote.ErrorCodec.decode(ErrorCodec.java:167)
at org.openqa.selenium.remote.codec.w3c.W3CHttpResponseCodec.decode(W3CHttpResponseCodec.java:138)
at org.openqa.selenium.remote.codec.w3c.W3CHttpResponseCodec.decode(W3CHttpResponseCodec.java:50)
at org.openqa.selenium.remote.HttpCommandExecutor.execute(HttpCommandExecutor.java:190)
at org.openqa.selenium.remote.service.DriverCommandExecutor.invokeExecute(DriverCommandExecutor.java:216)
at org.openqa.selenium.remote.service.DriverCommandExecutor.execute(DriverCommandExecutor.java:174)
at org.openqa.selenium.remote.RemoteWebDriver.execute(RemoteWebDriver.java:545)
at org.openqa.selenium.remote.ElementLocation$ElementFinder$2.findElement(ElementLocation.java:165)
at org.openqa.selenium.remote.ElementLocation.findElement(ElementLocation.java:59)
at org.openqa.selenium.remote.RemoteWebDriver.findElement(RemoteWebDriver.java:368)
at org.openqa.selenium.remote.RemoteWebDriver.findElement(RemoteWebDriver.java:362)
at org.openqa.selenium.support.pagefactory.DefaultElementLocator.findElement(DefaultElementLocator.java:68)
at org.openqa.selenium.support.pagefactory.internal.LocatingElementHandler.invoke(LocatingElementHandler.java:38)
at jdk.proxy2/jdk.proxy2.$Proxy48.isDisplayed(Unknown Source)
at pages.BasePage.isElementPresent(BasePage.java:59)
at stepDefinitions.ProgramStepAddon.admin_should_see_warning_sign_in_confirmation_window(ProgramStepAddon.java:216)
at ✽.Admin should see warning sign in confirmation window(file:///C:/Users/madhu/OneDrive/Desktop/SDET/LMS_ActionSquad/src/test/resources/Feature%20files/11_ClassAdditional.feature:33)
]]>
    </error>
  </testcase> <!-- runScenario -->
  <testcase classname="testRunner.TestRunner" name="runScenario" time="4.869">
    <failure message="expected [true] but found [false]" type="java.lang.AssertionError">
      <![CDATA[java.lang.AssertionError: expected [true] but found [false]
at org.testng.Assert.fail(Assert.java:111)
at org.testng.Assert.failNotEquals(Assert.java:1578)
at org.testng.Assert.assertTrue(Assert.java:57)
at org.testng.Assert.assertTrue(Assert.java:67)
at stepDefinitions.ProgramStep.admin_See_the_Program_description_is_sorted_Ascending_order_in_Program_module_page(ProgramStep.java:375)
at ✽.Admin See the Program description is sorted Ascending order in Program module page(file:///C:/Users/madhu/OneDrive/Desktop/SDET/LMS_ActionSquad/src/test/resources/Feature%20files/03_Program.feature:185)
]]>
    </failure>
  </testcase> <!-- runScenario -->
  <testcase classname="testRunner.TestRunner" name="runScenario" time="4.160"/>
  <testcase classname="testRunner.TestRunner" name="runScenario" time="43.514">
    <failure message="expected [false] but found [true]" type="java.lang.AssertionError">
      <![CDATA[java.lang.AssertionError: expected [false] but found [true]
at org.testng.Assert.fail(Assert.java:111)
at org.testng.Assert.failNotEquals(Assert.java:1578)
at org.testng.Assert.assertFalse(Assert.java:79)
at org.testng.Assert.assertFalse(Assert.java:89)
at stepDefinitions.LoginStep.admin_should(LoginStep.java:192)
at ✽.Admin should "Emptypassword"(file:///C:/Users/madhu/OneDrive/Desktop/SDET/LMS_ActionSquad/src/test/resources/Feature%20files/01_Login.feature:105)
]]>
    </failure>
  </testcase> <!-- runScenario -->
  <testcase classname="testRunner.TestRunner" name="runScenario" time="6.107"/>
  <testcase classname="testRunner.TestRunner" name="runScenario" time="13.187"/>
  <testcase classname="testRunner.TestRunner" name="runScenario" time="5.977"/>
  <testcase classname="testRunner.TestRunner" name="runScenario" time="3.463"/>
  <testcase classname="testRunner.TestRunner" name="runScenario" time="3.550"/>
  <testcase classname="testRunner.TestRunner" name="runScenario" time="30.775"/>
  <testcase classname="testRunner.TestRunner" name="runScenario" time="7.537"/>
  <testcase classname="testRunner.TestRunner" name="runScenario" time="6.044"/>
  <testcase classname="testRunner.TestRunner" name="runScenario" time="13.348"/>
  <testcase classname="testRunner.TestRunner" name="runScenario" time="17.102"/>
  <testcase classname="testRunner.TestRunner" name="runScenario" time="3.897"/>
  <testcase classname="testRunner.TestRunner" name="runScenario" time="4.672"/>
  <testcase classname="testRunner.TestRunner" name="runScenario" time="5.038"/>
  <testcase classname="testRunner.TestRunner" name="runScenario" time="7.233"/>
  <testcase classname="testRunner.TestRunner" name="runScenario" time="4.770"/>
  <testcase classname="testRunner.TestRunner" name="runScenario" time="8.802"/>
  <testcase classname="testRunner.TestRunner" name="runScenario" time="8.975"/>
  <testcase classname="testRunner.TestRunner" name="runScenario" time="6.079"/>
  <testcase classname="testRunner.TestRunner" name="runScenario" time="3.663"/>
  <testcase classname="testRunner.TestRunner" name="runScenario" time="6.713"/>
  <testcase classname="testRunner.TestRunner" name="runScenario" time="3.277"/>
  <testcase classname="testRunner.TestRunner" name="runScenario" time="3.297"/>
  <testcase classname="testRunner.TestRunner" name="runScenario" time="7.445"/>
  <testcase classname="testRunner.TestRunner" name="runScenario" time="4.408"/>
  <testcase classname="testRunner.TestRunner" name="runScenario" time="7.033"/>
  <testcase classname="testRunner.TestRunner" name="runScenario" time="24.427">
    <error message="no such element: Unable to locate element: {&quot;method&quot;:&quot;xpath&quot;,&quot;selector&quot;:&quot;//p-confirmdialog/div/div/div[1]/div/button&quot;}
  (Session info: chrome=133.0.6943.127)
For documentation on this error, please visit: https://www.selenium.dev/documentation/webdriver/troubleshooting/errors#no-such-element-exception
Build info: version: &#039;4.27.0&#039;, revision: &#039;d6e718d134&#039;
System info: os.name: &#039;Windows 11&#039;, os.arch: &#039;amd64&#039;, os.version: &#039;10.0&#039;, java.version: &#039;21.0.5&#039;
Driver info: org.openqa.selenium.chrome.ChromeDriver
Command: [7246de3f7d31bc9081f9caa5852bc4fe, findElement {using=xpath, value=//p-confirmdialog/div/div/div[1]/div/button}]
Capabilities {acceptInsecureCerts: false, browserName: chrome, browserVersion: 133.0.6943.127, chrome: {chromedriverVersion: 133.0.6943.126 (cffa127ce7b..., userDataDir: C:\Users\madhu\AppData\Loca...}, fedcm:accounts: true, goog:chromeOptions: {debuggerAddress: localhost:49763}, networkConnectionEnabled: false, pageLoadStrategy: normal, platformName: windows, proxy: Proxy(), se:cdp: ws://localhost:49763/devtoo..., se:cdpVersion: 133.0.6943.127, setWindowRect: true, strictFileInteractability: false, timeouts: {implicit: 0, pageLoad: 300000, script: 30000}, unhandledPromptBehavior: dismiss and notify, webauthn:extension:credBlob: true, webauthn:extension:largeBlob: true, webauthn:extension:minPinLength: true, webauthn:extension:prf: true, webauthn:virtualAuthenticators: true}
Session ID: 7246de3f7d31bc9081f9caa5852bc4fe" type="org.openqa.selenium.NoSuchElementException">
      <![CDATA[org.openqa.selenium.NoSuchElementException: no such element: Unable to locate element: {"method":"xpath","selector":"//p-confirmdialog/div/div/div[1]/div/button"}
  (Session info: chrome=133.0.6943.127)
For documentation on this error, please visit: https://www.selenium.dev/documentation/webdriver/troubleshooting/errors#no-such-element-exception
Build info: version: '4.27.0', revision: 'd6e718d134'
System info: os.name: 'Windows 11', os.arch: 'amd64', os.version: '10.0', java.version: '21.0.5'
Driver info: org.openqa.selenium.chrome.ChromeDriver
Command: [7246de3f7d31bc9081f9caa5852bc4fe, findElement {using=xpath, value=//p-confirmdialog/div/div/div[1]/div/button}]
Capabilities {acceptInsecureCerts: false, browserName: chrome, browserVersion: 133.0.6943.127, chrome: {chromedriverVersion: 133.0.6943.126 (cffa127ce7b..., userDataDir: C:\Users\madhu\AppData\Loca...}, fedcm:accounts: true, goog:chromeOptions: {debuggerAddress: localhost:49763}, networkConnectionEnabled: false, pageLoadStrategy: normal, platformName: windows, proxy: Proxy(), se:cdp: ws://localhost:49763/devtoo..., se:cdpVersion: 133.0.6943.127, setWindowRect: true, strictFileInteractability: false, timeouts: {implicit: 0, pageLoad: 300000, script: 30000}, unhandledPromptBehavior: dismiss and notify, webauthn:extension:credBlob: true, webauthn:extension:largeBlob: true, webauthn:extension:minPinLength: true, webauthn:extension:prf: true, webauthn:virtualAuthenticators: true}
Session ID: 7246de3f7d31bc9081f9caa5852bc4fe
at java.base/jdk.internal.reflect.DirectConstructorHandleAccessor.newInstance(DirectConstructorHandleAccessor.java:62)
at java.base/java.lang.reflect.Constructor.newInstanceWithCaller(Constructor.java:502)
at java.base/java.lang.reflect.Constructor.newInstance(Constructor.java:486)
at org.openqa.selenium.remote.ErrorCodec.decode(ErrorCodec.java:167)
at org.openqa.selenium.remote.codec.w3c.W3CHttpResponseCodec.decode(W3CHttpResponseCodec.java:138)
at org.openqa.selenium.remote.codec.w3c.W3CHttpResponseCodec.decode(W3CHttpResponseCodec.java:50)
at org.openqa.selenium.remote.HttpCommandExecutor.execute(HttpCommandExecutor.java:190)
at org.openqa.selenium.remote.service.DriverCommandExecutor.invokeExecute(DriverCommandExecutor.java:216)
at org.openqa.selenium.remote.service.DriverCommandExecutor.execute(DriverCommandExecutor.java:174)
at org.openqa.selenium.remote.RemoteWebDriver.execute(RemoteWebDriver.java:545)
at org.openqa.selenium.remote.ElementLocation$ElementFinder$2.findElement(ElementLocation.java:165)
at org.openqa.selenium.remote.ElementLocation.findElement(ElementLocation.java:59)
at org.openqa.selenium.remote.RemoteWebDriver.findElement(RemoteWebDriver.java:368)
at org.openqa.selenium.remote.RemoteWebDriver.findElement(RemoteWebDriver.java:362)
at org.openqa.selenium.support.pagefactory.DefaultElementLocator.findElement(DefaultElementLocator.java:68)
at org.openqa.selenium.support.pagefactory.internal.LocatingElementHandler.invoke(LocatingElementHandler.java:38)
at jdk.proxy2/jdk.proxy2.$Proxy48.click(Unknown Source)
at pages.Batch_Page.CloseDletePopup(Batch_Page.java:641)
at stepDefinitions.BatchStep.admin_clicks_on_the_close_icon_on_deletewindow(BatchStep.java:422)
at ✽.Admin clicks on the close icon on deletewindow(file:///C:/Users/madhu/OneDrive/Desktop/SDET/LMS_ActionSquad/src/test/resources/Feature%20files/04_Batch.feature:155)
]]>
    </error>
  </testcase> <!-- runScenario -->
  <testcase classname="testRunner.TestRunner" name="runScenario" time="7.480"/>
  <testcase classname="testRunner.TestRunner" name="runScenario" time="5.334"/>
  <testcase classname="testRunner.TestRunner" name="runScenario" time="6.096"/>
  <testcase classname="testRunner.TestRunner" name="runScenario" time="8.654"/>
  <testcase classname="testRunner.TestRunner" name="runScenario" time="4.891"/>
  <testcase classname="testRunner.TestRunner" name="runScenario" time="3.862"/>
  <testcase classname="testRunner.TestRunner" name="runScenario" time="6.901"/>
  <testcase classname="testRunner.TestRunner" name="runScenario" time="7.307"/>
  <testcase classname="testRunner.TestRunner" name="runScenario" time="5.637"/>
  <testcase classname="testRunner.TestRunner" name="runScenario" time="5.590"/>
  <testcase classname="testRunner.TestRunner" name="runScenario" time="4.271"/>
  <testcase classname="testRunner.TestRunner" name="runScenario" time="4.394"/>
  <testcase classname="testRunner.TestRunner" name="runScenario" time="5.925"/>
  <testcase classname="testRunner.TestRunner" name="runScenario" time="5.967"/>
  <testcase classname="testRunner.TestRunner" name="runScenario" time="5.976">
    <failure message="expected [false] but found [true]" type="java.lang.AssertionError">
      <![CDATA[java.lang.AssertionError: expected [false] but found [true]
at org.testng.Assert.fail(Assert.java:111)
at org.testng.Assert.failNotEquals(Assert.java:1578)
at org.testng.Assert.assertFalse(Assert.java:79)
at org.testng.Assert.assertFalse(Assert.java:89)
at stepDefinitions.LoginStepAddon.admin_should_not_be_navigated_to_lms_portal(LoginStepAddon.java:79)
at ✽.Admin should not be navigated to LMS portal(file:///C:/Users/madhu/OneDrive/Desktop/SDET/LMS_ActionSquad/src/test/resources/Feature%20files/07_LoginAdditional.feature:26)
]]>
    </failure>
  </testcase> <!-- runScenario -->
  <testcase classname="testRunner.TestRunner" name="runScenario" time="5.209">
    <failure message="expected [false] but found [true]" type="java.lang.AssertionError">
      <![CDATA[java.lang.AssertionError: expected [false] but found [true]
at org.testng.Assert.fail(Assert.java:111)
at org.testng.Assert.failNotEquals(Assert.java:1578)
at org.testng.Assert.assertFalse(Assert.java:79)
at org.testng.Assert.assertFalse(Assert.java:89)
at stepDefinitions.LoginStep.admin_should_see_lms_learning_management_system(LoginStep.java:72)
at ✽.Admin should see LMS - Learning Management System(file:///C:/Users/madhu/OneDrive/Desktop/SDET/LMS_ActionSquad/src/test/resources/Feature%20files/01_Login.feature:28)
]]>
    </failure>
  </testcase> <!-- runScenario -->
  <testcase classname="testRunner.TestRunner" name="runScenario" time="3.631"/>
  <testcase classname="testRunner.TestRunner" name="runScenario" time="4.009"/>
  <testcase classname="testRunner.TestRunner" name="runScenario" time="4.461"/>
  <testcase classname="testRunner.TestRunner" name="runScenario" time="5.715"/>
  <testcase classname="testRunner.TestRunner" name="runScenario" time="8.077"/>
  <testcase classname="testRunner.TestRunner" name="runScenario" time="4.567"/>
  <testcase classname="testRunner.TestRunner" name="runScenario" time="5.200"/>
  <testcase classname="testRunner.TestRunner" name="runScenario" time="6.275"/>
  <testcase classname="testRunner.TestRunner" name="runScenario" time="3.722">
    <failure message="expected [false] but found [true]" type="java.lang.AssertionError">
      <![CDATA[java.lang.AssertionError: expected [false] but found [true]
at org.testng.Assert.fail(Assert.java:111)
at org.testng.Assert.failNotEquals(Assert.java:1578)
at org.testng.Assert.assertFalse(Assert.java:79)
at org.testng.Assert.assertFalse(Assert.java:89)
at stepDefinitions.LoginStep.admin_should_see_company_name_below_the_app_name(LoginStep.java:78)
at ✽.Admin should see company name below the app name(file:///C:/Users/madhu/OneDrive/Desktop/SDET/LMS_ActionSquad/src/test/resources/Feature%20files/01_Login.feature:33)
]]>
    </failure>
  </testcase> <!-- runScenario -->
  <testcase classname="testRunner.TestRunner" name="runScenario" time="7.001"/>
  <testcase classname="testRunner.TestRunner" name="runScenario" time="21.987">
    <error message="no such element: Unable to locate element: {&quot;method&quot;:&quot;xpath&quot;,&quot;selector&quot;:&quot;//small&quot;}
  (Session info: MicrosoftEdge=133.0.3065.82)
For documentation on this error, please visit: https://www.selenium.dev/documentation/webdriver/troubleshooting/errors#no-such-element-exception
Build info: version: &#039;4.27.0&#039;, revision: &#039;d6e718d134&#039;
System info: os.name: &#039;Windows 11&#039;, os.arch: &#039;amd64&#039;, os.version: &#039;10.0&#039;, java.version: &#039;21.0.5&#039;
Driver info: org.openqa.selenium.edge.EdgeDriver
Command: [d060424bcd58b677fcc2577a8448f72a, findElement {using=xpath, value=//small}]
Capabilities {acceptInsecureCerts: false, browserName: MicrosoftEdge, browserVersion: 133.0.3065.82, fedcm:accounts: true, ms:edgeOptions: {debuggerAddress: localhost:62183}, msedge: {msedgedriverVersion: 133.0.3065.82 (e8aeaf3e0117..., userDataDir: C:\Users\madhu\AppData\Loca...}, networkConnectionEnabled: false, pageLoadStrategy: normal, platformName: windows, proxy: Proxy(), se:cdp: ws://localhost:62183/devtoo..., se:cdpVersion: 133.0.3065.82, setWindowRect: true, strictFileInteractability: false, timeouts: {implicit: 0, pageLoad: 300000, script: 30000}, unhandledPromptBehavior: dismiss and notify, webauthn:extension:credBlob: true, webauthn:extension:largeBlob: true, webauthn:extension:minPinLength: true, webauthn:extension:prf: true, webauthn:virtualAuthenticators: true}
Session ID: d060424bcd58b677fcc2577a8448f72a" type="org.openqa.selenium.NoSuchElementException">
      <![CDATA[org.openqa.selenium.NoSuchElementException: no such element: Unable to locate element: {"method":"xpath","selector":"//small"}
  (Session info: MicrosoftEdge=133.0.3065.82)
For documentation on this error, please visit: https://www.selenium.dev/documentation/webdriver/troubleshooting/errors#no-such-element-exception
Build info: version: '4.27.0', revision: 'd6e718d134'
System info: os.name: 'Windows 11', os.arch: 'amd64', os.version: '10.0', java.version: '21.0.5'
Driver info: org.openqa.selenium.edge.EdgeDriver
Command: [d060424bcd58b677fcc2577a8448f72a, findElement {using=xpath, value=//small}]
Capabilities {acceptInsecureCerts: false, browserName: MicrosoftEdge, browserVersion: 133.0.3065.82, fedcm:accounts: true, ms:edgeOptions: {debuggerAddress: localhost:62183}, msedge: {msedgedriverVersion: 133.0.3065.82 (e8aeaf3e0117..., userDataDir: C:\Users\madhu\AppData\Loca...}, networkConnectionEnabled: false, pageLoadStrategy: normal, platformName: windows, proxy: Proxy(), se:cdp: ws://localhost:62183/devtoo..., se:cdpVersion: 133.0.3065.82, setWindowRect: true, strictFileInteractability: false, timeouts: {implicit: 0, pageLoad: 300000, script: 30000}, unhandledPromptBehavior: dismiss and notify, webauthn:extension:credBlob: true, webauthn:extension:largeBlob: true, webauthn:extension:minPinLength: true, webauthn:extension:prf: true, webauthn:virtualAuthenticators: true}
Session ID: d060424bcd58b677fcc2577a8448f72a
at java.base/jdk.internal.reflect.DirectConstructorHandleAccessor.newInstance(DirectConstructorHandleAccessor.java:62)
at java.base/java.lang.reflect.Constructor.newInstanceWithCaller(Constructor.java:502)
at java.base/java.lang.reflect.Constructor.newInstance(Constructor.java:486)
at org.openqa.selenium.remote.ErrorCodec.decode(ErrorCodec.java:167)
at org.openqa.selenium.remote.codec.w3c.W3CHttpResponseCodec.decode(W3CHttpResponseCodec.java:138)
at org.openqa.selenium.remote.codec.w3c.W3CHttpResponseCodec.decode(W3CHttpResponseCodec.java:50)
at org.openqa.selenium.remote.HttpCommandExecutor.execute(HttpCommandExecutor.java:190)
at org.openqa.selenium.remote.service.DriverCommandExecutor.invokeExecute(DriverCommandExecutor.java:216)
at org.openqa.selenium.remote.service.DriverCommandExecutor.execute(DriverCommandExecutor.java:174)
at org.openqa.selenium.remote.RemoteWebDriver.execute(RemoteWebDriver.java:545)
at org.openqa.selenium.remote.ElementLocation$ElementFinder$2.findElement(ElementLocation.java:165)
at org.openqa.selenium.remote.ElementLocation.findElement(ElementLocation.java:59)
at org.openqa.selenium.remote.RemoteWebDriver.findElement(RemoteWebDriver.java:368)
at org.openqa.selenium.remote.RemoteWebDriver.findElement(RemoteWebDriver.java:362)
at org.openqa.selenium.support.pagefactory.DefaultElementLocator.findElement(DefaultElementLocator.java:68)
at org.openqa.selenium.support.pagefactory.internal.LocatingElementHandler.invoke(LocatingElementHandler.java:38)
at jdk.proxy2/jdk.proxy2.$Proxy48.getText(Unknown Source)
at pages.BasePage.elementGetText(BasePage.java:30)
at stepDefinitions.BatchStepAddon.admin_receives_invalid_error_messages(BatchStepAddon.java:147)
at ✽.Admin receives "DesclessChar" invalid error messages(file:///C:/Users/madhu/OneDrive/Desktop/SDET/LMS_ActionSquad/src/test/resources/Feature%20files/10_BatchAdditional.feature:79)
]]>
    </error>
  </testcase> <!-- runScenario -->
  <testcase classname="testRunner.TestRunner" name="runScenario" time="3.099"/>
  <testcase classname="testRunner.TestRunner" name="runScenario" time="14.447"/>
  <testcase classname="testRunner.TestRunner" name="runScenario" time="5.397"/>
  <testcase classname="testRunner.TestRunner" name="runScenario" time="4.851"/>
  <testcase classname="testRunner.TestRunner" name="runScenario" time="5.738"/>
  <testcase classname="testRunner.TestRunner" name="runScenario" time="7.127"/>
  <testcase classname="testRunner.TestRunner" name="runScenario" time="15.277">
    <error message="no such element: Unable to locate element: {&quot;method&quot;:&quot;xpath&quot;,&quot;selector&quot;:&quot;//tbody/tr[1]//button[@icon=&#039;pi pi-trash&#039;]&quot;}
  (Session info: MicrosoftEdge=133.0.3065.82)
For documentation on this error, please visit: https://www.selenium.dev/documentation/webdriver/troubleshooting/errors#no-such-element-exception
Build info: version: &#039;4.27.0&#039;, revision: &#039;d6e718d134&#039;
System info: os.name: &#039;Windows 11&#039;, os.arch: &#039;amd64&#039;, os.version: &#039;10.0&#039;, java.version: &#039;21.0.5&#039;
Driver info: org.openqa.selenium.edge.EdgeDriver
Command: [865e1f504f1258fdeb156e5af46864e5, findElement {using=xpath, value=//tbody/tr[1]//button[@icon=&#039;pi pi-trash&#039;]}]
Capabilities {acceptInsecureCerts: false, browserName: MicrosoftEdge, browserVersion: 133.0.3065.82, fedcm:accounts: true, ms:edgeOptions: {debuggerAddress: localhost:62471}, msedge: {msedgedriverVersion: 133.0.3065.82 (e8aeaf3e0117..., userDataDir: C:\Users\madhu\AppData\Loca...}, networkConnectionEnabled: false, pageLoadStrategy: normal, platformName: windows, proxy: Proxy(), se:cdp: ws://localhost:62471/devtoo..., se:cdpVersion: 133.0.3065.82, setWindowRect: true, strictFileInteractability: false, timeouts: {implicit: 0, pageLoad: 300000, script: 30000}, unhandledPromptBehavior: dismiss and notify, webauthn:extension:credBlob: true, webauthn:extension:largeBlob: true, webauthn:extension:minPinLength: true, webauthn:extension:prf: true, webauthn:virtualAuthenticators: true}
Session ID: 865e1f504f1258fdeb156e5af46864e5" type="org.openqa.selenium.NoSuchElementException">
      <![CDATA[org.openqa.selenium.NoSuchElementException: no such element: Unable to locate element: {"method":"xpath","selector":"//tbody/tr[1]//button[@icon='pi pi-trash']"}
  (Session info: MicrosoftEdge=133.0.3065.82)
For documentation on this error, please visit: https://www.selenium.dev/documentation/webdriver/troubleshooting/errors#no-such-element-exception
Build info: version: '4.27.0', revision: 'd6e718d134'
System info: os.name: 'Windows 11', os.arch: 'amd64', os.version: '10.0', java.version: '21.0.5'
Driver info: org.openqa.selenium.edge.EdgeDriver
Command: [865e1f504f1258fdeb156e5af46864e5, findElement {using=xpath, value=//tbody/tr[1]//button[@icon='pi pi-trash']}]
Capabilities {acceptInsecureCerts: false, browserName: MicrosoftEdge, browserVersion: 133.0.3065.82, fedcm:accounts: true, ms:edgeOptions: {debuggerAddress: localhost:62471}, msedge: {msedgedriverVersion: 133.0.3065.82 (e8aeaf3e0117..., userDataDir: C:\Users\madhu\AppData\Loca...}, networkConnectionEnabled: false, pageLoadStrategy: normal, platformName: windows, proxy: Proxy(), se:cdp: ws://localhost:62471/devtoo..., se:cdpVersion: 133.0.3065.82, setWindowRect: true, strictFileInteractability: false, timeouts: {implicit: 0, pageLoad: 300000, script: 30000}, unhandledPromptBehavior: dismiss and notify, webauthn:extension:credBlob: true, webauthn:extension:largeBlob: true, webauthn:extension:minPinLength: true, webauthn:extension:prf: true, webauthn:virtualAuthenticators: true}
Session ID: 865e1f504f1258fdeb156e5af46864e5
at java.base/jdk.internal.reflect.DirectConstructorHandleAccessor.newInstance(DirectConstructorHandleAccessor.java:62)
at java.base/java.lang.reflect.Constructor.newInstanceWithCaller(Constructor.java:502)
at java.base/java.lang.reflect.Constructor.newInstance(Constructor.java:486)
at org.openqa.selenium.remote.ErrorCodec.decode(ErrorCodec.java:167)
at org.openqa.selenium.remote.codec.w3c.W3CHttpResponseCodec.decode(W3CHttpResponseCodec.java:138)
at org.openqa.selenium.remote.codec.w3c.W3CHttpResponseCodec.decode(W3CHttpResponseCodec.java:50)
at org.openqa.selenium.remote.HttpCommandExecutor.execute(HttpCommandExecutor.java:190)
at org.openqa.selenium.remote.service.DriverCommandExecutor.invokeExecute(DriverCommandExecutor.java:216)
at org.openqa.selenium.remote.service.DriverCommandExecutor.execute(DriverCommandExecutor.java:174)
at org.openqa.selenium.remote.RemoteWebDriver.execute(RemoteWebDriver.java:545)
at org.openqa.selenium.remote.ElementLocation$ElementFinder$2.findElement(ElementLocation.java:165)
at org.openqa.selenium.remote.ElementLocation.findElement(ElementLocation.java:59)
at org.openqa.selenium.remote.RemoteWebDriver.findElement(RemoteWebDriver.java:368)
at org.openqa.selenium.remote.RemoteWebDriver.findElement(RemoteWebDriver.java:362)
at org.openqa.selenium.support.pagefactory.DefaultElementLocator.findElement(DefaultElementLocator.java:68)
at org.openqa.selenium.support.pagefactory.internal.LocatingElementHandler.invoke(LocatingElementHandler.java:38)
at jdk.proxy2/jdk.proxy2.$Proxy48.getWrappedElement(Unknown Source)
at org.openqa.selenium.remote.WebElementToJsonConverter.apply(WebElementToJsonConverter.java:48)
at java.base/java.util.stream.ReferencePipeline$3$1.accept(ReferencePipeline.java:197)
at java.base/java.util.Spliterators$ArraySpliterator.forEachRemaining(Spliterators.java:1024)
at java.base/java.util.stream.AbstractPipeline.copyInto(AbstractPipeline.java:509)
at java.base/java.util.stream.AbstractPipeline.wrapAndCopyInto(AbstractPipeline.java:499)
at java.base/java.util.stream.ReduceOps$ReduceOp.evaluateSequential(ReduceOps.java:921)
at java.base/java.util.stream.AbstractPipeline.evaluate(AbstractPipeline.java:234)
at java.base/java.util.stream.ReferencePipeline.collect(ReferencePipeline.java:682)
at org.openqa.selenium.remote.RemoteWebDriver.executeScript(RemoteWebDriver.java:474)
at pages.LMSAddonPage.elementclickJs(LMSAddonPage.java:67)
at stepDefinitions.ClassStepAddon.admin_clicks_on_delete_icon_for_selected_class_entry(ClassStepAddon.java:55)
at ✽.Admin clicks on delete icon for selected class entry(file:///C:/Users/madhu/OneDrive/Desktop/SDET/LMS_ActionSquad/src/test/resources/Feature%20files/11_ClassAdditional.feature:43)
]]>
    </error>
  </testcase> <!-- runScenario -->
  <testcase classname="testRunner.TestRunner" name="runScenario" time="3.245"/>
  <testcase classname="testRunner.TestRunner" name="runScenario" time="13.317"/>
  <testcase classname="testRunner.TestRunner" name="runScenario" time="13.280">
    <error message="Element &lt;button class=&quot;mat-focus-indicator mat-menu-item ng-tns-c230-5 cdk-focused cdk-mouse-focused&quot;&gt; is not clickable at point (1291,79) because another element &lt;div id=&quot;cdk-overlay-1&quot; class=&quot;cdk-overlay-pane&quot;&gt; obscures it
Build info: version: &#039;4.27.0&#039;, revision: &#039;d6e718d134&#039;
System info: os.name: &#039;Windows 11&#039;, os.arch: &#039;amd64&#039;, os.version: &#039;10.0&#039;, java.version: &#039;21.0.5&#039;
Driver info: org.openqa.selenium.firefox.FirefoxDriver
Command: [6f00bd0d-aa53-4b8d-89f0-62db9266a682, clickElement {id=c2eba01e-b9ec-4bdb-a672-4a0870ea8e30}]
Capabilities {acceptInsecureCerts: true, browserName: firefox, browserVersion: 135.0.1, moz:accessibilityChecks: false, moz:buildID: 20250216192613, moz:debuggerAddress: 127.0.0.1:47617, moz:geckodriverVersion: 0.35.0, moz:headless: false, moz:platformVersion: 10.0, moz:processID: 201124, moz:profile: C:\Users\madhu\AppData\Loca..., moz:shutdownTimeout: 60000, moz:webdriverClick: true, moz:windowless: false, pageLoadStrategy: normal, platformName: windows, proxy: Proxy(), se:cdp: ws://127.0.0.1:47617/devtoo..., se:cdpVersion: 85.0, setWindowRect: true, strictFileInteractability: false, timeouts: {implicit: 0, pageLoad: 300000, script: 30000}, unhandledPromptBehavior: dismiss and notify, userAgent: Mozilla/5.0 (Windows NT 10....}
Element: [[FirefoxDriver: firefox on windows (6f00bd0d-aa53-4b8d-89f0-62db9266a682)] -&gt; xpath: //*[@id=&#039;mat-menu-panel-0&#039;]/div/button]
Session ID: 6f00bd0d-aa53-4b8d-89f0-62db9266a682" type="org.openqa.selenium.ElementClickInterceptedException">
      <![CDATA[org.openqa.selenium.ElementClickInterceptedException: Element <button class="mat-focus-indicator mat-menu-item ng-tns-c230-5 cdk-focused cdk-mouse-focused"> is not clickable at point (1291,79) because another element <div id="cdk-overlay-1" class="cdk-overlay-pane"> obscures it
Build info: version: '4.27.0', revision: 'd6e718d134'
System info: os.name: 'Windows 11', os.arch: 'amd64', os.version: '10.0', java.version: '21.0.5'
Driver info: org.openqa.selenium.firefox.FirefoxDriver
Command: [6f00bd0d-aa53-4b8d-89f0-62db9266a682, clickElement {id=c2eba01e-b9ec-4bdb-a672-4a0870ea8e30}]
Capabilities {acceptInsecureCerts: true, browserName: firefox, browserVersion: 135.0.1, moz:accessibilityChecks: false, moz:buildID: 20250216192613, moz:debuggerAddress: 127.0.0.1:47617, moz:geckodriverVersion: 0.35.0, moz:headless: false, moz:platformVersion: 10.0, moz:processID: 201124, moz:profile: C:\Users\madhu\AppData\Loca..., moz:shutdownTimeout: 60000, moz:webdriverClick: true, moz:windowless: false, pageLoadStrategy: normal, platformName: windows, proxy: Proxy(), se:cdp: ws://127.0.0.1:47617/devtoo..., se:cdpVersion: 85.0, setWindowRect: true, strictFileInteractability: false, timeouts: {implicit: 0, pageLoad: 300000, script: 30000}, unhandledPromptBehavior: dismiss and notify, userAgent: Mozilla/5.0 (Windows NT 10....}
Element: [[FirefoxDriver: firefox on windows (6f00bd0d-aa53-4b8d-89f0-62db9266a682)] -> xpath: //*[@id='mat-menu-panel-0']/div/button]
Session ID: 6f00bd0d-aa53-4b8d-89f0-62db9266a682
at java.base/jdk.internal.reflect.DirectConstructorHandleAccessor.newInstance(DirectConstructorHandleAccessor.java:62)
at java.base/java.lang.reflect.Constructor.newInstanceWithCaller(Constructor.java:502)
at java.base/java.lang.reflect.Constructor.newInstance(Constructor.java:486)
at org.openqa.selenium.remote.ErrorCodec.decode(ErrorCodec.java:167)
at org.openqa.selenium.remote.codec.w3c.W3CHttpResponseCodec.decode(W3CHttpResponseCodec.java:138)
at org.openqa.selenium.remote.codec.w3c.W3CHttpResponseCodec.decode(W3CHttpResponseCodec.java:50)
at org.openqa.selenium.remote.HttpCommandExecutor.execute(HttpCommandExecutor.java:190)
at org.openqa.selenium.remote.service.DriverCommandExecutor.invokeExecute(DriverCommandExecutor.java:216)
at org.openqa.selenium.remote.service.DriverCommandExecutor.execute(DriverCommandExecutor.java:174)
at org.openqa.selenium.remote.RemoteWebDriver.execute(RemoteWebDriver.java:545)
at org.openqa.selenium.remote.RemoteWebElement.execute(RemoteWebElement.java:223)
at org.openqa.selenium.remote.RemoteWebElement.click(RemoteWebElement.java:76)
at java.base/jdk.internal.reflect.DirectMethodHandleAccessor.invoke(DirectMethodHandleAccessor.java:103)
at java.base/java.lang.reflect.Method.invoke(Method.java:580)
at org.openqa.selenium.support.pagefactory.internal.LocatingElementHandler.invoke(LocatingElementHandler.java:51)
at jdk.proxy2/jdk.proxy2.$Proxy48.click(Unknown Source)
at pages.BasePage.elementClick(BasePage.java:35)
at pages.Program_Page.clickProgramAddNew(Program_Page.java:200)
at stepDefinitions.ProgramStep.admin_enters_mandatory_fields_in_the_form_and_clicks_on_save_button(ProgramStep.java:161)
at ✽.Admin enters mandatory fields "Doori" "Open" "Active" "Successful" in the form and clicks on save button(file:///C:/Users/madhu/OneDrive/Desktop/SDET/LMS_ActionSquad/src/test/resources/Feature%20files/03_Program.feature:72)
]]>
    </error>
  </testcase> <!-- runScenario -->
  <testcase classname="testRunner.TestRunner" name="runScenario" time="13.375"/>
  <testcase classname="testRunner.TestRunner" name="runScenario" time="7.345">
    <error message="Element &lt;button class=&quot;mat-focus-indicator mat-menu-item ng-tns-c230-6 cdk-focused cdk-mouse-focused&quot;&gt; is not clickable at point (1366,78) because another element &lt;div id=&quot;cdk-overlay-1&quot; class=&quot;cdk-overlay-pane&quot;&gt; obscures it
Build info: version: &#039;4.27.0&#039;, revision: &#039;d6e718d134&#039;
System info: os.name: &#039;Windows 11&#039;, os.arch: &#039;amd64&#039;, os.version: &#039;10.0&#039;, java.version: &#039;21.0.5&#039;
Driver info: org.openqa.selenium.firefox.FirefoxDriver
Command: [3b2c0dec-c10c-4109-ad77-d5f84acad8a8, clickElement {id=22469068-d2a4-4b01-9635-25a4b9ad5a79}]
Capabilities {acceptInsecureCerts: true, browserName: firefox, browserVersion: 135.0.1, moz:accessibilityChecks: false, moz:buildID: 20250216192613, moz:debuggerAddress: 127.0.0.1:15501, moz:geckodriverVersion: 0.35.0, moz:headless: false, moz:platformVersion: 10.0, moz:processID: 213528, moz:profile: C:\Users\madhu\AppData\Loca..., moz:shutdownTimeout: 60000, moz:webdriverClick: true, moz:windowless: false, pageLoadStrategy: normal, platformName: windows, proxy: Proxy(), se:cdp: ws://127.0.0.1:15501/devtoo..., se:cdpVersion: 85.0, setWindowRect: true, strictFileInteractability: false, timeouts: {implicit: 0, pageLoad: 300000, script: 30000}, unhandledPromptBehavior: dismiss and notify, userAgent: Mozilla/5.0 (Windows NT 10....}
Element: [[FirefoxDriver: firefox on windows (3b2c0dec-c10c-4109-ad77-d5f84acad8a8)] -&gt; xpath: //button[@role=&#039;menuitem&#039;]]
Session ID: 3b2c0dec-c10c-4109-ad77-d5f84acad8a8" type="org.openqa.selenium.ElementClickInterceptedException">
      <![CDATA[org.openqa.selenium.ElementClickInterceptedException: Element <button class="mat-focus-indicator mat-menu-item ng-tns-c230-6 cdk-focused cdk-mouse-focused"> is not clickable at point (1366,78) because another element <div id="cdk-overlay-1" class="cdk-overlay-pane"> obscures it
Build info: version: '4.27.0', revision: 'd6e718d134'
System info: os.name: 'Windows 11', os.arch: 'amd64', os.version: '10.0', java.version: '21.0.5'
Driver info: org.openqa.selenium.firefox.FirefoxDriver
Command: [3b2c0dec-c10c-4109-ad77-d5f84acad8a8, clickElement {id=22469068-d2a4-4b01-9635-25a4b9ad5a79}]
Capabilities {acceptInsecureCerts: true, browserName: firefox, browserVersion: 135.0.1, moz:accessibilityChecks: false, moz:buildID: 20250216192613, moz:debuggerAddress: 127.0.0.1:15501, moz:geckodriverVersion: 0.35.0, moz:headless: false, moz:platformVersion: 10.0, moz:processID: 213528, moz:profile: C:\Users\madhu\AppData\Loca..., moz:shutdownTimeout: 60000, moz:webdriverClick: true, moz:windowless: false, pageLoadStrategy: normal, platformName: windows, proxy: Proxy(), se:cdp: ws://127.0.0.1:15501/devtoo..., se:cdpVersion: 85.0, setWindowRect: true, strictFileInteractability: false, timeouts: {implicit: 0, pageLoad: 300000, script: 30000}, unhandledPromptBehavior: dismiss and notify, userAgent: Mozilla/5.0 (Windows NT 10....}
Element: [[FirefoxDriver: firefox on windows (3b2c0dec-c10c-4109-ad77-d5f84acad8a8)] -> xpath: //button[@role='menuitem']]
Session ID: 3b2c0dec-c10c-4109-ad77-d5f84acad8a8
at java.base/jdk.internal.reflect.DirectConstructorHandleAccessor.newInstance(DirectConstructorHandleAccessor.java:62)
at java.base/java.lang.reflect.Constructor.newInstanceWithCaller(Constructor.java:502)
at java.base/java.lang.reflect.Constructor.newInstance(Constructor.java:486)
at org.openqa.selenium.remote.ErrorCodec.decode(ErrorCodec.java:167)
at org.openqa.selenium.remote.codec.w3c.W3CHttpResponseCodec.decode(W3CHttpResponseCodec.java:138)
at org.openqa.selenium.remote.codec.w3c.W3CHttpResponseCodec.decode(W3CHttpResponseCodec.java:50)
at org.openqa.selenium.remote.HttpCommandExecutor.execute(HttpCommandExecutor.java:190)
at org.openqa.selenium.remote.service.DriverCommandExecutor.invokeExecute(DriverCommandExecutor.java:216)
at org.openqa.selenium.remote.service.DriverCommandExecutor.execute(DriverCommandExecutor.java:174)
at org.openqa.selenium.remote.RemoteWebDriver.execute(RemoteWebDriver.java:545)
at org.openqa.selenium.remote.RemoteWebElement.execute(RemoteWebElement.java:223)
at org.openqa.selenium.remote.RemoteWebElement.click(RemoteWebElement.java:76)
at java.base/jdk.internal.reflect.DirectMethodHandleAccessor.invoke(DirectMethodHandleAccessor.java:103)
at java.base/java.lang.reflect.Method.invoke(Method.java:580)
at org.openqa.selenium.support.pagefactory.internal.LocatingElementHandler.invoke(LocatingElementHandler.java:51)
at jdk.proxy2/jdk.proxy2.$Proxy48.click(Unknown Source)
at pages.BasePage.elementClick(BasePage.java:35)
at stepDefinitions.BatchStepAddon.the_admin_is_in_add_new_batch_pop_window(BatchStepAddon.java:120)
at ✽.The Admin is in Add New batch pop window(file:///C:/Users/madhu/OneDrive/Desktop/SDET/LMS_ActionSquad/src/test/resources/Feature%20files/10_BatchAdditional.feature:77)
]]>
    </error>
  </testcase> <!-- runScenario -->
  <testcase classname="testRunner.TestRunner" name="runScenario" time="20.656">
    <failure message="expected [false] but found [true]" type="java.lang.AssertionError">
      <![CDATA[java.lang.AssertionError: expected [false] but found [true]
at org.testng.Assert.fail(Assert.java:111)
at org.testng.Assert.failNotEquals(Assert.java:1578)
at org.testng.Assert.assertFalse(Assert.java:79)
at org.testng.Assert.assertFalse(Assert.java:89)
at stepDefinitions.LoginStepAddon.admin_receives_mandatory_fields_error_message(LoginStepAddon.java:42)
at ✽.Admin receives mandatory fields error message(file:///C:/Users/madhu/OneDrive/Desktop/SDET/LMS_ActionSquad/src/test/resources/Feature%20files/07_LoginAdditional.feature:8)
]]>
    </failure>
  </testcase> <!-- runScenario -->
  <testcase classname="testRunner.TestRunner" name="runScenario" time="3.024"/>
  <testcase classname="testRunner.TestRunner" name="runScenario" time="6.325"/>
  <testcase classname="testRunner.TestRunner" name="runScenario" time="4.672"/>
  <testcase classname="testRunner.TestRunner" name="runScenario" time="7.548"/>
  <testcase classname="testRunner.TestRunner" name="runScenario" time="6.630"/>
  <testcase classname="testRunner.TestRunner" name="runScenario" time="15.193">
    <failure message="expected [false] but found [true]" type="java.lang.AssertionError">
      <![CDATA[java.lang.AssertionError: expected [false] but found [true]
at org.testng.Assert.fail(Assert.java:111)
at org.testng.Assert.failNotEquals(Assert.java:1578)
at org.testng.Assert.assertFalse(Assert.java:79)
at org.testng.Assert.assertFalse(Assert.java:89)
at stepDefinitions.LoginStepAddon.admin_should_see_please_select_your_role_error_message(LoginStepAddon.java:53)
at ✽.Admin should see Please select your Role error message(file:///C:/Users/madhu/OneDrive/Desktop/SDET/LMS_ActionSquad/src/test/resources/Feature%20files/07_LoginAdditional.feature:14)
]]>
    </failure>
  </testcase> <!-- runScenario -->
  <testcase classname="testRunner.TestRunner" name="runScenario" time="13.721"/>
  <testcase classname="testRunner.TestRunner" name="runScenario" time="3.739"/>
  <testcase classname="testRunner.TestRunner" name="runScenario" time="6.814"/>
  <testcase classname="testRunner.TestRunner" name="runScenario" time="5.205"/>
  <testcase classname="testRunner.TestRunner" name="runScenario" time="4.314">
    <failure message="expected [true] but found [false]" type="java.lang.AssertionError">
      <![CDATA[java.lang.AssertionError: expected [true] but found [false]
at org.testng.Assert.fail(Assert.java:111)
at org.testng.Assert.failNotEquals(Assert.java:1578)
at org.testng.Assert.assertTrue(Assert.java:57)
at org.testng.Assert.assertTrue(Assert.java:67)
at stepDefinitions.BatchStep.admin_should_see_the_results_on_the_data_table_batch_module(BatchStep.java:529)
at ✽.Admin should see the "Next enabled link" results on the data table Batch Module(file:///C:/Users/madhu/OneDrive/Desktop/SDET/LMS_ActionSquad/src/test/resources/Feature%20files/04_Batch.feature:186)
]]>
    </failure>
  </testcase> <!-- runScenario -->
  <testcase classname="testRunner.TestRunner" name="runScenario" time="5.105"/>
  <testcase classname="testRunner.TestRunner" name="runScenario" time="8.469"/>
  <testcase classname="testRunner.TestRunner" name="runScenario" time="9.597">
    <error message="Element &lt;button class=&quot;mat-focus-indicator mat-menu-item ng-tns-c230-5 cdk-focused cdk-mouse-focused&quot;&gt; is not clickable at point (1288,78) because another element &lt;div id=&quot;cdk-overlay-1&quot; class=&quot;cdk-overlay-pane&quot;&gt; obscures it
Build info: version: &#039;4.27.0&#039;, revision: &#039;d6e718d134&#039;
System info: os.name: &#039;Windows 11&#039;, os.arch: &#039;amd64&#039;, os.version: &#039;10.0&#039;, java.version: &#039;21.0.5&#039;
Driver info: org.openqa.selenium.firefox.FirefoxDriver
Command: [9abd523c-5f65-4259-9d24-29df182a25ff, clickElement {id=b2e2db4f-dda1-4aa5-af62-daa94dccbe11}]
Capabilities {acceptInsecureCerts: true, browserName: firefox, browserVersion: 135.0.1, moz:accessibilityChecks: false, moz:buildID: 20250216192613, moz:debuggerAddress: 127.0.0.1:42987, moz:geckodriverVersion: 0.35.0, moz:headless: false, moz:platformVersion: 10.0, moz:processID: 178560, moz:profile: C:\Users\madhu\AppData\Loca..., moz:shutdownTimeout: 60000, moz:webdriverClick: true, moz:windowless: false, pageLoadStrategy: normal, platformName: windows, proxy: Proxy(), se:cdp: ws://127.0.0.1:42987/devtoo..., se:cdpVersion: 85.0, setWindowRect: true, strictFileInteractability: false, timeouts: {implicit: 0, pageLoad: 300000, script: 30000}, unhandledPromptBehavior: dismiss and notify, userAgent: Mozilla/5.0 (Windows NT 10....}
Element: [[FirefoxDriver: firefox on windows (9abd523c-5f65-4259-9d24-29df182a25ff)] -&gt; xpath: //*[@id=&#039;mat-menu-panel-0&#039;]/div/button]
Session ID: 9abd523c-5f65-4259-9d24-29df182a25ff" type="org.openqa.selenium.ElementClickInterceptedException">
      <![CDATA[org.openqa.selenium.ElementClickInterceptedException: Element <button class="mat-focus-indicator mat-menu-item ng-tns-c230-5 cdk-focused cdk-mouse-focused"> is not clickable at point (1288,78) because another element <div id="cdk-overlay-1" class="cdk-overlay-pane"> obscures it
Build info: version: '4.27.0', revision: 'd6e718d134'
System info: os.name: 'Windows 11', os.arch: 'amd64', os.version: '10.0', java.version: '21.0.5'
Driver info: org.openqa.selenium.firefox.FirefoxDriver
Command: [9abd523c-5f65-4259-9d24-29df182a25ff, clickElement {id=b2e2db4f-dda1-4aa5-af62-daa94dccbe11}]
Capabilities {acceptInsecureCerts: true, browserName: firefox, browserVersion: 135.0.1, moz:accessibilityChecks: false, moz:buildID: 20250216192613, moz:debuggerAddress: 127.0.0.1:42987, moz:geckodriverVersion: 0.35.0, moz:headless: false, moz:platformVersion: 10.0, moz:processID: 178560, moz:profile: C:\Users\madhu\AppData\Loca..., moz:shutdownTimeout: 60000, moz:webdriverClick: true, moz:windowless: false, pageLoadStrategy: normal, platformName: windows, proxy: Proxy(), se:cdp: ws://127.0.0.1:42987/devtoo..., se:cdpVersion: 85.0, setWindowRect: true, strictFileInteractability: false, timeouts: {implicit: 0, pageLoad: 300000, script: 30000}, unhandledPromptBehavior: dismiss and notify, userAgent: Mozilla/5.0 (Windows NT 10....}
Element: [[FirefoxDriver: firefox on windows (9abd523c-5f65-4259-9d24-29df182a25ff)] -> xpath: //*[@id='mat-menu-panel-0']/div/button]
Session ID: 9abd523c-5f65-4259-9d24-29df182a25ff
at java.base/jdk.internal.reflect.DirectConstructorHandleAccessor.newInstance(DirectConstructorHandleAccessor.java:62)
at java.base/java.lang.reflect.Constructor.newInstanceWithCaller(Constructor.java:502)
at java.base/java.lang.reflect.Constructor.newInstance(Constructor.java:486)
at org.openqa.selenium.remote.ErrorCodec.decode(ErrorCodec.java:167)
at org.openqa.selenium.remote.codec.w3c.W3CHttpResponseCodec.decode(W3CHttpResponseCodec.java:138)
at org.openqa.selenium.remote.codec.w3c.W3CHttpResponseCodec.decode(W3CHttpResponseCodec.java:50)
at org.openqa.selenium.remote.HttpCommandExecutor.execute(HttpCommandExecutor.java:190)
at org.openqa.selenium.remote.service.DriverCommandExecutor.invokeExecute(DriverCommandExecutor.java:216)
at org.openqa.selenium.remote.service.DriverCommandExecutor.execute(DriverCommandExecutor.java:174)
at org.openqa.selenium.remote.RemoteWebDriver.execute(RemoteWebDriver.java:545)
at org.openqa.selenium.remote.RemoteWebElement.execute(RemoteWebElement.java:223)
at org.openqa.selenium.remote.RemoteWebElement.click(RemoteWebElement.java:76)
at java.base/jdk.internal.reflect.DirectMethodHandleAccessor.invoke(DirectMethodHandleAccessor.java:103)
at java.base/java.lang.reflect.Method.invoke(Method.java:580)
at org.openqa.selenium.support.pagefactory.internal.LocatingElementHandler.invoke(LocatingElementHandler.java:51)
at jdk.proxy2/jdk.proxy2.$Proxy48.click(Unknown Source)
at pages.BasePage.elementClick(BasePage.java:35)
at pages.Program_Page.clickProgramAddNew(Program_Page.java:200)
at stepDefinitions.ProgramStep.admin_clicks_add_new_class_under_class_navigation_bar(ProgramStep.java:115)
at ✽.Admin clicks Add New Program under program navigation bar(file:///C:/Users/madhu/OneDrive/Desktop/SDET/LMS_ActionSquad/src/test/resources/Feature%20files/03_Program.feature:51)
]]>
    </error>
  </testcase> <!-- runScenario -->
  <testcase classname="testRunner.TestRunner" name="runScenario" time="5.357"/>
  <testcase classname="testRunner.TestRunner" name="runScenario" time="13.090"/>
  <testcase classname="testRunner.TestRunner" name="runScenario" time="9.066"/>
  <testcase classname="testRunner.TestRunner" name="runScenario" time="5.925">
    <failure message="expected [true] but found [false]" type="java.lang.AssertionError">
      <![CDATA[java.lang.AssertionError: expected [true] but found [false]
at org.testng.Assert.fail(Assert.java:111)
at org.testng.Assert.failNotEquals(Assert.java:1578)
at org.testng.Assert.assertTrue(Assert.java:57)
at org.testng.Assert.assertTrue(Assert.java:67)
at stepDefinitions.ProgramStep.adminShouldSeeResults(ProgramStep.java:453)
at ✽.Admin should see the "last page link with Next disabled" on the data table in program module(file:///C:/Users/madhu/OneDrive/Desktop/SDET/LMS_ActionSquad/src/test/resources/Feature%20files/03_Program.feature:209)
]]>
    </failure>
  </testcase> <!-- runScenario -->
  <testcase classname="testRunner.TestRunner" name="runScenario" time="6.050"/>
  <testcase classname="testRunner.TestRunner" name="runScenario" time="3.209"/>
  <testcase classname="testRunner.TestRunner" name="runScenario" time="3.904"/>
  <testcase classname="testRunner.TestRunner" name="runScenario" time="4.456"/>
  <testcase classname="testRunner.TestRunner" name="runScenario" time="5.379"/>
  <testcase classname="testRunner.TestRunner" name="runScenario" time="6.548"/>
  <testcase classname="testRunner.TestRunner" name="runScenario" time="16.517">
    <failure message="expected [false] but found [true]" type="java.lang.AssertionError">
      <![CDATA[java.lang.AssertionError: expected [false] but found [true]
at org.testng.Assert.fail(Assert.java:111)
at org.testng.Assert.failNotEquals(Assert.java:1578)
at org.testng.Assert.assertFalse(Assert.java:79)
at org.testng.Assert.assertFalse(Assert.java:89)
at stepDefinitions.LoginStep.admin_should(LoginStep.java:194)
at ✽.Admin should "Emptyusername"(file:///C:/Users/madhu/OneDrive/Desktop/SDET/LMS_ActionSquad/src/test/resources/Feature%20files/01_Login.feature:105)
]]>
    </failure>
  </testcase> <!-- runScenario -->
  <testcase classname="testRunner.TestRunner" name="runScenario" time="5.007"/>
  <testcase classname="testRunner.TestRunner" name="runScenario" time="4.933"/>
  <testcase classname="testRunner.TestRunner" name="runScenario" time="4.903"/>
  <testcase classname="testRunner.TestRunner" name="runScenario" time="5.175"/>
  <testcase classname="testRunner.TestRunner" name="runScenario" time="6.801">
    <error message="Element &lt;button class=&quot;mat-focus-indicator mat-menu-item ng-tns-c230-6 cdk-focused cdk-mouse-focused&quot;&gt; is not clickable at point (1366,78) because another element &lt;div id=&quot;cdk-overlay-1&quot; class=&quot;cdk-overlay-pane&quot;&gt; obscures it
Build info: version: &#039;4.27.0&#039;, revision: &#039;d6e718d134&#039;
System info: os.name: &#039;Windows 11&#039;, os.arch: &#039;amd64&#039;, os.version: &#039;10.0&#039;, java.version: &#039;21.0.5&#039;
Driver info: org.openqa.selenium.firefox.FirefoxDriver
Command: [12687000-c569-4698-bbbd-a6ab35a651f2, clickElement {id=04ed36b9-54a7-44df-8c8f-825c329be0c6}]
Capabilities {acceptInsecureCerts: true, browserName: firefox, browserVersion: 135.0.1, moz:accessibilityChecks: false, moz:buildID: 20250216192613, moz:debuggerAddress: 127.0.0.1:38276, moz:geckodriverVersion: 0.35.0, moz:headless: false, moz:platformVersion: 10.0, moz:processID: 176832, moz:profile: C:\Users\madhu\AppData\Loca..., moz:shutdownTimeout: 60000, moz:webdriverClick: true, moz:windowless: false, pageLoadStrategy: normal, platformName: windows, proxy: Proxy(), se:cdp: ws://127.0.0.1:38276/devtoo..., se:cdpVersion: 85.0, setWindowRect: true, strictFileInteractability: false, timeouts: {implicit: 0, pageLoad: 300000, script: 30000}, unhandledPromptBehavior: dismiss and notify, userAgent: Mozilla/5.0 (Windows NT 10....}
Element: [[FirefoxDriver: firefox on windows (12687000-c569-4698-bbbd-a6ab35a651f2)] -&gt; xpath: //button[@role=&#039;menuitem&#039;]]
Session ID: 12687000-c569-4698-bbbd-a6ab35a651f2" type="org.openqa.selenium.ElementClickInterceptedException">
      <![CDATA[org.openqa.selenium.ElementClickInterceptedException: Element <button class="mat-focus-indicator mat-menu-item ng-tns-c230-6 cdk-focused cdk-mouse-focused"> is not clickable at point (1366,78) because another element <div id="cdk-overlay-1" class="cdk-overlay-pane"> obscures it
Build info: version: '4.27.0', revision: 'd6e718d134'
System info: os.name: 'Windows 11', os.arch: 'amd64', os.version: '10.0', java.version: '21.0.5'
Driver info: org.openqa.selenium.firefox.FirefoxDriver
Command: [12687000-c569-4698-bbbd-a6ab35a651f2, clickElement {id=04ed36b9-54a7-44df-8c8f-825c329be0c6}]
Capabilities {acceptInsecureCerts: true, browserName: firefox, browserVersion: 135.0.1, moz:accessibilityChecks: false, moz:buildID: 20250216192613, moz:debuggerAddress: 127.0.0.1:38276, moz:geckodriverVersion: 0.35.0, moz:headless: false, moz:platformVersion: 10.0, moz:processID: 176832, moz:profile: C:\Users\madhu\AppData\Loca..., moz:shutdownTimeout: 60000, moz:webdriverClick: true, moz:windowless: false, pageLoadStrategy: normal, platformName: windows, proxy: Proxy(), se:cdp: ws://127.0.0.1:38276/devtoo..., se:cdpVersion: 85.0, setWindowRect: true, strictFileInteractability: false, timeouts: {implicit: 0, pageLoad: 300000, script: 30000}, unhandledPromptBehavior: dismiss and notify, userAgent: Mozilla/5.0 (Windows NT 10....}
Element: [[FirefoxDriver: firefox on windows (12687000-c569-4698-bbbd-a6ab35a651f2)] -> xpath: //button[@role='menuitem']]
Session ID: 12687000-c569-4698-bbbd-a6ab35a651f2
at java.base/jdk.internal.reflect.DirectConstructorHandleAccessor.newInstance(DirectConstructorHandleAccessor.java:62)
at java.base/java.lang.reflect.Constructor.newInstanceWithCaller(Constructor.java:502)
at java.base/java.lang.reflect.Constructor.newInstance(Constructor.java:486)
at org.openqa.selenium.remote.ErrorCodec.decode(ErrorCodec.java:167)
at org.openqa.selenium.remote.codec.w3c.W3CHttpResponseCodec.decode(W3CHttpResponseCodec.java:138)
at org.openqa.selenium.remote.codec.w3c.W3CHttpResponseCodec.decode(W3CHttpResponseCodec.java:50)
at org.openqa.selenium.remote.HttpCommandExecutor.execute(HttpCommandExecutor.java:190)
at org.openqa.selenium.remote.service.DriverCommandExecutor.invokeExecute(DriverCommandExecutor.java:216)
at org.openqa.selenium.remote.service.DriverCommandExecutor.execute(DriverCommandExecutor.java:174)
at org.openqa.selenium.remote.RemoteWebDriver.execute(RemoteWebDriver.java:545)
at org.openqa.selenium.remote.RemoteWebElement.execute(RemoteWebElement.java:223)
at org.openqa.selenium.remote.RemoteWebElement.click(RemoteWebElement.java:76)
at java.base/jdk.internal.reflect.DirectMethodHandleAccessor.invoke(DirectMethodHandleAccessor.java:103)
at java.base/java.lang.reflect.Method.invoke(Method.java:580)
at org.openqa.selenium.support.pagefactory.internal.LocatingElementHandler.invoke(LocatingElementHandler.java:51)
at jdk.proxy2/jdk.proxy2.$Proxy48.click(Unknown Source)
at pages.Batch_Page.clickAddNewBatchButton(Batch_Page.java:406)
at stepDefinitions.BatchStep.admin_clicks_under_batch_menu_bar(BatchStep.java:151)
at ✽.Admin clicks "Add New Batch" under batch menu bar(file:///C:/Users/madhu/OneDrive/Desktop/SDET/LMS_ActionSquad/src/test/resources/Feature%20files/04_Batch.feature:36)
]]>
    </error>
  </testcase> <!-- runScenario -->
  <testcase classname="testRunner.TestRunner" name="runScenario" time="19.753">
    <failure message="expected [false] but found [true]" type="java.lang.AssertionError">
      <![CDATA[java.lang.AssertionError: expected [false] but found [true]
at org.testng.Assert.fail(Assert.java:111)
at org.testng.Assert.failNotEquals(Assert.java:1578)
at org.testng.Assert.assertFalse(Assert.java:79)
at org.testng.Assert.assertFalse(Assert.java:89)
at stepDefinitions.BatchStepAddon.admin_should_description_mandatory_error_message(BatchStepAddon.java:173)
at ✽.Admin should description mandatory error message(file:///C:/Users/madhu/OneDrive/Desktop/SDET/LMS_ActionSquad/src/test/resources/Feature%20files/10_BatchAdditional.feature:73)
]]>
    </failure>
  </testcase> <!-- runScenario -->
  <testcase classname="testRunner.TestRunner" name="runScenario" time="3.089"/>
  <testcase classname="testRunner.TestRunner" name="runScenario" time="5.399"/>
  <testcase classname="testRunner.TestRunner" name="runScenario" time="7.711"/>
  <testcase classname="testRunner.TestRunner" name="runScenario" time="4.413"/>
  <testcase classname="testRunner.TestRunner" name="runScenario" time="5.252"/>
  <testcase classname="testRunner.TestRunner" name="runScenario" time="8.320"/>
  <testcase classname="testRunner.TestRunner" name="runScenario" time="8.514">
    <error message="Element &lt;button class=&quot;mat-focus-indicator mat-menu-item ng-tns-c230-5 cdk-focused cdk-mouse-focused&quot;&gt; is not clickable at point (1291,79) because another element &lt;div id=&quot;cdk-overlay-1&quot; class=&quot;cdk-overlay-pane&quot;&gt; obscures it
Build info: version: &#039;4.27.0&#039;, revision: &#039;d6e718d134&#039;
System info: os.name: &#039;Windows 11&#039;, os.arch: &#039;amd64&#039;, os.version: &#039;10.0&#039;, java.version: &#039;21.0.5&#039;
Driver info: org.openqa.selenium.firefox.FirefoxDriver
Command: [c1e1551a-7f21-4fc8-9337-231f77fa7a94, clickElement {id=a6cd6741-a2d3-4810-8ec9-99c5fa0df337}]
Capabilities {acceptInsecureCerts: true, browserName: firefox, browserVersion: 135.0.1, moz:accessibilityChecks: false, moz:buildID: 20250216192613, moz:debuggerAddress: 127.0.0.1:16580, moz:geckodriverVersion: 0.35.0, moz:headless: false, moz:platformVersion: 10.0, moz:processID: 149444, moz:profile: C:\Users\madhu\AppData\Loca..., moz:shutdownTimeout: 60000, moz:webdriverClick: true, moz:windowless: false, pageLoadStrategy: normal, platformName: windows, proxy: Proxy(), se:cdp: ws://127.0.0.1:16580/devtoo..., se:cdpVersion: 85.0, setWindowRect: true, strictFileInteractability: false, timeouts: {implicit: 0, pageLoad: 300000, script: 30000}, unhandledPromptBehavior: dismiss and notify, userAgent: Mozilla/5.0 (Windows NT 10....}
Element: [[FirefoxDriver: firefox on windows (c1e1551a-7f21-4fc8-9337-231f77fa7a94)] -&gt; xpath: //button[@role=&#039;menuitem&#039;]]
Session ID: c1e1551a-7f21-4fc8-9337-231f77fa7a94" type="org.openqa.selenium.ElementClickInterceptedException">
      <![CDATA[org.openqa.selenium.ElementClickInterceptedException: Element <button class="mat-focus-indicator mat-menu-item ng-tns-c230-5 cdk-focused cdk-mouse-focused"> is not clickable at point (1291,79) because another element <div id="cdk-overlay-1" class="cdk-overlay-pane"> obscures it
Build info: version: '4.27.0', revision: 'd6e718d134'
System info: os.name: 'Windows 11', os.arch: 'amd64', os.version: '10.0', java.version: '21.0.5'
Driver info: org.openqa.selenium.firefox.FirefoxDriver
Command: [c1e1551a-7f21-4fc8-9337-231f77fa7a94, clickElement {id=a6cd6741-a2d3-4810-8ec9-99c5fa0df337}]
Capabilities {acceptInsecureCerts: true, browserName: firefox, browserVersion: 135.0.1, moz:accessibilityChecks: false, moz:buildID: 20250216192613, moz:debuggerAddress: 127.0.0.1:16580, moz:geckodriverVersion: 0.35.0, moz:headless: false, moz:platformVersion: 10.0, moz:processID: 149444, moz:profile: C:\Users\madhu\AppData\Loca..., moz:shutdownTimeout: 60000, moz:webdriverClick: true, moz:windowless: false, pageLoadStrategy: normal, platformName: windows, proxy: Proxy(), se:cdp: ws://127.0.0.1:16580/devtoo..., se:cdpVersion: 85.0, setWindowRect: true, strictFileInteractability: false, timeouts: {implicit: 0, pageLoad: 300000, script: 30000}, unhandledPromptBehavior: dismiss and notify, userAgent: Mozilla/5.0 (Windows NT 10....}
Element: [[FirefoxDriver: firefox on windows (c1e1551a-7f21-4fc8-9337-231f77fa7a94)] -> xpath: //button[@role='menuitem']]
Session ID: c1e1551a-7f21-4fc8-9337-231f77fa7a94
at java.base/jdk.internal.reflect.DirectConstructorHandleAccessor.newInstance(DirectConstructorHandleAccessor.java:62)
at java.base/java.lang.reflect.Constructor.newInstanceWithCaller(Constructor.java:502)
at java.base/java.lang.reflect.Constructor.newInstance(Constructor.java:486)
at org.openqa.selenium.remote.ErrorCodec.decode(ErrorCodec.java:167)
at org.openqa.selenium.remote.codec.w3c.W3CHttpResponseCodec.decode(W3CHttpResponseCodec.java:138)
at org.openqa.selenium.remote.codec.w3c.W3CHttpResponseCodec.decode(W3CHttpResponseCodec.java:50)
at org.openqa.selenium.remote.HttpCommandExecutor.execute(HttpCommandExecutor.java:190)
at org.openqa.selenium.remote.service.DriverCommandExecutor.invokeExecute(DriverCommandExecutor.java:216)
at org.openqa.selenium.remote.service.DriverCommandExecutor.execute(DriverCommandExecutor.java:174)
at org.openqa.selenium.remote.RemoteWebDriver.execute(RemoteWebDriver.java:545)
at org.openqa.selenium.remote.RemoteWebElement.execute(RemoteWebElement.java:223)
at org.openqa.selenium.remote.RemoteWebElement.click(RemoteWebElement.java:76)
at java.base/jdk.internal.reflect.DirectMethodHandleAccessor.invoke(DirectMethodHandleAccessor.java:103)
at java.base/java.lang.reflect.Method.invoke(Method.java:580)
at org.openqa.selenium.support.pagefactory.internal.LocatingElementHandler.invoke(LocatingElementHandler.java:51)
at jdk.proxy2/jdk.proxy2.$Proxy48.click(Unknown Source)
at pages.BasePage.elementClick(BasePage.java:35)
at stepDefinitions.ProgramStepAddon.the_admin_is_in_add_new_program_pop_window(ProgramStepAddon.java:103)
at ✽.The Admin is in Add New program pop window(file:///C:/Users/madhu/OneDrive/Desktop/SDET/LMS_ActionSquad/src/test/resources/Feature%20files/09_ProgramAdditional.feature:45)
]]>
    </error>
  </testcase> <!-- runScenario -->
  <testcase classname="testRunner.TestRunner" name="runScenario" time="17.563"/>
  <testcase classname="testRunner.TestRunner" name="runScenario" time="7.781"/>
  <testcase classname="testRunner.TestRunner" name="runScenario" time="23.187"/>
  <testcase classname="testRunner.TestRunner" name="runScenario" time="14.402">
    <failure message="expected [This field should start with an alphabet, no special char and min 2 char.] but found []" type="java.lang.AssertionError">
      <![CDATA[java.lang.AssertionError: expected [This field should start with an alphabet, no special char and min 2 char.] but found []
at org.testng.Assert.fail(Assert.java:111)
at org.testng.Assert.failNotEquals(Assert.java:1578)
at org.testng.Assert.assertEqualsImpl(Assert.java:150)
at org.testng.Assert.assertEquals(Assert.java:132)
at org.testng.Assert.assertEquals(Assert.java:656)
at org.testng.Assert.assertEquals(Assert.java:666)
at stepDefinitions.ProgramStepAddon.admin_receives_invalid_error_message(ProgramStepAddon.java:167)
at ✽.Admin receives "NameSpcChar" invalid error message(file:///C:/Users/madhu/OneDrive/Desktop/SDET/LMS_ActionSquad/src/test/resources/Feature%20files/09_ProgramAdditional.feature:72)
]]>
    </failure>
  </testcase> <!-- runScenario -->
  <testcase classname="testRunner.TestRunner" name="runScenario" time="6.999"/>
  <testcase classname="testRunner.TestRunner" name="runScenario" time="12.579"/>
  <testcase classname="testRunner.TestRunner" name="runScenario" time="12.700"/>
  <testcase classname="testRunner.TestRunner" name="runScenario" time="7.354"/>
  <testcase classname="testRunner.TestRunner" name="runScenario" time="3.524"/>
  <testcase classname="testRunner.TestRunner" name="runScenario" time="5.267"/>
  <testcase classname="testRunner.TestRunner" name="runScenario" time="13.527">
    <failure message="expected [false] but found [true]" type="java.lang.AssertionError">
      <![CDATA[java.lang.AssertionError: expected [false] but found [true]
at org.testng.Assert.fail(Assert.java:111)
at org.testng.Assert.failNotEquals(Assert.java:1578)
at org.testng.Assert.assertFalse(Assert.java:79)
at org.testng.Assert.assertFalse(Assert.java:89)
at stepDefinitions.LoginStepAddon.admin_should_not_be_navigated_to_lms_portal(LoginStepAddon.java:79)
at ✽.Admin should not be navigated to LMS portal(file:///C:/Users/madhu/OneDrive/Desktop/SDET/LMS_ActionSquad/src/test/resources/Feature%20files/07_LoginAdditional.feature:26)
]]>
    </failure>
  </testcase> <!-- runScenario -->
  <testcase classname="testRunner.TestRunner" name="runScenario" time="16.964"/>
  <testcase classname="testRunner.TestRunner" name="runScenario" time="53.687">
    <failure message="expected [false] but found [true]" type="java.lang.AssertionError">
      <![CDATA[java.lang.AssertionError: expected [false] but found [true]
at org.testng.Assert.fail(Assert.java:111)
at org.testng.Assert.failNotEquals(Assert.java:1578)
at org.testng.Assert.assertFalse(Assert.java:79)
at org.testng.Assert.assertFalse(Assert.java:89)
at stepDefinitions.LoginStep.admin_should(LoginStep.java:192)
at ✽.Admin should "Emptypassword"(file:///C:/Users/madhu/OneDrive/Desktop/SDET/LMS_ActionSquad/src/test/resources/Feature%20files/01_Login.feature:105)
]]>
    </failure>
  </testcase> <!-- runScenario -->
  <testcase classname="testRunner.TestRunner" name="runScenario" time="8.240">
    <error message="Element &lt;button class=&quot;mat-focus-indicator mat-menu-item ng-tns-c230-6 cdk-focused cdk-mouse-focused&quot;&gt; is not clickable at point (1366,78) because another element &lt;div id=&quot;cdk-overlay-1&quot; class=&quot;cdk-overlay-pane&quot;&gt; obscures it
Build info: version: &#039;4.27.0&#039;, revision: &#039;d6e718d134&#039;
System info: os.name: &#039;Windows 11&#039;, os.arch: &#039;amd64&#039;, os.version: &#039;10.0&#039;, java.version: &#039;21.0.5&#039;
Driver info: org.openqa.selenium.firefox.FirefoxDriver
Command: [efd7c247-ba81-4f2c-9bf3-6d1a75ff9017, clickElement {id=56bc19d9-c1f0-4042-a7e8-7c747005adf8}]
Capabilities {acceptInsecureCerts: true, browserName: firefox, browserVersion: 135.0.1, moz:accessibilityChecks: false, moz:buildID: 20250216192613, moz:debuggerAddress: 127.0.0.1:7375, moz:geckodriverVersion: 0.35.0, moz:headless: false, moz:platformVersion: 10.0, moz:processID: 211928, moz:profile: C:\Users\madhu\AppData\Loca..., moz:shutdownTimeout: 60000, moz:webdriverClick: true, moz:windowless: false, pageLoadStrategy: normal, platformName: windows, proxy: Proxy(), se:cdp: ws://127.0.0.1:7375/devtool..., se:cdpVersion: 85.0, setWindowRect: true, strictFileInteractability: false, timeouts: {implicit: 0, pageLoad: 300000, script: 30000}, unhandledPromptBehavior: dismiss and notify, userAgent: Mozilla/5.0 (Windows NT 10....}
Element: [[FirefoxDriver: firefox on windows (efd7c247-ba81-4f2c-9bf3-6d1a75ff9017)] -&gt; xpath: //button[@role=&#039;menuitem&#039;]]
Session ID: efd7c247-ba81-4f2c-9bf3-6d1a75ff9017" type="org.openqa.selenium.ElementClickInterceptedException">
      <![CDATA[org.openqa.selenium.ElementClickInterceptedException: Element <button class="mat-focus-indicator mat-menu-item ng-tns-c230-6 cdk-focused cdk-mouse-focused"> is not clickable at point (1366,78) because another element <div id="cdk-overlay-1" class="cdk-overlay-pane"> obscures it
Build info: version: '4.27.0', revision: 'd6e718d134'
System info: os.name: 'Windows 11', os.arch: 'amd64', os.version: '10.0', java.version: '21.0.5'
Driver info: org.openqa.selenium.firefox.FirefoxDriver
Command: [efd7c247-ba81-4f2c-9bf3-6d1a75ff9017, clickElement {id=56bc19d9-c1f0-4042-a7e8-7c747005adf8}]
Capabilities {acceptInsecureCerts: true, browserName: firefox, browserVersion: 135.0.1, moz:accessibilityChecks: false, moz:buildID: 20250216192613, moz:debuggerAddress: 127.0.0.1:7375, moz:geckodriverVersion: 0.35.0, moz:headless: false, moz:platformVersion: 10.0, moz:processID: 211928, moz:profile: C:\Users\madhu\AppData\Loca..., moz:shutdownTimeout: 60000, moz:webdriverClick: true, moz:windowless: false, pageLoadStrategy: normal, platformName: windows, proxy: Proxy(), se:cdp: ws://127.0.0.1:7375/devtool..., se:cdpVersion: 85.0, setWindowRect: true, strictFileInteractability: false, timeouts: {implicit: 0, pageLoad: 300000, script: 30000}, unhandledPromptBehavior: dismiss and notify, userAgent: Mozilla/5.0 (Windows NT 10....}
Element: [[FirefoxDriver: firefox on windows (efd7c247-ba81-4f2c-9bf3-6d1a75ff9017)] -> xpath: //button[@role='menuitem']]
Session ID: efd7c247-ba81-4f2c-9bf3-6d1a75ff9017
at java.base/jdk.internal.reflect.DirectConstructorHandleAccessor.newInstance(DirectConstructorHandleAccessor.java:62)
at java.base/java.lang.reflect.Constructor.newInstanceWithCaller(Constructor.java:502)
at java.base/java.lang.reflect.Constructor.newInstance(Constructor.java:486)
at org.openqa.selenium.remote.ErrorCodec.decode(ErrorCodec.java:167)
at org.openqa.selenium.remote.codec.w3c.W3CHttpResponseCodec.decode(W3CHttpResponseCodec.java:138)
at org.openqa.selenium.remote.codec.w3c.W3CHttpResponseCodec.decode(W3CHttpResponseCodec.java:50)
at org.openqa.selenium.remote.HttpCommandExecutor.execute(HttpCommandExecutor.java:190)
at org.openqa.selenium.remote.service.DriverCommandExecutor.invokeExecute(DriverCommandExecutor.java:216)
at org.openqa.selenium.remote.service.DriverCommandExecutor.execute(DriverCommandExecutor.java:174)
at org.openqa.selenium.remote.RemoteWebDriver.execute(RemoteWebDriver.java:545)
at org.openqa.selenium.remote.RemoteWebElement.execute(RemoteWebElement.java:223)
at org.openqa.selenium.remote.RemoteWebElement.click(RemoteWebElement.java:76)
at java.base/jdk.internal.reflect.DirectMethodHandleAccessor.invoke(DirectMethodHandleAccessor.java:103)
at java.base/java.lang.reflect.Method.invoke(Method.java:580)
at org.openqa.selenium.support.pagefactory.internal.LocatingElementHandler.invoke(LocatingElementHandler.java:51)
at jdk.proxy2/jdk.proxy2.$Proxy48.click(Unknown Source)
at pages.Batch_Page.clickAddNewBatchButton(Batch_Page.java:406)
at stepDefinitions.BatchStep.admin_is_on_the_batch_page(BatchStep.java:436)
at ✽.Admin is on the batch page(file:///C:/Users/madhu/OneDrive/Desktop/SDET/LMS_ActionSquad/src/test/resources/Feature%20files/04_Batch.feature:227)
]]>
    </error>
  </testcase> <!-- runScenario -->
  <testcase classname="testRunner.TestRunner" name="runScenario" time="37.060"/>
  <testcase classname="testRunner.TestRunner" name="runScenario" time="6.738"/>
  <testcase classname="testRunner.TestRunner" name="runScenario" time="7.223"/>
  <testcase classname="testRunner.TestRunner" name="runScenario" time="5.402"/>
  <testcase classname="testRunner.TestRunner" name="runScenario" time="8.384"/>
  <testcase classname="testRunner.TestRunner" name="runScenario" time="6.987">
    <failure message="expected [Successful
Batches Deleted] but found [Successful
Batches Deleted]" type="java.lang.AssertionError">
      <![CDATA[java.lang.AssertionError: expected [Successful
Batches Deleted] but found [Successful
Batches Deleted]
at org.testng.Assert.fail(Assert.java:111)
at org.testng.Assert.failNotEquals(Assert.java:1578)
at org.testng.Assert.assertEqualsImpl(Assert.java:150)
at org.testng.Assert.assertEquals(Assert.java:132)
at org.testng.Assert.assertEquals(Assert.java:656)
at org.testng.Assert.assertEquals(Assert.java:666)
at stepDefinitions.BatchStep.the_respective_row_in_the_table_should_be_deleted(BatchStep.java:478)
at ✽.The respective row in the table should be deleted(file:///C:/Users/madhu/OneDrive/Desktop/SDET/LMS_ActionSquad/src/test/resources/Feature%20files/04_Batch.feature:174)
]]>
    </failure>
  </testcase> <!-- runScenario -->
  <testcase classname="testRunner.TestRunner" name="runScenario" time="8.020"/>
  <testcase classname="testRunner.TestRunner" name="runScenario" time="8.044">
    <error message="Element &lt;button class=&quot;mat-focus-indicator mat-menu-item ng-tns-c230-5 cdk-focused cdk-mouse-focused&quot;&gt; is not clickable at point (1282,75) because another element &lt;div id=&quot;cdk-overlay-1&quot; class=&quot;cdk-overlay-pane&quot;&gt; obscures it
Build info: version: &#039;4.27.0&#039;, revision: &#039;d6e718d134&#039;
System info: os.name: &#039;Windows 11&#039;, os.arch: &#039;amd64&#039;, os.version: &#039;10.0&#039;, java.version: &#039;21.0.5&#039;
Driver info: org.openqa.selenium.firefox.FirefoxDriver
Command: [2acf153b-0799-4dd7-9234-a97628198dec, clickElement {id=1d9a6e4a-99b8-4d00-9c19-a06a036320c3}]
Capabilities {acceptInsecureCerts: true, browserName: firefox, browserVersion: 135.0.1, moz:accessibilityChecks: false, moz:buildID: 20250216192613, moz:debuggerAddress: 127.0.0.1:12741, moz:geckodriverVersion: 0.35.0, moz:headless: false, moz:platformVersion: 10.0, moz:processID: 173748, moz:profile: C:\Users\madhu\AppData\Loca..., moz:shutdownTimeout: 60000, moz:webdriverClick: true, moz:windowless: false, pageLoadStrategy: normal, platformName: windows, proxy: Proxy(), se:cdp: ws://127.0.0.1:12741/devtoo..., se:cdpVersion: 85.0, setWindowRect: true, strictFileInteractability: false, timeouts: {implicit: 0, pageLoad: 300000, script: 30000}, unhandledPromptBehavior: dismiss and notify, userAgent: Mozilla/5.0 (Windows NT 10....}
Element: [[FirefoxDriver: firefox on windows (2acf153b-0799-4dd7-9234-a97628198dec)] -&gt; xpath: //*[@id=&#039;mat-menu-panel-0&#039;]/div/button]
Session ID: 2acf153b-0799-4dd7-9234-a97628198dec" type="org.openqa.selenium.ElementClickInterceptedException">
      <![CDATA[org.openqa.selenium.ElementClickInterceptedException: Element <button class="mat-focus-indicator mat-menu-item ng-tns-c230-5 cdk-focused cdk-mouse-focused"> is not clickable at point (1282,75) because another element <div id="cdk-overlay-1" class="cdk-overlay-pane"> obscures it
Build info: version: '4.27.0', revision: 'd6e718d134'
System info: os.name: 'Windows 11', os.arch: 'amd64', os.version: '10.0', java.version: '21.0.5'
Driver info: org.openqa.selenium.firefox.FirefoxDriver
Command: [2acf153b-0799-4dd7-9234-a97628198dec, clickElement {id=1d9a6e4a-99b8-4d00-9c19-a06a036320c3}]
Capabilities {acceptInsecureCerts: true, browserName: firefox, browserVersion: 135.0.1, moz:accessibilityChecks: false, moz:buildID: 20250216192613, moz:debuggerAddress: 127.0.0.1:12741, moz:geckodriverVersion: 0.35.0, moz:headless: false, moz:platformVersion: 10.0, moz:processID: 173748, moz:profile: C:\Users\madhu\AppData\Loca..., moz:shutdownTimeout: 60000, moz:webdriverClick: true, moz:windowless: false, pageLoadStrategy: normal, platformName: windows, proxy: Proxy(), se:cdp: ws://127.0.0.1:12741/devtoo..., se:cdpVersion: 85.0, setWindowRect: true, strictFileInteractability: false, timeouts: {implicit: 0, pageLoad: 300000, script: 30000}, unhandledPromptBehavior: dismiss and notify, userAgent: Mozilla/5.0 (Windows NT 10....}
Element: [[FirefoxDriver: firefox on windows (2acf153b-0799-4dd7-9234-a97628198dec)] -> xpath: //*[@id='mat-menu-panel-0']/div/button]
Session ID: 2acf153b-0799-4dd7-9234-a97628198dec
at java.base/jdk.internal.reflect.DirectConstructorHandleAccessor.newInstance(DirectConstructorHandleAccessor.java:62)
at java.base/java.lang.reflect.Constructor.newInstanceWithCaller(Constructor.java:502)
at java.base/java.lang.reflect.Constructor.newInstance(Constructor.java:486)
at org.openqa.selenium.remote.ErrorCodec.decode(ErrorCodec.java:167)
at org.openqa.selenium.remote.codec.w3c.W3CHttpResponseCodec.decode(W3CHttpResponseCodec.java:138)
at org.openqa.selenium.remote.codec.w3c.W3CHttpResponseCodec.decode(W3CHttpResponseCodec.java:50)
at org.openqa.selenium.remote.HttpCommandExecutor.execute(HttpCommandExecutor.java:190)
at org.openqa.selenium.remote.service.DriverCommandExecutor.invokeExecute(DriverCommandExecutor.java:216)
at org.openqa.selenium.remote.service.DriverCommandExecutor.execute(DriverCommandExecutor.java:174)
at org.openqa.selenium.remote.RemoteWebDriver.execute(RemoteWebDriver.java:545)
at org.openqa.selenium.remote.RemoteWebElement.execute(RemoteWebElement.java:223)
at org.openqa.selenium.remote.RemoteWebElement.click(RemoteWebElement.java:76)
at java.base/jdk.internal.reflect.DirectMethodHandleAccessor.invoke(DirectMethodHandleAccessor.java:103)
at java.base/java.lang.reflect.Method.invoke(Method.java:580)
at org.openqa.selenium.support.pagefactory.internal.LocatingElementHandler.invoke(LocatingElementHandler.java:51)
at jdk.proxy2/jdk.proxy2.$Proxy48.click(Unknown Source)
at pages.BasePage.elementClick(BasePage.java:35)
at pages.Program_Page.clickProgramAddNew(Program_Page.java:200)
at stepDefinitions.ProgramStep.admin_clicks_on_save_button_without_entering_data(ProgramStep.java:144)
at ✽.Admin clicks on save button without entering data(file:///C:/Users/madhu/OneDrive/Desktop/SDET/LMS_ActionSquad/src/test/resources/Feature%20files/03_Program.feature:63)
]]>
    </error>
  </testcase> <!-- runScenario -->
  <testcase classname="testRunner.TestRunner" name="runScenario" time="13.483"/>
  <testcase classname="testRunner.TestRunner" name="runScenario" time="26.232"/>
  <testcase classname="testRunner.TestRunner" name="runScenario" time="6.934"/>
  <testcase classname="testRunner.TestRunner" name="runScenario" time="3.473"/>
  <testcase classname="testRunner.TestRunner" name="runScenario" time="11.573"/>
  <testcase classname="testRunner.TestRunner" name="runScenario" time="9.079"/>
  <testcase classname="testRunner.TestRunner" name="runScenario" time="17.843">
    <failure message="expected [false] but found [true]" type="java.lang.AssertionError">
      <![CDATA[java.lang.AssertionError: expected [false] but found [true]
at org.testng.Assert.fail(Assert.java:111)
at org.testng.Assert.failNotEquals(Assert.java:1578)
at org.testng.Assert.assertFalse(Assert.java:79)
at org.testng.Assert.assertFalse(Assert.java:89)
at stepDefinitions.ProgramStepAddon.admin_receives_edit_mandatory_error_message(ProgramStepAddon.java:204)
at ✽.Admin receives "Description" edit mandatory error message(file:///C:/Users/madhu/OneDrive/Desktop/SDET/LMS_ActionSquad/src/test/resources/Feature%20files/09_ProgramAdditional.feature:61)
]]>
    </failure>
  </testcase> <!-- runScenario -->
  <testcase classname="testRunner.TestRunner" name="runScenario" time="4.023"/>
  <testcase classname="testRunner.TestRunner" name="runScenario" time="8.183"/>
  <testcase classname="testRunner.TestRunner" name="runScenario" time="7.984">
    <failure message="expected [55] but found [0]" type="java.lang.AssertionError">
      <![CDATA[java.lang.AssertionError: expected [55] but found [0]
at org.testng.Assert.fail(Assert.java:111)
at org.testng.Assert.failNotEquals(Assert.java:1578)
at org.testng.Assert.assertEqualsImpl(Assert.java:150)
at org.testng.Assert.assertEquals(Assert.java:132)
at org.testng.Assert.assertEquals(Assert.java:656)
at org.testng.Assert.assertEquals(Assert.java:666)
at stepDefinitions.DashboardStepAddon.admin_should_see_exact_total_count_of_active_and_inactive_program(DashboardStepAddon.java:180)
at ✽.Admin should see exact total count of active and inactive program(file:///C:/Users/madhu/OneDrive/Desktop/SDET/LMS_ActionSquad/src/test/resources/Feature%20files/08_DashboardAdditional.feature:89)
]]>
    </failure>
  </testcase> <!-- runScenario -->
  <testcase classname="testRunner.TestRunner" name="runScenario" time="4.343"/>
  <testcase classname="testRunner.TestRunner" name="runScenario" time="8.176"/>
  <testcase classname="testRunner.TestRunner" name="runScenario" time="4.863">
    <failure message="expected [0] but found [49]" type="java.lang.AssertionError">
      <![CDATA[java.lang.AssertionError: expected [0] but found [49]
at org.testng.Assert.fail(Assert.java:111)
at org.testng.Assert.failNotEquals(Assert.java:1578)
at org.testng.Assert.assertEqualsImpl(Assert.java:150)
at org.testng.Assert.assertEquals(Assert.java:132)
at org.testng.Assert.assertEquals(Assert.java:656)
at org.testng.Assert.assertEquals(Assert.java:666)
at stepDefinitions.DashboardStepAddon.admin_should_see_exact_total_count_of_active_and_inactive_user(DashboardStepAddon.java:188)
at ✽.Admin should see exact total count of active and inactive user(file:///C:/Users/madhu/OneDrive/Desktop/SDET/LMS_ActionSquad/src/test/resources/Feature%20files/08_DashboardAdditional.feature:95)
]]>
    </failure>
  </testcase> <!-- runScenario -->
  <testcase classname="testRunner.TestRunner" name="runScenario" time="6.675"/>
  <testcase classname="testRunner.TestRunner" name="runScenario" time="7.849">
    <error message="Element &lt;button class=&quot;mat-focus-indicator mat-menu-item ng-tns-c230-6 cdk-focused cdk-mouse-focused&quot;&gt; is not clickable at point (1361,75) because another element &lt;div id=&quot;cdk-overlay-1&quot; class=&quot;cdk-overlay-pane&quot;&gt; obscures it
Build info: version: &#039;4.27.0&#039;, revision: &#039;d6e718d134&#039;
System info: os.name: &#039;Windows 11&#039;, os.arch: &#039;amd64&#039;, os.version: &#039;10.0&#039;, java.version: &#039;21.0.5&#039;
Driver info: org.openqa.selenium.firefox.FirefoxDriver
Command: [a7eac1c2-7e37-45b6-9840-f30884fbf934, clickElement {id=cf4a9b52-bcf9-4d0c-bf66-2540a9a306ba}]
Capabilities {acceptInsecureCerts: true, browserName: firefox, browserVersion: 135.0.1, moz:accessibilityChecks: false, moz:buildID: 20250216192613, moz:debuggerAddress: 127.0.0.1:22739, moz:geckodriverVersion: 0.35.0, moz:headless: false, moz:platformVersion: 10.0, moz:processID: 215136, moz:profile: C:\Users\madhu\AppData\Loca..., moz:shutdownTimeout: 60000, moz:webdriverClick: true, moz:windowless: false, pageLoadStrategy: normal, platformName: windows, proxy: Proxy(), se:cdp: ws://127.0.0.1:22739/devtoo..., se:cdpVersion: 85.0, setWindowRect: true, strictFileInteractability: false, timeouts: {implicit: 0, pageLoad: 300000, script: 30000}, unhandledPromptBehavior: dismiss and notify, userAgent: Mozilla/5.0 (Windows NT 10....}
Element: [[FirefoxDriver: firefox on windows (a7eac1c2-7e37-45b6-9840-f30884fbf934)] -&gt; xpath: //button[@role=&#039;menuitem&#039;]]
Session ID: a7eac1c2-7e37-45b6-9840-f30884fbf934" type="org.openqa.selenium.ElementClickInterceptedException">
      <![CDATA[org.openqa.selenium.ElementClickInterceptedException: Element <button class="mat-focus-indicator mat-menu-item ng-tns-c230-6 cdk-focused cdk-mouse-focused"> is not clickable at point (1361,75) because another element <div id="cdk-overlay-1" class="cdk-overlay-pane"> obscures it
Build info: version: '4.27.0', revision: 'd6e718d134'
System info: os.name: 'Windows 11', os.arch: 'amd64', os.version: '10.0', java.version: '21.0.5'
Driver info: org.openqa.selenium.firefox.FirefoxDriver
Command: [a7eac1c2-7e37-45b6-9840-f30884fbf934, clickElement {id=cf4a9b52-bcf9-4d0c-bf66-2540a9a306ba}]
Capabilities {acceptInsecureCerts: true, browserName: firefox, browserVersion: 135.0.1, moz:accessibilityChecks: false, moz:buildID: 20250216192613, moz:debuggerAddress: 127.0.0.1:22739, moz:geckodriverVersion: 0.35.0, moz:headless: false, moz:platformVersion: 10.0, moz:processID: 215136, moz:profile: C:\Users\madhu\AppData\Loca..., moz:shutdownTimeout: 60000, moz:webdriverClick: true, moz:windowless: false, pageLoadStrategy: normal, platformName: windows, proxy: Proxy(), se:cdp: ws://127.0.0.1:22739/devtoo..., se:cdpVersion: 85.0, setWindowRect: true, strictFileInteractability: false, timeouts: {implicit: 0, pageLoad: 300000, script: 30000}, unhandledPromptBehavior: dismiss and notify, userAgent: Mozilla/5.0 (Windows NT 10....}
Element: [[FirefoxDriver: firefox on windows (a7eac1c2-7e37-45b6-9840-f30884fbf934)] -> xpath: //button[@role='menuitem']]
Session ID: a7eac1c2-7e37-45b6-9840-f30884fbf934
at java.base/jdk.internal.reflect.DirectConstructorHandleAccessor.newInstance(DirectConstructorHandleAccessor.java:62)
at java.base/java.lang.reflect.Constructor.newInstanceWithCaller(Constructor.java:502)
at java.base/java.lang.reflect.Constructor.newInstance(Constructor.java:486)
at org.openqa.selenium.remote.ErrorCodec.decode(ErrorCodec.java:167)
at org.openqa.selenium.remote.codec.w3c.W3CHttpResponseCodec.decode(W3CHttpResponseCodec.java:138)
at org.openqa.selenium.remote.codec.w3c.W3CHttpResponseCodec.decode(W3CHttpResponseCodec.java:50)
at org.openqa.selenium.remote.HttpCommandExecutor.execute(HttpCommandExecutor.java:190)
at org.openqa.selenium.remote.service.DriverCommandExecutor.invokeExecute(DriverCommandExecutor.java:216)
at org.openqa.selenium.remote.service.DriverCommandExecutor.execute(DriverCommandExecutor.java:174)
at org.openqa.selenium.remote.RemoteWebDriver.execute(RemoteWebDriver.java:545)
at org.openqa.selenium.remote.RemoteWebElement.execute(RemoteWebElement.java:223)
at org.openqa.selenium.remote.RemoteWebElement.click(RemoteWebElement.java:76)
at java.base/jdk.internal.reflect.DirectMethodHandleAccessor.invoke(DirectMethodHandleAccessor.java:103)
at java.base/java.lang.reflect.Method.invoke(Method.java:580)
at org.openqa.selenium.support.pagefactory.internal.LocatingElementHandler.invoke(LocatingElementHandler.java:51)
at jdk.proxy2/jdk.proxy2.$Proxy48.click(Unknown Source)
at pages.Batch_Page.clickAddNewBatchButton(Batch_Page.java:406)
at stepDefinitions.BatchStep.admin_clicks_the_delete_icon_on_any_row(BatchStep.java:375)
at ✽.Admin clicks the delete Icon on any row(file:///C:/Users/madhu/OneDrive/Desktop/SDET/LMS_ActionSquad/src/test/resources/Feature%20files/04_Batch.feature:137)
]]>
    </error>
  </testcase> <!-- runScenario -->
  <testcase classname="testRunner.TestRunner" name="runScenario" time="4.788">
    <failure message="expected [true] but found [false]" type="java.lang.AssertionError">
      <![CDATA[java.lang.AssertionError: expected [true] but found [false]
at org.testng.Assert.fail(Assert.java:111)
at org.testng.Assert.failNotEquals(Assert.java:1578)
at org.testng.Assert.assertTrue(Assert.java:57)
at org.testng.Assert.assertTrue(Assert.java:67)
at stepDefinitions.BatchStepAddon.admin_should_see_status_is_selected(BatchStepAddon.java:156)
at ✽.Admin should see status is selected(file:///C:/Users/madhu/OneDrive/Desktop/SDET/LMS_ActionSquad/src/test/resources/Feature%20files/10_BatchAdditional.feature:67)
]]>
    </failure>
  </testcase> <!-- runScenario -->
  <testcase classname="testRunner.TestRunner" name="runScenario" time="11.587"/>
  <testcase classname="testRunner.TestRunner" name="runScenario" time="7.715"/>
  <testcase classname="testRunner.TestRunner" name="runScenario" time="4.078"/>
  <testcase classname="testRunner.TestRunner" name="runScenario" time="16.071">
    <failure message="expected [false] but found [true]" type="java.lang.AssertionError">
      <![CDATA[java.lang.AssertionError: expected [false] but found [true]
at org.testng.Assert.fail(Assert.java:111)
at org.testng.Assert.failNotEquals(Assert.java:1578)
at org.testng.Assert.assertFalse(Assert.java:79)
at org.testng.Assert.assertFalse(Assert.java:89)
at stepDefinitions.LoginStep.admin_should(LoginStep.java:192)
at ✽.Admin should "Emptypassword"(file:///C:/Users/madhu/OneDrive/Desktop/SDET/LMS_ActionSquad/src/test/resources/Feature%20files/01_Login.feature:105)
]]>
    </failure>
  </testcase> <!-- runScenario -->
  <testcase classname="testRunner.TestRunner" name="runScenario" time="3.826"/>
  <testcase classname="testRunner.TestRunner" name="runScenario" time="7.225">
    <error message="Element &lt;button class=&quot;mat-focus-indicator mat-menu-item ng-tns-c230-5 cdk-focused cdk-mouse-focused&quot;&gt; is not clickable at point (1291,79) because another element &lt;div id=&quot;cdk-overlay-1&quot; class=&quot;cdk-overlay-pane&quot;&gt; obscures it
Build info: version: &#039;4.27.0&#039;, revision: &#039;d6e718d134&#039;
System info: os.name: &#039;Windows 11&#039;, os.arch: &#039;amd64&#039;, os.version: &#039;10.0&#039;, java.version: &#039;21.0.5&#039;
Driver info: org.openqa.selenium.firefox.FirefoxDriver
Command: [cfd12be3-308c-4781-aeef-401f4e470fae, clickElement {id=fbc7d269-78e6-4c2d-a1da-12881be4fca6}]
Capabilities {acceptInsecureCerts: true, browserName: firefox, browserVersion: 135.0.1, moz:accessibilityChecks: false, moz:buildID: 20250216192613, moz:debuggerAddress: 127.0.0.1:41441, moz:geckodriverVersion: 0.35.0, moz:headless: false, moz:platformVersion: 10.0, moz:processID: 150256, moz:profile: C:\Users\madhu\AppData\Loca..., moz:shutdownTimeout: 60000, moz:webdriverClick: true, moz:windowless: false, pageLoadStrategy: normal, platformName: windows, proxy: Proxy(), se:cdp: ws://127.0.0.1:41441/devtoo..., se:cdpVersion: 85.0, setWindowRect: true, strictFileInteractability: false, timeouts: {implicit: 0, pageLoad: 300000, script: 30000}, unhandledPromptBehavior: dismiss and notify, userAgent: Mozilla/5.0 (Windows NT 10....}
Element: [[FirefoxDriver: firefox on windows (cfd12be3-308c-4781-aeef-401f4e470fae)] -&gt; xpath: //*[@id=&#039;mat-menu-panel-0&#039;]/div/button]
Session ID: cfd12be3-308c-4781-aeef-401f4e470fae" type="org.openqa.selenium.ElementClickInterceptedException">
      <![CDATA[org.openqa.selenium.ElementClickInterceptedException: Element <button class="mat-focus-indicator mat-menu-item ng-tns-c230-5 cdk-focused cdk-mouse-focused"> is not clickable at point (1291,79) because another element <div id="cdk-overlay-1" class="cdk-overlay-pane"> obscures it
Build info: version: '4.27.0', revision: 'd6e718d134'
System info: os.name: 'Windows 11', os.arch: 'amd64', os.version: '10.0', java.version: '21.0.5'
Driver info: org.openqa.selenium.firefox.FirefoxDriver
Command: [cfd12be3-308c-4781-aeef-401f4e470fae, clickElement {id=fbc7d269-78e6-4c2d-a1da-12881be4fca6}]
Capabilities {acceptInsecureCerts: true, browserName: firefox, browserVersion: 135.0.1, moz:accessibilityChecks: false, moz:buildID: 20250216192613, moz:debuggerAddress: 127.0.0.1:41441, moz:geckodriverVersion: 0.35.0, moz:headless: false, moz:platformVersion: 10.0, moz:processID: 150256, moz:profile: C:\Users\madhu\AppData\Loca..., moz:shutdownTimeout: 60000, moz:webdriverClick: true, moz:windowless: false, pageLoadStrategy: normal, platformName: windows, proxy: Proxy(), se:cdp: ws://127.0.0.1:41441/devtoo..., se:cdpVersion: 85.0, setWindowRect: true, strictFileInteractability: false, timeouts: {implicit: 0, pageLoad: 300000, script: 30000}, unhandledPromptBehavior: dismiss and notify, userAgent: Mozilla/5.0 (Windows NT 10....}
Element: [[FirefoxDriver: firefox on windows (cfd12be3-308c-4781-aeef-401f4e470fae)] -> xpath: //*[@id='mat-menu-panel-0']/div/button]
Session ID: cfd12be3-308c-4781-aeef-401f4e470fae
at java.base/jdk.internal.reflect.DirectConstructorHandleAccessor.newInstance(DirectConstructorHandleAccessor.java:62)
at java.base/java.lang.reflect.Constructor.newInstanceWithCaller(Constructor.java:502)
at java.base/java.lang.reflect.Constructor.newInstance(Constructor.java:486)
at org.openqa.selenium.remote.ErrorCodec.decode(ErrorCodec.java:167)
at org.openqa.selenium.remote.codec.w3c.W3CHttpResponseCodec.decode(W3CHttpResponseCodec.java:138)
at org.openqa.selenium.remote.codec.w3c.W3CHttpResponseCodec.decode(W3CHttpResponseCodec.java:50)
at org.openqa.selenium.remote.HttpCommandExecutor.execute(HttpCommandExecutor.java:190)
at org.openqa.selenium.remote.service.DriverCommandExecutor.invokeExecute(DriverCommandExecutor.java:216)
at org.openqa.selenium.remote.service.DriverCommandExecutor.execute(DriverCommandExecutor.java:174)
at org.openqa.selenium.remote.RemoteWebDriver.execute(RemoteWebDriver.java:545)
at org.openqa.selenium.remote.RemoteWebElement.execute(RemoteWebElement.java:223)
at org.openqa.selenium.remote.RemoteWebElement.click(RemoteWebElement.java:76)
at java.base/jdk.internal.reflect.DirectMethodHandleAccessor.invoke(DirectMethodHandleAccessor.java:103)
at java.base/java.lang.reflect.Method.invoke(Method.java:580)
at org.openqa.selenium.support.pagefactory.internal.LocatingElementHandler.invoke(LocatingElementHandler.java:51)
at jdk.proxy2/jdk.proxy2.$Proxy48.click(Unknown Source)
at pages.BasePage.elementClick(BasePage.java:35)
at pages.Program_Page.clickProgramAddNew(Program_Page.java:200)
at stepDefinitions.ProgramStep.admin_clicks_cancel_Icon(ProgramStep.java:186)
at ✽.Admin clicks Cancel Icon on program Details form(file:///C:/Users/madhu/OneDrive/Desktop/SDET/LMS_ActionSquad/src/test/resources/Feature%20files/03_Program.feature:90)
]]>
    </error>
  </testcase> <!-- runScenario -->
  <testcase classname="testRunner.TestRunner" name="runScenario" time="6.104"/>
  <testcase classname="testRunner.TestRunner" name="runScenario" time="6.810"/>
  <testcase classname="testRunner.TestRunner" name="runScenario" time="3.884"/>
  <testcase classname="testRunner.TestRunner" name="runScenario" time="5.990"/>
  <testcase classname="testRunner.TestRunner" name="runScenario" time="7.683"/>
  <testcase classname="testRunner.TestRunner" name="runScenario" time="8.873">
    <error message="Element &lt;button class=&quot;mat-focus-indicator mat-menu-item ng-tns-c230-5 cdk-focused cdk-mouse-focused&quot;&gt; is not clickable at point (1288,78) because another element &lt;div id=&quot;cdk-overlay-1&quot; class=&quot;cdk-overlay-pane&quot;&gt; obscures it
Build info: version: &#039;4.27.0&#039;, revision: &#039;d6e718d134&#039;
System info: os.name: &#039;Windows 11&#039;, os.arch: &#039;amd64&#039;, os.version: &#039;10.0&#039;, java.version: &#039;21.0.5&#039;
Driver info: org.openqa.selenium.firefox.FirefoxDriver
Command: [eed40010-49f1-458d-ab08-735cc874b5cb, clickElement {id=fe83435f-e28d-4377-9cb4-9ba6b6fa0c8c}]
Capabilities {acceptInsecureCerts: true, browserName: firefox, browserVersion: 135.0.1, moz:accessibilityChecks: false, moz:buildID: 20250216192613, moz:debuggerAddress: 127.0.0.1:43277, moz:geckodriverVersion: 0.35.0, moz:headless: false, moz:platformVersion: 10.0, moz:processID: 199652, moz:profile: C:\Users\madhu\AppData\Loca..., moz:shutdownTimeout: 60000, moz:webdriverClick: true, moz:windowless: false, pageLoadStrategy: normal, platformName: windows, proxy: Proxy(), se:cdp: ws://127.0.0.1:43277/devtoo..., se:cdpVersion: 85.0, setWindowRect: true, strictFileInteractability: false, timeouts: {implicit: 0, pageLoad: 300000, script: 30000}, unhandledPromptBehavior: dismiss and notify, userAgent: Mozilla/5.0 (Windows NT 10....}
Element: [[FirefoxDriver: firefox on windows (eed40010-49f1-458d-ab08-735cc874b5cb)] -&gt; xpath: //*[@id=&#039;mat-menu-panel-0&#039;]/div/button]
Session ID: eed40010-49f1-458d-ab08-735cc874b5cb" type="org.openqa.selenium.ElementClickInterceptedException">
      <![CDATA[org.openqa.selenium.ElementClickInterceptedException: Element <button class="mat-focus-indicator mat-menu-item ng-tns-c230-5 cdk-focused cdk-mouse-focused"> is not clickable at point (1288,78) because another element <div id="cdk-overlay-1" class="cdk-overlay-pane"> obscures it
Build info: version: '4.27.0', revision: 'd6e718d134'
System info: os.name: 'Windows 11', os.arch: 'amd64', os.version: '10.0', java.version: '21.0.5'
Driver info: org.openqa.selenium.firefox.FirefoxDriver
Command: [eed40010-49f1-458d-ab08-735cc874b5cb, clickElement {id=fe83435f-e28d-4377-9cb4-9ba6b6fa0c8c}]
Capabilities {acceptInsecureCerts: true, browserName: firefox, browserVersion: 135.0.1, moz:accessibilityChecks: false, moz:buildID: 20250216192613, moz:debuggerAddress: 127.0.0.1:43277, moz:geckodriverVersion: 0.35.0, moz:headless: false, moz:platformVersion: 10.0, moz:processID: 199652, moz:profile: C:\Users\madhu\AppData\Loca..., moz:shutdownTimeout: 60000, moz:webdriverClick: true, moz:windowless: false, pageLoadStrategy: normal, platformName: windows, proxy: Proxy(), se:cdp: ws://127.0.0.1:43277/devtoo..., se:cdpVersion: 85.0, setWindowRect: true, strictFileInteractability: false, timeouts: {implicit: 0, pageLoad: 300000, script: 30000}, unhandledPromptBehavior: dismiss and notify, userAgent: Mozilla/5.0 (Windows NT 10....}
Element: [[FirefoxDriver: firefox on windows (eed40010-49f1-458d-ab08-735cc874b5cb)] -> xpath: //*[@id='mat-menu-panel-0']/div/button]
Session ID: eed40010-49f1-458d-ab08-735cc874b5cb
at java.base/jdk.internal.reflect.DirectConstructorHandleAccessor.newInstance(DirectConstructorHandleAccessor.java:62)
at java.base/java.lang.reflect.Constructor.newInstanceWithCaller(Constructor.java:502)
at java.base/java.lang.reflect.Constructor.newInstance(Constructor.java:486)
at org.openqa.selenium.remote.ErrorCodec.decode(ErrorCodec.java:167)
at org.openqa.selenium.remote.codec.w3c.W3CHttpResponseCodec.decode(W3CHttpResponseCodec.java:138)
at org.openqa.selenium.remote.codec.w3c.W3CHttpResponseCodec.decode(W3CHttpResponseCodec.java:50)
at org.openqa.selenium.remote.HttpCommandExecutor.execute(HttpCommandExecutor.java:190)
at org.openqa.selenium.remote.service.DriverCommandExecutor.invokeExecute(DriverCommandExecutor.java:216)
at org.openqa.selenium.remote.service.DriverCommandExecutor.execute(DriverCommandExecutor.java:174)
at org.openqa.selenium.remote.RemoteWebDriver.execute(RemoteWebDriver.java:545)
at org.openqa.selenium.remote.RemoteWebElement.execute(RemoteWebElement.java:223)
at org.openqa.selenium.remote.RemoteWebElement.click(RemoteWebElement.java:76)
at java.base/jdk.internal.reflect.DirectMethodHandleAccessor.invoke(DirectMethodHandleAccessor.java:103)
at java.base/java.lang.reflect.Method.invoke(Method.java:580)
at org.openqa.selenium.support.pagefactory.internal.LocatingElementHandler.invoke(LocatingElementHandler.java:51)
at jdk.proxy2/jdk.proxy2.$Proxy48.click(Unknown Source)
at pages.BasePage.elementClick(BasePage.java:35)
at pages.Program_Page.clickProgramAddNew(Program_Page.java:200)
at stepDefinitions.ProgramStep.admin_clicks_add_new_class_under_class_navigation_bar(ProgramStep.java:115)
at ✽.Admin clicks Add New Program under program navigation bar(file:///C:/Users/madhu/OneDrive/Desktop/SDET/LMS_ActionSquad/src/test/resources/Feature%20files/03_Program.feature:51)
]]>
    </error>
  </testcase> <!-- runScenario -->
  <testcase classname="testRunner.TestRunner" name="runScenario" time="4.531"/>
  <testcase classname="testRunner.TestRunner" name="runScenario" time="6.269"/>
  <testcase classname="testRunner.TestRunner" name="runScenario" time="4.908"/>
  <testcase classname="testRunner.TestRunner" name="runScenario" time="4.429"/>
  <testcase classname="testRunner.TestRunner" name="runScenario" time="6.786"/>
  <testcase classname="testRunner.TestRunner" name="runScenario" time="9.092"/>
  <testcase classname="testRunner.TestRunner" name="runScenario" time="6.722"/>
  <testcase classname="testRunner.TestRunner" name="runScenario" time="3.842"/>
  <testcase classname="testRunner.TestRunner" name="runScenario" time="3.520"/>
  <testcase classname="testRunner.TestRunner" name="runScenario" time="2.963"/>
  <testcase classname="testRunner.TestRunner" name="runScenario" time="4.893"/>
  <testcase classname="testRunner.TestRunner" name="runScenario" time="13.864"/>
  <testcase classname="testRunner.TestRunner" name="runScenario" time="6.453"/>
  <testcase classname="testRunner.TestRunner" name="runScenario" time="7.097">
    <error message="Element &lt;button class=&quot;mat-focus-indicator mat-menu-item ng-tns-c230-5 cdk-focused cdk-mouse-focused&quot;&gt; is not clickable at point (1282,75) because another element &lt;div id=&quot;cdk-overlay-1&quot; class=&quot;cdk-overlay-pane&quot;&gt; obscures it
Build info: version: &#039;4.27.0&#039;, revision: &#039;d6e718d134&#039;
System info: os.name: &#039;Windows 11&#039;, os.arch: &#039;amd64&#039;, os.version: &#039;10.0&#039;, java.version: &#039;21.0.5&#039;
Driver info: org.openqa.selenium.firefox.FirefoxDriver
Command: [a1632ee8-714d-4fd9-8a14-179e6b1a0cb2, clickElement {id=45cd9d3a-91e3-49eb-b76d-67440712a8a3}]
Capabilities {acceptInsecureCerts: true, browserName: firefox, browserVersion: 135.0.1, moz:accessibilityChecks: false, moz:buildID: 20250216192613, moz:debuggerAddress: 127.0.0.1:6707, moz:geckodriverVersion: 0.35.0, moz:headless: false, moz:platformVersion: 10.0, moz:processID: 159560, moz:profile: C:\Users\madhu\AppData\Loca..., moz:shutdownTimeout: 60000, moz:webdriverClick: true, moz:windowless: false, pageLoadStrategy: normal, platformName: windows, proxy: Proxy(), se:cdp: ws://127.0.0.1:6707/devtool..., se:cdpVersion: 85.0, setWindowRect: true, strictFileInteractability: false, timeouts: {implicit: 0, pageLoad: 300000, script: 30000}, unhandledPromptBehavior: dismiss and notify, userAgent: Mozilla/5.0 (Windows NT 10....}
Element: [[FirefoxDriver: firefox on windows (a1632ee8-714d-4fd9-8a14-179e6b1a0cb2)] -&gt; xpath: //button[@role=&#039;menuitem&#039;]]
Session ID: a1632ee8-714d-4fd9-8a14-179e6b1a0cb2" type="org.openqa.selenium.ElementClickInterceptedException">
      <![CDATA[org.openqa.selenium.ElementClickInterceptedException: Element <button class="mat-focus-indicator mat-menu-item ng-tns-c230-5 cdk-focused cdk-mouse-focused"> is not clickable at point (1282,75) because another element <div id="cdk-overlay-1" class="cdk-overlay-pane"> obscures it
Build info: version: '4.27.0', revision: 'd6e718d134'
System info: os.name: 'Windows 11', os.arch: 'amd64', os.version: '10.0', java.version: '21.0.5'
Driver info: org.openqa.selenium.firefox.FirefoxDriver
Command: [a1632ee8-714d-4fd9-8a14-179e6b1a0cb2, clickElement {id=45cd9d3a-91e3-49eb-b76d-67440712a8a3}]
Capabilities {acceptInsecureCerts: true, browserName: firefox, browserVersion: 135.0.1, moz:accessibilityChecks: false, moz:buildID: 20250216192613, moz:debuggerAddress: 127.0.0.1:6707, moz:geckodriverVersion: 0.35.0, moz:headless: false, moz:platformVersion: 10.0, moz:processID: 159560, moz:profile: C:\Users\madhu\AppData\Loca..., moz:shutdownTimeout: 60000, moz:webdriverClick: true, moz:windowless: false, pageLoadStrategy: normal, platformName: windows, proxy: Proxy(), se:cdp: ws://127.0.0.1:6707/devtool..., se:cdpVersion: 85.0, setWindowRect: true, strictFileInteractability: false, timeouts: {implicit: 0, pageLoad: 300000, script: 30000}, unhandledPromptBehavior: dismiss and notify, userAgent: Mozilla/5.0 (Windows NT 10....}
Element: [[FirefoxDriver: firefox on windows (a1632ee8-714d-4fd9-8a14-179e6b1a0cb2)] -> xpath: //button[@role='menuitem']]
Session ID: a1632ee8-714d-4fd9-8a14-179e6b1a0cb2
at java.base/jdk.internal.reflect.DirectConstructorHandleAccessor.newInstance(DirectConstructorHandleAccessor.java:62)
at java.base/java.lang.reflect.Constructor.newInstanceWithCaller(Constructor.java:502)
at java.base/java.lang.reflect.Constructor.newInstance(Constructor.java:486)
at org.openqa.selenium.remote.ErrorCodec.decode(ErrorCodec.java:167)
at org.openqa.selenium.remote.codec.w3c.W3CHttpResponseCodec.decode(W3CHttpResponseCodec.java:138)
at org.openqa.selenium.remote.codec.w3c.W3CHttpResponseCodec.decode(W3CHttpResponseCodec.java:50)
at org.openqa.selenium.remote.HttpCommandExecutor.execute(HttpCommandExecutor.java:190)
at org.openqa.selenium.remote.service.DriverCommandExecutor.invokeExecute(DriverCommandExecutor.java:216)
at org.openqa.selenium.remote.service.DriverCommandExecutor.execute(DriverCommandExecutor.java:174)
at org.openqa.selenium.remote.RemoteWebDriver.execute(RemoteWebDriver.java:545)
at org.openqa.selenium.remote.RemoteWebElement.execute(RemoteWebElement.java:223)
at org.openqa.selenium.remote.RemoteWebElement.click(RemoteWebElement.java:76)
at java.base/jdk.internal.reflect.DirectMethodHandleAccessor.invoke(DirectMethodHandleAccessor.java:103)
at java.base/java.lang.reflect.Method.invoke(Method.java:580)
at org.openqa.selenium.support.pagefactory.internal.LocatingElementHandler.invoke(LocatingElementHandler.java:51)
at jdk.proxy2/jdk.proxy2.$Proxy48.click(Unknown Source)
at pages.BasePage.elementClick(BasePage.java:35)
at stepDefinitions.ProgramStepAddon.the_admin_is_in_add_new_program_pop_window(ProgramStepAddon.java:103)
at ✽.The Admin is in Add New program pop window(file:///C:/Users/madhu/OneDrive/Desktop/SDET/LMS_ActionSquad/src/test/resources/Feature%20files/09_ProgramAdditional.feature:45)
]]>
    </error>
  </testcase> <!-- runScenario -->
  <testcase classname="testRunner.TestRunner" name="runScenario" time="7.547"/>
  <testcase classname="testRunner.TestRunner" name="runScenario" time="23.332">
    <failure message="expected [false] but found [true]" type="java.lang.AssertionError">
      <![CDATA[java.lang.AssertionError: expected [false] but found [true]
at org.testng.Assert.fail(Assert.java:111)
at org.testng.Assert.failNotEquals(Assert.java:1578)
at org.testng.Assert.assertFalse(Assert.java:79)
at org.testng.Assert.assertFalse(Assert.java:89)
at stepDefinitions.LoginStepAddon.admin_should_see_please_select_your_role_error_message(LoginStepAddon.java:53)
at ✽.Admin should see Please select your Role error message(file:///C:/Users/madhu/OneDrive/Desktop/SDET/LMS_ActionSquad/src/test/resources/Feature%20files/07_LoginAdditional.feature:14)
]]>
    </failure>
  </testcase> <!-- runScenario -->
  <testcase classname="testRunner.TestRunner" name="runScenario" time="3.926"/>
  <testcase classname="testRunner.TestRunner" name="runScenario" time="3.263"/>
  <testcase classname="testRunner.TestRunner" name="runScenario" time="5.227"/>
  <testcase classname="testRunner.TestRunner" name="runScenario" time="22.882"/>
  <testcase classname="testRunner.TestRunner" name="runScenario" time="8.155"/>
  <testcase classname="testRunner.TestRunner" name="runScenario" time="13.426"/>
  <testcase classname="testRunner.TestRunner" name="runScenario" time="6.819"/>
  <testcase classname="testRunner.TestRunner" name="runScenario" time="23.287">
    <failure message="expected [false] but found [true]" type="java.lang.AssertionError">
      <![CDATA[java.lang.AssertionError: expected [false] but found [true]
at org.testng.Assert.fail(Assert.java:111)
at org.testng.Assert.failNotEquals(Assert.java:1578)
at org.testng.Assert.assertFalse(Assert.java:79)
at org.testng.Assert.assertFalse(Assert.java:89)
at stepDefinitions.LoginStep.admin_should(LoginStep.java:190)
at ✽.Admin should "invalid"(file:///C:/Users/madhu/OneDrive/Desktop/SDET/LMS_ActionSquad/src/test/resources/Feature%20files/01_Login.feature:105)
]]>
    </failure>
  </testcase> <!-- runScenario -->
  <testcase classname="testRunner.TestRunner" name="runScenario" time="6.509"/>
  <testcase classname="testRunner.TestRunner" name="runScenario" time="8.975"/>
  <testcase classname="testRunner.TestRunner" name="runScenario" time="18.600">
    <error message="Unable to locate element: //div/i
For documentation on this error, please visit: https://www.selenium.dev/documentation/webdriver/troubleshooting/errors#no-such-element-exception
Build info: version: &#039;4.27.0&#039;, revision: &#039;d6e718d134&#039;
System info: os.name: &#039;Windows 11&#039;, os.arch: &#039;amd64&#039;, os.version: &#039;10.0&#039;, java.version: &#039;21.0.5&#039;
Driver info: org.openqa.selenium.firefox.FirefoxDriver
Command: [cb1983a1-4808-401d-ae1a-64dfaddee954, findElement {using=xpath, value=//div/i}]
Capabilities {acceptInsecureCerts: true, browserName: firefox, browserVersion: 135.0.1, moz:accessibilityChecks: false, moz:buildID: 20250216192613, moz:debuggerAddress: 127.0.0.1:24521, moz:geckodriverVersion: 0.35.0, moz:headless: false, moz:platformVersion: 10.0, moz:processID: 213220, moz:profile: C:\Users\madhu\AppData\Loca..., moz:shutdownTimeout: 60000, moz:webdriverClick: true, moz:windowless: false, pageLoadStrategy: normal, platformName: windows, proxy: Proxy(), se:cdp: ws://127.0.0.1:24521/devtoo..., se:cdpVersion: 85.0, setWindowRect: true, strictFileInteractability: false, timeouts: {implicit: 0, pageLoad: 300000, script: 30000}, unhandledPromptBehavior: dismiss and notify, userAgent: Mozilla/5.0 (Windows NT 10....}
Session ID: cb1983a1-4808-401d-ae1a-64dfaddee954" type="org.openqa.selenium.NoSuchElementException">
      <![CDATA[org.openqa.selenium.NoSuchElementException: Unable to locate element: //div/i
For documentation on this error, please visit: https://www.selenium.dev/documentation/webdriver/troubleshooting/errors#no-such-element-exception
Build info: version: '4.27.0', revision: 'd6e718d134'
System info: os.name: 'Windows 11', os.arch: 'amd64', os.version: '10.0', java.version: '21.0.5'
Driver info: org.openqa.selenium.firefox.FirefoxDriver
Command: [cb1983a1-4808-401d-ae1a-64dfaddee954, findElement {using=xpath, value=//div/i}]
Capabilities {acceptInsecureCerts: true, browserName: firefox, browserVersion: 135.0.1, moz:accessibilityChecks: false, moz:buildID: 20250216192613, moz:debuggerAddress: 127.0.0.1:24521, moz:geckodriverVersion: 0.35.0, moz:headless: false, moz:platformVersion: 10.0, moz:processID: 213220, moz:profile: C:\Users\madhu\AppData\Loca..., moz:shutdownTimeout: 60000, moz:webdriverClick: true, moz:windowless: false, pageLoadStrategy: normal, platformName: windows, proxy: Proxy(), se:cdp: ws://127.0.0.1:24521/devtoo..., se:cdpVersion: 85.0, setWindowRect: true, strictFileInteractability: false, timeouts: {implicit: 0, pageLoad: 300000, script: 30000}, unhandledPromptBehavior: dismiss and notify, userAgent: Mozilla/5.0 (Windows NT 10....}
Session ID: cb1983a1-4808-401d-ae1a-64dfaddee954
at java.base/jdk.internal.reflect.DirectConstructorHandleAccessor.newInstance(DirectConstructorHandleAccessor.java:62)
at java.base/java.lang.reflect.Constructor.newInstanceWithCaller(Constructor.java:502)
at java.base/java.lang.reflect.Constructor.newInstance(Constructor.java:486)
at org.openqa.selenium.remote.ErrorCodec.decode(ErrorCodec.java:167)
at org.openqa.selenium.remote.codec.w3c.W3CHttpResponseCodec.decode(W3CHttpResponseCodec.java:138)
at org.openqa.selenium.remote.codec.w3c.W3CHttpResponseCodec.decode(W3CHttpResponseCodec.java:50)
at org.openqa.selenium.remote.HttpCommandExecutor.execute(HttpCommandExecutor.java:190)
at org.openqa.selenium.remote.service.DriverCommandExecutor.invokeExecute(DriverCommandExecutor.java:216)
at org.openqa.selenium.remote.service.DriverCommandExecutor.execute(DriverCommandExecutor.java:174)
at org.openqa.selenium.remote.RemoteWebDriver.execute(RemoteWebDriver.java:545)
at org.openqa.selenium.remote.ElementLocation$ElementFinder$2.findElement(ElementLocation.java:165)
at org.openqa.selenium.remote.ElementLocation.findElement(ElementLocation.java:59)
at org.openqa.selenium.remote.RemoteWebDriver.findElement(RemoteWebDriver.java:368)
at org.openqa.selenium.remote.RemoteWebDriver.findElement(RemoteWebDriver.java:362)
at org.openqa.selenium.support.pagefactory.DefaultElementLocator.findElement(DefaultElementLocator.java:68)
at org.openqa.selenium.support.pagefactory.internal.LocatingElementHandler.invoke(LocatingElementHandler.java:38)
at jdk.proxy2/jdk.proxy2.$Proxy48.isDisplayed(Unknown Source)
at pages.BasePage.isElementPresent(BasePage.java:59)
at stepDefinitions.ProgramStepAddon.admin_should_see_warning_sign_in_confirmation_window(ProgramStepAddon.java:216)
at ✽.Admin should see warning sign in confirmation window(file:///C:/Users/madhu/OneDrive/Desktop/SDET/LMS_ActionSquad/src/test/resources/Feature%20files/09_ProgramAdditional.feature:87)
]]>
    </error>
  </testcase> <!-- runScenario -->
  <testcase classname="testRunner.TestRunner" name="runScenario" time="4.774">
    <failure message="expected [false] but found [true]" type="java.lang.AssertionError">
      <![CDATA[java.lang.AssertionError: expected [false] but found [true]
at org.testng.Assert.fail(Assert.java:111)
at org.testng.Assert.failNotEquals(Assert.java:1578)
at org.testng.Assert.assertFalse(Assert.java:79)
at org.testng.Assert.assertFalse(Assert.java:89)
at stepDefinitions.LoginStep.admin_should_see_company_name_below_the_app_name(LoginStep.java:78)
at ✽.Admin should see company name below the app name(file:///C:/Users/madhu/OneDrive/Desktop/SDET/LMS_ActionSquad/src/test/resources/Feature%20files/01_Login.feature:33)
]]>
    </failure>
  </testcase> <!-- runScenario -->
  <testcase classname="testRunner.TestRunner" name="runScenario" time="4.479"/>
  <testcase classname="testRunner.TestRunner" name="runScenario" time="4.986"/>
  <testcase classname="testRunner.TestRunner" name="runScenario" time="2.994"/>
  <testcase classname="testRunner.TestRunner" name="runScenario" time="6.993"/>
  <testcase classname="testRunner.TestRunner" name="runScenario" time="12.784"/>
  <testcase classname="testRunner.TestRunner" name="runScenario" time="6.014"/>
  <testcase classname="testRunner.TestRunner" name="runScenario" time="6.294">
    <failure message="expected [true] but found [false]" type="java.lang.AssertionError">
      <![CDATA[java.lang.AssertionError: expected [true] but found [false]
at org.testng.Assert.fail(Assert.java:111)
at org.testng.Assert.failNotEquals(Assert.java:1578)
at org.testng.Assert.assertTrue(Assert.java:57)
at org.testng.Assert.assertTrue(Assert.java:67)
at stepDefinitions.ProgramStep.admin_See_the_Program_Name_is_sorted_Descending_order_in_Program_module_page(ProgramStep.java:361)
at ✽.Admin See the Program Name is sorted Descending order in Program module page(file:///C:/Users/madhu/OneDrive/Desktop/SDET/LMS_ActionSquad/src/test/resources/Feature%20files/03_Program.feature:179)
]]>
    </failure>
  </testcase> <!-- runScenario -->
  <testcase classname="testRunner.TestRunner" name="runScenario" time="3.406"/>
  <testcase classname="testRunner.TestRunner" name="runScenario" time="7.853"/>
  <testcase classname="testRunner.TestRunner" name="runScenario" time="3.198"/>
  <testcase classname="testRunner.TestRunner" name="runScenario" time="7.648"/>
  <testcase classname="testRunner.TestRunner" name="runScenario" time="4.512"/>
  <testcase classname="testRunner.TestRunner" name="runScenario" time="6.881"/>
  <testcase classname="testRunner.TestRunner" name="runScenario" time="15.521">
    <failure message="expected [false] but found [true]" type="java.lang.AssertionError">
      <![CDATA[java.lang.AssertionError: expected [false] but found [true]
at org.testng.Assert.fail(Assert.java:111)
at org.testng.Assert.failNotEquals(Assert.java:1578)
at org.testng.Assert.assertFalse(Assert.java:79)
at org.testng.Assert.assertFalse(Assert.java:89)
at stepDefinitions.ProgramStepAddon.admin_receives_edit_mandatory_error_message(ProgramStepAddon.java:204)
at ✽.Admin receives "Description" edit mandatory error message(file:///C:/Users/madhu/OneDrive/Desktop/SDET/LMS_ActionSquad/src/test/resources/Feature%20files/09_ProgramAdditional.feature:61)
]]>
    </failure>
  </testcase> <!-- runScenario -->
  <testcase classname="testRunner.TestRunner" name="runScenario" time="5.044"/>
  <testcase classname="testRunner.TestRunner" name="runScenario" time="5.134"/>
  <testcase classname="testRunner.TestRunner" name="runScenario" time="7.309"/>
  <testcase classname="testRunner.TestRunner" name="runScenario" time="5.927"/>
  <testcase classname="testRunner.TestRunner" name="runScenario" time="6.900">
    <error message="Element &lt;button class=&quot;mat-focus-indicator mat-menu-item ng-tns-c230-6 cdk-focused cdk-mouse-focused&quot;&gt; is not clickable at point (1374,82) because another element &lt;div id=&quot;cdk-overlay-1&quot; class=&quot;cdk-overlay-pane&quot;&gt; obscures it
Build info: version: &#039;4.27.0&#039;, revision: &#039;d6e718d134&#039;
System info: os.name: &#039;Windows 11&#039;, os.arch: &#039;amd64&#039;, os.version: &#039;10.0&#039;, java.version: &#039;21.0.5&#039;
Driver info: org.openqa.selenium.firefox.FirefoxDriver
Command: [8de46709-0248-433f-a035-3dead07c255d, clickElement {id=b3ddfe02-0b75-4275-8f4f-e5d4a170304a}]
Capabilities {acceptInsecureCerts: true, browserName: firefox, browserVersion: 135.0.1, moz:accessibilityChecks: false, moz:buildID: 20250216192613, moz:debuggerAddress: 127.0.0.1:19635, moz:geckodriverVersion: 0.35.0, moz:headless: false, moz:platformVersion: 10.0, moz:processID: 211260, moz:profile: C:\Users\madhu\AppData\Loca..., moz:shutdownTimeout: 60000, moz:webdriverClick: true, moz:windowless: false, pageLoadStrategy: normal, platformName: windows, proxy: Proxy(), se:cdp: ws://127.0.0.1:19635/devtoo..., se:cdpVersion: 85.0, setWindowRect: true, strictFileInteractability: false, timeouts: {implicit: 0, pageLoad: 300000, script: 30000}, unhandledPromptBehavior: dismiss and notify, userAgent: Mozilla/5.0 (Windows NT 10....}
Element: [[FirefoxDriver: firefox on windows (8de46709-0248-433f-a035-3dead07c255d)] -&gt; xpath: //button[@role=&#039;menuitem&#039;]]
Session ID: 8de46709-0248-433f-a035-3dead07c255d" type="org.openqa.selenium.ElementClickInterceptedException">
      <![CDATA[org.openqa.selenium.ElementClickInterceptedException: Element <button class="mat-focus-indicator mat-menu-item ng-tns-c230-6 cdk-focused cdk-mouse-focused"> is not clickable at point (1374,82) because another element <div id="cdk-overlay-1" class="cdk-overlay-pane"> obscures it
Build info: version: '4.27.0', revision: 'd6e718d134'
System info: os.name: 'Windows 11', os.arch: 'amd64', os.version: '10.0', java.version: '21.0.5'
Driver info: org.openqa.selenium.firefox.FirefoxDriver
Command: [8de46709-0248-433f-a035-3dead07c255d, clickElement {id=b3ddfe02-0b75-4275-8f4f-e5d4a170304a}]
Capabilities {acceptInsecureCerts: true, browserName: firefox, browserVersion: 135.0.1, moz:accessibilityChecks: false, moz:buildID: 20250216192613, moz:debuggerAddress: 127.0.0.1:19635, moz:geckodriverVersion: 0.35.0, moz:headless: false, moz:platformVersion: 10.0, moz:processID: 211260, moz:profile: C:\Users\madhu\AppData\Loca..., moz:shutdownTimeout: 60000, moz:webdriverClick: true, moz:windowless: false, pageLoadStrategy: normal, platformName: windows, proxy: Proxy(), se:cdp: ws://127.0.0.1:19635/devtoo..., se:cdpVersion: 85.0, setWindowRect: true, strictFileInteractability: false, timeouts: {implicit: 0, pageLoad: 300000, script: 30000}, unhandledPromptBehavior: dismiss and notify, userAgent: Mozilla/5.0 (Windows NT 10....}
Element: [[FirefoxDriver: firefox on windows (8de46709-0248-433f-a035-3dead07c255d)] -> xpath: //button[@role='menuitem']]
Session ID: 8de46709-0248-433f-a035-3dead07c255d
at java.base/jdk.internal.reflect.DirectConstructorHandleAccessor.newInstance(DirectConstructorHandleAccessor.java:62)
at java.base/java.lang.reflect.Constructor.newInstanceWithCaller(Constructor.java:502)
at java.base/java.lang.reflect.Constructor.newInstance(Constructor.java:486)
at org.openqa.selenium.remote.ErrorCodec.decode(ErrorCodec.java:167)
at org.openqa.selenium.remote.codec.w3c.W3CHttpResponseCodec.decode(W3CHttpResponseCodec.java:138)
at org.openqa.selenium.remote.codec.w3c.W3CHttpResponseCodec.decode(W3CHttpResponseCodec.java:50)
at org.openqa.selenium.remote.HttpCommandExecutor.execute(HttpCommandExecutor.java:190)
at org.openqa.selenium.remote.service.DriverCommandExecutor.invokeExecute(DriverCommandExecutor.java:216)
at org.openqa.selenium.remote.service.DriverCommandExecutor.execute(DriverCommandExecutor.java:174)
at org.openqa.selenium.remote.RemoteWebDriver.execute(RemoteWebDriver.java:545)
at org.openqa.selenium.remote.RemoteWebElement.execute(RemoteWebElement.java:223)
at org.openqa.selenium.remote.RemoteWebElement.click(RemoteWebElement.java:76)
at java.base/jdk.internal.reflect.DirectMethodHandleAccessor.invoke(DirectMethodHandleAccessor.java:103)
at java.base/java.lang.reflect.Method.invoke(Method.java:580)
at org.openqa.selenium.support.pagefactory.internal.LocatingElementHandler.invoke(LocatingElementHandler.java:51)
at jdk.proxy2/jdk.proxy2.$Proxy48.click(Unknown Source)
at pages.Batch_Page.clickAddNewBatchButton(Batch_Page.java:406)
at stepDefinitions.BatchStep.admin_clicks_under_batch_menu_bar(BatchStep.java:151)
at ✽.Admin clicks "Add New Batch" under batch menu bar(file:///C:/Users/madhu/OneDrive/Desktop/SDET/LMS_ActionSquad/src/test/resources/Feature%20files/04_Batch.feature:36)
]]>
    </error>
  </testcase> <!-- runScenario -->
  <testcase classname="testRunner.TestRunner" name="runScenario" time="7.284"/>
  <testcase classname="testRunner.TestRunner" name="runScenario" time="3.600"/>
  <testcase classname="testRunner.TestRunner" name="runScenario" time="22.454">
    <failure message="expected [false] but found [true]" type="java.lang.AssertionError">
      <![CDATA[java.lang.AssertionError: expected [false] but found [true]
at org.testng.Assert.fail(Assert.java:111)
at org.testng.Assert.failNotEquals(Assert.java:1578)
at org.testng.Assert.assertFalse(Assert.java:79)
at org.testng.Assert.assertFalse(Assert.java:89)
at stepDefinitions.LoginStepAddon.admin_should_see_please_select_your_role_error_message(LoginStepAddon.java:53)
at ✽.Admin should see Please select your Role error message(file:///C:/Users/madhu/OneDrive/Desktop/SDET/LMS_ActionSquad/src/test/resources/Feature%20files/07_LoginAdditional.feature:14)
]]>
    </failure>
  </testcase> <!-- runScenario -->
  <testcase classname="testRunner.TestRunner" name="runScenario" time="5.367"/>
  <testcase classname="testRunner.TestRunner" name="runScenario" time="7.182"/>
  <testcase classname="testRunner.TestRunner" name="runScenario" time="8.003"/>
  <testcase classname="testRunner.TestRunner" name="runScenario" time="4.403"/>
  <testcase classname="testRunner.TestRunner" name="runScenario" time="19.146">
    <failure message="expected [false] but found [true]" type="java.lang.AssertionError">
      <![CDATA[java.lang.AssertionError: expected [false] but found [true]
at org.testng.Assert.fail(Assert.java:111)
at org.testng.Assert.failNotEquals(Assert.java:1578)
at org.testng.Assert.assertFalse(Assert.java:79)
at org.testng.Assert.assertFalse(Assert.java:89)
at stepDefinitions.BatchStepAddon.admin_should_description_mandatory_error_message(BatchStepAddon.java:173)
at ✽.Admin should description mandatory error message(file:///C:/Users/madhu/OneDrive/Desktop/SDET/LMS_ActionSquad/src/test/resources/Feature%20files/10_BatchAdditional.feature:73)
]]>
    </failure>
  </testcase> <!-- runScenario -->
  <testcase classname="testRunner.TestRunner" name="runScenario" time="5.398">
    <failure message="expected [Manage User] but found [Dashboard]" type="java.lang.AssertionError">
      <![CDATA[java.lang.AssertionError: expected [Manage User] but found [Dashboard]
at org.testng.Assert.fail(Assert.java:111)
at org.testng.Assert.failNotEquals(Assert.java:1578)
at org.testng.Assert.assertEqualsImpl(Assert.java:150)
at org.testng.Assert.assertEquals(Assert.java:132)
at org.testng.Assert.assertEquals(Assert.java:656)
at org.testng.Assert.assertEquals(Assert.java:666)
at stepDefinitions.DashboardStepAddon.admin_should_be_in_page(DashboardStepAddon.java:153)
at ✽.Admin should be in "Staff" page(file:///C:/Users/madhu/OneDrive/Desktop/SDET/LMS_ActionSquad/src/test/resources/Feature%20files/08_DashboardAdditional.feature:70)
]]>
    </failure>
  </testcase> <!-- runScenario -->
  <testcase classname="testRunner.TestRunner" name="runScenario" time="3.238"/>
  <testcase classname="testRunner.TestRunner" name="runScenario" time="14.272"/>
  <testcase classname="testRunner.TestRunner" name="runScenario" time="8.687"/>
  <testcase classname="testRunner.TestRunner" name="runScenario" time="4.840"/>
  <testcase classname="testRunner.TestRunner" name="runScenario" time="5.277"/>
  <testcase classname="testRunner.TestRunner" name="runScenario" time="6.093"/>
  <testcase classname="testRunner.TestRunner" name="runScenario" time="3.918"/>
  <testcase classname="testRunner.TestRunner" name="runScenario" time="5.507"/>
  <testcase classname="testRunner.TestRunner" name="runScenario" time="14.040"/>
  <testcase classname="testRunner.TestRunner" name="runScenario" time="6.385"/>
  <testcase classname="testRunner.TestRunner" name="runScenario" time="8.299">
    <failure message="expected [true] but found [false]" type="java.lang.AssertionError">
      <![CDATA[java.lang.AssertionError: expected [true] but found [false]
at org.testng.Assert.fail(Assert.java:111)
at org.testng.Assert.failNotEquals(Assert.java:1578)
at org.testng.Assert.assertTrue(Assert.java:57)
at org.testng.Assert.assertTrue(Assert.java:67)
at stepDefinitions.ProgramStep.admin_should_see_the_class_details_pop_up_window(ProgramStep.java:132)
at ✽.Admin should see the Program Details pop up window "Status"(file:///C:/Users/madhu/OneDrive/Desktop/SDET/LMS_ActionSquad/src/test/resources/Feature%20files/03_Program.feature:97)
]]>
    </failure>
  </testcase> <!-- runScenario -->
  <testcase classname="testRunner.TestRunner" name="runScenario" time="3.672"/>
  <testcase classname="testRunner.TestRunner" name="runScenario" time="8.145">
    <error message="Element &lt;button class=&quot;mat-focus-indicator mat-menu-item ng-tns-c230-6 cdk-focused cdk-mouse-focused&quot;&gt; is not clickable at point (1373,81) because another element &lt;div id=&quot;cdk-overlay-1&quot; class=&quot;cdk-overlay-pane&quot;&gt; obscures it
Build info: version: &#039;4.27.0&#039;, revision: &#039;d6e718d134&#039;
System info: os.name: &#039;Windows 11&#039;, os.arch: &#039;amd64&#039;, os.version: &#039;10.0&#039;, java.version: &#039;21.0.5&#039;
Driver info: org.openqa.selenium.firefox.FirefoxDriver
Command: [fdb0b38a-f7ba-43b0-99a3-688d26579abf, clickElement {id=00d70220-cb94-4072-9442-c22b896be8be}]
Capabilities {acceptInsecureCerts: true, browserName: firefox, browserVersion: 135.0.1, moz:accessibilityChecks: false, moz:buildID: 20250216192613, moz:debuggerAddress: 127.0.0.1:18371, moz:geckodriverVersion: 0.35.0, moz:headless: false, moz:platformVersion: 10.0, moz:processID: 212176, moz:profile: C:\Users\madhu\AppData\Loca..., moz:shutdownTimeout: 60000, moz:webdriverClick: true, moz:windowless: false, pageLoadStrategy: normal, platformName: windows, proxy: Proxy(), se:cdp: ws://127.0.0.1:18371/devtoo..., se:cdpVersion: 85.0, setWindowRect: true, strictFileInteractability: false, timeouts: {implicit: 0, pageLoad: 300000, script: 30000}, unhandledPromptBehavior: dismiss and notify, userAgent: Mozilla/5.0 (Windows NT 10....}
Element: [[FirefoxDriver: firefox on windows (fdb0b38a-f7ba-43b0-99a3-688d26579abf)] -&gt; xpath: //button[@role=&#039;menuitem&#039;]]
Session ID: fdb0b38a-f7ba-43b0-99a3-688d26579abf" type="org.openqa.selenium.ElementClickInterceptedException">
      <![CDATA[org.openqa.selenium.ElementClickInterceptedException: Element <button class="mat-focus-indicator mat-menu-item ng-tns-c230-6 cdk-focused cdk-mouse-focused"> is not clickable at point (1373,81) because another element <div id="cdk-overlay-1" class="cdk-overlay-pane"> obscures it
Build info: version: '4.27.0', revision: 'd6e718d134'
System info: os.name: 'Windows 11', os.arch: 'amd64', os.version: '10.0', java.version: '21.0.5'
Driver info: org.openqa.selenium.firefox.FirefoxDriver
Command: [fdb0b38a-f7ba-43b0-99a3-688d26579abf, clickElement {id=00d70220-cb94-4072-9442-c22b896be8be}]
Capabilities {acceptInsecureCerts: true, browserName: firefox, browserVersion: 135.0.1, moz:accessibilityChecks: false, moz:buildID: 20250216192613, moz:debuggerAddress: 127.0.0.1:18371, moz:geckodriverVersion: 0.35.0, moz:headless: false, moz:platformVersion: 10.0, moz:processID: 212176, moz:profile: C:\Users\madhu\AppData\Loca..., moz:shutdownTimeout: 60000, moz:webdriverClick: true, moz:windowless: false, pageLoadStrategy: normal, platformName: windows, proxy: Proxy(), se:cdp: ws://127.0.0.1:18371/devtoo..., se:cdpVersion: 85.0, setWindowRect: true, strictFileInteractability: false, timeouts: {implicit: 0, pageLoad: 300000, script: 30000}, unhandledPromptBehavior: dismiss and notify, userAgent: Mozilla/5.0 (Windows NT 10....}
Element: [[FirefoxDriver: firefox on windows (fdb0b38a-f7ba-43b0-99a3-688d26579abf)] -> xpath: //button[@role='menuitem']]
Session ID: fdb0b38a-f7ba-43b0-99a3-688d26579abf
at java.base/jdk.internal.reflect.DirectConstructorHandleAccessor.newInstance(DirectConstructorHandleAccessor.java:62)
at java.base/java.lang.reflect.Constructor.newInstanceWithCaller(Constructor.java:502)
at java.base/java.lang.reflect.Constructor.newInstance(Constructor.java:486)
at org.openqa.selenium.remote.ErrorCodec.decode(ErrorCodec.java:167)
at org.openqa.selenium.remote.codec.w3c.W3CHttpResponseCodec.decode(W3CHttpResponseCodec.java:138)
at org.openqa.selenium.remote.codec.w3c.W3CHttpResponseCodec.decode(W3CHttpResponseCodec.java:50)
at org.openqa.selenium.remote.HttpCommandExecutor.execute(HttpCommandExecutor.java:190)
at org.openqa.selenium.remote.service.DriverCommandExecutor.invokeExecute(DriverCommandExecutor.java:216)
at org.openqa.selenium.remote.service.DriverCommandExecutor.execute(DriverCommandExecutor.java:174)
at org.openqa.selenium.remote.RemoteWebDriver.execute(RemoteWebDriver.java:545)
at org.openqa.selenium.remote.RemoteWebElement.execute(RemoteWebElement.java:223)
at org.openqa.selenium.remote.RemoteWebElement.click(RemoteWebElement.java:76)
at java.base/jdk.internal.reflect.DirectMethodHandleAccessor.invoke(DirectMethodHandleAccessor.java:103)
at java.base/java.lang.reflect.Method.invoke(Method.java:580)
at org.openqa.selenium.support.pagefactory.internal.LocatingElementHandler.invoke(LocatingElementHandler.java:51)
at jdk.proxy2/jdk.proxy2.$Proxy48.click(Unknown Source)
at pages.Batch_Page.clickAddNewBatchButton(Batch_Page.java:406)
at stepDefinitions.BatchStep.admin_clicks_the_edit_icon(BatchStep.java:291)
at ✽.Admin clicks the edit icon(file:///C:/Users/madhu/OneDrive/Desktop/SDET/LMS_ActionSquad/src/test/resources/Feature%20files/04_Batch.feature:101)
]]>
    </error>
  </testcase> <!-- runScenario -->
  <testcase classname="testRunner.TestRunner" name="runScenario" time="4.360"/>
  <testcase classname="testRunner.TestRunner" name="runScenario" time="7.298"/>
  <testcase classname="testRunner.TestRunner" name="runScenario" time="6.838"/>
  <testcase classname="testRunner.TestRunner" name="runScenario" time="7.345"/>
  <testcase classname="testRunner.TestRunner" name="runScenario" time="13.341"/>
  <testcase classname="testRunner.TestRunner" name="runScenario" time="6.382"/>
  <testcase classname="testRunner.TestRunner" name="runScenario" time="23.048"/>
  <testcase classname="testRunner.TestRunner" name="runScenario" time="13.122">
    <failure message="expected [true] but found [false]" type="java.lang.AssertionError">
      <![CDATA[java.lang.AssertionError: expected [true] but found [false]
at org.testng.Assert.fail(Assert.java:111)
at org.testng.Assert.failNotEquals(Assert.java:1578)
at org.testng.Assert.assertTrue(Assert.java:57)
at org.testng.Assert.assertTrue(Assert.java:67)
at stepDefinitions.ProgramStep.admin_should_see_the_class_details_pop_up_window(ProgramStep.java:128)
at ✽.Admin should see the Program Details pop up window "Description"(file:///C:/Users/madhu/OneDrive/Desktop/SDET/LMS_ActionSquad/src/test/resources/Feature%20files/03_Program.feature:97)
]]>
    </failure>
  </testcase> <!-- runScenario -->
  <testcase classname="testRunner.TestRunner" name="runScenario" time="5.183"/>
  <testcase classname="testRunner.TestRunner" name="runScenario" time="3.829"/>
  <testcase classname="testRunner.TestRunner" name="runScenario" time="3.825"/>
</testsuite> <!-- testRunner.TestRunner -->
