<?xml version="1.0" encoding="UTF-8"?>
<!-- Generated by org.testng.reporters.JUnitReportReporter -->
<testsuite hostname="MyGenie" failures="0" tests="3" name="testRunner.TestRunner" time="18.555" errors="0" timestamp="2025-02-24T18:30:49 CST" skipped="0">
  <testcase classname="testRunner.TestRunner" name="runScenario" time="8.518"/>
  <testcase classname="testRunner.TestRunner" name="runScenario" time="5.186"/>
  <testcase classname="testRunner.TestRunner" name="runScenario" time="4.851"/>
</testsuite> <!-- testRunner.TestRunner -->
