<?xml version="1.0" encoding="UTF-8"?>
<!-- Generated by org.testng.reporters.JUnitReportReporter -->
<testsuite hostname="MyGenie" failures="1" tests="1" name="testRunner.TestRunner" time="5.913" errors="0" timestamp="2025-02-24T21:28:55 CST" skipped="0">
  <testcase classname="testRunner.TestRunner" name="runScenario" time="5.913">
    <failure message="expected [true] but found [false]" type="java.lang.AssertionError">
      <![CDATA[java.lang.AssertionError: expected [true] but found [false]
at org.testng.Assert.fail(Assert.java:111)
at org.testng.Assert.failNotEquals(Assert.java:1578)
at org.testng.Assert.assertTrue(Assert.java:57)
at org.testng.Assert.assertTrue(Assert.java:67)
at stepDefinitions.BatchStepAddon.admin_should_see_status_is_selected(BatchStepAddon.java:156)
at âœ½.Admin should see status is selected(file:///C:/Users/madhu/OneDrive/Desktop/SDET/LMS_ActionSquad/src/test/resources/Feature%20files/10_BatchAdditional.feature:67)
]]>
    </failure>
  </testcase> <!-- runScenario -->
</testsuite> <!-- testRunner.TestRunner -->
