<?xml version="1.0" encoding="UTF-8"?>
<!-- Generated by org.testng.reporters.JUnitReportReporter -->
<testsuite hostname="MyGenie" failures="6" tests="49" name="testRunner.TestRunner" time="225.951" errors="0" timestamp="2025-02-21T21:53:16 CST" skipped="0">
  <testcase classname="testRunner.TestRunner" name="runScenario" time="10.065"/>
  <testcase classname="testRunner.TestRunner" name="runScenario" time="4.462"/>
  <testcase classname="testRunner.TestRunner" name="runScenario" time="3.611"/>
  <testcase classname="testRunner.TestRunner" name="runScenario" time="13.309">
    <failure message="expected [false] but found [true]" type="java.lang.AssertionError">
      <![CDATA[java.lang.AssertionError: expected [false] but found [true]
at org.testng.Assert.fail(Assert.java:111)
at org.testng.Assert.failNotEquals(Assert.java:1578)
at org.testng.Assert.assertFalse(Assert.java:79)
at org.testng.Assert.assertFalse(Assert.java:89)
at stepDefinitions.LoginStepAddon.admin_receives_mandatory_fields_error_message(LoginStepAddon.java:40)
at ✽.Admin receives mandatory fields error message(file:///C:/Users/madhu/OneDrive/Desktop/SDET/LMS_ActionSquad/src/test/resources/Feature%20files/07_LoginAdditional.feature:8)
]]>
    </failure>
  </testcase> <!-- runScenario -->
  <testcase classname="testRunner.TestRunner" name="runScenario" time="4.059"/>
  <testcase classname="testRunner.TestRunner" name="runScenario" time="4.461"/>
  <testcase classname="testRunner.TestRunner" name="runScenario" time="3.955"/>
  <testcase classname="testRunner.TestRunner" name="runScenario" time="3.439"/>
  <testcase classname="testRunner.TestRunner" name="runScenario" time="3.234"/>
  <testcase classname="testRunner.TestRunner" name="runScenario" time="3.582"/>
  <testcase classname="testRunner.TestRunner" name="runScenario" time="3.890"/>
  <testcase classname="testRunner.TestRunner" name="runScenario" time="3.298"/>
  <testcase classname="testRunner.TestRunner" name="runScenario" time="3.473"/>
  <testcase classname="testRunner.TestRunner" name="runScenario" time="3.143"/>
  <testcase classname="testRunner.TestRunner" name="runScenario" time="4.589"/>
  <testcase classname="testRunner.TestRunner" name="runScenario" time="3.384"/>
  <testcase classname="testRunner.TestRunner" name="runScenario" time="5.044">
    <failure message="expected [Manage User] but found [Dashboard]" type="java.lang.AssertionError">
      <![CDATA[java.lang.AssertionError: expected [Manage User] but found [Dashboard]
at org.testng.Assert.fail(Assert.java:111)
at org.testng.Assert.failNotEquals(Assert.java:1578)
at org.testng.Assert.assertEqualsImpl(Assert.java:150)
at org.testng.Assert.assertEquals(Assert.java:132)
at org.testng.Assert.assertEquals(Assert.java:656)
at org.testng.Assert.assertEquals(Assert.java:666)
at stepDefinitions.DashboardStepAddon.admin_should_be_in_page(DashboardStepAddon.java:153)
at ✽.Admin should be in "Staff" page(file:///C:/Users/madhu/OneDrive/Desktop/SDET/LMS_ActionSquad/src/test/resources/Feature%20files/08_DashboardAdditional.feature:70)
]]>
    </failure>
  </testcase> <!-- runScenario -->
  <testcase classname="testRunner.TestRunner" name="runScenario" time="3.335"/>
  <testcase classname="testRunner.TestRunner" name="runScenario" time="3.684"/>
  <testcase classname="testRunner.TestRunner" name="runScenario" time="4.436"/>
  <testcase classname="testRunner.TestRunner" name="runScenario" time="3.532"/>
  <testcase classname="testRunner.TestRunner" name="runScenario" time="3.674"/>
  <testcase classname="testRunner.TestRunner" name="runScenario" time="3.292"/>
  <testcase classname="testRunner.TestRunner" name="runScenario" time="3.314"/>
  <testcase classname="testRunner.TestRunner" name="runScenario" time="4.100"/>
  <testcase classname="testRunner.TestRunner" name="runScenario" time="3.503"/>
  <testcase classname="testRunner.TestRunner" name="runScenario" time="3.217"/>
  <testcase classname="testRunner.TestRunner" name="runScenario" time="3.264"/>
  <testcase classname="testRunner.TestRunner" name="runScenario" time="3.846"/>
  <testcase classname="testRunner.TestRunner" name="runScenario" time="14.419">
    <failure message="expected [false] but found [true]" type="java.lang.AssertionError">
      <![CDATA[java.lang.AssertionError: expected [false] but found [true]
at org.testng.Assert.fail(Assert.java:111)
at org.testng.Assert.failNotEquals(Assert.java:1578)
at org.testng.Assert.assertFalse(Assert.java:79)
at org.testng.Assert.assertFalse(Assert.java:89)
at stepDefinitions.LoginStepAddon.admin_should_see_please_select_your_role_error_message(LoginStepAddon.java:51)
at ✽.Admin should see Please select your Role error message(file:///C:/Users/madhu/OneDrive/Desktop/SDET/LMS_ActionSquad/src/test/resources/Feature%20files/07_LoginAdditional.feature:14)
]]>
    </failure>
  </testcase> <!-- runScenario -->
  <testcase classname="testRunner.TestRunner" name="runScenario" time="3.654"/>
  <testcase classname="testRunner.TestRunner" name="runScenario" time="3.765"/>
  <testcase classname="testRunner.TestRunner" name="runScenario" time="4.842">
    <failure message="expected [Feb@2025] but found []" type="java.lang.AssertionError">
      <![CDATA[java.lang.AssertionError: expected [Feb@2025] but found []
at org.testng.Assert.fail(Assert.java:111)
at org.testng.Assert.failNotEquals(Assert.java:1578)
at org.testng.Assert.assertEqualsImpl(Assert.java:150)
at org.testng.Assert.assertEquals(Assert.java:132)
at org.testng.Assert.assertEquals(Assert.java:656)
at org.testng.Assert.assertEquals(Assert.java:666)
at stepDefinitions.LoginStepAddon.admin_should_see_masked_password(LoginStepAddon.java:65)
at ✽.Admin should see masked password(file:///C:/Users/madhu/OneDrive/Desktop/SDET/LMS_ActionSquad/src/test/resources/Feature%20files/07_LoginAdditional.feature:20)
]]>
    </failure>
  </testcase> <!-- runScenario -->
  <testcase classname="testRunner.TestRunner" name="runScenario" time="3.617"/>
  <testcase classname="testRunner.TestRunner" name="runScenario" time="4.191">
    <failure message="expected [0] but found [103]" type="java.lang.AssertionError">
      <![CDATA[java.lang.AssertionError: expected [0] but found [103]
at org.testng.Assert.fail(Assert.java:111)
at org.testng.Assert.failNotEquals(Assert.java:1578)
at org.testng.Assert.assertEqualsImpl(Assert.java:150)
at org.testng.Assert.assertEquals(Assert.java:132)
at org.testng.Assert.assertEquals(Assert.java:656)
at org.testng.Assert.assertEquals(Assert.java:666)
at stepDefinitions.DashboardStepAddon.admin_should_see_exact_total_count_of_active_and_inactive_batch(DashboardStepAddon.java:171)
at ✽.Admin should see exact total count of active and inactive batch(file:///C:/Users/madhu/OneDrive/Desktop/SDET/LMS_ActionSquad/src/test/resources/Feature%20files/08_DashboardAdditional.feature:83)
]]>
    </failure>
  </testcase> <!-- runScenario -->
  <testcase classname="testRunner.TestRunner" name="runScenario" time="3.700"/>
  <testcase classname="testRunner.TestRunner" name="runScenario" time="3.697"/>
  <testcase classname="testRunner.TestRunner" name="runScenario" time="3.497"/>
  <testcase classname="testRunner.TestRunner" name="runScenario" time="5.490"/>
  <testcase classname="testRunner.TestRunner" name="runScenario" time="3.517"/>
  <testcase classname="testRunner.TestRunner" name="runScenario" time="3.684"/>
  <testcase classname="testRunner.TestRunner" name="runScenario" time="13.534">
    <failure message="expected [false] but found [true]" type="java.lang.AssertionError">
      <![CDATA[java.lang.AssertionError: expected [false] but found [true]
at org.testng.Assert.fail(Assert.java:111)
at org.testng.Assert.failNotEquals(Assert.java:1578)
at org.testng.Assert.assertFalse(Assert.java:79)
at org.testng.Assert.assertFalse(Assert.java:89)
at stepDefinitions.LoginStepAddon.admin_should_see_forgot_password_link(LoginStepAddon.java:96)
at ✽.Admin should see Forgot Password Link(file:///C:/Users/madhu/OneDrive/Desktop/SDET/LMS_ActionSquad/src/test/resources/Feature%20files/07_LoginAdditional.feature:42)
]]>
    </failure>
  </testcase> <!-- runScenario -->
  <testcase classname="testRunner.TestRunner" name="runScenario" time="4.846"/>
  <testcase classname="testRunner.TestRunner" name="runScenario" time="3.979"/>
  <testcase classname="testRunner.TestRunner" name="runScenario" time="4.994"/>
  <testcase classname="testRunner.TestRunner" name="runScenario" time="3.274"/>
  <testcase classname="testRunner.TestRunner" name="runScenario" time="3.577"/>
  <testcase classname="testRunner.TestRunner" name="runScenario" time="6.680"/>
  <testcase classname="testRunner.TestRunner" name="runScenario" time="2.799"/>
</testsuite> <!-- testRunner.TestRunner -->
