<?xml version="1.0" encoding="UTF-8"?>
<!-- Generated by org.testng.reporters.JUnitReportReporter -->
<testsuite hostname="Joanna" failures="1" tests="7" name="testRunner.TestRunner" time="32.740" errors="0" timestamp="2025-02-25T00:51:32 GMT-05:00" skipped="0">
  <testcase classname="testRunner.TestRunner" name="runScenario" time="4.289"/>
  <testcase classname="testRunner.TestRunner" name="runScenario" time="4.496"/>
  <testcase classname="testRunner.TestRunner" name="runScenario" time="3.824"/>
  <testcase classname="testRunner.TestRunner" name="runScenario" time="4.575">
    <failure message="expected [true] but found [false]" type="java.lang.AssertionError">
      <![CDATA[java.lang.AssertionError: expected [true] but found [false]
at org.testng.Assert.fail(Assert.java:111)
at org.testng.Assert.failNotEquals(Assert.java:1578)
at org.testng.Assert.assertTrue(Assert.java:57)
at org.testng.Assert.assertTrue(Assert.java:67)
at stepDefinitions.ProgramStep.adminShouldSeeResults(ProgramStep.java:453)
at âœ½.Admin should see the "last page link with Next disabled" on the data table in program module(file:///C:/Users/golda/eclipse-workspacenew/Team01_ActionSquad/src/test/resources/Feature%20files/03_Program.feature:209)
]]>
    </failure>
  </testcase> <!-- runScenario -->
  <testcase classname="testRunner.TestRunner" name="runScenario" time="4.280"/>
  <testcase classname="testRunner.TestRunner" name="runScenario" time="4.392"/>
  <testcase classname="testRunner.TestRunner" name="runScenario" time="6.884"/>
</testsuite> <!-- testRunner.TestRunner -->
