<?xml version="1.0" encoding="UTF-8"?>
<!-- Generated by org.testng.reporters.JUnitReportReporter -->
<testsuite hostname="MyGenie" failures="1" tests="63" name="testRunner.TestRunner" time="1458.173" errors="0" timestamp="2025-02-19T23:06:27 CST" skipped="0">
  <testcase classname="testRunner.TestRunner" name="runScenario" time="29.695"/>
  <testcase classname="testRunner.TestRunner" name="runScenario" time="22.837"/>
  <testcase classname="testRunner.TestRunner" name="runScenario" time="17.787"/>
  <testcase classname="testRunner.TestRunner" name="runScenario" time="39.413"/>
  <testcase classname="testRunner.TestRunner" name="runScenario" time="40.122"/>
  <testcase classname="testRunner.TestRunner" name="runScenario" time="40.660"/>
  <testcase classname="testRunner.TestRunner" name="runScenario" time="27.070"/>
  <testcase classname="testRunner.TestRunner" name="runScenario" time="39.424"/>
  <testcase classname="testRunner.TestRunner" name="runScenario" time="14.741"/>
  <testcase classname="testRunner.TestRunner" name="runScenario" time="18.278"/>
  <testcase classname="testRunner.TestRunner" name="runScenario" time="18.230"/>
  <testcase classname="testRunner.TestRunner" name="runScenario" time="17.612"/>
  <testcase classname="testRunner.TestRunner" name="runScenario" time="15.810"/>
  <testcase classname="testRunner.TestRunner" name="runScenario" time="18.036"/>
  <testcase classname="testRunner.TestRunner" name="runScenario" time="16.356"/>
  <testcase classname="testRunner.TestRunner" name="runScenario" time="17.318"/>
  <testcase classname="testRunner.TestRunner" name="runScenario" time="38.240"/>
  <testcase classname="testRunner.TestRunner" name="runScenario" time="22.946"/>
  <testcase classname="testRunner.TestRunner" name="runScenario" time="35.695">
    <failure message="expected [5] but found [0]" type="java.lang.AssertionError">
      <![CDATA[java.lang.AssertionError: expected [5] but found [0]
at org.testng.Assert.fail(Assert.java:111)
at org.testng.Assert.failNotEquals(Assert.java:1578)
at org.testng.Assert.assertEqualsImpl(Assert.java:150)
at org.testng.Assert.assertEquals(Assert.java:132)
at org.testng.Assert.assertEquals(Assert.java:1419)
at org.testng.Assert.assertEquals(Assert.java:1383)
at org.testng.Assert.assertEquals(Assert.java:1429)
at stepDefinitions.DashboardStep.admin_should_see_five_staff_data_in_a_page(DashboardStep.java:151)
at âœ½.Admin should see five staff data in a page(file:///C:/Users/madhu/OneDrive/Desktop/SDET/LMS_ActionSquad/src/test/resources/Feature%20files/02_Dashboard.feature:90)
]]>
    </failure>
  </testcase> <!-- runScenario -->
  <testcase classname="testRunner.TestRunner" name="runScenario" time="15.392"/>
  <testcase classname="testRunner.TestRunner" name="runScenario" time="32.625"/>
  <testcase classname="testRunner.TestRunner" name="runScenario" time="15.151"/>
  <testcase classname="testRunner.TestRunner" name="runScenario" time="17.073"/>
  <testcase classname="testRunner.TestRunner" name="runScenario" time="39.110"/>
  <testcase classname="testRunner.TestRunner" name="runScenario" time="26.368"/>
  <testcase classname="testRunner.TestRunner" name="runScenario" time="22.387"/>
  <testcase classname="testRunner.TestRunner" name="runScenario" time="23.146"/>
  <testcase classname="testRunner.TestRunner" name="runScenario" time="18.037"/>
  <testcase classname="testRunner.TestRunner" name="runScenario" time="15.614"/>
  <testcase classname="testRunner.TestRunner" name="runScenario" time="41.237"/>
  <testcase classname="testRunner.TestRunner" name="runScenario" time="22.265"/>
  <testcase classname="testRunner.TestRunner" name="runScenario" time="16.591"/>
  <testcase classname="testRunner.TestRunner" name="runScenario" time="22.538"/>
  <testcase classname="testRunner.TestRunner" name="runScenario" time="15.835"/>
  <testcase classname="testRunner.TestRunner" name="runScenario" time="15.920"/>
  <testcase classname="testRunner.TestRunner" name="runScenario" time="18.167"/>
  <testcase classname="testRunner.TestRunner" name="runScenario" time="26.795"/>
  <testcase classname="testRunner.TestRunner" name="runScenario" time="38.538"/>
  <testcase classname="testRunner.TestRunner" name="runScenario" time="17.262"/>
  <testcase classname="testRunner.TestRunner" name="runScenario" time="32.863"/>
  <testcase classname="testRunner.TestRunner" name="runScenario" time="14.986"/>
  <testcase classname="testRunner.TestRunner" name="runScenario" time="18.807"/>
  <testcase classname="testRunner.TestRunner" name="runScenario" time="41.486"/>
  <testcase classname="testRunner.TestRunner" name="runScenario" time="20.324"/>
  <testcase classname="testRunner.TestRunner" name="runScenario" time="17.920"/>
  <testcase classname="testRunner.TestRunner" name="runScenario" time="7.160"/>
  <testcase classname="testRunner.TestRunner" name="runScenario" time="17.042"/>
  <testcase classname="testRunner.TestRunner" name="runScenario" time="17.903"/>
  <testcase classname="testRunner.TestRunner" name="runScenario" time="36.581"/>
  <testcase classname="testRunner.TestRunner" name="runScenario" time="36.367"/>
  <testcase classname="testRunner.TestRunner" name="runScenario" time="28.069"/>
  <testcase classname="testRunner.TestRunner" name="runScenario" time="16.037"/>
  <testcase classname="testRunner.TestRunner" name="runScenario" time="22.743"/>
  <testcase classname="testRunner.TestRunner" name="runScenario" time="18.455"/>
  <testcase classname="testRunner.TestRunner" name="runScenario" time="22.654"/>
  <testcase classname="testRunner.TestRunner" name="runScenario" time="11.136"/>
  <testcase classname="testRunner.TestRunner" name="runScenario" time="4.099"/>
  <testcase classname="testRunner.TestRunner" name="runScenario" time="18.252"/>
  <testcase classname="testRunner.TestRunner" name="runScenario" time="26.785"/>
  <testcase classname="testRunner.TestRunner" name="runScenario" time="23.033"/>
  <testcase classname="testRunner.TestRunner" name="runScenario" time="15.260"/>
  <testcase classname="testRunner.TestRunner" name="runScenario" time="22.270"/>
  <testcase classname="testRunner.TestRunner" name="runScenario" time="17.620"/>
</testsuite> <!-- testRunner.TestRunner -->
