<?xml version="1.0" encoding="UTF-8"?>
<!-- Generated by org.testng.reporters.JUnitReportReporter -->
<testsuite hostname="MyGenie" failures="0" tests="7" name="testRunner.TestRunner" time="37.499" errors="0" timestamp="2025-02-24T20:57:56 CST" skipped="0">
  <testcase classname="testRunner.TestRunner" name="runScenario" time="5.115"/>
  <testcase classname="testRunner.TestRunner" name="runScenario" time="7.707"/>
  <testcase classname="testRunner.TestRunner" name="runScenario" time="4.222"/>
  <testcase classname="testRunner.TestRunner" name="runScenario" time="5.629"/>
  <testcase classname="testRunner.TestRunner" name="runScenario" time="4.728"/>
  <testcase classname="testRunner.TestRunner" name="runScenario" time="4.795"/>
  <testcase classname="testRunner.TestRunner" name="runScenario" time="5.303"/>
</testsuite> <!-- testRunner.TestRunner -->
