<?xml version="1.0" encoding="UTF-8"?>
<!-- Generated by org.testng.reporters.JUnitReportReporter -->
<testsuite hostname="MyGenie" failures="1" tests="1" name="testRunner.TestRunner" time="25.200" errors="0" timestamp="2025-02-21T12:55:58 CST" skipped="0">
  <testcase classname="testRunner.TestRunner" name="runScenario" time="25.200">
    <failure message="expected [false] but found [true]" type="java.lang.AssertionError">
      <![CDATA[java.lang.AssertionError: expected [false] but found [true]
at org.testng.Assert.fail(Assert.java:111)
at org.testng.Assert.failNotEquals(Assert.java:1578)
at org.testng.Assert.assertFalse(Assert.java:79)
at org.testng.Assert.assertFalse(Assert.java:89)
at stepDefinitions.LoginStepAddon.admin_should_see_forgot_password_link(LoginStepAddon.java:98)
at âœ½.Admin should see Forgot Password Link(file:///C:/Users/madhu/OneDrive/Desktop/SDET/LMS_ActionSquad/src/test/resources/Feature%20files/07_LoginAdditional.feature:42)
]]>
    </failure>
  </testcase> <!-- runScenario -->
</testsuite> <!-- testRunner.TestRunner -->
