<?xml version="1.0" encoding="UTF-8"?>
<!-- Generated by org.testng.reporters.JUnitReportReporter -->
<testsuite hostname="MyGenie" failures="0" tests="1" name="testRunner.TestRunner" time="11.244" errors="0" timestamp="2025-02-20T03:16:03 CST" skipped="0">
  <testcase classname="testRunner.TestRunner" name="runScenario" time="11.244"/>
</testsuite> <!-- testRunner.TestRunner -->
